This is pdfTeX, Version 3.14159265-2.6-1.40.16 (TeX Live 2015/Debian) (preloaded format=latex 2016.10.16)  17 MAY 2017 17:00
entering extended mode
 restricted \write18 enabled.
 %&-line parsing enabled.
**clj1226_jf.tex
(./clj1226_jf.tex
LaTeX2e <2016/02/01>
Babel <3.9q> and hyphenation patterns for 3 language(s) loaded.
(./aa.cls
Document Class: aa 2010/20/02 v7.0 
LaTeX document class for Astronomy and Astrophysics journal
(/usr/share/texlive/texmf-dist/tex/latex/base/fleqn.clo
File: fleqn.clo 2015/03/31 v1.1i Standard LaTeX option (flush left equations)
\mathindent=\dimen102
Applying: [2015/01/01] Make \[ robust on input line 50.
LaTeX Info: Redefining \[ on input line 51.
Already applied: [0000/00/00] Make \[ robust on input line 62.
Applying: [2015/01/01] Make \] robust on input line 74.
LaTeX Info: Redefining \] on input line 75.
Already applied: [0000/00/00] Make \] robust on input line 83.
)
\logodepth=\dimen103
\headerboxheight=\dimen104
\betweenumberspace=\dimen105
\aftertext=\dimen106
\headlineindent=\dimen107
\c@inst=\count79
\c@auth=\count80
\instindent=\dimen108
\authrun=\box26
\authorrunning=\toks14
\titrun=\box27
\titlerunning=\toks15
\number@fw@rds=\count81
\c@section=\count82
\c@subsection=\count83
\c@subsubsection=\count84
\c@paragraph=\count85
\c@subparagraph=\count86
\c@theorem=\count87
\figgap=\dimen109
\c@append=\count88
\c@figure=\count89
\c@table=\count90
\abovecaptionskip=\skip41
\belowcaptionskip=\skip42
\figcapgap=\dimen110
\tabcapgap=\dimen111
\bibindent=\dimen112
)
(/usr/share/texlive/texmf-dist/tex/latex/amsmath/amsmath.sty
Package: amsmath 2016/03/03 v2.15a AMS math features
\@mathmargin=\skip43

For additional information on amsmath, use the `?' option.
(/usr/share/texlive/texmf-dist/tex/latex/amsmath/amstext.sty
Package: amstext 2000/06/29 v2.01 AMS text

(/usr/share/texlive/texmf-dist/tex/latex/amsmath/amsgen.sty
File: amsgen.sty 1999/11/30 v2.0 generic functions
\@emptytoks=\toks16
\ex@=\dimen113
))
(/usr/share/texlive/texmf-dist/tex/latex/amsmath/amsbsy.sty
Package: amsbsy 1999/11/29 v1.2d Bold Symbols
\pmbraise@=\dimen114
)
(/usr/share/texlive/texmf-dist/tex/latex/amsmath/amsopn.sty
Package: amsopn 1999/12/14 v2.01 operator names
)
\inf@bad=\count91
LaTeX Info: Redefining \frac on input line 199.
\uproot@=\count92
\leftroot@=\count93
LaTeX Info: Redefining \overline on input line 297.
\classnum@=\count94
\DOTSCASE@=\count95
LaTeX Info: Redefining \ldots on input line 394.
LaTeX Info: Redefining \dots on input line 397.
LaTeX Info: Redefining \cdots on input line 518.
\Mathstrutbox@=\box28
\strutbox@=\box29
\big@size=\dimen115
LaTeX Font Info:    Redeclaring font encoding OML on input line 630.
LaTeX Font Info:    Redeclaring font encoding OMS on input line 631.


Package amsmath Warning: Unable to redefine math accent \vec.

\macc@depth=\count96
\c@MaxMatrixCols=\count97
\dotsspace@=\muskip10
\c@parentequation=\count98
\dspbrk@lvl=\count99
\tag@help=\toks17
\row@=\count100
\column@=\count101
\maxfields@=\count102
\andhelp@=\toks18
\eqnshift@=\dimen116
\alignsep@=\dimen117
\tagshift@=\dimen118
\tagwidth@=\dimen119
\totwidth@=\dimen120
\lineht@=\dimen121
\@envbody=\toks19
\multlinegap=\skip44
\multlinetaggap=\skip45
\mathdisplay@stack=\toks20
LaTeX Info: Redefining \[ on input line 2735.
LaTeX Info: Redefining \] on input line 2736.
) (/usr/share/texlive/texmf-dist/tex/latex/base/fixltx2e.sty
Package: fixltx2e 2015/06/22 v2.0b fixes to LaTeX (obsolete)


Package fixltx2e Warning: fixltx2e is not required with releases after 2015
(fixltx2e)                All fixes are now in the LaTeX kernel.
(fixltx2e)                See the latexrelease package for details.

) (/usr/share/texlive/texmf-dist/tex/generic/babel/babel.sty
Package: babel 2016/02/24 3.9q The Babel package

(/usr/share/texlive/texmf-dist/tex/generic/babel-english/english.ldf
Language: english 2012/08/20 v3.3p English support from the babel system

(/usr/share/texlive/texmf-dist/tex/generic/babel/babel.def
File: babel.def 2016/02/24 3.9q Babel common definitions
\babel@savecnt=\count103
\U@D=\dimen122
)
\l@british = a dialect from \language\l@english 
\l@UKenglish = a dialect from \language\l@english 
\l@canadian = a dialect from \language\l@american 
\l@australian = a dialect from \language\l@british 
\l@newzealand = a dialect from \language\l@british 
))
(/usr/share/texlive/texmf-dist/tex/latex/graphics/graphicx.sty
Package: graphicx 2014/10/28 v1.0g Enhanced LaTeX Graphics (DPC,SPQR)

(/usr/share/texlive/texmf-dist/tex/latex/graphics/keyval.sty
Package: keyval 2014/10/28 v1.15 key=value parser (DPC)
\KV@toks@=\toks21
)
(/usr/share/texlive/texmf-dist/tex/latex/graphics/graphics.sty
Package: graphics 2016/01/03 v1.0q Standard LaTeX Graphics (DPC,SPQR)

(/usr/share/texlive/texmf-dist/tex/latex/graphics/trig.sty
Package: trig 2016/01/03 v1.10 sin cos tan (DPC)
)
(/usr/share/texlive/texmf-dist/tex/latex/latexconfig/graphics.cfg
File: graphics.cfg 2010/04/23 v1.9 graphics configuration of TeX Live
)
Package graphics Info: Driver file: dvips.def on input line 95.

(/usr/share/texlive/texmf-dist/tex/latex/graphics/dvips.def
File: dvips.def 2015/12/30 v3.0k Driver-dependent file (DPC,SPQR)
))
\Gin@req@height=\dimen123
\Gin@req@width=\dimen124
)
(/usr/share/texlive/texmf-dist/tex/latex/oberdiek/epstopdf.sty
Package: epstopdf 2010/02/09 v2.5 Conversion with epstopdf on the fly (HO)

(/usr/share/texlive/texmf-dist/tex/latex/oberdiek/epstopdf-base.sty
Package: epstopdf-base 2010/02/09 v2.5 Base part for package epstopdf

(/usr/share/texlive/texmf-dist/tex/generic/oberdiek/infwarerr.sty
Package: infwarerr 2010/04/08 v1.3 Providing info/warning/error messages (HO)
)
(/usr/share/texlive/texmf-dist/tex/latex/oberdiek/grfext.sty
Package: grfext 2010/08/19 v1.1 Manage graphics extensions (HO)

(/usr/share/texlive/texmf-dist/tex/generic/oberdiek/kvdefinekeys.sty
Package: kvdefinekeys 2011/04/07 v1.3 Define keys (HO)

(/usr/share/texlive/texmf-dist/tex/generic/oberdiek/ltxcmds.sty
Package: ltxcmds 2011/11/09 v1.22 LaTeX kernel commands for general use (HO)
)))
(/usr/share/texlive/texmf-dist/tex/latex/oberdiek/kvoptions.sty
Package: kvoptions 2011/06/30 v3.11 Key value format for package options (HO)

(/usr/share/texlive/texmf-dist/tex/generic/oberdiek/kvsetkeys.sty
Package: kvsetkeys 2012/04/25 v1.16 Key value parser (HO)

(/usr/share/texlive/texmf-dist/tex/generic/oberdiek/etexcmds.sty
Package: etexcmds 2011/02/16 v1.5 Avoid name clashes with e-TeX commands (HO)

(/usr/share/texlive/texmf-dist/tex/generic/oberdiek/ifluatex.sty
Package: ifluatex 2010/03/01 v1.3 Provides the ifluatex switch (HO)
Package ifluatex Info: LuaTeX not detected.
)
Package etexcmds Info: Could not find \expanded.
(etexcmds)             That can mean that you are not using pdfTeX 1.50 or
(etexcmds)             that some package has redefined \expanded.
(etexcmds)             In the latter case, load this package earlier.
)))
(/usr/share/texlive/texmf-dist/tex/generic/oberdiek/pdftexcmds.sty
Package: pdftexcmds 2011/11/29 v0.20 Utility functions of pdfTeX for LuaTeX (HO
)

(/usr/share/texlive/texmf-dist/tex/generic/oberdiek/ifpdf.sty
Package: ifpdf 2011/01/30 v2.3 Provides the ifpdf switch (HO)
Package ifpdf Info: pdfTeX in PDF mode is not detected.
)
Package pdftexcmds Info: LuaTeX not detected.
Package pdftexcmds Info: \pdf@primitive is available.
Package pdftexcmds Info: \pdf@ifprimitive is available.
Package pdftexcmds Info: \pdfdraftmode is ignored in DVI mode.
)

Package epstopdf Warning: Drivers other than `pdftex.def' are not supported.

)) (./epsf.sty
This is `epsf.tex' v2.7.4 <14 February 2011>
\epsffilein=\read1
\epsfframemargin=\dimen125
\epsfframethickness=\dimen126
\epsfrsize=\dimen127
\epsftmp=\dimen128
\epsftsize=\dimen129
\epsfxsize=\dimen130
\epsfysize=\dimen131
\pspoints=\dimen132
) (/usr/share/texlive/texmf-dist/tex/latex/graphics/color.sty
Package: color 2016/01/03 v1.1b Standard LaTeX Color (DPC)

(/usr/share/texlive/texmf-dist/tex/latex/latexconfig/color.cfg
File: color.cfg 2007/01/18 v1.5 color configuration of teTeX/TeXLive
)
Package color Info: Driver file: dvips.def on input line 143.

(/usr/share/texlive/texmf-dist/tex/latex/graphics/dvipsnam.def
File: dvipsnam.def 2015/12/30 v3.0k Driver-dependent file (DPC,SPQR)
))
(/usr/share/texlive/texmf-dist/tex/latex/amsfonts/eucal.sty
Package: eucal 2009/06/22 v3.00 Euler Script fonts
LaTeX Font Info:    Overwriting math alphabet `\EuScript' in version `bold'
(Font)                  U/eus/m/n --> U/eus/b/n on input line 33.
)
(/usr/share/texlive/texmf-dist/tex/latex/amsfonts/amssymb.sty
Package: amssymb 2013/01/14 v3.01 AMS font symbols

(/usr/share/texlive/texmf-dist/tex/latex/amsfonts/amsfonts.sty
Package: amsfonts 2013/01/14 v3.01 Basic AMSFonts support
\symAMSa=\mathgroup4
\symAMSb=\mathgroup5
LaTeX Font Info:    Overwriting math alphabet `\mathfrak' in version `bold'
(Font)                  U/euf/m/n --> U/euf/b/n on input line 106.
))
(/usr/share/texlive/texmf-dist/tex/latex/natbib/natbib.sty
Package: natbib 2010/09/13 8.31b (PWD, AO)
\bibhang=\skip46
\bibsep=\skip47
LaTeX Info: Redefining \cite on input line 694.
\c@NAT@ctr=\count104
)
(/usr/share/texlive/texmf-dist/tex/latex/txfonts/txfonts.sty
Package: txfonts 2008/01/22 v3.2.1
LaTeX Font Info:    Redeclaring symbol font `operators' on input line 21.
LaTeX Font Info:    Overwriting symbol font `operators' in version `normal'
(Font)                  OT1/cmr/m/n --> OT1/txr/m/n on input line 21.
LaTeX Font Info:    Overwriting symbol font `operators' in version `bold'
(Font)                  OT1/cmr/bx/n --> OT1/txr/m/n on input line 21.
LaTeX Font Info:    Overwriting symbol font `operators' in version `bold'
(Font)                  OT1/txr/m/n --> OT1/txr/bx/n on input line 22.
\symitalic=\mathgroup6
LaTeX Font Info:    Overwriting symbol font `italic' in version `bold'
(Font)                  OT1/txr/m/it --> OT1/txr/bx/it on input line 26.
LaTeX Font Info:    Redeclaring math alphabet \mathbf on input line 29.
LaTeX Font Info:    Overwriting math alphabet `\mathbf' in version `normal'
(Font)                  OT1/cmr/bx/n --> OT1/txr/bx/n on input line 29.
LaTeX Font Info:    Overwriting math alphabet `\mathbf' in version `bold'
(Font)                  OT1/cmr/bx/n --> OT1/txr/bx/n on input line 29.
LaTeX Font Info:    Redeclaring math alphabet \mathit on input line 30.
LaTeX Font Info:    Overwriting math alphabet `\mathit' in version `normal'
(Font)                  OT1/cmr/m/it --> OT1/txr/m/it on input line 30.
LaTeX Font Info:    Overwriting math alphabet `\mathit' in version `bold'
(Font)                  OT1/cmr/bx/it --> OT1/txr/m/it on input line 30.
LaTeX Font Info:    Overwriting math alphabet `\mathit' in version `bold'
(Font)                  OT1/txr/m/it --> OT1/txr/bx/it on input line 31.
LaTeX Font Info:    Redeclaring math alphabet \mathsf on input line 40.
LaTeX Font Info:    Overwriting math alphabet `\mathsf' in version `normal'
(Font)                  OT1/cmss/m/n --> OT1/txss/m/n on input line 40.
LaTeX Font Info:    Overwriting math alphabet `\mathsf' in version `bold'
(Font)                  OT1/cmss/bx/n --> OT1/txss/m/n on input line 40.
LaTeX Font Info:    Overwriting math alphabet `\mathsf' in version `bold'
(Font)                  OT1/txss/m/n --> OT1/txss/b/n on input line 41.
LaTeX Font Info:    Redeclaring math alphabet \mathtt on input line 50.
LaTeX Font Info:    Overwriting math alphabet `\mathtt' in version `normal'
(Font)                  OT1/cmtt/m/n --> OT1/txtt/m/n on input line 50.
LaTeX Font Info:    Overwriting math alphabet `\mathtt' in version `bold'
(Font)                  OT1/cmtt/m/n --> OT1/txtt/m/n on input line 50.
LaTeX Font Info:    Overwriting math alphabet `\mathtt' in version `bold'
(Font)                  OT1/txtt/m/n --> OT1/txtt/b/n on input line 51.
LaTeX Font Info:    Redeclaring symbol font `letters' on input line 58.
LaTeX Font Info:    Overwriting symbol font `letters' in version `normal'
(Font)                  OML/cmm/m/it --> OML/txmi/m/it on input line 58.
LaTeX Font Info:    Overwriting symbol font `letters' in version `bold'
(Font)                  OML/cmm/b/it --> OML/txmi/m/it on input line 58.
LaTeX Font Info:    Overwriting symbol font `letters' in version `bold'
(Font)                  OML/txmi/m/it --> OML/txmi/bx/it on input line 59.
\symlettersA=\mathgroup7
LaTeX Font Info:    Overwriting symbol font `lettersA' in version `bold'
(Font)                  U/txmia/m/it --> U/txmia/bx/it on input line 67.
LaTeX Font Info:    Redeclaring math alphabet \mathfrak on input line 70.
LaTeX Font Info:    Redeclaring symbol font `symbols' on input line 77.
LaTeX Font Info:    Overwriting symbol font `symbols' in version `normal'
(Font)                  OMS/cmsy/m/n --> OMS/txsy/m/n on input line 77.
LaTeX Font Info:    Overwriting symbol font `symbols' in version `bold'
(Font)                  OMS/cmsy/b/n --> OMS/txsy/m/n on input line 77.
LaTeX Font Info:    Overwriting symbol font `symbols' in version `bold'
(Font)                  OMS/txsy/m/n --> OMS/txsy/bx/n on input line 78.
LaTeX Font Info:    Redeclaring symbol font `AMSa' on input line 93.
LaTeX Font Info:    Overwriting symbol font `AMSa' in version `normal'
(Font)                  U/msa/m/n --> U/txsya/m/n on input line 93.
LaTeX Font Info:    Overwriting symbol font `AMSa' in version `bold'
(Font)                  U/msa/m/n --> U/txsya/m/n on input line 93.
LaTeX Font Info:    Overwriting symbol font `AMSa' in version `bold'
(Font)                  U/txsya/m/n --> U/txsya/bx/n on input line 94.
LaTeX Font Info:    Redeclaring symbol font `AMSb' on input line 102.
LaTeX Font Info:    Overwriting symbol font `AMSb' in version `normal'
(Font)                  U/msb/m/n --> U/txsyb/m/n on input line 102.
LaTeX Font Info:    Overwriting symbol font `AMSb' in version `bold'
(Font)                  U/msb/m/n --> U/txsyb/m/n on input line 102.
LaTeX Font Info:    Overwriting symbol font `AMSb' in version `bold'
(Font)                  U/txsyb/m/n --> U/txsyb/bx/n on input line 103.
\symsymbolsC=\mathgroup8
LaTeX Font Info:    Overwriting symbol font `symbolsC' in version `bold'
(Font)                  U/txsyc/m/n --> U/txsyc/bx/n on input line 113.
LaTeX Font Info:    Redeclaring symbol font `largesymbols' on input line 120.
LaTeX Font Info:    Overwriting symbol font `largesymbols' in version `normal'
(Font)                  OMX/cmex/m/n --> OMX/txex/m/n on input line 120.
LaTeX Font Info:    Overwriting symbol font `largesymbols' in version `bold'
(Font)                  OMX/cmex/m/n --> OMX/txex/m/n on input line 120.
LaTeX Font Info:    Overwriting symbol font `largesymbols' in version `bold'
(Font)                  OMX/txex/m/n --> OMX/txex/bx/n on input line 121.
\symlargesymbolsA=\mathgroup9
LaTeX Font Info:    Overwriting symbol font `largesymbolsA' in version `bold'
(Font)                  U/txexa/m/n --> U/txexa/bx/n on input line 129.
LaTeX Info: Redefining \not on input line 1043.
)
(/usr/share/texlive/texmf-dist/tex/latex/doublestroke/dsfont.sty
Package: dsfont 1995/08/01 v0.1 Double stroke roman fonts
)
(/usr/share/texlive/texmf-dist/tex/latex/hyperref/hyperref.sty
Package: hyperref 2012/11/06 v6.83m Hypertext links for LaTeX

(/usr/share/texlive/texmf-dist/tex/generic/oberdiek/hobsub-hyperref.sty
Package: hobsub-hyperref 2012/05/28 v1.13 Bundle oberdiek, subset hyperref (HO)


(/usr/share/texlive/texmf-dist/tex/generic/oberdiek/hobsub-generic.sty
Package: hobsub-generic 2012/05/28 v1.13 Bundle oberdiek, subset generic (HO)
Package: hobsub 2012/05/28 v1.13 Construct package bundles (HO)
Package hobsub Info: Skipping package `infwarerr' (already loaded).
Package hobsub Info: Skipping package `ltxcmds' (already loaded).
Package hobsub Info: Skipping package `ifluatex' (already loaded).
Package: ifvtex 2010/03/01 v1.5 Detect VTeX and its facilities (HO)
Package ifvtex Info: VTeX not detected.
Package: intcalc 2007/09/27 v1.1 Expandable calculations with integers (HO)
Package hobsub Info: Skipping package `ifpdf' (already loaded).
Package hobsub Info: Skipping package `etexcmds' (already loaded).
Package hobsub Info: Skipping package `kvsetkeys' (already loaded).
Package hobsub Info: Skipping package `kvdefinekeys' (already loaded).
Package hobsub Info: Skipping package `pdftexcmds' (already loaded).
Package: pdfescape 2011/11/25 v1.13 Implements pdfTeX's escape features (HO)
Package: bigintcalc 2012/04/08 v1.3 Expandable calculations on big integers (HO
)
Package: bitset 2011/01/30 v1.1 Handle bit-vector datatype (HO)
Package: uniquecounter 2011/01/30 v1.2 Provide unlimited unique counter (HO)
)
Package hobsub Info: Skipping package `hobsub' (already loaded).
Package: letltxmacro 2010/09/02 v1.4 Let assignment for LaTeX macros (HO)
Package: hopatch 2012/05/28 v1.2 Wrapper for package hooks (HO)
Package: xcolor-patch 2011/01/30 xcolor patch
Package: atveryend 2011/06/30 v1.8 Hooks at the very end of document (HO)
Package atveryend Info: \enddocument detected (standard20110627).
Package: atbegshi 2011/10/05 v1.16 At begin shipout hook (HO)
Package: refcount 2011/10/16 v3.4 Data extraction from label references (HO)
Package: hycolor 2011/01/30 v1.7 Color options for hyperref/bookmark (HO)
)
(/usr/share/texlive/texmf-dist/tex/generic/ifxetex/ifxetex.sty
Package: ifxetex 2010/09/12 v0.6 Provides ifxetex conditional
)
(/usr/share/texlive/texmf-dist/tex/latex/oberdiek/auxhook.sty
Package: auxhook 2011/03/04 v1.3 Hooks for auxiliary files (HO)
)
\@linkdim=\dimen133
\Hy@linkcounter=\count105
\Hy@pagecounter=\count106

(/usr/share/texlive/texmf-dist/tex/latex/hyperref/pd1enc.def
File: pd1enc.def 2012/11/06 v6.83m Hyperref: PDFDocEncoding definition (HO)
)
\Hy@SavedSpaceFactor=\count107

(/usr/share/texlive/texmf-dist/tex/latex/latexconfig/hyperref.cfg
File: hyperref.cfg 2002/06/06 v1.2 hyperref configuration of TeXLive
)
Package hyperref Info: Option `breaklinks' set `true' on input line 4319.
Package hyperref Info: Option `colorlinks' set `true' on input line 4319.
Package hyperref Info: Option `debug' set `true' on input line 4319.
Package hyperref Info: Hyper figures OFF on input line 4443.
Package hyperref Info: Link nesting OFF on input line 4448.
Package hyperref Info: Hyper index ON on input line 4451.
Package hyperref Info: Plain pages OFF on input line 4458.
Package hyperref Info: Backreferencing OFF on input line 4463.
Package hyperref Info: Implicit mode ON; LaTeX internals redefined.
Package hyperref Info: Bookmarks ON on input line 4688.
\c@Hy@tempcnt=\count108
 (./url.sty
\Urlmuskip=\muskip11
Package: url 2013/09/16  ver 3.4  Verb mode for urls, etc.
)
LaTeX Info: Redefining \url on input line 5041.
\XeTeXLinkMargin=\dimen134
\Fld@menulength=\count109
\Field@Width=\dimen135
\Fld@charsize=\dimen136
Package hyperref Info: Hyper figures OFF on input line 6295.
Package hyperref Info: Link nesting OFF on input line 6300.
Package hyperref Info: Hyper index ON on input line 6303.
Package hyperref Info: backreferencing OFF on input line 6310.
Package hyperref Info: Link coloring ON on input line 6313.
Package hyperref Info: Link coloring with OCG OFF on input line 6320.
Package hyperref Info: PDF/A mode OFF on input line 6325.
LaTeX Info: Redefining \ref on input line 6365.
LaTeX Info: Redefining \pageref on input line 6369.
\Hy@abspage=\count110
\c@Item=\count111
\c@Hfootnote=\count112
)

Package hyperref Message: Driver (default): hdvips.

(/usr/share/texlive/texmf-dist/tex/latex/hyperref/hdvips.def
File: hdvips.def 2012/11/06 v6.83m Hyperref driver for dvips

(/usr/share/texlive/texmf-dist/tex/latex/hyperref/pdfmark.def
File: pdfmark.def 2012/11/06 v6.83m Hyperref definitions for pdfmark specials


Package hyperref Warning: You have enabled option `breaklinks'.
(hyperref)                But driver `hdvips.def' does not suppport this.
(hyperref)                Expect trouble with the link areas of broken links.

\pdf@docset=\toks22
\pdf@box=\box30
\pdf@toks=\toks23
\pdf@defaulttoks=\toks24
\HyField@AnnotCount=\count113
\Fld@listcount=\count114
\c@bookmark@seq@number=\count115
(/usr/share/texlive/texmf-dist/tex/latex/oberdiek/rerunfilecheck.sty
Package: rerunfilecheck 2011/04/15 v1.7 Rerun checks for auxiliary files (HO)
Package uniquecounter Info: New unique counter `rerunfilecheck' on input line 2
82.
)
\Hy@SectionHShift=\skip48
))
(/usr/share/texlive/texmf-dist/tex/latex/float/float.sty
Package: float 2001/11/08 v1.3d Float enhancements (AL)
\c@float@type=\count116
\float@exts=\toks25
\float@box=\box31
\@float@everytoks=\toks26
\@floatcapt=\box32
)
\@input{latex_commands.aux}
\openout2 = `latex_commands.aux'.

(./latex_commands.tex) (./clj1226_jf.aux

LaTeX Warning: Label `fig:joint_pressure' multiply defined.

)
\openout1 = `clj1226_jf.aux'.

LaTeX Font Info:    Checking defaults for OML/txmi/m/it on input line 73.
LaTeX Font Info:    Try loading font information for OML+txmi on input line 73.

 (/usr/share/texlive/texmf-dist/tex/latex/txfonts/omltxmi.fd
File: omltxmi.fd 2000/12/15 v3.1
)
LaTeX Font Info:    ... okay on input line 73.
LaTeX Font Info:    Checking defaults for T1/cmr/m/n on input line 73.
LaTeX Font Info:    ... okay on input line 73.
LaTeX Font Info:    Checking defaults for OT1/cmr/m/n on input line 73.
LaTeX Font Info:    ... okay on input line 73.
LaTeX Font Info:    Checking defaults for OMS/txsy/m/n on input line 73.
LaTeX Font Info:    Try loading font information for OMS+txsy on input line 73.


(/usr/share/texlive/texmf-dist/tex/latex/txfonts/omstxsy.fd
File: omstxsy.fd 2000/12/15 v3.1
)
LaTeX Font Info:    ... okay on input line 73.
LaTeX Font Info:    Checking defaults for OMX/txex/m/n on input line 73.
LaTeX Font Info:    Try loading font information for OMX+txex on input line 73.


(/usr/share/texlive/texmf-dist/tex/latex/txfonts/omxtxex.fd
File: omxtxex.fd 2000/12/15 v3.1
)
LaTeX Font Info:    ... okay on input line 73.
LaTeX Font Info:    Checking defaults for U/txexa/m/n on input line 73.
LaTeX Font Info:    Try loading font information for U+txexa on input line 73.

(/usr/share/texlive/texmf-dist/tex/latex/txfonts/utxexa.fd
File: utxexa.fd 2000/12/15 v3.1
)
LaTeX Font Info:    ... okay on input line 73.
LaTeX Font Info:    Checking defaults for PD1/pdf/m/n on input line 73.
LaTeX Font Info:    ... okay on input line 73.
LaTeX Font Info:    Try loading font information for OT1+txr on input line 73.

(/usr/share/texlive/texmf-dist/tex/latex/txfonts/ot1txr.fd
File: ot1txr.fd 2000/12/15 v3.1
)
\AtBeginShipoutBox=\box33
Package hyperref Info: Link coloring ON on input line 73.

(/usr/share/texlive/texmf-dist/tex/latex/hyperref/nameref.sty
Package: nameref 2012/10/27 v2.43 Cross-referencing by name of section

(/usr/share/texlive/texmf-dist/tex/generic/oberdiek/gettitlestring.sty
Package: gettitlestring 2010/12/03 v1.4 Cleanup title references (HO)
)
\c@section@level=\count117
)
LaTeX Info: Redefining \ref on input line 73.
LaTeX Info: Redefining \pageref on input line 73.
LaTeX Info: Redefining \nameref on input line 73.

(./clj1226_jf.out) (./clj1226_jf.out)
\@outlinefile=\write3
\openout3 = `clj1226_jf.out'.

Package hyperref Info: Anchor `Doc-Start' on input line 73.
 (./list_of_authors.tex)
LaTeX Font Info:    Try loading font information for OMS+txr on input line 117.


(/usr/share/texlive/texmf-dist/tex/latex/txfonts/omstxr.fd
File: omstxr.fd 2000/12/15 v3.1
)
LaTeX Font Info:    Font shape `OMS/txr/m/n' in size <10> not available
(Font)              Font shape `OMS/txsy/m/n' tried instead on input line 117.
LaTeX Font Info:    Try loading font information for OT1+txss on input line 117
.

(/usr/share/texlive/texmf-dist/tex/latex/txfonts/ot1txss.fd
File: ot1txss.fd 2000/12/15 v3.1
)
LaTeX Font Info:    Font shape `OT1/txss/m/n' will be
(Font)              scaled to size 16.41594pt on input line 117.
LaTeX Font Info:    Font shape `OT1/txss/bx/n' in size <17.28> not available
(Font)              Font shape `OT1/txss/b/n' tried instead on input line 117.
LaTeX Font Info:    Font shape `OT1/txss/b/n' will be
(Font)              scaled to size 16.41594pt on input line 117.
LaTeX Font Info:    Try loading font information for U+txsya on input line 117.


(/usr/share/texlive/texmf-dist/tex/latex/txfonts/utxsya.fd
File: utxsya.fd 2000/12/15 v3.1
)
LaTeX Font Info:    Try loading font information for U+txsyb on input line 117.


(/usr/share/texlive/texmf-dist/tex/latex/txfonts/utxsyb.fd
File: utxsyb.fd 2000/12/15 v3.1
)
LaTeX Font Info:    Try loading font information for U+txmia on input line 117.


(/usr/share/texlive/texmf-dist/tex/latex/txfonts/utxmia.fd
File: utxmia.fd 2000/12/15 v3.1
)
LaTeX Font Info:    Try loading font information for U+txsyc on input line 117.


(/usr/share/texlive/texmf-dist/tex/latex/txfonts/utxsyc.fd
File: utxsyc.fd 2000/12/15 v3.1
)
Package hyperref Info: Reference (link) `inst.16' on input line 117.
Package hyperref Info: Reference (link) `inst.2' on input line 117.
Package hyperref Info: Reference (link) `inst.3' on input line 117.
Package hyperref Info: Reference (link) `inst.4' on input line 117.
Package hyperref Info: Reference (link) `inst.4' on input line 117.
Package hyperref Info: Reference (link) `inst.5' on input line 117.
Package hyperref Info: Reference (link) `inst.4' on input line 117.
Package hyperref Info: Reference (link) `inst.6' on input line 117.
Package hyperref Info: Reference (link) `inst.7' on input line 117.
Package hyperref Info: Reference (link) `inst.4' on input line 117.
Package hyperref Info: Reference (link) `inst.8' on input line 117.
Package hyperref Info: Reference (link) `inst.9' on input line 117.
Package hyperref Info: Reference (link) `inst.10' on input line 117.
Package hyperref Info: Reference (link) `inst.7' on input line 117.
Package hyperref Info: Reference (link) `inst.10' on input line 117.
Package hyperref Info: Reference (link) `inst.16' on input line 117.
Package hyperref Info: Reference (link) `inst.10' on input line 117.
Package hyperref Info: Reference (link) `inst.12' on input line 117.
Package hyperref Info: Reference (link) `inst.4' on input line 117.
Package hyperref Info: Reference (link) `inst.16' on input line 117.
Package hyperref Info: Reference (link) `inst.7' on input line 117.
Package hyperref Info: Reference (link) `inst.16' on input line 117.
Package hyperref Info: Reference (link) `inst.8' on input line 117.
Package hyperref Info: Reference (link) `inst.13' on input line 117.
Package hyperref Info: Reference (link) `inst.16' on input line 117.
Package hyperref Info: Reference (link) `inst.10' on input line 117.
Package hyperref Info: Reference (link) `inst.16' on input line 117.
Package hyperref Info: Reference (link) `inst.4' on input line 117.
Package hyperref Info: Reference (link) `inst.14' on input line 117.
Package hyperref Info: Reference (link) `inst.10' on input line 117.
Package hyperref Info: Reference (link) `inst.7' on input line 117.
Package hyperref Info: Reference (link) `inst.6' on input line 117.
Package hyperref Info: Reference (link) `inst.4' on input line 117.
Package hyperref Info: Reference (link) `inst.10' on input line 117.
Package hyperref Info: Reference (link) `inst.4' on input line 117.
Package hyperref Info: Reference (link) `inst.15' on input line 117.
Package hyperref Info: Reference (link) `inst.16' on input line 117.
Package hyperref Info: Reference (link) `inst.12' on input line 117.
Package hyperref Info: Reference (link) `inst.4' on input line 117.
Package hyperref Info: Reference (link) `inst.4' on input line 117.
Package hyperref Info: Reference (link) `inst.10' on input line 117.
Package hyperref Info: Reference (link) `inst.4' on input line 117.
Package hyperref Info: Reference (link) `inst.10' on input line 117.
Package hyperref Info: Reference (link) `inst.16' on input line 117.
Package hyperref Info: Reference (link) `inst.8' on input line 117.
Package hyperref Info: Reference (link) `inst.7' on input line 117.
Package hyperref Info: Reference (link) `inst.4' on input line 117.
Package hyperref Info: Reference (link) `inst.16' on input line 117.
Package hyperref Info: Reference (link) `inst.16' on input line 117.
Package hyperref Info: Reference (link) `inst.2' on input line 117.
Package hyperref Info: Reference (link) `inst.3' on input line 117.
Package hyperref Info: Reference (link) `inst.4' on input line 117.
Package hyperref Info: Reference (link) `inst.4' on input line 117.
Package hyperref Info: Reference (link) `inst.5' on input line 117.
Package hyperref Info: Reference (link) `inst.4' on input line 117.
Package hyperref Info: Reference (link) `inst.6' on input line 117.
Package hyperref Info: Reference (link) `inst.7' on input line 117.
Package hyperref Info: Reference (link) `inst.4' on input line 117.
Package hyperref Info: Reference (link) `inst.8' on input line 117.
Package hyperref Info: Reference (link) `inst.9' on input line 117.
Package hyperref Info: Reference (link) `inst.10' on input line 117.
Package hyperref Info: Reference (link) `inst.7' on input line 117.
Package hyperref Info: Reference (link) `inst.10' on input line 117.
Package hyperref Info: Reference (link) `inst.16' on input line 117.
Package hyperref Info: Reference (link) `inst.10' on input line 117.
Package hyperref Info: Reference (link) `inst.12' on input line 117.
Package hyperref Info: Reference (link) `inst.4' on input line 117.
Package hyperref Info: Reference (link) `inst.16' on input line 117.
Package hyperref Info: Reference (link) `inst.7' on input line 117.
Package hyperref Info: Reference (link) `inst.16' on input line 117.
Package hyperref Info: Reference (link) `inst.8' on input line 117.
Package hyperref Info: Reference (link) `inst.13' on input line 117.
Package hyperref Info: Reference (link) `inst.16' on input line 117.
Package hyperref Info: Reference (link) `inst.10' on input line 117.
Package hyperref Info: Reference (link) `inst.16' on input line 117.
Package hyperref Info: Reference (link) `inst.4' on input line 117.
Package hyperref Info: Reference (link) `inst.14' on input line 117.
Package hyperref Info: Reference (link) `inst.10' on input line 117.
Package hyperref Info: Reference (link) `inst.7' on input line 117.
Package hyperref Info: Reference (link) `inst.6' on input line 117.
Package hyperref Info: Reference (link) `inst.4' on input line 117.
Package hyperref Info: Reference (link) `inst.10' on input line 117.
Package hyperref Info: Reference (link) `inst.4' on input line 117.
Package hyperref Info: Reference (link) `inst.15' on input line 117.
Package hyperref Info: Reference (link) `inst.16' on input line 117.
Package hyperref Info: Reference (link) `inst.12' on input line 117.
Package hyperref Info: Reference (link) `inst.4' on input line 117.
Package hyperref Info: Reference (link) `inst.4' on input line 117.
Package hyperref Info: Reference (link) `inst.10' on input line 117.
Package hyperref Info: Reference (link) `inst.4' on input line 117.
Package hyperref Info: Reference (link) `inst.10' on input line 117.
Package hyperref Info: Reference (link) `inst.16' on input line 117.
Package hyperref Info: Reference (link) `inst.8' on input line 117.
Package hyperref Info: Reference (link) `inst.7' on input line 117.
Package hyperref Info: Reference (link) `inst.4' on input line 117.
Package hyperref Info: Reference (link) `inst.16' on input line 117.
Package hyperref Info: Anchor `inst.1' on input line 117.
Package hyperref Info: Anchor `inst.2' on input line 117.
Package hyperref Info: Anchor `inst.3' on input line 117.
Package hyperref Info: Anchor `inst.4' on input line 117.
Package hyperref Info: Anchor `inst.5' on input line 117.
Package hyperref Info: Anchor `inst.6' on input line 117.
Package hyperref Info: Anchor `inst.7' on input line 117.
Package hyperref Info: Anchor `inst.8' on input line 117.
Package hyperref Info: Anchor `inst.9' on input line 117.
Package hyperref Info: Anchor `inst.10' on input line 117.
Package hyperref Info: Anchor `inst.11' on input line 117.
Package hyperref Info: Anchor `inst.12' on input line 117.
Package hyperref Info: Anchor `inst.13' on input line 117.
Package hyperref Info: Anchor `inst.14' on input line 117.
Package hyperref Info: Anchor `inst.15' on input line 117.
Package hyperref Info: Anchor `inst.16' on input line 117.
Package hyperref Info: Anchor `inst.2' on input line 117.
Package hyperref Info: Anchor `inst.3' on input line 117.
Package hyperref Info: Anchor `inst.4' on input line 117.
Package hyperref Info: Anchor `inst.5' on input line 117.
Package hyperref Info: Anchor `inst.6' on input line 117.
Package hyperref Info: Anchor `inst.7' on input line 117.
Package hyperref Info: Anchor `inst.8' on input line 117.
Package hyperref Info: Anchor `inst.9' on input line 117.
Package hyperref Info: Anchor `inst.10' on input line 117.
Package hyperref Info: Anchor `inst.11' on input line 117.
Package hyperref Info: Anchor `inst.12' on input line 117.
Package hyperref Info: Anchor `inst.13' on input line 117.
Package hyperref Info: Anchor `inst.14' on input line 117.
Package hyperref Info: Anchor `inst.15' on input line 117.
Package hyperref Info: Anchor `inst.16' on input line 117.
LaTeX Font Info:    Font shape `OT1/txss/m/n' will be
(Font)              scaled to size 8.54997pt on input line 117.
LaTeX Font Info:    Font shape `OT1/txss/bx/n' in size <9> not available
(Font)              Font shape `OT1/txss/b/n' tried instead on input line 117.
LaTeX Font Info:    Font shape `OT1/txss/b/n' will be
(Font)              scaled to size 8.54997pt on input line 117.
LaTeX Font Info:    Try loading font information for OT1+txtt on input line 117
.

(/usr/share/texlive/texmf-dist/tex/latex/txfonts/ot1txtt.fd
File: ot1txtt.fd 2000/12/15 v3.1
)
Package hyperref Info: Anchor `section.1' on input line 119.
LaTeX Font Info:    Font shape `OT1/txss/m/n' will be
(Font)              scaled to size 10.40245pt on input line 119.
LaTeX Font Info:    Font shape `OT1/txss/bx/n' in size <10.95> not available
(Font)              Font shape `OT1/txss/b/n' tried instead on input line 119.
LaTeX Font Info:    Font shape `OT1/txss/b/n' will be
(Font)              scaled to size 10.40245pt on input line 119.
Package hyperref Info: bookmark on input line 119:
(hyperref)             thecounter {1}
(hyperref)             text {\ifnum 1>\c@secnumdepth \else \protect \numberline
 {\csname thesection\endcsname }\fi Introduction}
(hyperref)             reference {section.1}
(hyperref)             toclevel {1}
(hyperref)             type {toc}.
Package hyperref Info: Reference (cite) `cite.mason2010' on input line 126.
Package hyperref Info: Reference (cite) `cite.mason2010' on input line 126.
Package hyperref Info: Reference (cite) `cite.adam2014' on input line 126.
Package hyperref Info: Reference (cite) `cite.adam2014' on input line 126.
Package hyperref Info: Reference (cite) `cite.kitayama2016' on input line 126.
Package hyperref Info: Reference (cite) `cite.kitayama2016' on input line 126.
Package hyperref Info: Reference (cite) `cite.dicker2008' on input line 127.
Package hyperref Info: Reference (cite) `cite.dicker2008' on input line 127.
Package hyperref Info: Reference (cite) `cite.monfardini2010' on input line 127
.
Package hyperref Info: Reference (cite) `cite.monfardini2010' on input line 127
.
Package hyperref Info: Reference (cite) `cite.czakon2015' on input line 132.
Package hyperref Info: Reference (cite) `cite.czakon2015' on input line 132.
Package hyperref Info: Reference (cite) `cite.planck2013a' on input line 132.
Package hyperref Info: Reference (cite) `cite.planck2013a' on input line 132.
Package hyperref Info: Reference (cite) `cite.romero2015a' on input line 132.
Package hyperref Info: Reference (cite) `cite.romero2015a' on input line 132.
Package hyperref Info: Reference (cite) `cite.adam2014' on input line 132.
Package hyperref Info: Reference (cite) `cite.adam2014' on input line 132.
Package hyperref Info: Reference (cite) `cite.romero2016' on input line 135.
Package hyperref Info: Reference (cite) `cite.romero2016' on input line 135.
Package hyperref Info: Reference (cite) `cite.adam2014' on input line 135.
Package hyperref Info: Reference (cite) `cite.adam2014' on input line 135.
Package hyperref Info: Reference (cite) `cite.romero2015a' on input line 136.
Package hyperref Info: Reference (cite) `cite.romero2015a' on input line 136.
Package hyperref Info: Reference (cite) `cite.romero2016' on input line 137.
Package hyperref Info: Reference (cite) `cite.romero2016' on input line 137.
Package hyperref Info: Reference (cite) `cite.adam2014' on input line 137.
Package hyperref Info: Reference (cite) `cite.adam2014' on input line 137.
Package hyperref Info: Reference (cite) `cite.monfardini2014' on input line 139
.
Package hyperref Info: Reference (cite) `cite.monfardini2014' on input line 139
.
Package hyperref Info: Reference (cite) `cite.dicker2014a' on input line 139.
Package hyperref Info: Reference (cite) `cite.dicker2014a' on input line 139.
Package hyperref Info: Reference (cite) `cite.itoh1998' on input line 140.
Package hyperref Info: Reference (cite) `cite.itoh1998' on input line 140.
Package hyperref Info: Reference (cite) `cite.sayers2016' on input line 142.
Package hyperref Info: Reference (cite) `cite.sayers2016' on input line 142.
Package hyperref Info: Reference (cite) `cite.sayers2013' on input line 143.
Package hyperref Info: Reference (cite) `cite.sayers2013' on input line 143.

Underfull \vbox (badness 10000) has occurred while \output is active []

Package hyperref Info: Anchor `page.1' on input line 144.
 [1




]
Package hyperref Info: Reference (cite) `cite.cavaliere1978' on input line 146.

Package hyperref Info: Reference (cite) `cite.cavaliere1978' on input line 146.

Package hyperref Info: Reference (cite) `cite.mroczkowski2009' on input line 14
6.
Package hyperref Info: Reference (cite) `cite.mroczkowski2009' on input line 14
6.
Package hyperref Info: Reference (cite) `cite.bulbul2010' on input line 147.
Package hyperref Info: Reference (cite) `cite.bulbul2010' on input line 147.
Package hyperref Info: Reference (cite) `cite.nagai2007' on input line 148.
Package hyperref Info: Reference (cite) `cite.nagai2007' on input line 148.
Package hyperref Info: Reference (cite) `cite.arnaud2010' on input line 149.
Package hyperref Info: Reference (cite) `cite.arnaud2010' on input line 149.
Package hyperref Info: Reference (cite) `cite.sayers2013' on input line 149.
Package hyperref Info: Reference (cite) `cite.sayers2013' on input line 149.
Package hyperref Info: Reference (cite) `cite.hasselfield2013' on input line 16
0.
Package hyperref Info: Reference (cite) `cite.hasselfield2013' on input line 16
0.
Package hyperref Info: Reference (cite) `cite.reichardt2013' on input line 160.

Package hyperref Info: Reference (cite) `cite.reichardt2013' on input line 160.

Package hyperref Info: Reference (cite) `cite.kravtsov2012' on input line 162.
Package hyperref Info: Reference (cite) `cite.kravtsov2012' on input line 162.
Package hyperref Info: Reference (cite) `cite.borgani2004' on input line 164.
Package hyperref Info: Reference (cite) `cite.borgani2004' on input line 164.
Package hyperref Info: Reference (cite) `cite.nagai2007' on input line 164.
Package hyperref Info: Reference (cite) `cite.nagai2007' on input line 164.
Package hyperref Info: Reference (cite) `cite.arnaud2010' on input line 164.
Package hyperref Info: Reference (cite) `cite.arnaud2010' on input line 164.
Package hyperref Info: Reference (cite) `cite.bonamente2012' on input line 164.

Package hyperref Info: Reference (cite) `cite.bonamente2012' on input line 164.

Package hyperref Info: Reference (cite) `cite.planck2013a' on input line 164.
Package hyperref Info: Reference (cite) `cite.planck2013a' on input line 164.
Package hyperref Info: Reference (cite) `cite.sayers2013' on input line 164.
Package hyperref Info: Reference (cite) `cite.sayers2013' on input line 164.
Package hyperref Info: Reference (link) `section.2' on input line 169.
Package hyperref Info: Reference (link) `section.3' on input line 170.
Package hyperref Info: Reference (cite) `cite.hinshaw2013' on input line 175.
Package hyperref Info: Reference (cite) `cite.hinshaw2013' on input line 175.
Package hyperref Info: Anchor `section.2' on input line 178.
Package hyperref Info: bookmark on input line 178:
(hyperref)             thecounter {2}
(hyperref)             text {\ifnum 1>\c@secnumdepth \else \protect \numberline
 {\csname thesection\endcsname }\fi Observations and Data Reduction}
(hyperref)             reference {section.2}
(hyperref)             toclevel {1}
(hyperref)             type {toc}.
Package hyperref Info: Anchor `subsection.2.1' on input line 182.
LaTeX Font Info:    Font shape `OT1/txss/m/n' will be
(Font)              scaled to size 9.49997pt on input line 182.
LaTeX Font Info:    Font shape `OT1/txss/m/it' in size <10> not available
(Font)              Font shape `OT1/txss/m/sl' tried instead on input line 182.

LaTeX Font Info:    Font shape `OT1/txss/m/sl' will be
(Font)              scaled to size 9.49997pt on input line 182.
Package hyperref Info: bookmark on input line 182:
(hyperref)             thecounter {2.1}
(hyperref)             text {\ifnum 2>\c@secnumdepth \else \protect \numberline
 {\csname thesubsection\endcsname }\fi CLJ1226.9+3352}
(hyperref)             reference {subsection.2.1}
(hyperref)             toclevel {2}
(hyperref)             type {toc}.
Package hyperref Info: Reference (cite) `cite.ebeling2001' on input line 190.
Package hyperref Info: Reference (cite) `cite.ebeling2001' on input line 190.
Package hyperref Info: Reference (cite) `cite.maughan2004' on input line 192.
Package hyperref Info: Reference (cite) `cite.maughan2004' on input line 192.
Package hyperref Info: Reference (cite) `cite.bonamente2006' on input line 192.

Package hyperref Info: Reference (cite) `cite.bonamente2006' on input line 192.

Package hyperref Info: Reference (cite) `cite.maughan2007' on input line 192.
Package hyperref Info: Reference (cite) `cite.maughan2007' on input line 192.
Package hyperref Info: Reference (cite) `cite.joy2001' on input line 193.
Package hyperref Info: Reference (cite) `cite.joy2001' on input line 193.
Package hyperref Info: Reference (cite) `cite.muchovej2007' on input line 193.
Package hyperref Info: Reference (cite) `cite.muchovej2007' on input line 193.
Package hyperref Info: Reference (cite) `cite.mroczkowski2009' on input line 19
3.
Package hyperref Info: Reference (cite) `cite.mroczkowski2009' on input line 19
3.
Package hyperref Info: Reference (cite) `cite.mroczkowski2011' on input line 19
3.
Package hyperref Info: Reference (cite) `cite.mroczkowski2011' on input line 19
3.
Package hyperref Info: Reference (cite) `cite.bulbul2010' on input line 193.
Package hyperref Info: Reference (cite) `cite.bulbul2010' on input line 193.
Package hyperref Info: Reference (cite) `cite.korngut2011' on input line 193.
Package hyperref Info: Reference (cite) `cite.korngut2011' on input line 193.
Package hyperref Info: Reference (cite) `cite.adam2015' on input line 193.
Package hyperref Info: Reference (cite) `cite.adam2015' on input line 193.
Package hyperref Info: Reference (cite) `cite.maughan2007' on input line 194.
Package hyperref Info: Reference (cite) `cite.maughan2007' on input line 194.
Package hyperref Info: Reference (cite) `cite.jee2009' on input line 195.
Package hyperref Info: Reference (cite) `cite.jee2009' on input line 195.
Package hyperref Info: Reference (cite) `cite.cavagnolo2009' on input line 200.

Package hyperref Info: Reference (cite) `cite.cavagnolo2009' on input line 200.

Package hyperref Info: Reference (cite) `cite.mantz2010' on input line 201.
Package hyperref Info: Reference (cite) `cite.mantz2010' on input line 201.
File: NIKA_ml_deproj_figs/MUSTANG_image_and_SNR_contours_v2.eps Graphic file (t
ype eps)

<NIKA_ml_deproj_figs/MUSTANG_image_and_SNR_contours_v2.eps>
File: NIKA_ml_deproj_figs/NIKA_image_and_SNR_contours_v2.eps Graphic file (type
 eps)

<NIKA_ml_deproj_figs/NIKA_image_and_SNR_contours_v2.eps>
File: NIKA_ml_deproj_figs/BOLOCAM_image_and_SNR_contours_v2.eps Graphic file (t
ype eps)

<NIKA_ml_deproj_figs/BOLOCAM_image_and_SNR_contours_v2.eps>
Package hyperref Info: Anchor `figure.1' on input line 210.
Package hyperref Info: bookmark on input line 214:
(hyperref)             thecounter {1}
(hyperref)             text {\protect \numberline {\csname the\@captype \endcsn
ame }{\ignorespaces Left: MUSTANG map; Middle: NIKA (2mm) map; Right: Bolocam m
ap. In all three panels, the yellow contours are those of MUSTANG, magenta cont
ours of those of NIKA, and cyan contours are those of Bolocam. For MUSTANG and 
Bolocam, the contours start at $(-)2\sigma $, with $1\sigma $ increments. For N
IKA, the contours start at $(-)3\sigma $ with $2\sigma $ increments. The point 
source identified in \citet {adam2015} is subtracted in the MUSTANG and NIKA ma
ps.}}
(hyperref)             reference {figure.1}
(hyperref)             toclevel {0}
(hyperref)             type {lof}.
Package hyperref Info: Anchor `figure.1' on input line 214.
Package hyperref Info: Reference (cite) `cite.adam2015' on input line 214.
Package hyperref Info: Reference (cite) `cite.adam2015' on input line 214.
Package hyperref Info: Anchor `figure.1' on input line 214.
Package hyperref Info: Reference (cite) `cite.adam2015' on input line 214.
Package hyperref Info: Reference (cite) `cite.adam2015' on input line 214.


LaTeX Warning: `!h' float specifier changed to `!ht'.


LaTeX Warning: No positions in optional float specifier.
               Default added (so using `tbp') on input line 246.

Package hyperref Info: Anchor `table.1' on input line 247.
Package hyperref Info: bookmark on input line 247:
(hyperref)             thecounter {1}
(hyperref)             text {\protect \numberline {\csname the\@captype \endcsn
ame }{\ignorespaces \footnotesize {Overview of the sensitivities achieved for e
ach of the instruments used in this analysis.}}}
(hyperref)             reference {table.1}
(hyperref)             toclevel {0}
(hyperref)             type {lot}.
Package hyperref Info: Anchor `table.1' on input line 247.
Package hyperref Info: Anchor `subsection.2.2' on input line 268.
Package hyperref Info: bookmark on input line 268:
(hyperref)             thecounter {2.2}
(hyperref)             text {\ifnum 2>\c@secnumdepth \else \protect \numberline
 {\csname thesubsection\endcsname }\fi NIKA Observations and Reduction}
(hyperref)             reference {subsection.2.2}
(hyperref)             toclevel {2}
(hyperref)             type {toc}.
Package hyperref Info: Reference (link) `subsection.3.1' on input line 273.
Package hyperref Info: Reference (link) `figure.1' on input line 274.
Package hyperref Info: Anchor `subsection.2.3' on input line 277.
Package hyperref Info: bookmark on input line 277:
(hyperref)             thecounter {2.3}
(hyperref)             text {\ifnum 2>\c@secnumdepth \else \protect \numberline
 {\csname thesubsection\endcsname }\fi MUSTANG Observations and Reduction}
(hyperref)             reference {subsection.2.3}
(hyperref)             toclevel {2}
(hyperref)             type {toc}.
Package hyperref Info: Reference (cite) `cite.dicker2008' on input line 280.
Package hyperref Info: Reference (cite) `cite.dicker2008' on input line 280.
Package hyperref Info: Reference (cite) `cite.jewell2004' on input line 281.
Package hyperref Info: Reference (cite) `cite.jewell2004' on input line 281.
Package hyperref Info: Reference (cite) `cite.dicker2008' on input line 287.
Package hyperref Info: Reference (cite) `cite.dicker2008' on input line 287.
Package hyperref Info: Reference (cite) `cite.romero2015a' on input line 289.
Package hyperref Info: Reference (cite) `cite.romero2015a' on input line 289.
Package hyperref Info: Reference (link) `subsection.3.1' on input line 293.
Package hyperref Info: Reference (link) `figure.1' on input line 294.
Package hyperref Info: Reference (cite) `cite.romero2016' on input line 297.
Package hyperref Info: Reference (cite) `cite.romero2016' on input line 297.
Package hyperref Info: Reference (cite) `cite.arnaud2010' on input line 300.
Package hyperref Info: Reference (cite) `cite.romero2016' on input line 307.
Package hyperref Info: Reference (cite) `cite.romero2016' on input line 307.
Package hyperref Info: Reference (cite) `cite.romero2016' on input line 310.
Package hyperref Info: Reference (cite) `cite.romero2016' on input line 310.

Underfull \vbox (badness 2662) has occurred while \output is active []

Package hyperref Info: Anchor `page.2' on input line 312.
 [2]
Package hyperref Info: Anchor `subsection.2.4' on input line 319.
Package hyperref Info: bookmark on input line 319:
(hyperref)             thecounter {2.4}
(hyperref)             text {\ifnum 2>\c@secnumdepth \else \protect \numberline
 {\csname thesubsection\endcsname }\fi Bolocam Observations and Reduction}
(hyperref)             reference {subsection.2.4}
(hyperref)             toclevel {2}
(hyperref)             type {toc}.
Package hyperref Info: Reference (cite) `cite.glenn1998' on input line 322.
Package hyperref Info: Reference (cite) `cite.glenn1998' on input line 322.

Underfull \hbox (badness 3482) in paragraph at lines 322--326
\OT1/txr/m/n/10 To probe a wider range of scales we com-ple-ment our
 []

Package hyperref Info: Reference (cite) `cite.glenn1998' on input line 329.
Package hyperref Info: Reference (cite) `cite.glenn1998' on input line 329.
Package hyperref Info: Reference (cite) `cite.haig2004' on input line 329.
Package hyperref Info: Reference (cite) `cite.haig2004' on input line 329.
Package hyperref Info: Reference (cite) `cite.czakon2015' on input line 336.
Package hyperref Info: Reference (cite) `cite.czakon2015' on input line 336.
Package hyperref Info: Reference (cite) `cite.sayers2013' on input line 336.
Package hyperref Info: Reference (cite) `cite.sayers2013' on input line 336.
Package hyperref Info: Reference (cite) `cite.sayers2011' on input line 337.
Package hyperref Info: Reference (cite) `cite.sayers2011' on input line 337.
Package hyperref Info: Reference (link) `figure.1' on input line 337.

Underfull \vbox (badness 10000) has occurred while \output is active []

Package hyperref Info: Anchor `subsection.2.5' on input line 343.
Package hyperref Info: bookmark on input line 343:
(hyperref)             thecounter {2.5}
(hyperref)             text {\ifnum 2>\c@secnumdepth \else \protect \numberline
 {\csname thesubsection\endcsname }\fi Planck Observations and Reduction}
(hyperref)             reference {subsection.2.5}
(hyperref)             toclevel {2}
(hyperref)             type {toc}.
Package hyperref Info: Anchor `section.3' on input line 348.
Package hyperref Info: bookmark on input line 348:
(hyperref)             thecounter {3}
(hyperref)             text {\ifnum 1>\c@secnumdepth \else \protect \numberline
 {\csname thesection\endcsname }\fi Pressure Profiles via Maximum Likelihood}
(hyperref)             reference {section.3}
(hyperref)             toclevel {1}
(hyperref)             type {toc}.
Package hyperref Info: Anchor `subsection.3.1' on input line 355.
Package hyperref Info: bookmark on input line 355:
(hyperref)             thecounter {3.1}
(hyperref)             text {\ifnum 2>\c@secnumdepth \else \protect \numberline
 {\csname thesubsection\endcsname }\fi Preprocessing}
(hyperref)             reference {subsection.3.1}
(hyperref)             toclevel {2}
(hyperref)             type {toc}.
Package hyperref Info: Reference (cite) `cite.korngut2011' on input line 360.
Package hyperref Info: Reference (cite) `cite.korngut2011' on input line 360.
Package hyperref Info: Reference (cite) `cite.adam2015' on input line 363.
Package hyperref Info: Reference (cite) `cite.adam2015' on input line 363.
Package hyperref Info: Reference (cite) `cite.romero2016' on input line 366.
Package hyperref Info: Reference (cite) `cite.romero2016' on input line 366.
Package hyperref Info: Anchor `subsection.3.2' on input line 373.
Package hyperref Info: bookmark on input line 373:
(hyperref)             thecounter {3.2}
(hyperref)             text {\ifnum 2>\c@secnumdepth \else \protect \numberline
 {\csname thesubsection\endcsname }\fi Non-Parametric Models}
(hyperref)             reference {subsection.3.2}
(hyperref)             toclevel {2}
(hyperref)             type {toc}.

Underfull \vbox (badness 10000) has occurred while \output is active []

Package hyperref Info: Anchor `page.3' on input line 390.
 [3]
Package hyperref Info: Reference (cite) `cite.vikhlinin2001a' on input line 393
.
Package hyperref Info: Reference (cite) `cite.vikhlinin2001a' on input line 393
.
Package hyperref Info: Reference (cite) `cite.korngut2011' on input line 393.
Package hyperref Info: Reference (cite) `cite.korngut2011' on input line 393.
Package hyperref Info: Reference (cite) `cite.korngut2011' on input line 394.
Package hyperref Info: Reference (cite) `cite.korngut2011' on input line 394.
Package hyperref Info: Reference (cite) `cite.sarazin2016' on input line 394.
Package hyperref Info: Reference (cite) `cite.sarazin2016' on input line 394.
Package hyperref Info: Reference (cite) `cite.korngut2011' on input line 395.
Package hyperref Info: Reference (cite) `cite.korngut2011' on input line 395.
Package hyperref Info: Reference (link) `subsection.Alph0.1' on input line 401.

Package hyperref Info: Anchor `equation.3.1' on input line 404.
Package hyperref Info: Anchor `subsection.3.3' on input line 416.
Package hyperref Info: bookmark on input line 416:
(hyperref)             thecounter {3.3}
(hyperref)             text {\ifnum 2>\c@secnumdepth \else \protect \numberline
 {\csname thesubsection\endcsname }\fi Fitting Algorithm}
(hyperref)             reference {subsection.3.3}
(hyperref)             toclevel {2}
(hyperref)             type {toc}.
Package hyperref Info: Anchor `equation.3.2' on input line 421.
Package hyperref Info: Anchor `equation.3.3' on input line 426.
Package hyperref Info: Reference (cite) `cite.romero2015a' on input line 433.
Package hyperref Info: Reference (cite) `cite.romero2015a' on input line 433.
Package hyperref Info: Reference (cite) `cite.romero2016' on input line 433.
Package hyperref Info: Reference (cite) `cite.adam2015' on input line 433.
Package hyperref Info: Reference (cite) `cite.adam2015' on input line 433.
Package hyperref Info: Reference (cite) `cite.sayers2011' on input line 435.
Package hyperref Info: Reference (cite) `cite.sayers2011' on input line 435.
Package hyperref Info: Anchor `equation.3.4' on input line 451.
Package hyperref Info: Reference (cite) `cite.planck2014' on input line 459.
Package hyperref Info: Reference (cite) `cite.planck2014' on input line 459.
Package hyperref Info: Reference (cite) `cite.adam2015' on input line 459.
Package hyperref Info: Reference (cite) `cite.adam2015' on input line 459.
Package hyperref Info: Reference (cite) `cite.foreman2013' on input line 462.
Package hyperref Info: Reference (cite) `cite.foreman2013' on input line 462.
Package hyperref Info: Reference (cite) `cite.goodman2010' on input line 464.
Package hyperref Info: Reference (cite) `cite.goodman2010' on input line 464.

Underfull \hbox (badness 5652) in paragraph at lines 462--467
[]\OT1/txr/m/n/10 We em-ploy the de-scribed prob-a-bil-ity func-tion in a
 []

Package hyperref Info: Anchor `subsection.3.4' on input line 476.
Package hyperref Info: bookmark on input line 476:
(hyperref)             thecounter {3.4}
(hyperref)             text {\ifnum 2>\c@secnumdepth \else \protect \numberline
 {\csname thesubsection\endcsname }\fi Robustness of Fitting Algorithm}
(hyperref)             reference {subsection.3.4}
(hyperref)             toclevel {2}
(hyperref)             type {toc}.

LaTeX Warning: Reference `fig:nika_contours' on page 4 undefined on input line 
500.


LaTeX Warning: Reference `fig:mustang_contours' on page 4 undefined on input li
ne 501.


LaTeX Warning: Reference `fig:bolocam_contours' on page 4 undefined on input li
ne 502.

Package hyperref Info: Anchor `section.4' on input line 504.
Package hyperref Info: bookmark on input line 504:
(hyperref)             thecounter {4}
(hyperref)             text {\ifnum 1>\c@secnumdepth \else \protect \numberline
 {\csname thesection\endcsname }\fi Non-parametric Results}
(hyperref)             reference {section.4}
(hyperref)             toclevel {1}
(hyperref)             type {toc}.
File: NIKA_ml_deproj_figs/Real_Joint_gNFW_Real_11011111_2500S_500B_100W_non_par
ametric_pressure.eps Graphic file (type eps)

<NIKA_ml_deproj_figs/Real_Joint_gNFW_Real_11011111_2500S_500B_100W_non_parametr
ic_pressure.eps>
Package hyperref Info: Anchor `figure.2' on input line 511.

Overfull \hbox (6.0pt too wide) in paragraph at lines 509--516
 [][] 
 []

Package hyperref Info: bookmark on input line 516:
(hyperref)             thecounter {2}
(hyperref)             text {\protect \numberline {\csname the\@captype \endcsn
ame }{\ignorespaces Non-parametric pressure profiles as determined via each dat
aset individually, and the gNFW (parametric) pressure profile as simultaneously
 fit to the non-parametric pressure profiles. The error bars are statistical, f
rom the MCMC fits. The vertical dashed and dotted lines correspond to the HWHM 
and FOV/2 (i.e. radial FOV), respectively; the coloring is also respective to e
ach instrument. The MUSTANG and NIKA points that fall below the gNFW pressure p
rofile (close to 0.1 $R_{500}$) are of note and discussed in Section~\ref {sec:
discussion}.}}
(hyperref)             reference {figure.2}
(hyperref)             toclevel {0}
(hyperref)             type {lof}.
Package hyperref Info: Anchor `figure.2' on input line 516.
Package hyperref Info: Reference (link) `section.6' on input line 516.
Package hyperref Info: Anchor `figure.2' on input line 516.
Package hyperref Info: Reference (link) `section.6' on input line 516.
Package hyperref Info: Anchor `page.4' on input line 518.
[4]
Package hyperref Info: Anchor `equation.4.5' on input line 532.
Package hyperref Info: Reference (link) `figure.3' on input line 537.
File: NIKA_ml_deproj_figs/Real_Joint_gNFW_Real_11011111_2500S_500B_100W_NIKA_co
rrelation_matrix_clim_bwr.eps Graphic file (type eps)

<NIKA_ml_deproj_figs/Real_Joint_gNFW_Real_11011111_2500S_500B_100W_NIKA_correla
tion_matrix_clim_bwr.eps>
File: NIKA_ml_deproj_figs/Real_Joint_gNFW_Real_11011111_2500S_500B_100W_MUSTANG
_correlation_matrix_clim_bwr.eps Graphic file (type eps)

<NIKA_ml_deproj_figs/Real_Joint_gNFW_Real_11011111_2500S_500B_100W_MUSTANG_corr
elation_matrix_clim_bwr.eps>
File: NIKA_ml_deproj_figs/Real_Joint_gNFW_Real_11011111_2500S_500B_100W_Bolocam
_correlation_matrix_clim_bwr.eps Graphic file (type eps)

<NIKA_ml_deproj_figs/Real_Joint_gNFW_Real_11011111_2500S_500B_100W_Bolocam_corr
elation_matrix_clim_bwr.eps>
Package hyperref Info: Anchor `figure.3' on input line 546.
Package hyperref Info: bookmark on input line 547:
(hyperref)             thecounter {3}
(hyperref)             text {\protect \numberline {\csname the\@captype \endcsn
ame }{\ignorespaces Left: NIKA correlation Matrix. Middle: MUSTANG correlation 
matrix. Right: Bolocam correlation matrix. The coloring is scaled to make the m
agnitude of off-diagonal terms more apparent, and the range changes for each in
strument.}}
(hyperref)             reference {figure.3}
(hyperref)             toclevel {0}
(hyperref)             type {lof}.
Package hyperref Info: Anchor `figure.3' on input line 547.
Package hyperref Info: Anchor `figure.3' on input line 547.


LaTeX Warning: `h' float specifier changed to `ht'.

Package hyperref Info: Anchor `section.5' on input line 555.
Package hyperref Info: bookmark on input line 555:
(hyperref)             thecounter {5}
(hyperref)             text {\ifnum 1>\c@secnumdepth \else \protect \numberline
 {\csname thesection\endcsname }\fi Parametric Fits: gNFW}
(hyperref)             reference {section.5}
(hyperref)             toclevel {1}
(hyperref)             type {toc}.
Package hyperref Info: Anchor `equation.5.6' on input line 566.
Package hyperref Info: Reference (cite) `cite.arnaud2010' on input line 582.
Package hyperref Info: Reference (cite) `cite.arnaud2010' on input line 582.
Package hyperref Info: Anchor `subsection.5.1' on input line 589.
Package hyperref Info: bookmark on input line 589:
(hyperref)             thecounter {5.1}
(hyperref)             text {\ifnum 2>\c@secnumdepth \else \protect \numberline
 {\csname thesubsection\endcsname }\fi Parametric Constraints}
(hyperref)             reference {subsection.5.1}
(hyperref)             toclevel {2}
(hyperref)             type {toc}.
File: NIKA_ml_deproj_figs/Real_Joint_gNFW_Real_11011111_2500S_500B_100W_gNFW_pr
essure_w_NP_pts_v2.eps Graphic file (type eps)

<NIKA_ml_deproj_figs/Real_Joint_gNFW_Real_11011111_2500S_500B_100W_gNFW_pressur
e_w_NP_pts_v2.eps>
Package hyperref Info: Anchor `figure.4' on input line 610.

Overfull \hbox (6.0pt too wide) in paragraph at lines 608--615
 [][] 
 []

Package hyperref Info: bookmark on input line 615:
(hyperref)             thecounter {4}
(hyperref)             text {\protect \numberline {\csname the\@captype \endcsn
ame }{\ignorespaces Non-parametric pressure profiles as determined via each dat
aset individually, and the gNFW (parametric) pressure profile as simultaneously
 fit to the non-parametric pressure profiles. The error bars are statistical, f
rom the MCMC fits. The vertical dashed and dotted lines correspond to the HWHM 
and FOV/2 (i.e. radial FOV), respectively; the coloring is also respective to e
ach instrument. The MUSTANG and NIKA points that fall below the gNFW pressure p
rofile (close to 0.1 $R_{500}$) are of note and discussed in Section~\ref {sec:
discussion}.}}
(hyperref)             reference {figure.4}
(hyperref)             toclevel {0}
(hyperref)             type {lof}.
Package hyperref Info: Anchor `figure.4' on input line 615.
Package hyperref Info: Reference (link) `section.6' on input line 615.
Package hyperref Info: Anchor `figure.4' on input line 615.
Package hyperref Info: Reference (link) `section.6' on input line 615.

LaTeX Warning: `!h' float specifier changed to `!ht'.

File: NIKA_ml_deproj_figs/Real_Joint_gNFW_Real_11011111_2500S_500B_100W_contour
.eps Graphic file (type eps)

<NIKA_ml_deproj_figs/Real_Joint_gNFW_Real_11011111_2500S_500B_100W_contour.eps>
Package hyperref Info: Anchor `figure.5' on input line 622.

Overfull \hbox (6.0pt too wide) in paragraph at lines 621--622
 [][] 
 []

Package hyperref Info: bookmark on input line 622:
(hyperref)             thecounter {5}
(hyperref)             text {\protect \numberline {\csname the\@captype \endcsn
ame }{\ignorespaces Parameter constraints, $P_0$, $r_p$, $\gamma $, and $\beta 
$}}
(hyperref)             reference {figure.5}
(hyperref)             toclevel {0}
(hyperref)             type {lof}.
Package hyperref Info: Anchor `figure.5' on input line 622.

LaTeX Warning: `!h' float specifier changed to `!ht'.

Package hyperref Info: Anchor `section.6' on input line 627.
Package hyperref Info: bookmark on input line 627:
(hyperref)             thecounter {6}
(hyperref)             text {\ifnum 1>\c@secnumdepth \else \protect \numberline
 {\csname thesection\endcsname }\fi Discussion}
(hyperref)             reference {section.6}
(hyperref)             toclevel {1}
(hyperref)             type {toc}.
Package hyperref Info: Reference (link) `subsection.3.4' on input line 631.
Package hyperref Info: Reference (link) `subsection.3.4' on input line 647.
Package hyperref Info: Anchor `page.5' on input line 658.
[5]
Package hyperref Info: Reference (cite) `cite.korngut2011' on input line 666.
Package hyperref Info: Reference (cite) `cite.korngut2011' on input line 666.
Package hyperref Info: Reference (cite) `cite.adam2015' on input line 668.
Package hyperref Info: Reference (cite) `cite.adam2015' on input line 668.
Package hyperref Info: Reference (link) `subsection.3.1' on input line 668.
Package hyperref Info: Anchor `subsection.6.1' on input line 680.
Package hyperref Info: bookmark on input line 680:
(hyperref)             thecounter {6.1}
(hyperref)             text {\ifnum 2>\c@secnumdepth \else \protect \numberline
 {\csname thesubsection\endcsname }\fi Comparison with Previous SZ Results}
(hyperref)             reference {subsection.6.1}
(hyperref)             toclevel {2}
(hyperref)             type {toc}.
Package hyperref Info: Reference (cite) `cite.joy2001' on input line 684.
Package hyperref Info: Reference (cite) `cite.joy2001' on input line 684.
Package hyperref Info: Reference (cite) `cite.muchovej2007' on input line 685.
Package hyperref Info: Reference (cite) `cite.muchovej2007' on input line 685.
Package hyperref Info: Reference (cite) `cite.mroczkowski2009' on input line 68
5.
Package hyperref Info: Reference (cite) `cite.mroczkowski2009' on input line 68
5.
Package hyperref Info: Reference (cite) `cite.mroczkowski2011' on input line 68
5.
Package hyperref Info: Reference (cite) `cite.mroczkowski2011' on input line 68
5.
Package hyperref Info: Reference (cite) `cite.korngut2011' on input line 687.
Package hyperref Info: Reference (cite) `cite.korngut2011' on input line 687.
Package hyperref Info: Reference (cite) `cite.romero2016' on input line 689.
Package hyperref Info: Reference (cite) `cite.romero2016' on input line 689.
Package hyperref Info: Reference (cite) `cite.adam2015' on input line 691.
Package hyperref Info: Reference (cite) `cite.adam2015' on input line 691.
Package hyperref Info: Reference (cite) `cite.rumsey2016' on input line 692.
Package hyperref Info: Reference (cite) `cite.rumsey2016' on input line 692.
Package hyperref Info: Anchor `page.6' on input line 695.
 [6]
Package hyperref Info: Anchor `section.7' on input line 703.
Package hyperref Info: bookmark on input line 703:
(hyperref)             thecounter {7}
(hyperref)             text {\ifnum 1>\c@secnumdepth \else \protect \numberline
 {\csname thesection\endcsname }\fi Conclusions}
(hyperref)             reference {section.7}
(hyperref)             toclevel {1}
(hyperref)             type {toc}.
Package hyperref Info: Anchor `section*.1' on input line 742.

Underfull \hbox (badness 2005) in paragraph at lines 744--755
\OT1/txr/m/n/10 data was re-trieved from [][][].[][][][] Original MUSTANG data 
was
 []


Underfull \hbox (badness 5652) in paragraph at lines 744--755
\OT1/txr/m/n/10 un-der co-op-er-a-tive agree-ment with the National Science
 []

Package hyperref Info: Anchor `subsection.Alph0.1' on input line 766.
Package hyperref Info: bookmark on input line 766:
(hyperref)             thecounter {.1}
(hyperref)             text {\ifnum 2>\c@secnumdepth \else \protect \numberline
 {\csname thesubsection\endcsname }\fi Analytic Integrals of Elliptically Symme
tric Power Laws}
(hyperref)             reference {subsection.Alph0.1}
(hyperref)             toclevel {2}
(hyperref)             type {toc}.
Package hyperref Info: Anchor `equation.Alph0.7' on input line 774.
Package hyperref Info: Anchor `equation.Alph0.8' on input line 785.
Package hyperref Info: Anchor `equation.Alph0.9' on input line 785.
Package hyperref Info: Anchor `equation.Alph0.10' on input line 785.
Package hyperref Info: Anchor `equation.Alph0.11' on input line 788.
(./clj1226_jf.bbl
Package hyperref Info: Anchor `section*.2' on input line 1.
Package hyperref Info: Anchor `cite.adam2015' on input line 11.
Package hyperref Info: Anchor `cite.adam2014' on input line 20.
Package hyperref Info: Anchor `page.7' on input line 24.
 [7]
Package hyperref Info: Anchor `cite.arnaud2010' on input line 24.
Package hyperref Info: Anchor `cite.bonamente2012' on input line 32.
Package hyperref Info: Anchor `cite.bonamente2006' on input line 36.
Package hyperref Info: Anchor `cite.borgani2004' on input line 41.
Package hyperref Info: Anchor `cite.bulbul2010' on input line 45.
Package hyperref Info: Anchor `cite.cavagnolo2009' on input line 50.
Package hyperref Info: Anchor `cite.cavaliere1978' on input line 54.
Package hyperref Info: Anchor `cite.czakon2015' on input line 59.
Package hyperref Info: Anchor `cite.dicker2014a' on input line 66.

Underfull \hbox (badness 2326) in paragraph at lines 67--70
[]\OT1/txr/m/n/8 Dicker, S. R. et al. 2014, in Society of Photo-Optical Instrum
entation
 []

Package hyperref Info: Anchor `cite.dicker2008' on input line 74.

Underfull \hbox (badness 2326) in paragraph at lines 75--78
[]\OT1/txr/m/n/8 Dicker, S. R. et al. 2008, in Society of Photo-Optical Instrum
entation
 []

Package hyperref Info: Anchor `cite.ebeling2001' on input line 79.
Package hyperref Info: Anchor `cite.foreman2013' on input line 83.
Package hyperref Info: Anchor `cite.glenn1998' on input line 88.
Package hyperref Info: Anchor `cite.goodman2010' on input line 91.
Package hyperref Info: Anchor `cite.haig2004' on input line 96.

Underfull \hbox (badness 4084) in paragraph at lines 97--103
[]\OT1/txr/m/n/8 Haig, D. J. et al. 2004, in Society of Photo-Optical Instrumen
tation
 []

Package hyperref Info: Anchor `cite.hasselfield2013' on input line 111.
Package hyperref Info: Anchor `cite.hinshaw2013' on input line 117.
Package hyperref Info: Anchor `cite.itoh1998' on input line 120.
Package hyperref Info: Anchor `cite.jee2009' on input line 125.
Package hyperref Info: Anchor `cite.jewell2004' on input line 128.

Underfull \hbox (badness 3977) in paragraph at lines 129--132
[]\OT1/txr/m/n/8 Jewell, P. R., & Prestage, R. M. 2004, in Society of Photo-Opt
ical
 []

Package hyperref Info: Anchor `cite.joy2001' on input line 134.
Package hyperref Info: Anchor `cite.kitayama2016' on input line 139.
Package hyperref Info: Anchor `cite.korngut2011' on input line 143.
Package hyperref Info: Anchor `cite.kravtsov2012' on input line 146.
Package hyperref Info: Anchor `cite.mantz2010' on input line 150.
Package hyperref Info: Anchor `cite.mason2010' on input line 156.
Package hyperref Info: Anchor `cite.maughan2007' on input line 160.
Package hyperref Info: Anchor `cite.maughan2004' on input line 165.
Package hyperref Info: Anchor `cite.monfardini2014' on input line 174.
Package hyperref Info: Anchor `cite.monfardini2010' on input line 181.
Package hyperref Info: Anchor `cite.mroczkowski2011' on input line 184.
Package hyperref Info: Anchor `cite.mroczkowski2009' on input line 190.
Package hyperref Info: Anchor `cite.muchovej2007' on input line 196.
Package hyperref Info: Anchor `cite.nagai2007' on input line 200.
Package hyperref Info: Anchor `cite.planck2014' on input line 206.
Package hyperref Info: Anchor `cite.planck2013a' on input line 211.
Package hyperref Info: Anchor `cite.reichardt2013' on input line 225.
Package hyperref Info: Anchor `cite.romero2016' on input line 230.
Package hyperref Info: Anchor `cite.romero2015a' on input line 235.
Package hyperref Info: Anchor `cite.rumsey2016' on input line 240.
Package hyperref Info: Anchor `cite.sarazin2016' on input line 244.
Package hyperref Info: Anchor `cite.sayers2013' on input line 251.
Package hyperref Info: Anchor `cite.sayers2011' on input line 255.
Package hyperref Info: Anchor `cite.sayers2016' on input line 260.
Package hyperref Info: Anchor `cite.vikhlinin2001a' on input line 264.
)
Package atveryend Info: Empty hook `BeforeClearDocument' on input line 811.
Package hyperref Info: Anchor `page.8' on input line 811.
 [8

]
Package atveryend Info: Empty hook `AfterLastShipout' on input line 811.
 (./clj1226_jf.aux)
Package atveryend Info: Empty hook `AtVeryEndDocument' on input line 811.
Package atveryend Info: Executing hook `AtEndAfterFileList' on input line 811.
Package rerunfilecheck Info: File `clj1226_jf.out' has not changed.
(rerunfilecheck)             Checksum: 7D340DFFAAB31578F5CB7E87FF303F17;1334.


LaTeX Warning: There were undefined references.


LaTeX Warning: There were multiply-defined labels.

Package atveryend Info: Empty hook `AtVeryVeryEnd' on input line 811.
 ) 
Here is how much of TeX's memory you used:
 7815 strings out of 494954
 109632 string characters out of 6181002
 236418 words of memory out of 5000000
 10946 multiletter control sequences out of 15000+600000
 36239 words of font info for 100 fonts, out of 8000000 for 9000
 14 hyphenation exceptions out of 8191
 42i,14n,33p,948b,444s stack positions out of 5000i,500n,10000p,200000b,80000s

Output written on clj1226_jf.dvi (8 pages, 141944 bytes).
