This is pdfTeX, Version 3.14159265-2.6-1.40.15 (TeX Live 2014) (preloaded format=pdflatex 2014.9.10)  22 APR 2017 18:33
entering extended mode
 restricted \write18 enabled.
 %&-line parsing enabled.
**crab_paper.tex
(./crab_paper.tex
LaTeX2e <2014/05/01>
Babel <3.9k> and hyphenation patterns for 78 languages loaded.
(./aa.cls
Document Class: aa 2010/20/02 v7.0 
LaTeX document class for Astronomy and Astrophysics journal
(/usr/local/texlive/2014/texmf-dist/tex/latex/base/fleqn.clo
File: fleqn.clo 1998/08/17 v1.1c Standard LaTeX option (flush left equations)
\mathindent=\dimen102
)
\logodepth=\dimen103
\headerboxheight=\dimen104
\betweenumberspace=\dimen105
\aftertext=\dimen106
\headlineindent=\dimen107
\c@inst=\count79
\c@auth=\count80
\instindent=\dimen108
\authrun=\box26
\authorrunning=\toks14
\titrun=\box27
\titlerunning=\toks15
\number@fw@rds=\count81
\c@section=\count82
\c@subsection=\count83
\c@subsubsection=\count84
\c@paragraph=\count85
\c@subparagraph=\count86
\c@theorem=\count87
\figgap=\dimen109
\c@append=\count88
\c@figure=\count89
\c@table=\count90
\abovecaptionskip=\skip41
\belowcaptionskip=\skip42
\figcapgap=\dimen110
\tabcapgap=\dimen111
\bibindent=\dimen112
)
(/usr/local/texlive/2014/texmf-dist/tex/latex/base/fixltx2e.sty
Package: fixltx2e 2014/05/13 v1.1q fixes to LaTeX
LaTeX Info: Redefining \em on input line 429.
)
(/usr/local/texlive/2014/texmf-dist/tex/generic/babel/babel.sty
Package: babel 2014/03/24 3.9k The Babel package

(/usr/local/texlive/2014/texmf-dist/tex/generic/babel-english/english.ldf
Language: english 2012/08/20 v3.3p English support from the babel system

(/usr/local/texlive/2014/texmf-dist/tex/generic/babel/babel.def
File: babel.def 2014/03/24 3.9k Babel common definitions
\babel@savecnt=\count91
\U@D=\dimen113
)
\l@canadian = a dialect from \language\l@american 
\l@australian = a dialect from \language\l@british 
\l@newzealand = a dialect from \language\l@british 
))
(/usr/local/texlive/2014/texmf-dist/tex/latex/graphics/graphicx.sty
Package: graphicx 2014/04/25 v1.0g Enhanced LaTeX Graphics (DPC,SPQR)

(/usr/local/texlive/2014/texmf-dist/tex/latex/graphics/keyval.sty
Package: keyval 2014/05/08 v1.15 key=value parser (DPC)
\KV@toks@=\toks16
)
(/usr/local/texlive/2014/texmf-dist/tex/latex/graphics/graphics.sty
Package: graphics 2009/02/05 v1.0o Standard LaTeX Graphics (DPC,SPQR)

(/usr/local/texlive/2014/texmf-dist/tex/latex/graphics/trig.sty
Package: trig 1999/03/16 v1.09 sin cos tan (DPC)
)
(/usr/local/texlive/2014/texmf-dist/tex/latex/latexconfig/graphics.cfg
File: graphics.cfg 2010/04/23 v1.9 graphics configuration of TeX Live
)
Package graphics Info: Driver file: pdftex.def on input line 91.

(/usr/local/texlive/2014/texmf-dist/tex/latex/pdftex-def/pdftex.def
File: pdftex.def 2011/05/27 v0.06d Graphics/color for pdfTeX

(/usr/local/texlive/2014/texmf-dist/tex/generic/oberdiek/infwarerr.sty
Package: infwarerr 2010/04/08 v1.3 Providing info/warning/error messages (HO)
)
(/usr/local/texlive/2014/texmf-dist/tex/generic/oberdiek/ltxcmds.sty
Package: ltxcmds 2011/11/09 v1.22 LaTeX kernel commands for general use (HO)
)
\Gread@gobject=\count92
))
\Gin@req@height=\dimen114
\Gin@req@width=\dimen115
)
(/usr/local/texlive/2014/texmf-dist/tex/latex/amsmath/amsmath.sty
Package: amsmath 2013/01/14 v2.14 AMS math features
\@mathmargin=\skip43

For additional information on amsmath, use the `?' option.
(/usr/local/texlive/2014/texmf-dist/tex/latex/amsmath/amstext.sty
Package: amstext 2000/06/29 v2.01

(/usr/local/texlive/2014/texmf-dist/tex/latex/amsmath/amsgen.sty
File: amsgen.sty 1999/11/30 v2.0
\@emptytoks=\toks17
\ex@=\dimen116
))
(/usr/local/texlive/2014/texmf-dist/tex/latex/amsmath/amsbsy.sty
Package: amsbsy 1999/11/29 v1.2d
\pmbraise@=\dimen117
)
(/usr/local/texlive/2014/texmf-dist/tex/latex/amsmath/amsopn.sty
Package: amsopn 1999/12/14 v2.01 operator names
)
\inf@bad=\count93
LaTeX Info: Redefining \frac on input line 210.
\uproot@=\count94
\leftroot@=\count95
LaTeX Info: Redefining \overline on input line 306.
\classnum@=\count96
\DOTSCASE@=\count97
LaTeX Info: Redefining \ldots on input line 378.
LaTeX Info: Redefining \dots on input line 381.
LaTeX Info: Redefining \cdots on input line 466.
\Mathstrutbox@=\box28
\strutbox@=\box29
\big@size=\dimen118
LaTeX Font Info:    Redeclaring font encoding OML on input line 566.
LaTeX Font Info:    Redeclaring font encoding OMS on input line 567.


Package amsmath Warning: Unable to redefine math accent \vec.

\macc@depth=\count98
\c@MaxMatrixCols=\count99
\dotsspace@=\muskip10
\c@parentequation=\count100
\dspbrk@lvl=\count101
\tag@help=\toks18
\row@=\count102
\column@=\count103
\maxfields@=\count104
\andhelp@=\toks19
\eqnshift@=\dimen119
\alignsep@=\dimen120
\tagshift@=\dimen121
\tagwidth@=\dimen122
\totwidth@=\dimen123
\lineht@=\dimen124
\@envbody=\toks20
\multlinegap=\skip44
\multlinetaggap=\skip45
\mathdisplay@stack=\toks21
LaTeX Info: Redefining \[ on input line 2665.
LaTeX Info: Redefining \] on input line 2666.
) (/usr/local/texlive/2014/texmf-dist/tex/generic/epsf/epsf.sty
This is `epsf.tex' v2.7.4 <14 February 2011>
\epsffilein=\read1
\epsfframemargin=\dimen125
\epsfframethickness=\dimen126
\epsfrsize=\dimen127
\epsftmp=\dimen128
\epsftsize=\dimen129
\epsfxsize=\dimen130
\epsfysize=\dimen131
\pspoints=\dimen132
) (/usr/local/texlive/2014/texmf-dist/tex/latex/graphics/color.sty
Package: color 2014/04/23 v1.1a Standard LaTeX Color (DPC)

(/usr/local/texlive/2014/texmf-dist/tex/latex/latexconfig/color.cfg
File: color.cfg 2007/01/18 v1.5 color configuration of teTeX/TeXLive
)
Package color Info: Driver file: pdftex.def on input line 137.
)
(/usr/local/texlive/2014/texmf-dist/tex/latex/amsfonts/eucal.sty
Package: eucal 2009/06/22 v3.00 Euler Script fonts
LaTeX Font Info:    Overwriting math alphabet `\EuScript' in version `bold'
(Font)                  U/eus/m/n --> U/eus/b/n on input line 33.
)
(/usr/local/texlive/2014/texmf-dist/tex/latex/amsfonts/amssymb.sty
Package: amssymb 2013/01/14 v3.01 AMS font symbols

(/usr/local/texlive/2014/texmf-dist/tex/latex/amsfonts/amsfonts.sty
Package: amsfonts 2013/01/14 v3.01 Basic AMSFonts support
\symAMSa=\mathgroup4
\symAMSb=\mathgroup5
LaTeX Font Info:    Overwriting math alphabet `\mathfrak' in version `bold'
(Font)                  U/euf/m/n --> U/euf/b/n on input line 106.
))
(/usr/local/texlive/2014/texmf-dist/tex/latex/natbib/natbib.sty
Package: natbib 2010/09/13 8.31b (PWD, AO)
\bibhang=\skip46
\bibsep=\skip47
LaTeX Info: Redefining \cite on input line 694.
\c@NAT@ctr=\count105
)
(/usr/local/texlive/2014/texmf-dist/tex/latex/txfonts/txfonts.sty
Package: txfonts 2008/01/22 v3.2.1
LaTeX Font Info:    Redeclaring symbol font `operators' on input line 21.
LaTeX Font Info:    Overwriting symbol font `operators' in version `normal'
(Font)                  OT1/cmr/m/n --> OT1/txr/m/n on input line 21.
LaTeX Font Info:    Overwriting symbol font `operators' in version `bold'
(Font)                  OT1/cmr/bx/n --> OT1/txr/m/n on input line 21.
LaTeX Font Info:    Overwriting symbol font `operators' in version `bold'
(Font)                  OT1/txr/m/n --> OT1/txr/bx/n on input line 22.
\symitalic=\mathgroup6
LaTeX Font Info:    Overwriting symbol font `italic' in version `bold'
(Font)                  OT1/txr/m/it --> OT1/txr/bx/it on input line 26.
LaTeX Font Info:    Redeclaring math alphabet \mathbf on input line 29.
LaTeX Font Info:    Overwriting math alphabet `\mathbf' in version `normal'
(Font)                  OT1/cmr/bx/n --> OT1/txr/bx/n on input line 29.
LaTeX Font Info:    Overwriting math alphabet `\mathbf' in version `bold'
(Font)                  OT1/cmr/bx/n --> OT1/txr/bx/n on input line 29.
LaTeX Font Info:    Redeclaring math alphabet \mathit on input line 30.
LaTeX Font Info:    Overwriting math alphabet `\mathit' in version `normal'
(Font)                  OT1/cmr/m/it --> OT1/txr/m/it on input line 30.
LaTeX Font Info:    Overwriting math alphabet `\mathit' in version `bold'
(Font)                  OT1/cmr/bx/it --> OT1/txr/m/it on input line 30.
LaTeX Font Info:    Overwriting math alphabet `\mathit' in version `bold'
(Font)                  OT1/txr/m/it --> OT1/txr/bx/it on input line 31.
LaTeX Font Info:    Redeclaring math alphabet \mathsf on input line 40.
LaTeX Font Info:    Overwriting math alphabet `\mathsf' in version `normal'
(Font)                  OT1/cmss/m/n --> OT1/txss/m/n on input line 40.
LaTeX Font Info:    Overwriting math alphabet `\mathsf' in version `bold'
(Font)                  OT1/cmss/bx/n --> OT1/txss/m/n on input line 40.
LaTeX Font Info:    Overwriting math alphabet `\mathsf' in version `bold'
(Font)                  OT1/txss/m/n --> OT1/txss/b/n on input line 41.
LaTeX Font Info:    Redeclaring math alphabet \mathtt on input line 50.
LaTeX Font Info:    Overwriting math alphabet `\mathtt' in version `normal'
(Font)                  OT1/cmtt/m/n --> OT1/txtt/m/n on input line 50.
LaTeX Font Info:    Overwriting math alphabet `\mathtt' in version `bold'
(Font)                  OT1/cmtt/m/n --> OT1/txtt/m/n on input line 50.
LaTeX Font Info:    Overwriting math alphabet `\mathtt' in version `bold'
(Font)                  OT1/txtt/m/n --> OT1/txtt/b/n on input line 51.
LaTeX Font Info:    Redeclaring symbol font `letters' on input line 58.
LaTeX Font Info:    Overwriting symbol font `letters' in version `normal'
(Font)                  OML/cmm/m/it --> OML/txmi/m/it on input line 58.
LaTeX Font Info:    Overwriting symbol font `letters' in version `bold'
(Font)                  OML/cmm/b/it --> OML/txmi/m/it on input line 58.
LaTeX Font Info:    Overwriting symbol font `letters' in version `bold'
(Font)                  OML/txmi/m/it --> OML/txmi/bx/it on input line 59.
\symlettersA=\mathgroup7
LaTeX Font Info:    Overwriting symbol font `lettersA' in version `bold'
(Font)                  U/txmia/m/it --> U/txmia/bx/it on input line 67.
LaTeX Font Info:    Redeclaring math alphabet \mathfrak on input line 70.
LaTeX Font Info:    Redeclaring symbol font `symbols' on input line 77.
LaTeX Font Info:    Overwriting symbol font `symbols' in version `normal'
(Font)                  OMS/cmsy/m/n --> OMS/txsy/m/n on input line 77.
LaTeX Font Info:    Overwriting symbol font `symbols' in version `bold'
(Font)                  OMS/cmsy/b/n --> OMS/txsy/m/n on input line 77.
LaTeX Font Info:    Overwriting symbol font `symbols' in version `bold'
(Font)                  OMS/txsy/m/n --> OMS/txsy/bx/n on input line 78.
LaTeX Font Info:    Redeclaring symbol font `AMSa' on input line 93.
LaTeX Font Info:    Overwriting symbol font `AMSa' in version `normal'
(Font)                  U/msa/m/n --> U/txsya/m/n on input line 93.
LaTeX Font Info:    Overwriting symbol font `AMSa' in version `bold'
(Font)                  U/msa/m/n --> U/txsya/m/n on input line 93.
LaTeX Font Info:    Overwriting symbol font `AMSa' in version `bold'
(Font)                  U/txsya/m/n --> U/txsya/bx/n on input line 94.
LaTeX Font Info:    Redeclaring symbol font `AMSb' on input line 102.
LaTeX Font Info:    Overwriting symbol font `AMSb' in version `normal'
(Font)                  U/msb/m/n --> U/txsyb/m/n on input line 102.
LaTeX Font Info:    Overwriting symbol font `AMSb' in version `bold'
(Font)                  U/msb/m/n --> U/txsyb/m/n on input line 102.
LaTeX Font Info:    Overwriting symbol font `AMSb' in version `bold'
(Font)                  U/txsyb/m/n --> U/txsyb/bx/n on input line 103.
\symsymbolsC=\mathgroup8
LaTeX Font Info:    Overwriting symbol font `symbolsC' in version `bold'
(Font)                  U/txsyc/m/n --> U/txsyc/bx/n on input line 113.
LaTeX Font Info:    Redeclaring symbol font `largesymbols' on input line 120.
LaTeX Font Info:    Overwriting symbol font `largesymbols' in version `normal'
(Font)                  OMX/cmex/m/n --> OMX/txex/m/n on input line 120.
LaTeX Font Info:    Overwriting symbol font `largesymbols' in version `bold'
(Font)                  OMX/cmex/m/n --> OMX/txex/m/n on input line 120.
LaTeX Font Info:    Overwriting symbol font `largesymbols' in version `bold'
(Font)                  OMX/txex/m/n --> OMX/txex/bx/n on input line 121.
\symlargesymbolsA=\mathgroup9
LaTeX Font Info:    Overwriting symbol font `largesymbolsA' in version `bold'
(Font)                  U/txexa/m/n --> U/txexa/bx/n on input line 129.
LaTeX Info: Redefining \not on input line 1043.
)
(/usr/local/texlive/2014/texmf-dist/tex/latex/doublestroke/dsfont.sty
Package: dsfont 1995/08/01 v0.1 Double stroke roman fonts
)
(/usr/local/texlive/2014/texmf-dist/tex/latex/hyperref/hyperref.sty
Package: hyperref 2012/11/06 v6.83m Hypertext links for LaTeX

(/usr/local/texlive/2014/texmf-dist/tex/generic/oberdiek/hobsub-hyperref.sty
Package: hobsub-hyperref 2012/05/28 v1.13 Bundle oberdiek, subset hyperref (HO)


(/usr/local/texlive/2014/texmf-dist/tex/generic/oberdiek/hobsub-generic.sty
Package: hobsub-generic 2012/05/28 v1.13 Bundle oberdiek, subset generic (HO)
Package: hobsub 2012/05/28 v1.13 Construct package bundles (HO)
Package hobsub Info: Skipping package `infwarerr' (already loaded).
Package hobsub Info: Skipping package `ltxcmds' (already loaded).
Package: ifluatex 2010/03/01 v1.3 Provides the ifluatex switch (HO)
Package ifluatex Info: LuaTeX not detected.
Package: ifvtex 2010/03/01 v1.5 Detect VTeX and its facilities (HO)
Package ifvtex Info: VTeX not detected.
Package: intcalc 2007/09/27 v1.1 Expandable calculations with integers (HO)
Package: ifpdf 2011/01/30 v2.3 Provides the ifpdf switch (HO)
Package ifpdf Info: pdfTeX in PDF mode is detected.
Package: etexcmds 2011/02/16 v1.5 Avoid name clashes with e-TeX commands (HO)
Package etexcmds Info: Could not find \expanded.
(etexcmds)             That can mean that you are not using pdfTeX 1.50 or
(etexcmds)             that some package has redefined \expanded.
(etexcmds)             In the latter case, load this package earlier.
Package: kvsetkeys 2012/04/25 v1.16 Key value parser (HO)
Package: kvdefinekeys 2011/04/07 v1.3 Define keys (HO)
Package: pdftexcmds 2011/11/29 v0.20 Utility functions of pdfTeX for LuaTeX (HO
)
Package pdftexcmds Info: LuaTeX not detected.
Package pdftexcmds Info: \pdf@primitive is available.
Package pdftexcmds Info: \pdf@ifprimitive is available.
Package pdftexcmds Info: \pdfdraftmode found.
Package: pdfescape 2011/11/25 v1.13 Implements pdfTeX's escape features (HO)
Package: bigintcalc 2012/04/08 v1.3 Expandable calculations on big integers (HO
)
Package: bitset 2011/01/30 v1.1 Handle bit-vector datatype (HO)
Package: uniquecounter 2011/01/30 v1.2 Provide unlimited unique counter (HO)
)
Package hobsub Info: Skipping package `hobsub' (already loaded).
Package: letltxmacro 2010/09/02 v1.4 Let assignment for LaTeX macros (HO)
Package: hopatch 2012/05/28 v1.2 Wrapper for package hooks (HO)
Package: xcolor-patch 2011/01/30 xcolor patch
Package: atveryend 2011/06/30 v1.8 Hooks at the very end of document (HO)
Package atveryend Info: \enddocument detected (standard20110627).
Package: atbegshi 2011/10/05 v1.16 At begin shipout hook (HO)
Package: refcount 2011/10/16 v3.4 Data extraction from label references (HO)
Package: hycolor 2011/01/30 v1.7 Color options for hyperref/bookmark (HO)
)
(/usr/local/texlive/2014/texmf-dist/tex/generic/ifxetex/ifxetex.sty
Package: ifxetex 2010/09/12 v0.6 Provides ifxetex conditional
)
(/usr/local/texlive/2014/texmf-dist/tex/latex/oberdiek/auxhook.sty
Package: auxhook 2011/03/04 v1.3 Hooks for auxiliary files (HO)
)
(/usr/local/texlive/2014/texmf-dist/tex/latex/oberdiek/kvoptions.sty
Package: kvoptions 2011/06/30 v3.11 Key value format for package options (HO)
)
\@linkdim=\dimen133
\Hy@linkcounter=\count106
\Hy@pagecounter=\count107

(/usr/local/texlive/2014/texmf-dist/tex/latex/hyperref/pd1enc.def
File: pd1enc.def 2012/11/06 v6.83m Hyperref: PDFDocEncoding definition (HO)
)
\Hy@SavedSpaceFactor=\count108

(/usr/local/texlive/2014/texmf-dist/tex/latex/latexconfig/hyperref.cfg
File: hyperref.cfg 2002/06/06 v1.2 hyperref configuration of TeXLive
)
Package hyperref Info: Option `breaklinks' set `true' on input line 4319.
Package hyperref Info: Option `colorlinks' set `true' on input line 4319.
Package hyperref Info: Option `debug' set `true' on input line 4319.
Package hyperref Info: Hyper figures OFF on input line 4443.
Package hyperref Info: Link nesting OFF on input line 4448.
Package hyperref Info: Hyper index ON on input line 4451.
Package hyperref Info: Plain pages OFF on input line 4458.
Package hyperref Info: Backreferencing OFF on input line 4463.
Package hyperref Info: Implicit mode ON; LaTeX internals redefined.
Package hyperref Info: Bookmarks ON on input line 4688.
\c@Hy@tempcnt=\count109

(/usr/local/texlive/2014/texmf-dist/tex/latex/url/url.sty
\Urlmuskip=\muskip11
Package: url 2013/09/16  ver 3.4  Verb mode for urls, etc.
)
LaTeX Info: Redefining \url on input line 5041.
\XeTeXLinkMargin=\dimen134
\Fld@menulength=\count110
\Field@Width=\dimen135
\Fld@charsize=\dimen136
Package hyperref Info: Hyper figures OFF on input line 6295.
Package hyperref Info: Link nesting OFF on input line 6300.
Package hyperref Info: Hyper index ON on input line 6303.
Package hyperref Info: backreferencing OFF on input line 6310.
Package hyperref Info: Link coloring ON on input line 6313.
Package hyperref Info: Link coloring with OCG OFF on input line 6320.
Package hyperref Info: PDF/A mode OFF on input line 6325.
LaTeX Info: Redefining \ref on input line 6365.
LaTeX Info: Redefining \pageref on input line 6369.
\Hy@abspage=\count111
\c@Item=\count112
\c@Hfootnote=\count113
)

Package hyperref Message: Driver (autodetected): hpdftex.

(/usr/local/texlive/2014/texmf-dist/tex/latex/hyperref/hpdftex.def
File: hpdftex.def 2012/11/06 v6.83m Hyperref driver for pdfTeX
\Fld@listcount=\count114
\c@bookmark@seq@number=\count115

(/usr/local/texlive/2014/texmf-dist/tex/latex/oberdiek/rerunfilecheck.sty
Package: rerunfilecheck 2011/04/15 v1.7 Rerun checks for auxiliary files (HO)
Package uniquecounter Info: New unique counter `rerunfilecheck' on input line 2
82.
)
\Hy@SectionHShift=\skip48
)
(/usr/local/texlive/2014/texmf-dist/tex/latex/float/float.sty
Package: float 2001/11/08 v1.3d Float enhancements (AL)
\c@float@type=\count116
\float@exts=\toks22
\float@box=\box30
\@float@everytoks=\toks23
\@floatcapt=\box31
) (./widetext.sty
Package: widetext 

(/usr/local/texlive/2014/texmf-dist/tex/latex/sttools/flushend.sty
Package: flushend 2014/04/24 v2.2 Balancing columns in twocolumn mode
\flushend@@lastskip@a=\skip49
\flushend@@lastskip@b=\skip50
\flushend@@lastskip@c=\skip51
\flushend@@penalty@a=\count117
\flushend@@lastkern@a=\dimen137
\var@@temp@spread=\dimen138
\var@@temp@a=\dimen139
\flushend@@page@rule=\dimen140
\flushend@@varbox@a=\box32
\flushend@@varbox@c=\box33
\flushend@@tempbox@a=\box34
\flushend@@tempbox@c=\box35
\@viper=\box36
\hold@viper=\box37
\atColsBreak=\toks24
\atColsEnd=\toks25

(/usr/local/texlive/2014/texmf-dist/tex/latex/etoolbox/etoolbox.sty
Package: etoolbox 2011/01/03 v2.1 e-TeX tools for LaTeX

(/usr/local/texlive/2014/texmf-dist/tex/latex/etex-pkg/etex.sty
Package: etex 1998/03/26 v2.0 eTeX basic definition package (PEB)
\et@xins=\count118
)
\etb@tempcnta=\count119
))
(/usr/local/texlive/2014/texmf-dist/tex/latex/sttools/cuted.sty
Package: cuted 2012/10/04 v1.5 Mixing onecolumn and twocolumn modes
\At@ViperColsBreak=\toks26
\v@aaa=\box38
\v@ccc=\box39
\lastskip@a=\skip52
\lastskip@b=\skip53
\lastskip@d=\skip54
\lastbox@a=\box40
\stripsep=\skip55
\viper@penalty=\count120
\ht@viper=\dimen141
)
\@parindent=\skip56
)
(./crab_paper.aux)
\openout1 = `crab_paper.aux'.

LaTeX Font Info:    Checking defaults for OML/txmi/m/it on input line 45.
LaTeX Font Info:    Try loading font information for OML+txmi on input line 45.


(/usr/local/texlive/2014/texmf-dist/tex/latex/txfonts/omltxmi.fd
File: omltxmi.fd 2000/12/15 v3.1
)
LaTeX Font Info:    ... okay on input line 45.
LaTeX Font Info:    Checking defaults for T1/cmr/m/n on input line 45.
LaTeX Font Info:    ... okay on input line 45.
LaTeX Font Info:    Checking defaults for OT1/cmr/m/n on input line 45.
LaTeX Font Info:    ... okay on input line 45.
LaTeX Font Info:    Checking defaults for OMS/txsy/m/n on input line 45.
LaTeX Font Info:    Try loading font information for OMS+txsy on input line 45.


(/usr/local/texlive/2014/texmf-dist/tex/latex/txfonts/omstxsy.fd
File: omstxsy.fd 2000/12/15 v3.1
)
LaTeX Font Info:    ... okay on input line 45.
LaTeX Font Info:    Checking defaults for OMX/txex/m/n on input line 45.
LaTeX Font Info:    Try loading font information for OMX+txex on input line 45.


(/usr/local/texlive/2014/texmf-dist/tex/latex/txfonts/omxtxex.fd
File: omxtxex.fd 2000/12/15 v3.1
)
LaTeX Font Info:    ... okay on input line 45.
LaTeX Font Info:    Checking defaults for U/txexa/m/n on input line 45.
LaTeX Font Info:    Try loading font information for U+txexa on input line 45.

(/usr/local/texlive/2014/texmf-dist/tex/latex/txfonts/utxexa.fd
File: utxexa.fd 2000/12/15 v3.1
)
LaTeX Font Info:    ... okay on input line 45.
LaTeX Font Info:    Checking defaults for PD1/pdf/m/n on input line 45.
LaTeX Font Info:    ... okay on input line 45.
LaTeX Font Info:    Try loading font information for OT1+txr on input line 45.

(/usr/local/texlive/2014/texmf-dist/tex/latex/txfonts/ot1txr.fd
File: ot1txr.fd 2000/12/15 v3.1
)
(/usr/local/texlive/2014/texmf-dist/tex/context/base/supp-pdf.mkii
[Loading MPS to PDF converter (version 2006.09.02).]
\scratchcounter=\count121
\scratchdimen=\dimen142
\scratchbox=\box41
\nofMPsegments=\count122
\nofMParguments=\count123
\everyMPshowfont=\toks27
\MPscratchCnt=\count124
\MPscratchDim=\dimen143
\MPnumerator=\count125
\makeMPintoPDFobject=\count126
\everyMPtoPDFconversion=\toks28
) (/usr/local/texlive/2014/texmf-dist/tex/latex/oberdiek/epstopdf-base.sty
Package: epstopdf-base 2010/02/09 v2.5 Base part for package epstopdf

(/usr/local/texlive/2014/texmf-dist/tex/latex/oberdiek/grfext.sty
Package: grfext 2010/08/19 v1.1 Manage graphics extensions (HO)
)
Package grfext Info: Graphics extension search list:
(grfext)             [.png,.pdf,.jpg,.mps,.jpeg,.jbig2,.jb2,.PNG,.PDF,.JPG,.JPE
G,.JBIG2,.JB2,.eps]
(grfext)             \AppendGraphicsExtensions on input line 452.

(/usr/local/texlive/2014/texmf-dist/tex/latex/latexconfig/epstopdf-sys.cfg
File: epstopdf-sys.cfg 2010/07/13 v1.3 Configuration of (r)epstopdf for TeX Liv
e
))
\AtBeginShipoutBox=\box42
Package hyperref Info: Link coloring ON on input line 45.

(/usr/local/texlive/2014/texmf-dist/tex/latex/hyperref/nameref.sty
Package: nameref 2012/10/27 v2.43 Cross-referencing by name of section

(/usr/local/texlive/2014/texmf-dist/tex/generic/oberdiek/gettitlestring.sty
Package: gettitlestring 2010/12/03 v1.4 Cleanup title references (HO)
)
\c@section@level=\count127
)
LaTeX Info: Redefining \ref on input line 45.
LaTeX Info: Redefining \pageref on input line 45.
LaTeX Info: Redefining \nameref on input line 45.

(./crab_paper.out) (./crab_paper.out)
\@outlinefile=\write3
\openout3 = `crab_paper.out'.

Package hyperref Info: Anchor `Doc-Start' on input line 45.

A&A warning: Missing \institute
LaTeX Font Info:    Try loading font information for OMS+txr on input line 59.
(/usr/local/texlive/2014/texmf-dist/tex/latex/txfonts/omstxr.fd
File: omstxr.fd 2000/12/15 v3.1
)
LaTeX Font Info:    Font shape `OMS/txr/m/n' in size <10> not available
(Font)              Font shape `OMS/txsy/m/n' tried instead on input line 59.
LaTeX Font Info:    Try loading font information for OT1+txss on input line 59.


(/usr/local/texlive/2014/texmf-dist/tex/latex/txfonts/ot1txss.fd
File: ot1txss.fd 2000/12/15 v3.1
)
LaTeX Font Info:    Font shape `OT1/txss/m/n' will be
(Font)              scaled to size 16.41594pt on input line 59.
LaTeX Font Info:    Font shape `OT1/txss/bx/n' in size <17.28> not available
(Font)              Font shape `OT1/txss/b/n' tried instead on input line 59.
LaTeX Font Info:    Font shape `OT1/txss/b/n' will be
(Font)              scaled to size 16.41594pt on input line 59.
LaTeX Font Info:    Try loading font information for U+txsya on input line 59.

(/usr/local/texlive/2014/texmf-dist/tex/latex/txfonts/utxsya.fd
File: utxsya.fd 2000/12/15 v3.1
)
LaTeX Font Info:    Try loading font information for U+txsyb on input line 59.

(/usr/local/texlive/2014/texmf-dist/tex/latex/txfonts/utxsyb.fd
File: utxsyb.fd 2000/12/15 v3.1
)
LaTeX Font Info:    Try loading font information for U+txmia on input line 59.

(/usr/local/texlive/2014/texmf-dist/tex/latex/txfonts/utxmia.fd
File: utxmia.fd 2000/12/15 v3.1
)
LaTeX Font Info:    Try loading font information for U+txsyc on input line 59.

(/usr/local/texlive/2014/texmf-dist/tex/latex/txfonts/utxsyc.fd
File: utxsyc.fd 2000/12/15 v3.1
)

LaTeX Warning: No \author given.


LaTeX Warning: No \author given.

Package hyperref Info: Anchor `inst.1' on input line 59.
LaTeX Font Info:    Font shape `OT1/txss/m/n' will be
(Font)              scaled to size 8.54997pt on input line 59.
LaTeX Font Info:    Font shape `OT1/txss/bx/n' in size <9> not available
(Font)              Font shape `OT1/txss/b/n' tried instead on input line 59.
LaTeX Font Info:    Font shape `OT1/txss/b/n' will be
(Font)              scaled to size 8.54997pt on input line 59.
<figures/Crab_I_map2_2mm.pdf, id=44, 529.98pt x 573.14125pt>
File: figures/Crab_I_map2_2mm.pdf Graphic file (type pdf)

<use figures/Crab_I_map2_2mm.pdf>
Package pdftex.def Info: figures/Crab_I_map2_2mm.pdf used on input line 61.
(pdftex.def)             Requested size: 167.53365pt x 181.17886pt.

<figures/Crab_Q_map2_2mm.pdf, id=45, 529.98pt x 573.14125pt>
File: figures/Crab_Q_map2_2mm.pdf Graphic file (type pdf)

<use figures/Crab_Q_map2_2mm.pdf>
Package pdftex.def Info: figures/Crab_Q_map2_2mm.pdf used on input line 62.
(pdftex.def)             Requested size: 167.53365pt x 181.17886pt.

<figures/Crab_U_map2_2mm.pdf, id=46, 529.98pt x 573.14125pt>
File: figures/Crab_U_map2_2mm.pdf Graphic file (type pdf)

<use figures/Crab_U_map2_2mm.pdf>
Package pdftex.def Info: figures/Crab_U_map2_2mm.pdf used on input line 63.
(pdftex.def)             Requested size: 167.53365pt x 181.17886pt.
Package hyperref Info: Anchor `figure.1' on input line 64.
Package hyperref Info: bookmark on input line 64:
(hyperref)             thecounter {1}
(hyperref)             text {\protect \numberline {\csname the\@captype \endcsn
ame }{\ignorespaces From left to right: Crab nebula Stokes $I$, $Q$ and, $U$ ma
ps obtained at 150 GHz with the \NIKA \ camera. Polarization vectors, indicatin
g both the degree and the orientation, are over-plotted in black on the intensi
ty map where the polarization intensity satisfies P $\textgreater $ 3 $\sigma _
P$, where $\sigma _P$ represents the uncertainty in P. }}
(hyperref)             reference {figure.1}
(hyperref)             toclevel {0}
(hyperref)             type {lof}.
Package hyperref Info: Anchor `figure.1' on input line 64.


LaTeX Warning: Command \textgreater invalid in math mode on input line 64.

LaTeX Font Info:    Try loading font information for OML+txr on input line 64.
(/usr/local/texlive/2014/texmf-dist/tex/latex/txfonts/omltxr.fd
File: omltxr.fd 2000/12/15 v3.1
)
LaTeX Font Info:    Font shape `OML/txr/m/n' in size <10> not available
(Font)              Font shape `OML/txmi/m/it' tried instead on input line 64.


LaTeX Warning: Command \textgreater invalid in math mode on input line 64.

Package hyperref Info: Anchor `figure.1' on input line 64.

LaTeX Warning: Command \textgreater invalid in math mode on input line 64.


LaTeX Warning: Command \textgreater invalid in math mode on input line 64.


LaTeX Warning: `!h' float specifier changed to `!ht'.

Package hyperref Info: Anchor `section.1' on input line 69.
LaTeX Font Info:    Font shape `OT1/txss/m/n' will be
(Font)              scaled to size 10.40245pt on input line 69.
LaTeX Font Info:    Font shape `OT1/txss/bx/n' in size <10.95> not available
(Font)              Font shape `OT1/txss/b/n' tried instead on input line 69.
LaTeX Font Info:    Font shape `OT1/txss/b/n' will be
(Font)              scaled to size 10.40245pt on input line 69.
Package hyperref Info: bookmark on input line 69:
(hyperref)             thecounter {1}
(hyperref)             text {\ifnum 1>\c@secnumdepth \else \protect \numberline
 {\csname thesection\endcsname }\fi Introduction}
(hyperref)             reference {section.1}
(hyperref)             toclevel {1}
(hyperref)             type {toc}.
Package hyperref Info: Reference (cite) `cite.polnarev1985polarization' on inpu
t line 71.
Package hyperref Info: Reference (cite) `cite.polnarev1985polarization' on inpu
t line 71.
Package hyperref Info: Reference (cite) `cite.1997PhRvL..78.2054S' on input lin
e 71.
Package hyperref Info: Reference (cite) `cite.1997PhRvL..78.2054S' on input lin
e 71.
Package hyperref Info: Reference (cite) `cite.PhysRevD.23.347' on input line 71
.
Package hyperref Info: Reference (cite) `cite.PhysRevD.23.347' on input line 71
.
Package hyperref Info: Reference (cite) `cite.linde1982new' on input line 71.
Package hyperref Info: Reference (cite) `cite.linde1982new' on input line 71.
Package hyperref Info: Reference (cite) `cite.ade2015planck' on input line 71.
Package hyperref Info: Reference (cite) `cite.ade2015planck' on input line 71.
Package hyperref Info: Reference (cite) `cite.bicepplanck2015' on input line 74
.
Package hyperref Info: Reference (cite) `cite.bicepplanck2015' on input line 74
.
Package hyperref Info: Reference (cite) `cite.bicep2016' on input line 74.
Package hyperref Info: Reference (cite) `cite.bicep2016' on input line 74.

LaTeX Warning: Command \textless invalid in math mode on input line 74.


LaTeX Warning: Command \textless invalid in math mode on input line 74.

Package hyperref Info: Reference (cite) `cite.2000ApJ...536L..81W' on input lin
e 79.
Package hyperref Info: Reference (cite) `cite.2000ApJ...536L..81W' on input lin
e 79.
Package hyperref Info: Reference (cite) `cite.2011A&A...528A..11W' on input lin
e 79.
Package hyperref Info: Reference (cite) `cite.2011A&A...528A..11W' on input lin
e 79.
Package hyperref Info: Reference (cite) `cite.2008ARA&A..46..127H' on input lin
e 82.
Package hyperref Info: Reference (cite) `cite.2008ARA&A..46..127H' on input lin
e 82.
Package hyperref Info: Reference (cite) `cite.thum2008' on input line 84.
Package hyperref Info: Reference (cite) `cite.thum2008' on input line 84.
Package hyperref Info: Reference (cite) `cite.aumont2010' on input line 84.
Package hyperref Info: Reference (cite) `cite.aumont2010' on input line 84.
Package hyperref Info: Reference (cite) `cite.2016IJMPD..2540008K' on input lin
e 85.
Package hyperref Info: Reference (cite) `cite.2016IJMPD..2540008K' on input lin
e 85.
Package hyperref Info: Reference (cite) `cite.macias2010' on input line 87.
Package hyperref Info: Reference (cite) `cite.macias2010' on input line 87.
Package hyperref Info: Reference (cite) `cite.monfardini2010' on input line 89.

Package hyperref Info: Reference (cite) `cite.monfardini2010' on input line 89.

Package hyperref Info: Reference (cite) `cite.catalano2014' on input line 89.
Package hyperref Info: Reference (cite) `cite.catalano2014' on input line 89.
Package hyperref Info: Reference (cite) `cite.monfardini2014' on input line 89.

Package hyperref Info: Reference (cite) `cite.monfardini2014' on input line 89.

Package hyperref Info: Reference (cite) `cite.2016JLTP..184..724R' on input lin
e 89.
Package hyperref Info: Reference (cite) `cite.2016JLTP..184..724R' on input lin
e 89.
Package hyperref Info: Reference (cite) `cite.2011ApJS..192...19W' on input lin
e 90.
Package hyperref Info: Reference (cite) `cite.2011ApJS..192...19W' on input lin
e 90.
Package hyperref Info: Reference (cite) `cite.aumont2010' on input line 90.
Package hyperref Info: Reference (cite) `cite.aumont2010' on input line 90.
Package hyperref Info: Reference (link) `section.2' on input line 91.
Package hyperref Info: Reference (link) `section.3' on input line 91.
Package hyperref Info: Reference (link) `section.4' on input line 91.
Package hyperref Info: Reference (link) `section.5' on input line 91.
<figures/Crab_pol_deg2_2mm.pdf, id=91, 529.98pt x 573.14125pt>
File: figures/Crab_pol_deg2_2mm.pdf Graphic file (type pdf)

<use figures/Crab_pol_deg2_2mm.pdf>
Package pdftex.def Info: figures/Crab_pol_deg2_2mm.pdf used on input line 94.
(pdftex.def)             Requested size: 529.97868pt x 573.13985pt.

<figures/pol_deg_vs_I_2mm.pdf, id=93, 505.89pt x 361.35pt>
File: figures/pol_deg_vs_I_2mm.pdf Graphic file (type pdf)

<use figures/pol_deg_vs_I_2mm.pdf>
Package pdftex.def Info: figures/pol_deg_vs_I_2mm.pdf used on input line 95.
(pdftex.def)             Requested size: 505.88875pt x 361.34912pt.

<figures/Crab_angle2_2mm.pdf, id=95, 529.98pt x 573.14125pt>
File: figures/Crab_angle2_2mm.pdf Graphic file (type pdf)

<use figures/Crab_angle2_2mm.pdf>
Package pdftex.def Info: figures/Crab_angle2_2mm.pdf used on input line 96.
(pdftex.def)             Requested size: 529.97868pt x 573.13985pt.

<figures/pol_angle_vs_I_2mm.pdf, id=97, 505.89pt x 361.35pt>
File: figures/pol_angle_vs_I_2mm.pdf Graphic file (type pdf)

<use figures/pol_angle_vs_I_2mm.pdf>
Package pdftex.def Info: figures/pol_angle_vs_I_2mm.pdf used on input line 97.
(pdftex.def)             Requested size: 505.88875pt x 361.34912pt.
Package hyperref Info: Anchor `figure.2' on input line 98.
Package hyperref Info: bookmark on input line 98:
(hyperref)             thecounter {2}
(hyperref)             text {\protect \numberline {\csname the\@captype \endcsn
ame }{\ignorespaces {\it Top}: polarization degree naive estimator map $p$ (lef
t) of the Crab nebula. Noise bias corrected values of $p$ are represented on th
e right panel as a function of the Stokes $I$ total intensity map where the pol
arization intensity $P$ $\textgreater $ 5$\sigma _{P}$. {\it Bottom}: polarizat
ion angle map $\psi $ (left) of the Crab nebula. Polarization angle $\psi $ whe
re $P$ $\textgreater $ 5$\sigma _{P}$ vs the Stokes $I$ total intensity map. Th
e cyan dots represent the uncertainties calculated as the dispersion between di
fferent scans.}}
(hyperref)             reference {figure.2}
(hyperref)             toclevel {0}
(hyperref)             type {lof}.
Package hyperref Info: Anchor `figure.2' on input line 98.


LaTeX Warning: Command \textgreater invalid in math mode on input line 98.


LaTeX Warning: Command \textgreater invalid in math mode on input line 98.


LaTeX Warning: Command \textgreater invalid in math mode on input line 98.


LaTeX Warning: Command \textgreater invalid in math mode on input line 98.

Package hyperref Info: Anchor `figure.2' on input line 98.

LaTeX Warning: Command \textgreater invalid in math mode on input line 98.


LaTeX Warning: Command \textgreater invalid in math mode on input line 98.


LaTeX Warning: Command \textgreater invalid in math mode on input line 98.


LaTeX Warning: Command \textgreater invalid in math mode on input line 98.

<figures/Crab_ipol2_2mm.pdf, id=99, 532.99126pt x 578.16pt>
File: figures/Crab_ipol2_2mm.pdf Graphic file (type pdf)

<use figures/Crab_ipol2_2mm.pdf>
Package pdftex.def Info: figures/Crab_ipol2_2mm.pdf used on input line 103.
(pdftex.def)             Requested size: 191.824pt x 208.07568pt.
Package hyperref Info: Anchor `figure.3' on input line 104.
Package hyperref Info: bookmark on input line 104:
(hyperref)             thecounter {3}
(hyperref)             text {\protect \numberline {\csname the\@captype \endcsn
ame }{\ignorespaces Polarization intensity map obtained at 150 GHz. The map sho
ws high polarized emission reaching a value of 0.8 Jy beam$^{-1}$.}}
(hyperref)             reference {figure.3}
(hyperref)             toclevel {0}
(hyperref)             type {lof}.
Package hyperref Info: Anchor `figure.3' on input line 104.
Package hyperref Info: Anchor `figure.3' on input line 104.

Underfull \vbox (badness 2027) has occurred while \output is active []

Package hyperref Info: Anchor `page.1' on input line 107.
 [1{/usr/local/texlive/2014/texmf-var/fonts/map/pdftex/updmap/pdftex.map}


Package `hyperref' Info: End of reference (cite) `cite.polnarev1985polarization
', line 71.
Package `hyperref' Info: End of reference (cite) `cite.polnarev1985polarization
', line 71.
Package `hyperref' Info: End of reference (cite) `cite.1997PhRvL..78.2054S', li
ne 71.
Package `hyperref' Info: End of reference (cite) `cite.1997PhRvL..78.2054S', li
ne 71.
Package `hyperref' Info: End of reference (cite) `cite.PhysRevD.23.347', line 7
1.
Package `hyperref' Info: End of reference (cite) `cite.PhysRevD.23.347', line 7
1.
Package `hyperref' Info: End of reference (cite) `cite.linde1982new', line 71.
Package `hyperref' Info: End of reference (cite) `cite.linde1982new', line 71.
Package `hyperref' Info: End of reference (cite) `cite.ade2015planck', line 71.

Package `hyperref' Info: End of reference (cite) `cite.ade2015planck', line 71.

Package `hyperref' Info: End of reference (cite) `cite.bicepplanck2015', line 7
4.
Package `hyperref' Info: End of reference (cite) `cite.bicepplanck2015', line 7
4.
Package `hyperref' Info: End of reference (cite) `cite.bicep2016', line 74.
Package `hyperref' Info: End of reference (cite) `cite.bicep2016', line 74.
Package `hyperref' Info: End of reference (cite) `cite.2000ApJ...536L..81W', li
ne 79.
Package `hyperref' Info: End of reference (cite) `cite.2000ApJ...536L..81W', li
ne 79.
Package `hyperref' Info: End of reference (cite) `cite.2011A&A...528A..11W', li
ne 79.
Package `hyperref' Info: End of reference (cite) `cite.2011A&A...528A..11W', li
ne 79.
Package `hyperref' Info: End of reference (cite) `cite.2008ARA&A..46..127H', li
ne 82.
Package `hyperref' Info: End of reference (cite) `cite.2008ARA&A..46..127H', li
ne 82.
Package `hyperref' Info: End of reference (cite) `cite.thum2008', line 84.
Package `hyperref' Info: End of reference (cite) `cite.thum2008', line 84.
Package `hyperref' Info: End of reference (cite) `cite.aumont2010', line 84.
Package `hyperref' Info: End of reference (cite) `cite.aumont2010', line 84.
Package `hyperref' Info: End of reference (cite) `cite.2016IJMPD..2540008K', li
ne 85.
Package `hyperref' Info: End of reference (cite) `cite.2016IJMPD..2540008K', li
ne 85.
Package `hyperref' Info: End of reference (cite) `cite.macias2010', line 87.
Package `hyperref' Info: End of reference (cite) `cite.macias2010', line 87.
Package `hyperref' Info: End of reference (cite) `cite.monfardini2010', line 89
.
Package `hyperref' Info: End of reference (cite) `cite.monfardini2010', line 89
.
Package `hyperref' Info: End of reference (cite) `cite.catalano2014', line 89.
Package `hyperref' Info: End of reference (cite) `cite.catalano2014', line 89.
Package `hyperref' Info: End of reference (cite) `cite.monfardini2014', line 89
.
Package `hyperref' Info: End of reference (cite) `cite.monfardini2014', line 89
.
Package `hyperref' Info: End of reference (cite) `cite.2016JLTP..184..724R', li
ne 89.
Package `hyperref' Info: End of reference (cite) `cite.2016JLTP..184..724R', li
ne 89.
]
Package hyperref Info: Anchor `section.2' on input line 109.
LaTeX Font Info:    Font shape `OT1/txss/bx/it' in size <10.95> not available
(Font)              Font shape `OT1/txss/b/sl' tried instead on input line 109.

LaTeX Font Info:    Font shape `OT1/txss/b/sl' will be
(Font)              scaled to size 10.40245pt on input line 109.
Package hyperref Info: bookmark on input line 109:
(hyperref)             thecounter {2}
(hyperref)             text {\ifnum 1>\c@secnumdepth \else \protect \numberline
 {\csname thesection\endcsname }\fi \NIKA \ observations of the Crab Nebula}
(hyperref)             reference {section.2}
(hyperref)             toclevel {1}
(hyperref)             type {toc}.
Package hyperref Info: Anchor `subsection.2.1' on input line 110.
LaTeX Font Info:    Font shape `OT1/txss/m/n' will be
(Font)              scaled to size 9.49997pt on input line 110.
LaTeX Font Info:    Font shape `OT1/txss/m/it' in size <10> not available
(Font)              Font shape `OT1/txss/m/sl' tried instead on input line 110.

LaTeX Font Info:    Font shape `OT1/txss/m/sl' will be
(Font)              scaled to size 9.49997pt on input line 110.
Package hyperref Info: bookmark on input line 110:
(hyperref)             thecounter {2.1}
(hyperref)             text {\ifnum 2>\c@secnumdepth \else \protect \numberline
 {\csname thesubsection\endcsname }\fi \NIKA \ camera}
(hyperref)             reference {subsection.2.1}
(hyperref)             toclevel {2}
(hyperref)             type {toc}.
Package hyperref Info: Reference (cite) `cite.monfardini2010' on input line 111
.
Package hyperref Info: Reference (cite) `cite.monfardini2010' on input line 111
.
Package hyperref Info: Reference (cite) `cite.monfardini2011' on input line 111
.
Package hyperref Info: Reference (cite) `cite.catalano2014' on input line 111.
Package hyperref Info: Reference (cite) `cite.catalano2014' on input line 111.
Package hyperref Info: Reference (cite) `cite.calvo2016' on input line 111.
Package hyperref Info: Reference (cite) `cite.calvo2016' on input line 111.
Package hyperref Info: Reference (cite) `cite.2016arXiv160508628C' on input lin
e 111.
Package hyperref Info: Reference (cite) `cite.2016arXiv160508628C' on input lin
e 111.
Package hyperref Info: Reference (cite) `cite.ritacco2017' on input line 112.
Package hyperref Info: Reference (cite) `cite.ritacco2017' on input line 112.
Package hyperref Info: Anchor `subsection.2.2' on input line 115.
Package hyperref Info: bookmark on input line 115:
(hyperref)             thecounter {2.2}
(hyperref)             text {\ifnum 2>\c@secnumdepth \else \protect \numberline
 {\csname thesubsection\endcsname }\fi \NIKA \ observations}
(hyperref)             reference {subsection.2.2}
(hyperref)             toclevel {2}
(hyperref)             type {toc}.
Package hyperref Info: Reference (cite) `cite.roesch2012' on input line 117.
Package hyperref Info: Reference (cite) `cite.roesch2012' on input line 117.
Package hyperref Info: Reference (link) `figure.1' on input line 118.
Package hyperref Info: Reference (link) `figure.1' on input line 119.
Package hyperref Info: Reference (cite) `cite.catalano2014' on input line 119.
Package hyperref Info: Reference (cite) `cite.catalano2014' on input line 119.
Package hyperref Info: Reference (cite) `cite.adam2013' on input line 119.
Package hyperref Info: Reference (cite) `cite.adam2013' on input line 119.
Package hyperref Info: Reference (cite) `cite.ritacco2017' on input line 120.
Package hyperref Info: Reference (cite) `cite.ritacco2017' on input line 120.
Package hyperref Info: Reference (link) `figure.1' on input line 123.
Package hyperref Info: Reference (link) `figure.1' on input line 126.
Package hyperref Info: Reference (cite) `cite.adam2013' on input line 126.
Package hyperref Info: Reference (cite) `cite.adam2013' on input line 126.

Underfull \vbox (badness 10000) has occurred while \output is active []

Package hyperref Info: Anchor `page.2' on input line 127.
 [2pdfTeX warning (ext4): destination with the same identifier (name{figure.1})
 has been already used, duplicate ignored

\AtBegShi@Output ...ipout \box \AtBeginShipoutBox 
                                                  \fi \fi 
l.127 
      
Package `hyperref' Info: End of reference (cite) `cite.2011ApJS..192...19W', li
ne 90.
Package `hyperref' Info: End of reference (cite) `cite.2011ApJS..192...19W', li
ne 90.
Package `hyperref' Info: End of reference (cite) `cite.aumont2010', line 90.
Package `hyperref' Info: End of reference (cite) `cite.aumont2010', line 90.
Package `hyperref' Info: End of reference (link) `section.2', line 91.
Package `hyperref' Info: End of reference (link) `section.3', line 91.
Package `hyperref' Info: End of reference (link) `section.4', line 91.
Package `hyperref' Info: End of reference (link) `section.5', line 91.
Package `hyperref' Info: End of reference (cite) `cite.monfardini2010', line 11
1.
Package `hyperref' Info: End of reference (cite) `cite.monfardini2010', line 11
1.
Package `hyperref' Info: End of reference (cite) `cite.monfardini2011', line 11
1.
Package `hyperref' Info: End of reference (cite) `cite.catalano2014', line 111.

Package `hyperref' Info: End of reference (cite) `cite.catalano2014', line 111.

Package `hyperref' Info: End of reference (cite) `cite.calvo2016', line 111.
Package `hyperref' Info: End of reference (cite) `cite.calvo2016', line 111.
Package `hyperref' Info: End of reference (cite) `cite.2016arXiv160508628C', li
ne 111.
Package `hyperref' Info: End of reference (cite) `cite.2016arXiv160508628C', li
ne 111.
Package `hyperref' Info: End of reference (cite) `cite.ritacco2017', line 112.
Package `hyperref' Info: End of reference (cite) `cite.ritacco2017', line 112.
Package `hyperref' Info: End of reference (cite) `cite.roesch2012', line 117.
Package `hyperref' Info: End of reference (cite) `cite.roesch2012', line 117.
Package `hyperref' Info: End of reference (link) `figure.1', line 118.
Package `hyperref' Info: End of reference (link) `figure.1', line 119.
Package `hyperref' Info: End of reference (cite) `cite.catalano2014', line 119.

Package `hyperref' Info: End of reference (cite) `cite.catalano2014', line 119.

Package `hyperref' Info: End of reference (cite) `cite.adam2013', line 119.
Package `hyperref' Info: End of reference (cite) `cite.adam2013', line 119.
Package `hyperref' Info: End of reference (cite) `cite.ritacco2017', line 120.
Package `hyperref' Info: End of reference (cite) `cite.ritacco2017', line 120.
Package `hyperref' Info: End of reference (link) `figure.1', line 123.
 <./figures/Crab_I_map2_2mm.pdf> <./figures/Crab_Q_map2_2mm.pdf> <./figures/Cra
b_U_map2_2mm.pdf>]
Package hyperref Info: Anchor `subsection.2.3' on input line 154.
Package hyperref Info: bookmark on input line 154:
(hyperref)             thecounter {2.3}
(hyperref)             text {\ifnum 2>\c@secnumdepth \else \protect \numberline
 {\csname thesubsection\endcsname }\fi Crab polarization properties}
(hyperref)             reference {subsection.2.3}
(hyperref)             toclevel {2}
(hyperref)             type {toc}.
Package hyperref Info: Anchor `equation.2.1' on input line 156.
Package hyperref Info: Anchor `equation.2.1' on input line 156.
Package hyperref Info: Anchor `equation.2.1' on input line 156.
Package hyperref Info: Anchor `equation.2.1' on input line 156.

Underfull \vbox (badness 10000) has occurred while \output is active []

Package hyperref Info: Reference (cite) `cite.1980A&A....91...97S' on input lin
e 161.
Package hyperref Info: Reference (cite) `cite.1980A&A....91...97S' on input lin
e 161.
Package hyperref Info: Reference (cite) `cite.1985A&A...142..100S' on input lin
e 161.
Package hyperref Info: Reference (cite) `cite.1985A&A...142..100S' on input lin
e 161.
Package hyperref Info: Reference (cite) `cite.montier' on input line 161.
Package hyperref Info: Reference (cite) `cite.montier' on input line 161.
Package hyperref Info: Anchor `equation.2.2' on input line 162.
Package hyperref Info: Anchor `equation.2.2' on input line 162.
Package hyperref Info: Anchor `equation.2.2' on input line 162.
Package hyperref Info: Anchor `equation.2.2' on input line 162.
Package hyperref Info: Reference (link) `equation.2.1' on input line 167.
Package hyperref Info: Anchor `equation.2.3' on input line 168.
Package hyperref Info: Anchor `equation.2.3' on input line 168.
Package hyperref Info: Anchor `equation.2.3' on input line 168.
Package hyperref Info: Anchor `equation.2.3' on input line 168.
Package hyperref Info: Anchor `page.3' on input line 170.
 [3pdfTeX warning (ext4): destination with the same identifier (name{figure.2})
 has been already used, duplicate ignored

\AtBegShi@Output ...ipout \box \AtBeginShipoutBox 
                                                  \fi \fi 
l.170   \end{eqnarray}
                      
Package `hyperref' Info: End of reference (link) `figure.1', line 126.
Package `hyperref' Info: End of reference (cite) `cite.adam2013', line 126.
Package `hyperref' Info: End of reference (cite) `cite.adam2013', line 126.
Package `hyperref' Info: End of reference (cite) `cite.1980A&A....91...97S', li
ne 161.
Package `hyperref' Info: End of reference (cite) `cite.1980A&A....91...97S', li
ne 161.
Package `hyperref' Info: End of reference (cite) `cite.1985A&A...142..100S', li
ne 161.
Package `hyperref' Info: End of reference (cite) `cite.1985A&A...142..100S', li
ne 161.
Package `hyperref' Info: End of reference (cite) `cite.montier', line 161.
Package `hyperref' Info: End of reference (cite) `cite.montier', line 161.
 <./figures/Crab_pol_deg2_2mm.pdf> <./figures/pol_deg_vs_I_2mm.pdf> <./figures/
Crab_angle2_2mm.pdf> <./figures/pol_angle_vs_I_2mm.pdf>]
Package hyperref Info: Reference (link) `figure.2' on input line 172.


LaTeX Warning: Command \textgreater invalid in math mode on input line 173.


LaTeX Warning: Command \textgreater invalid in math mode on input line 173.

Package hyperref Info: Reference (link) `figure.2' on input line 173.
Package hyperref Info: Reference (link) `figure.2' on input line 175.

LaTeX Warning: Command \textgreater invalid in math mode on input line 177.


LaTeX Warning: Command \textgreater invalid in math mode on input line 177.

Package hyperref Info: Reference (cite) `cite.aumont2010' on input line 179.
Package hyperref Info: Reference (cite) `cite.aumont2010' on input line 179.
Package hyperref Info: Reference (link) `figure.3' on input line 182.
Package hyperref Info: Anchor `section.3' on input line 184.
Package hyperref Info: bookmark on input line 184:
(hyperref)             thecounter {3}
(hyperref)             text {\ifnum 1>\c@secnumdepth \else \protect \numberline
 {\csname thesection\endcsname }\fi Total intensity and polarization fluxes}
(hyperref)             reference {section.3}
(hyperref)             toclevel {1}
(hyperref)             type {toc}.
Package hyperref Info: Reference (link) `figure.1' on input line 185.
Package hyperref Info: Reference (link) `figure.4' on input line 186.
<figures/Crab_integrated_flux_2mm.pdf, id=262, 467.7475pt x 338.26375pt>
File: figures/Crab_integrated_flux_2mm.pdf Graphic file (type pdf)

<use figures/Crab_integrated_flux_2mm.pdf>
Package pdftex.def Info: figures/Crab_integrated_flux_2mm.pdf used on input lin
e 190.
(pdftex.def)             Requested size: 217.4021pt x 157.2239pt.
Package hyperref Info: Anchor `figure.4' on input line 191.
Package hyperref Info: bookmark on input line 191:
(hyperref)             thecounter {4}
(hyperref)             text {\protect \numberline {\csname the\@captype \endcsn
ame }{\ignorespaces Cumulative flux of the Crab nebula at 150 GHz. The flux has
 been corrected by a zero level in the map, which corresponds to the mean of th
e signal calculated in an annular ring indicated by the blue dotted lines. The 
green dotted line represents the uncertainties measured at large radii.}}
(hyperref)             reference {figure.4}
(hyperref)             toclevel {0}
(hyperref)             type {lof}.
Package hyperref Info: Anchor `figure.4' on input line 191.
Package hyperref Info: Anchor `figure.4' on input line 191.
Package hyperref Info: Reference (link) `table.1' on input line 197.


LaTeX Warning: Command \textgreater invalid in math mode on input line 198.


LaTeX Warning: Command \textgreater invalid in math mode on input line 198.


LaTeX Warning: Command \textgreater invalid in math mode on input line 198.


LaTeX Warning: Command \textgreater invalid in math mode on input line 198.

Package hyperref Info: Reference (link) `table.1' on input line 199.
Package hyperref Info: Reference (cite) `cite.2015arXiv150702058P' on input lin
e 199.
Package hyperref Info: Reference (cite) `cite.2015arXiv150702058P' on input lin
e 199.
Package hyperref Info: Reference (cite) `cite.2011ApJS..192...19W' on input lin
e 199.
Package hyperref Info: Reference (cite) `cite.2011ApJS..192...19W' on input lin
e 199.
Package hyperref Info: Reference (link) `figure.5' on input line 201.

LaTeX Warning: Command \textgreater invalid in math mode on input line 202.


LaTeX Warning: Command \textgreater invalid in math mode on input line 202.

Package hyperref Info: Reference (cite) `cite.scubapol' on input line 202.
Package hyperref Info: Reference (cite) `cite.scubapol' on input line 202.
Package hyperref Info: Reference (cite) `cite.aumont2010' on input line 203.
Package hyperref Info: Reference (cite) `cite.aumont2010' on input line 203.

LaTeX Warning: Command \textgreater invalid in math mode on input line 218.

LaTeX Font Info:    Font shape `OML/txr/m/n' in size <9> not available
(Font)              Font shape `OML/txmi/m/it' tried instead on input line 218.


LaTeX Warning: Command \textgreater invalid in math mode on input line 218.


LaTeX Warning: Command \textgreater invalid in math mode on input line 220.


LaTeX Warning: Command \textgreater invalid in math mode on input line 220.

Package hyperref Info: Anchor `table.1' on input line 226.
Package hyperref Info: bookmark on input line 226:
(hyperref)             thecounter {1}
(hyperref)             text {\protect \numberline {\csname the\@captype \endcsn
ame }{\ignorespaces  Total intensity $I$ flux and polarized intensity flux $P$,
 polarization degree $p$, and angle $\psi $. The values have been calculated in
 the region with high S/N and within 5$^{\prime }$ and 7$^{\prime }$ from the c
enter of the source. A calibration error of 5 $\%$ has to be accounted for and 
propagated to the polarization estimates. The systematic uncertainty of 1.8$^{\
circ }$ is due to the HWP zero position.}}
(hyperref)             reference {table.1}
(hyperref)             toclevel {0}
(hyperref)             type {lot}.
Package hyperref Info: Anchor `table.1' on input line 226.

Underfull \vbox (badness 1616) has occurred while \output is active []

Package hyperref Info: Anchor `page.4' on input line 228.
 [4pdfTeX warning (ext4): destination with the same identifier (name{figure.3})
 has been already used, duplicate ignored

\AtBegShi@Output ...ipout \box \AtBeginShipoutBox 
                                                  \fi \fi 
l.228  \end{table*}
                   
Package `hyperref' Info: End of reference (link) `equation.2.1', line 167.
Package `hyperref' Info: End of reference (link) `figure.2', line 172.
Package `hyperref' Info: End of reference (link) `figure.2', line 173.
Package `hyperref' Info: End of reference (link) `figure.2', line 175.
Package `hyperref' Info: End of reference (cite) `cite.aumont2010', line 179.
Package `hyperref' Info: End of reference (cite) `cite.aumont2010', line 179.
Package `hyperref' Info: End of reference (link) `figure.3', line 182.
Package `hyperref' Info: End of reference (link) `figure.1', line 185.
Package `hyperref' Info: End of reference (link) `figure.4', line 186.
pdfTeX warning (ext4): destination with the same identifier (name{figure.4}) ha
s been already used, duplicate ignored

\AtBegShi@Output ...ipout \box \AtBeginShipoutBox 
                                                  \fi \fi 
l.228  \end{table*}
                   
Package `hyperref' Info: End of reference (link) `table.1', line 197.
Package `hyperref' Info: End of reference (link) `table.1', line 199.
Package `hyperref' Info: End of reference (cite) `cite.2015arXiv150702058P', li
ne 199.
Package `hyperref' Info: End of reference (cite) `cite.2015arXiv150702058P', li
ne 199.
Package `hyperref' Info: End of reference (cite) `cite.2011ApJS..192...19W', li
ne 199.
Package `hyperref' Info: End of reference (cite) `cite.2011ApJS..192...19W', li
ne 199.
Package `hyperref' Info: End of reference (link) `figure.5', line 201.
Package `hyperref' Info: End of reference (cite) `cite.scubapol', line 202.
Package `hyperref' Info: End of reference (cite) `cite.scubapol', line 202.
Package `hyperref' Info: End of reference (cite) `cite.aumont2010', line 203.
Package `hyperref' Info: End of reference (cite) `cite.aumont2010', line 203.
 <./figures/Crab_ipol2_2mm.pdf> <./figures/Crab_integrated_flux_2mm.pdf>]
<figures/pdegree_comparison.pdf, id=300, 490.83376pt x 358.33875pt>
File: figures/pdegree_comparison.pdf Graphic file (type pdf)

<use figures/pdegree_comparison.pdf>
Package pdftex.def Info: figures/pdegree_comparison.pdf used on input line 233.

(pdftex.def)             Requested size: 255.76535pt x 186.72543pt.

<figures/angle_comparison.pdf, id=301, 501.875pt x 358.33875pt>
File: figures/angle_comparison.pdf Graphic file (type pdf)

<use figures/angle_comparison.pdf>
Package pdftex.def Info: figures/angle_comparison.pdf used on input line 234.
(pdftex.def)             Requested size: 255.76535pt x 182.61911pt.
Package hyperref Info: Anchor `figure.5' on input line 235.
Package hyperref Info: bookmark on input line 236:
(hyperref)             thecounter {5}
(hyperref)             text {\protect \numberline {\csname the\@captype \endcsn
ame }{\ignorespaces {\it Top}: polarization degree as a function of frequency a
s measured by \Planck \ (black dots), WMAP (blue triangles), XPOL (green diamon
d), SCUPOL (cyan cross) and \NIKA \ (red crosses). The \NIKA \ value has been e
stimated by integrating in a radius of $5^{\prime }$ as given by XPOL \citep {a
umont2010}. The SCUPOL values are estimated estimated in a region of 1.4$^\prim
e $ around the peak of the polarization intensity from the maps in the SCUBA ca
talogue \citep {scubapol}. {\it Bottom}: polarization angles in Galactic coordi
nates for the same five experiments given above.}}
(hyperref)             reference {figure.5}
(hyperref)             toclevel {0}
(hyperref)             type {lof}.
Package hyperref Info: Anchor `figure.5' on input line 236.
Package hyperref Info: Reference (cite) `cite.aumont2010' on input line 236.
Package hyperref Info: Reference (cite) `cite.aumont2010' on input line 236.
Package hyperref Info: Reference (cite) `cite.scubapol' on input line 236.
Package hyperref Info: Reference (cite) `cite.scubapol' on input line 236.
Package hyperref Info: Anchor `figure.5' on input line 236.
Package hyperref Info: Reference (cite) `cite.aumont2010' on input line 236.
Package hyperref Info: Reference (cite) `cite.aumont2010' on input line 236.
Package hyperref Info: Reference (cite) `cite.scubapol' on input line 236.
Package hyperref Info: Reference (cite) `cite.scubapol' on input line 236.
Package hyperref Info: Reference (link) `figure.6' on input line 259.
Package hyperref Info: Anchor `section.4' on input line 262.
Package hyperref Info: bookmark on input line 262:
(hyperref)             thecounter {4}
(hyperref)             text {\ifnum 1>\c@secnumdepth \else \protect \numberline
 {\csname thesection\endcsname }\fi Crab SED}
(hyperref)             reference {section.4}
(hyperref)             toclevel {1}
(hyperref)             type {toc}.
Package hyperref Info: Anchor `subsection.4.1' on input line 263.
Package hyperref Info: bookmark on input line 263:
(hyperref)             thecounter {4.1}
(hyperref)             text {\ifnum 2>\c@secnumdepth \else \protect \numberline
 {\csname thesubsection\endcsname }\fi Intensity}
(hyperref)             reference {subsection.4.1}
(hyperref)             toclevel {2}
(hyperref)             type {toc}.
Package hyperref Info: Anchor `equation.4.4' on input line 267.
Package hyperref Info: Anchor `equation.4.4' on input line 267.
Package hyperref Info: Anchor `equation.4.4' on input line 267.
Package hyperref Info: Anchor `equation.4.4' on input line 267.
Package hyperref Info: Reference (cite) `cite.baars1977absolute' on input line 
270.
Package hyperref Info: Reference (cite) `cite.baars1977absolute' on input line 
270.
Package hyperref Info: Reference (cite) `cite.macias2010' on input line 270.
Package hyperref Info: Reference (cite) `cite.macias2010' on input line 270.
Package hyperref Info: Reference (cite) `cite.aller1985decrease' on input line 
270.
Package hyperref Info: Reference (cite) `cite.aller1985decrease' on input line 
270.
Package hyperref Info: Reference (link) `figure.6' on input line 273.
Package hyperref Info: Reference (cite) `cite.dmitrenko1970absolute' on input l
ine 273.
Package hyperref Info: Reference (cite) `cite.dmitrenko1970absolute' on input l
ine 273.
Package hyperref Info: Reference (cite) `cite.1971IzVUZ..14..157V' on input lin
e 273.
Package hyperref Info: Reference (cite) `cite.1971IzVUZ..14..157V' on input lin
e 273.
Package hyperref Info: Reference (cite) `cite.macias2007archeops' on input line
 273.
Package hyperref Info: Reference (cite) `cite.macias2007archeops' on input line
 273.
Package hyperref Info: Reference (cite) `cite.2015arXiv150702058P' on input lin
e 273.
Package hyperref Info: Reference (cite) `cite.2015arXiv150702058P' on input lin
e 273.
Package hyperref Info: Reference (cite) `cite.2011ApJS..192...19W' on input lin
e 273.
Package hyperref Info: Reference (cite) `cite.2011ApJS..192...19W' on input lin
e 273.
Package hyperref Info: Reference (cite) `cite.2002A&A...386.1044B' on input lin
e 273.
Package hyperref Info: Reference (cite) `cite.2002A&A...386.1044B' on input lin
e 273.
Package hyperref Info: Anchor `equation.4.5' on input line 276.
Package hyperref Info: Anchor `equation.4.5' on input line 276.
Package hyperref Info: Anchor `equation.4.5' on input line 276.
Package hyperref Info: Anchor `equation.4.5' on input line 276.
Package hyperref Info: Reference (cite) `cite.macias2010' on input line 279.
Package hyperref Info: Reference (cite) `cite.macias2010' on input line 279.
Package hyperref Info: Reference (cite) `cite.2015arXiv150702058P' on input lin
e 281.
Package hyperref Info: Reference (cite) `cite.2015arXiv150702058P' on input lin
e 281.
Package hyperref Info: Reference (cite) `cite.2011ApJS..192...19W' on input lin
e 281.
Package hyperref Info: Reference (cite) `cite.2011ApJS..192...19W' on input lin
e 281.
Package hyperref Info: Reference (link) `figure.6' on input line 284.


LaTeX Warning: Command \textless invalid in math mode on input line 285.


LaTeX Warning: Command \textless invalid in math mode on input line 285.


LaTeX Warning: Command \textless invalid in math mode on input line 285.


LaTeX Warning: Command \textless invalid in math mode on input line 285.

Package hyperref Info: Anchor `subsection.4.2' on input line 290.
Package hyperref Info: bookmark on input line 290:
(hyperref)             thecounter {4.2}
(hyperref)             text {\ifnum 2>\c@secnumdepth \else \protect \numberline
 {\csname thesubsection\endcsname }\fi Polarization}
(hyperref)             reference {subsection.4.2}
(hyperref)             toclevel {2}
(hyperref)             type {toc}.
Package hyperref Info: Reference (cite) `cite.2015arXiv150702058P' on input lin
e 292.
Package hyperref Info: Reference (cite) `cite.2015arXiv150702058P' on input lin
e 292.
Package hyperref Info: Reference (cite) `cite.2011ApJS..192...19W' on input lin
e 292.
Package hyperref Info: Reference (cite) `cite.2011ApJS..192...19W' on input lin
e 292.
Package hyperref Info: Reference (cite) `cite.aumont2010' on input line 292.
Package hyperref Info: Reference (cite) `cite.aumont2010' on input line 292.
Package hyperref Info: Reference (link) `figure.7' on input line 292.
Package hyperref Info: Reference (link) `equation.4.4' on input line 293.
Package hyperref Info: Anchor `page.5' on input line 296.
[5pdfTeX warning (ext4): destination with the same identifier (name{figure.5}) 
has been already used, duplicate ignored

\AtBegShi@Output ...ipout \box \AtBeginShipoutBox 
                                                  \fi \fi 
l.296 \item b
             est fit results using only the WMAP data:
Package `hyperref' Info: End of reference (cite) `cite.aumont2010', line 236.
Package `hyperref' Info: End of reference (cite) `cite.aumont2010', line 236.
Package `hyperref' Info: End of reference (cite) `cite.scubapol', line 236.
Package `hyperref' Info: End of reference (cite) `cite.scubapol', line 236.
Package `hyperref' Info: End of reference (link) `figure.6', line 259.
Package `hyperref' Info: End of reference (cite) `cite.baars1977absolute', line
 270.
Package `hyperref' Info: End of reference (cite) `cite.baars1977absolute', line
 270.
Package `hyperref' Info: End of reference (cite) `cite.macias2010', line 270.
Package `hyperref' Info: End of reference (cite) `cite.macias2010', line 270.
Package `hyperref' Info: End of reference (cite) `cite.aller1985decrease', line
 270.
Package `hyperref' Info: End of reference (cite) `cite.aller1985decrease', line
 270.
Package `hyperref' Info: End of reference (link) `figure.6', line 273.
Package `hyperref' Info: End of reference (cite) `cite.dmitrenko1970absolute', 
line 273.
Package `hyperref' Info: End of reference (cite) `cite.dmitrenko1970absolute', 
line 273.
Package `hyperref' Info: End of reference (cite) `cite.1971IzVUZ..14..157V', li
ne 273.
Package `hyperref' Info: End of reference (cite) `cite.1971IzVUZ..14..157V', li
ne 273.
Package `hyperref' Info: End of reference (cite) `cite.macias2007archeops', lin
e 273.
Package `hyperref' Info: End of reference (cite) `cite.macias2007archeops', lin
e 273.
Package `hyperref' Info: End of reference (cite) `cite.2015arXiv150702058P', li
ne 273.
Package `hyperref' Info: End of reference (cite) `cite.2015arXiv150702058P', li
ne 273.
Package `hyperref' Info: End of reference (cite) `cite.2011ApJS..192...19W', li
ne 273.
Package `hyperref' Info: End of reference (cite) `cite.2011ApJS..192...19W', li
ne 273.
Package `hyperref' Info: End of reference (cite) `cite.2002A&A...386.1044B', li
ne 273.
Package `hyperref' Info: End of reference (cite) `cite.2002A&A...386.1044B', li
ne 273.
Package `hyperref' Info: End of reference (cite) `cite.macias2010', line 279.
Package `hyperref' Info: End of reference (cite) `cite.macias2010', line 279.
Package `hyperref' Info: End of reference (cite) `cite.2015arXiv150702058P', li
ne 281.
Package `hyperref' Info: End of reference (cite) `cite.2015arXiv150702058P', li
ne 281.
Package `hyperref' Info: End of reference (cite) `cite.2011ApJS..192...19W', li
ne 281.
Package `hyperref' Info: End of reference (cite) `cite.2011ApJS..192...19W', li
ne 281.
Package `hyperref' Info: End of reference (link) `figure.6', line 284.
Package `hyperref' Info: End of reference (cite) `cite.2015arXiv150702058P', li
ne 292.
Package `hyperref' Info: End of reference (cite) `cite.2015arXiv150702058P', li
ne 292.
Package `hyperref' Info: End of reference (cite) `cite.2011ApJS..192...19W', li
ne 292.
Package `hyperref' Info: End of reference (cite) `cite.2011ApJS..192...19W', li
ne 292.
Package `hyperref' Info: End of reference (cite) `cite.aumont2010', line 292.
Package `hyperref' Info: End of reference (cite) `cite.aumont2010', line 292.
Package `hyperref' Info: End of reference (link) `figure.7', line 292.
Package `hyperref' Info: End of reference (link) `equation.4.4', line 293.
 <./figures/pdegree_comparison.pdf> <./figures/angle_comparison.pdf>]
Package hyperref Info: Anchor `equation.4.6' on input line 297.
Package hyperref Info: Anchor `equation.4.6' on input line 297.
Package hyperref Info: Anchor `equation.4.6' on input line 297.
Package hyperref Info: Anchor `equation.4.6' on input line 297.
Package hyperref Info: Anchor `equation.4.7' on input line 301.
Package hyperref Info: Anchor `equation.4.7' on input line 301.
Package hyperref Info: Anchor `equation.4.7' on input line 301.
Package hyperref Info: Anchor `equation.4.7' on input line 301.

<figures/Crab_SED_i_150.pdf, id=374, 510.90875pt x 358.33875pt>
File: figures/Crab_SED_i_150.pdf Graphic file (type pdf)

<use figures/Crab_SED_i_150.pdf>
Package pdftex.def Info: figures/Crab_SED_i_150.pdf used on input line 314.
(pdftex.def)             Requested size: 255.76535pt x 179.38765pt.
Package hyperref Info: Anchor `figure.6' on input line 315.
Package hyperref Info: bookmark on input line 315:
(hyperref)             thecounter {6}
(hyperref)             text {\protect \numberline {\csname the\@captype \endcsn
ame }{\ignorespaces Crab nebula total intensity SED. The green line shows the m
odel derived by a previous analysis discussed in \citep {macias2010}. The best-
fit obtained by a new analysis is shown in cyan line. Both, the fit and the dat
a account for the fading with the time.}}
(hyperref)             reference {figure.6}
(hyperref)             toclevel {0}
(hyperref)             type {lof}.
Package hyperref Info: Anchor `figure.6' on input line 315.
Package hyperref Info: Reference (cite) `cite.macias2010' on input line 315.
Package hyperref Info: Reference (cite) `cite.macias2010' on input line 315.
Package hyperref Info: Anchor `figure.6' on input line 315.
Package hyperref Info: Reference (cite) `cite.macias2010' on input line 315.
Package hyperref Info: Reference (cite) `cite.macias2010' on input line 315.

<figures/Crab_SED_ipol.pdf, id=379, 502.87875pt x 358.33875pt>
File: figures/Crab_SED_ipol.pdf Graphic file (type pdf)

<use figures/Crab_SED_ipol.pdf>
Package pdftex.def Info: figures/Crab_SED_ipol.pdf used on input line 321.
(pdftex.def)             Requested size: 255.76535pt x 182.25278pt.
Package hyperref Info: Anchor `figure.7' on input line 322.
Package hyperref Info: bookmark on input line 322:
(hyperref)             thecounter {7}
(hyperref)             text {\protect \numberline {\csname the\@captype \endcsn
ame }{\ignorespaces Crab nebula polarization intensity SED. The two best-fit mo
dels presented have been estimated using only WMAP data (blu line) or \Planck \
 data only (black line).}}
(hyperref)             reference {figure.7}
(hyperref)             toclevel {0}
(hyperref)             type {lof}.
Package hyperref Info: Anchor `figure.7' on input line 322.
Package hyperref Info: Anchor `figure.7' on input line 322.
Package hyperref Info: Anchor `equation.4.8' on input line 328.
Package hyperref Info: Anchor `equation.4.8' on input line 328.
Package hyperref Info: Anchor `equation.4.8' on input line 328.
Package hyperref Info: Anchor `equation.4.8' on input line 328.
Package hyperref Info: Anchor `section.5' on input line 355.
Package hyperref Info: bookmark on input line 355:
(hyperref)             thecounter {5}
(hyperref)             text {\ifnum 1>\c@secnumdepth \else \protect \numberline
 {\csname thesection\endcsname }\fi Conclusions}
(hyperref)             reference {section.5}
(hyperref)             toclevel {1}
(hyperref)             type {toc}.
Package hyperref Info: Anchor `page.6' on input line 376.
 [6pdfTeX warning (ext4): destination with the same identifier (name{table.1}) 
has been already used, duplicate ignored

\AtBegShi@Output ...ipout \box \AtBeginShipoutBox 
                                                  \fi \fi 
l.376 \end{acknowledgements}
                            pdfTeX warning (ext4): destination with the same id
entifier (name{figure.6}) has been already used, duplicate ignored

\AtBegShi@Output ...ipout \box \AtBeginShipoutBox 
                                                  \fi \fi 
l.376 \end{acknowledgements}
                            
Package `hyperref' Info: End of reference (cite) `cite.macias2010', line 315.
Package `hyperref' Info: End of reference (cite) `cite.macias2010', line 315.
pdfTeX warning (ext4): destination with the same identifier (name{figure.7}) ha
s been already used, duplicate ignored

\AtBegShi@Output ...ipout \box \AtBeginShipoutBox 
                                                  \fi \fi 
l.376 \end{acknowledgements}
                             <./figures/Crab_SED_i_150.pdf> <./figures/Crab_SED
_ipol.pdf>] (./crab_paper.bbl
Package hyperref Info: Anchor `section*.1' on input line 1.
Package hyperref Info: Anchor `cite.adam2013' on input line 10.
Package hyperref Info: Anchor `cite.ade2015planck' on input line 15.

Underfull \hbox (badness 10000) in paragraph at lines 16--18
[]\OT1/txr/m/n/8 Ade, P., Aghanim, N., Ashdown, M., et al. 2015, arXiv preprint

 []

Package hyperref Info: Anchor `cite.aller1985decrease' on input line 19.
Package hyperref Info: Anchor `cite.aumont2010' on input line 24.
Package hyperref Info: Anchor `cite.baars1977absolute' on input line 28.
Package hyperref Info: Anchor `cite.2002A&A...386.1044B' on input line 33.
Package hyperref Info: Anchor `cite.bicep2016' on input line 45.
Package hyperref Info: Anchor `cite.bicepplanck2015' on input line 51.
Package hyperref Info: Anchor `cite.calvo2016' on input line 62.
Package hyperref Info: Anchor `cite.2016arXiv160508628C' on input line 73.
Package hyperref Info: Anchor `cite.catalano2014' on input line 82.
Package hyperref Info: Anchor `cite.dmitrenko1970absolute' on input line 86.

Underfull \hbox (badness 1769) in paragraph at lines 87--89
[]\OT1/txr/m/n/8 Dmitrenko, D., Tseitlin, N., Vinogradova, L., & Giterman, K. F
. 1970,
 []

Package hyperref Info: Anchor `cite.PhysRevD.23.347' on input line 90.
Package hyperref Info: Anchor `cite.2008ARA&A..46..127H' on input line 93.
Package hyperref Info: Anchor `cite.2016IJMPD..2540008K' on input line 97.
Package hyperref Info: Anchor `cite.linde1982new' on input line 101.
Package hyperref Info: Anchor `cite.macias2007archeops' on input line 106.

Underfull \hbox (badness 3148) in paragraph at lines 107--109
[]\OT1/txr/m/n/8 Mac[]^^Pas-P[]erez, J., Lagache, G., Maffei, B., et al. 2007, 
Astronomy &
 []

Package hyperref Info: Anchor `cite.macias2010' on input line 111.
Package hyperref Info: Anchor `cite.scubapol' on input line 116.
Package hyperref Info: Anchor `cite.monfardini2014' on input line 125.
Package hyperref Info: Anchor `cite.monfardini2011' on input line 133.
Package hyperref Info: Anchor `cite.monfardini2010' on input line 139.
Package hyperref Info: Anchor `cite.montier' on input line 144.
Package hyperref Info: Anchor `cite.2015arXiv150702058P' on input line 150.
Package hyperref Info: Anchor `cite.polnarev1985polarization' on input line 154
.
Package hyperref Info: Anchor `cite.2016JLTP..184..724R' on input line 164.
Package hyperref Info: Anchor `cite.ritacco2017' on input line 176.
Package hyperref Info: Anchor `cite.roesch2012' on input line 181.
Package hyperref Info: Anchor `cite.1997PhRvL..78.2054S' on input line 184.
Package hyperref Info: Anchor `cite.1980A&A....91...97S' on input line 188.
Package hyperref Info: Anchor `cite.1985A&A...142..100S' on input line 191.
Package hyperref Info: Anchor `cite.thum2008' on input line 195.
Package hyperref Info: Anchor `cite.1971IzVUZ..14..157V' on input line 200.
Package hyperref Info: Anchor `cite.2011ApJS..192...19W' on input line 207.
Package hyperref Info: Anchor `cite.2000ApJ...536L..81W' on input line 212.
Package hyperref Info: Anchor `cite.2011A&A...528A..11W' on input line 217.
)
Package atveryend Info: Empty hook `BeforeClearDocument' on input line 382.
- LAST -
Extra skip:9.54018pt
Left:262.54018pt/1.73999pt
Right:253.0pt/1.12799pt
Output:262.54018pt
Package hyperref Info: Anchor `page.7' on input line 382.
 [7]
Package atveryend Info: Empty hook `AfterLastShipout' on input line 382.
 (./crab_paper.aux)
Package atveryend Info: Executing hook `AtVeryEndDocument' on input line 382.
Package atveryend Info: Executing hook `AtEndAfterFileList' on input line 382.
Package rerunfilecheck Info: File `crab_paper.out' has not changed.
(rerunfilecheck)             Checksum: 70BC74B80B55FDACB7849EC43717AF20;604.
Package atveryend Info: Empty hook `AtVeryVeryEnd' on input line 382.
 )
(\end occurred when \iftrue on line 228 was incomplete)
(\end occurred when \iftrue on line 100 was incomplete)
(\end occurred when \iftrue on line 66 was incomplete) 
Here is how much of TeX's memory you used:
 8523 strings out of 493117
 119914 string characters out of 6135433
 248814 words of memory out of 5000000
 11726 multiletter control sequences out of 15000+600000
 51890 words of font info for 113 fonts, out of 8000000 for 9000
 1141 hyphenation exceptions out of 8191
 37i,13n,28p,911b,413s stack positions out of 5000i,500n,10000p,200000b,80000s
{/usr/local/texlive/2014/
texmf-dist/fonts/enc/dvips/base/8r.enc}</usr/local/texlive/2014/texmf-dist/font
s/type1/public/txfonts/rtxmi.pfb></usr/local/texlive/2014/texmf-dist/fonts/type
1/public/txfonts/rtxr.pfb></usr/local/texlive/2014/texmf-dist/fonts/type1/publi
c/txfonts/txex.pfb></usr/local/texlive/2014/texmf-dist/fonts/type1/public/txfon
ts/txsy.pfb></usr/local/texlive/2014/texmf-dist/fonts/type1/urw/helvetic/uhvb8a
.pfb></usr/local/texlive/2014/texmf-dist/fonts/type1/urw/helvetic/uhvb8a.pfb></
usr/local/texlive/2014/texmf-dist/fonts/type1/urw/helvetic/uhvr8a.pfb></usr/loc
al/texlive/2014/texmf-dist/fonts/type1/urw/times/utmb8a.pfb></usr/local/texlive
/2014/texmf-dist/fonts/type1/urw/times/utmr8a.pfb></usr/local/texlive/2014/texm
f-dist/fonts/type1/urw/times/utmr8a.pfb></usr/local/texlive/2014/texmf-dist/fon
ts/type1/urw/times/utmri8a.pfb>
Output written on crab_paper.pdf (7 pages, 1427617 bytes).
PDF statistics:
 457 PDF objects out of 1000 (max. 8388607)
 381 compressed objects within 4 object streams
 72 named destinations out of 1000 (max. 500000)
 170 words of extra memory for PDF output out of 10000 (max. 10000000)

