\BOOKMARK [1][-]{section.1}{Introduction}{}% 1
\BOOKMARK [1][-]{section.2}{The NIKA instrument}{}% 2
\BOOKMARK [2][-]{subsection.2.1}{NIKA: a dual-band LEKID camera}{section.2}% 3
\BOOKMARK [2][-]{subsection.2.2}{The polarimetric module}{section.2}% 4
\BOOKMARK [1][-]{section.3}{Laboratory characterization of the polarimetric module}{}% 5
\BOOKMARK [1][-]{section.4}{Reconstruction of the NIKA Stokes parameter maps}{}% 6
\BOOKMARK [2][-]{subsection.4.1}{Polarization modulation with a continuously rotating HWP}{section.4}% 7
\BOOKMARK [2][-]{subsection.4.2}{Polarization measurements at the telescope}{section.4}% 8
\BOOKMARK [2][-]{subsection.4.3}{Systematic HWP synchronous signal correction}{section.4}% 9
\BOOKMARK [2][-]{subsection.4.4}{NIKA demodulation procedure and map making}{section.4}% 10
\BOOKMARK [2][-]{subsection.4.5}{Absolute calibration and inter-calibration}{section.4}% 11
\BOOKMARK [2][-]{subsection.4.6}{Instrumental polarization and leakage}{section.4}% 12
\BOOKMARK [2][-]{subsection.4.7}{Summary of data processing pipeline}{section.4}% 13
\BOOKMARK [1][-]{section.5}{Validation of the quality of the NIKA polarization reconstruction on quasars}{}% 14
\BOOKMARK [2][-]{subsection.5.1}{Quasar selection and previous observations}{section.5}% 15
\BOOKMARK [2][-]{subsection.5.2}{Polarization reconstruction accuracy}{section.5}% 16
\BOOKMARK [2][-]{subsection.5.3}{Noise equivalent flux density \(NEFD\) in polarization observations}{section.5}% 17
\BOOKMARK [2][-]{subsection.5.4}{Photometric accuracy}{section.5}% 18
\BOOKMARK [1][-]{section.6}{NIKA polarized observations of compact and extended sources}{}% 19
\BOOKMARK [2][-]{subsection.6.1}{Cygnus A}{section.6}% 20
\BOOKMARK [2][-]{subsection.6.2}{M87}{section.6}% 21
\BOOKMARK [2][-]{subsection.6.3}{Orion OMC-1}{section.6}% 22
\BOOKMARK [1][-]{section.7}{Conclusions}{}% 23
