\BOOKMARK [1][-]{section*.1}{ABSTRACT}{section*.2}% 1
\BOOKMARK [1][-]{section.1}{Introduction}{}% 2
\BOOKMARK [1][-]{section.2}{Observations and Data Reduction}{}% 3
\BOOKMARK [2][-]{subsection.2.1}{CLJ1226.9+3352}{section.2}% 4
\BOOKMARK [2][-]{subsection.2.2}{NIKA Observations and Reduction}{section.2}% 5
\BOOKMARK [2][-]{subsection.2.3}{MUSTANG Observations and Reduction}{section.2}% 6
\BOOKMARK [2][-]{subsection.2.4}{Bolocam Observations and Reduction}{section.2}% 7
\BOOKMARK [2][-]{subsection.2.5}{Planck Observations and Reduction}{section.2}% 8
\BOOKMARK [1][-]{section.3}{Pressure Profiles via Maximum Likelihood}{}% 9
\BOOKMARK [2][-]{subsection.3.1}{Preprocessing}{section.3}% 10
\BOOKMARK [2][-]{subsection.3.2}{Non-Parametric Models}{section.3}% 11
\BOOKMARK [2][-]{subsection.3.3}{Fitting Algorithm}{section.3}% 12
\BOOKMARK [2][-]{subsection.3.4}{Robustness of Fitting Algorithm}{section.3}% 13
\BOOKMARK [1][-]{section.4}{Non-parametric Results}{}% 14
\BOOKMARK [1][-]{section.5}{Parametric Fits: gNFW}{}% 15
\BOOKMARK [2][-]{subsection.5.1}{Parametric Constraints}{section.5}% 16
\BOOKMARK [1][-]{section.6}{Discussion}{}% 17
\BOOKMARK [2][-]{subsection.6.1}{Comparison with Previous SZ Results}{section.6}% 18
\BOOKMARK [1][-]{section.7}{Conclusions}{}% 19
\BOOKMARK [2][-]{subsection.Alph0.1}{redAnalytic Integrals of Elliptically Symmetric Power Laws}{section.7}% 20
