This is pdfTeX, Version 3.14159265-2.6-1.40.17 (TeX Live 2016) (preloaded format=pdflatex 2016.6.27)  3 MAR 2020 11:55
entering extended mode
 restricted \write18 enabled.
 %&-line parsing enabled.
**NIKA2_calib_perf_corr
(./NIKA2_calib_perf_corr.tex
LaTeX2e <2016/03/31>
Babel <3.9r> and hyphenation patterns for 83 language(s) loaded.
(./aa.cls
Document Class: aa 2016/09/01{} v9.1{} Class for AA journal
(/usr/local/texlive/2016/texmf-dist/tex/latex/base/article.cls
Document Class: article 2014/09/29 v1.4h Standard LaTeX document class
(/usr/local/texlive/2016/texmf-dist/tex/latex/base/fleqn.clo
File: fleqn.clo 2015/03/31 v1.1i Standard LaTeX option (flush left equations)
\mathindent=\dimen102
Applying: [2015/01/01] Make \[ robust on input line 50.
LaTeX Info: Redefining \[ on input line 51.
Already applied: [0000/00/00] Make \[ robust on input line 62.
Applying: [2015/01/01] Make \] robust on input line 74.
LaTeX Info: Redefining \] on input line 75.
Already applied: [0000/00/00] Make \] robust on input line 83.
)
(/usr/local/texlive/2016/texmf-dist/tex/latex/base/size10.clo
File: size10.clo 2014/09/29 v1.4h Standard LaTeX file (size option)
)
\c@part=\count79
\c@section=\count80
\c@subsection=\count81
\c@subsubsection=\count82
\c@paragraph=\count83
\c@subparagraph=\count84
\c@figure=\count85
\c@table=\count86
\abovecaptionskip=\skip41
\belowcaptionskip=\skip42
\bibindent=\dimen103
)
\aa@fullwidth=\skip43
\aa@fullheight=\skip44

(/usr/local/texlive/2016/texmf-dist/tex/latex/tools/calc.sty
Package: calc 2014/10/28 v4.3 Infix arithmetic (KKT,FJ)
\calc@Acount=\count87
\calc@Bcount=\count88
\calc@Adimen=\dimen104
\calc@Bdimen=\dimen105
\calc@Askip=\skip45
\calc@Bskip=\skip46
LaTeX Info: Redefining \setlength on input line 80.
LaTeX Info: Redefining \addtolength on input line 81.
\calc@Ccount=\count89
\calc@Cskip=\skip47
)
(/usr/local/texlive/2016/texmf-dist/tex/latex/etex-pkg/etex.sty
Package: etex 2016/01/11 v2.6 eTeX basic definition package (PEB,DPC)
\et@xins=\count90
)
(/usr/local/texlive/2016/texmf-dist/tex/latex/base/fontenc.sty
Package: fontenc 2005/09/27 v1.99g Standard LaTeX package

(/usr/local/texlive/2016/texmf-dist/tex/latex/base/t1enc.def
File: t1enc.def 2005/09/27 v1.99g Standard LaTeX file
LaTeX Font Info:    Redeclaring font encoding T1 on input line 48.
))
(/usr/local/texlive/2016/texmf-dist/tex/latex/base/inputenc.sty
Package: inputenc 2015/03/17 v1.2c Input encoding file
\inpenc@prehook=\toks14
\inpenc@posthook=\toks15

(/usr/local/texlive/2016/texmf-dist/tex/latex/base/utf8.def
File: utf8.def 2016/02/28 v1.1s UTF-8 support for inputenc
Now handling font encoding OML ...
... no UTF-8 mapping file for font encoding OML
Now handling font encoding T1 ...
... processing UTF-8 mapping file for font encoding T1

(/usr/local/texlive/2016/texmf-dist/tex/latex/base/t1enc.dfu
File: t1enc.dfu 2016/02/28 v1.1s UTF-8 support for inputenc
   defining Unicode char U+00A0 (decimal 160)
   defining Unicode char U+00A1 (decimal 161)
   defining Unicode char U+00A3 (decimal 163)
   defining Unicode char U+00AB (decimal 171)
   defining Unicode char U+00AD (decimal 173)
   defining Unicode char U+00BB (decimal 187)
   defining Unicode char U+00BF (decimal 191)
   defining Unicode char U+00C0 (decimal 192)
   defining Unicode char U+00C1 (decimal 193)
   defining Unicode char U+00C2 (decimal 194)
   defining Unicode char U+00C3 (decimal 195)
   defining Unicode char U+00C4 (decimal 196)
   defining Unicode char U+00C5 (decimal 197)
   defining Unicode char U+00C6 (decimal 198)
   defining Unicode char U+00C7 (decimal 199)
   defining Unicode char U+00C8 (decimal 200)
   defining Unicode char U+00C9 (decimal 201)
   defining Unicode char U+00CA (decimal 202)
   defining Unicode char U+00CB (decimal 203)
   defining Unicode char U+00CC (decimal 204)
   defining Unicode char U+00CD (decimal 205)
   defining Unicode char U+00CE (decimal 206)
   defining Unicode char U+00CF (decimal 207)
   defining Unicode char U+00D0 (decimal 208)
   defining Unicode char U+00D1 (decimal 209)
   defining Unicode char U+00D2 (decimal 210)
   defining Unicode char U+00D3 (decimal 211)
   defining Unicode char U+00D4 (decimal 212)
   defining Unicode char U+00D5 (decimal 213)
   defining Unicode char U+00D6 (decimal 214)
   defining Unicode char U+00D8 (decimal 216)
   defining Unicode char U+00D9 (decimal 217)
   defining Unicode char U+00DA (decimal 218)
   defining Unicode char U+00DB (decimal 219)
   defining Unicode char U+00DC (decimal 220)
   defining Unicode char U+00DD (decimal 221)
   defining Unicode char U+00DE (decimal 222)
   defining Unicode char U+00DF (decimal 223)
   defining Unicode char U+00E0 (decimal 224)
   defining Unicode char U+00E1 (decimal 225)
   defining Unicode char U+00E2 (decimal 226)
   defining Unicode char U+00E3 (decimal 227)
   defining Unicode char U+00E4 (decimal 228)
   defining Unicode char U+00E5 (decimal 229)
   defining Unicode char U+00E6 (decimal 230)
   defining Unicode char U+00E7 (decimal 231)
   defining Unicode char U+00E8 (decimal 232)
   defining Unicode char U+00E9 (decimal 233)
   defining Unicode char U+00EA (decimal 234)
   defining Unicode char U+00EB (decimal 235)
   defining Unicode char U+00EC (decimal 236)
   defining Unicode char U+00ED (decimal 237)
   defining Unicode char U+00EE (decimal 238)
   defining Unicode char U+00EF (decimal 239)
   defining Unicode char U+00F0 (decimal 240)
   defining Unicode char U+00F1 (decimal 241)
   defining Unicode char U+00F2 (decimal 242)
   defining Unicode char U+00F3 (decimal 243)
   defining Unicode char U+00F4 (decimal 244)
   defining Unicode char U+00F5 (decimal 245)
   defining Unicode char U+00F6 (decimal 246)
   defining Unicode char U+00F8 (decimal 248)
   defining Unicode char U+00F9 (decimal 249)
   defining Unicode char U+00FA (decimal 250)
   defining Unicode char U+00FB (decimal 251)
   defining Unicode char U+00FC (decimal 252)
   defining Unicode char U+00FD (decimal 253)
   defining Unicode char U+00FE (decimal 254)
   defining Unicode char U+00FF (decimal 255)
   defining Unicode char U+0100 (decimal 256)
   defining Unicode char U+0101 (decimal 257)
   defining Unicode char U+0102 (decimal 258)
   defining Unicode char U+0103 (decimal 259)
   defining Unicode char U+0104 (decimal 260)
   defining Unicode char U+0105 (decimal 261)
   defining Unicode char U+0106 (decimal 262)
   defining Unicode char U+0107 (decimal 263)
   defining Unicode char U+0108 (decimal 264)
   defining Unicode char U+0109 (decimal 265)
   defining Unicode char U+010A (decimal 266)
   defining Unicode char U+010B (decimal 267)
   defining Unicode char U+010C (decimal 268)
   defining Unicode char U+010D (decimal 269)
   defining Unicode char U+010E (decimal 270)
   defining Unicode char U+010F (decimal 271)
   defining Unicode char U+0110 (decimal 272)
   defining Unicode char U+0111 (decimal 273)
   defining Unicode char U+0112 (decimal 274)
   defining Unicode char U+0113 (decimal 275)
   defining Unicode char U+0114 (decimal 276)
   defining Unicode char U+0115 (decimal 277)
   defining Unicode char U+0116 (decimal 278)
   defining Unicode char U+0117 (decimal 279)
   defining Unicode char U+0118 (decimal 280)
   defining Unicode char U+0119 (decimal 281)
   defining Unicode char U+011A (decimal 282)
   defining Unicode char U+011B (decimal 283)
   defining Unicode char U+011C (decimal 284)
   defining Unicode char U+011D (decimal 285)
   defining Unicode char U+011E (decimal 286)
   defining Unicode char U+011F (decimal 287)
   defining Unicode char U+0120 (decimal 288)
   defining Unicode char U+0121 (decimal 289)
   defining Unicode char U+0122 (decimal 290)
   defining Unicode char U+0123 (decimal 291)
   defining Unicode char U+0124 (decimal 292)
   defining Unicode char U+0125 (decimal 293)
   defining Unicode char U+0128 (decimal 296)
   defining Unicode char U+0129 (decimal 297)
   defining Unicode char U+012A (decimal 298)
   defining Unicode char U+012B (decimal 299)
   defining Unicode char U+012C (decimal 300)
   defining Unicode char U+012D (decimal 301)
   defining Unicode char U+012E (decimal 302)
   defining Unicode char U+012F (decimal 303)
   defining Unicode char U+0130 (decimal 304)
   defining Unicode char U+0131 (decimal 305)
   defining Unicode char U+0132 (decimal 306)
   defining Unicode char U+0133 (decimal 307)
   defining Unicode char U+0134 (decimal 308)
   defining Unicode char U+0135 (decimal 309)
   defining Unicode char U+0136 (decimal 310)
   defining Unicode char U+0137 (decimal 311)
   defining Unicode char U+0139 (decimal 313)
   defining Unicode char U+013A (decimal 314)
   defining Unicode char U+013B (decimal 315)
   defining Unicode char U+013C (decimal 316)
   defining Unicode char U+013D (decimal 317)
   defining Unicode char U+013E (decimal 318)
   defining Unicode char U+0141 (decimal 321)
   defining Unicode char U+0142 (decimal 322)
   defining Unicode char U+0143 (decimal 323)
   defining Unicode char U+0144 (decimal 324)
   defining Unicode char U+0145 (decimal 325)
   defining Unicode char U+0146 (decimal 326)
   defining Unicode char U+0147 (decimal 327)
   defining Unicode char U+0148 (decimal 328)
   defining Unicode char U+014A (decimal 330)
   defining Unicode char U+014B (decimal 331)
   defining Unicode char U+014C (decimal 332)
   defining Unicode char U+014D (decimal 333)
   defining Unicode char U+014E (decimal 334)
   defining Unicode char U+014F (decimal 335)
   defining Unicode char U+0150 (decimal 336)
   defining Unicode char U+0151 (decimal 337)
   defining Unicode char U+0152 (decimal 338)
   defining Unicode char U+0153 (decimal 339)
   defining Unicode char U+0154 (decimal 340)
   defining Unicode char U+0155 (decimal 341)
   defining Unicode char U+0156 (decimal 342)
   defining Unicode char U+0157 (decimal 343)
   defining Unicode char U+0158 (decimal 344)
   defining Unicode char U+0159 (decimal 345)
   defining Unicode char U+015A (decimal 346)
   defining Unicode char U+015B (decimal 347)
   defining Unicode char U+015C (decimal 348)
   defining Unicode char U+015D (decimal 349)
   defining Unicode char U+015E (decimal 350)
   defining Unicode char U+015F (decimal 351)
   defining Unicode char U+0160 (decimal 352)
   defining Unicode char U+0161 (decimal 353)
   defining Unicode char U+0162 (decimal 354)
   defining Unicode char U+0163 (decimal 355)
   defining Unicode char U+0164 (decimal 356)
   defining Unicode char U+0165 (decimal 357)
   defining Unicode char U+0168 (decimal 360)
   defining Unicode char U+0169 (decimal 361)
   defining Unicode char U+016A (decimal 362)
   defining Unicode char U+016B (decimal 363)
   defining Unicode char U+016C (decimal 364)
   defining Unicode char U+016D (decimal 365)
   defining Unicode char U+016E (decimal 366)
   defining Unicode char U+016F (decimal 367)
   defining Unicode char U+0170 (decimal 368)
   defining Unicode char U+0171 (decimal 369)
   defining Unicode char U+0172 (decimal 370)
   defining Unicode char U+0173 (decimal 371)
   defining Unicode char U+0174 (decimal 372)
   defining Unicode char U+0175 (decimal 373)
   defining Unicode char U+0176 (decimal 374)
   defining Unicode char U+0177 (decimal 375)
   defining Unicode char U+0178 (decimal 376)
   defining Unicode char U+0179 (decimal 377)
   defining Unicode char U+017A (decimal 378)
   defining Unicode char U+017B (decimal 379)
   defining Unicode char U+017C (decimal 380)
   defining Unicode char U+017D (decimal 381)
   defining Unicode char U+017E (decimal 382)
   defining Unicode char U+01CD (decimal 461)
   defining Unicode char U+01CE (decimal 462)
   defining Unicode char U+01CF (decimal 463)
   defining Unicode char U+01D0 (decimal 464)
   defining Unicode char U+01D1 (decimal 465)
   defining Unicode char U+01D2 (decimal 466)
   defining Unicode char U+01D3 (decimal 467)
   defining Unicode char U+01D4 (decimal 468)
   defining Unicode char U+01E2 (decimal 482)
   defining Unicode char U+01E3 (decimal 483)
   defining Unicode char U+01E6 (decimal 486)
   defining Unicode char U+01E7 (decimal 487)
   defining Unicode char U+01E8 (decimal 488)
   defining Unicode char U+01E9 (decimal 489)
   defining Unicode char U+01EA (decimal 490)
   defining Unicode char U+01EB (decimal 491)
   defining Unicode char U+01F0 (decimal 496)
   defining Unicode char U+01F4 (decimal 500)
   defining Unicode char U+01F5 (decimal 501)
   defining Unicode char U+0218 (decimal 536)
   defining Unicode char U+0219 (decimal 537)
   defining Unicode char U+021A (decimal 538)
   defining Unicode char U+021B (decimal 539)
   defining Unicode char U+1E02 (decimal 7682)
   defining Unicode char U+1E03 (decimal 7683)
   defining Unicode char U+200C (decimal 8204)
   defining Unicode char U+2010 (decimal 8208)
   defining Unicode char U+2011 (decimal 8209)
   defining Unicode char U+2012 (decimal 8210)
   defining Unicode char U+2013 (decimal 8211)
   defining Unicode char U+2014 (decimal 8212)
   defining Unicode char U+2015 (decimal 8213)
   defining Unicode char U+2018 (decimal 8216)
   defining Unicode char U+2019 (decimal 8217)
   defining Unicode char U+201A (decimal 8218)
   defining Unicode char U+201C (decimal 8220)
   defining Unicode char U+201D (decimal 8221)
   defining Unicode char U+201E (decimal 8222)
   defining Unicode char U+2030 (decimal 8240)
   defining Unicode char U+2031 (decimal 8241)
   defining Unicode char U+2039 (decimal 8249)
   defining Unicode char U+203A (decimal 8250)
   defining Unicode char U+2423 (decimal 9251)
)
Now handling font encoding OT1 ...
... processing UTF-8 mapping file for font encoding OT1

(/usr/local/texlive/2016/texmf-dist/tex/latex/base/ot1enc.dfu
File: ot1enc.dfu 2016/02/28 v1.1s UTF-8 support for inputenc
   defining Unicode char U+00A0 (decimal 160)
   defining Unicode char U+00A1 (decimal 161)
   defining Unicode char U+00A3 (decimal 163)
   defining Unicode char U+00AD (decimal 173)
   defining Unicode char U+00B8 (decimal 184)
   defining Unicode char U+00BF (decimal 191)
   defining Unicode char U+00C5 (decimal 197)
   defining Unicode char U+00C6 (decimal 198)
   defining Unicode char U+00D8 (decimal 216)
   defining Unicode char U+00DF (decimal 223)
   defining Unicode char U+00E6 (decimal 230)
   defining Unicode char U+00EC (decimal 236)
   defining Unicode char U+00ED (decimal 237)
   defining Unicode char U+00EE (decimal 238)
   defining Unicode char U+00EF (decimal 239)
   defining Unicode char U+00F8 (decimal 248)
   defining Unicode char U+0131 (decimal 305)
   defining Unicode char U+0141 (decimal 321)
   defining Unicode char U+0142 (decimal 322)
   defining Unicode char U+0152 (decimal 338)
   defining Unicode char U+0153 (decimal 339)
   defining Unicode char U+0174 (decimal 372)
   defining Unicode char U+0175 (decimal 373)
   defining Unicode char U+0176 (decimal 374)
   defining Unicode char U+0177 (decimal 375)
   defining Unicode char U+0218 (decimal 536)
   defining Unicode char U+0219 (decimal 537)
   defining Unicode char U+021A (decimal 538)
   defining Unicode char U+021B (decimal 539)
   defining Unicode char U+2013 (decimal 8211)
   defining Unicode char U+2014 (decimal 8212)
   defining Unicode char U+2018 (decimal 8216)
   defining Unicode char U+2019 (decimal 8217)
   defining Unicode char U+201C (decimal 8220)
   defining Unicode char U+201D (decimal 8221)
)
Now handling font encoding OMS ...
... processing UTF-8 mapping file for font encoding OMS

(/usr/local/texlive/2016/texmf-dist/tex/latex/base/omsenc.dfu
File: omsenc.dfu 2016/02/28 v1.1s UTF-8 support for inputenc
   defining Unicode char U+00A7 (decimal 167)
   defining Unicode char U+00B6 (decimal 182)
   defining Unicode char U+00B7 (decimal 183)
   defining Unicode char U+2020 (decimal 8224)
   defining Unicode char U+2021 (decimal 8225)
   defining Unicode char U+2022 (decimal 8226)
)
Now handling font encoding OMX ...
... no UTF-8 mapping file for font encoding OMX
Now handling font encoding U ...
... no UTF-8 mapping file for font encoding U
   defining Unicode char U+00A9 (decimal 169)
   defining Unicode char U+00AA (decimal 170)
   defining Unicode char U+00AE (decimal 174)
   defining Unicode char U+00BA (decimal 186)
   defining Unicode char U+02C6 (decimal 710)
   defining Unicode char U+02DC (decimal 732)
   defining Unicode char U+200C (decimal 8204)
   defining Unicode char U+2026 (decimal 8230)
   defining Unicode char U+2122 (decimal 8482)
   defining Unicode char U+2423 (decimal 9251)
))
(/usr/local/texlive/2016/texmf-dist/tex/latex/geometry/geometry.sty
Package: geometry 2010/09/12 v5.6 Page Geometry

(/usr/local/texlive/2016/texmf-dist/tex/latex/graphics/keyval.sty
Package: keyval 2014/10/28 v1.15 key=value parser (DPC)
\KV@toks@=\toks16
)
(/usr/local/texlive/2016/texmf-dist/tex/generic/oberdiek/ifpdf.sty
Package: ifpdf 2016/05/14 v3.1 Provides the ifpdf switch
)
(/usr/local/texlive/2016/texmf-dist/tex/generic/oberdiek/ifvtex.sty
Package: ifvtex 2016/05/16 v1.6 Detect VTeX and its facilities (HO)
Package ifvtex Info: VTeX not detected.
)
(/usr/local/texlive/2016/texmf-dist/tex/generic/ifxetex/ifxetex.sty
Package: ifxetex 2010/09/12 v0.6 Provides ifxetex conditional
)
\Gm@cnth=\count91
\Gm@cntv=\count92
\c@Gm@tempcnt=\count93
\Gm@bindingoffset=\dimen106
\Gm@wd@mp=\dimen107
\Gm@odd@mp=\dimen108
\Gm@even@mp=\dimen109
\Gm@layoutwidth=\dimen110
\Gm@layoutheight=\dimen111
\Gm@layouthoffset=\dimen112
\Gm@layoutvoffset=\dimen113
\Gm@dimlist=\toks17
)
(/usr/local/texlive/2016/texmf-dist/tex/latex/setspace/setspace.sty
Package: setspace 2011/12/19 v6.7a set line spacing
)
(/usr/local/texlive/2016/texmf-dist/tex/latex/fancyhdr/fancyhdr.sty
\fancy@headwidth=\skip48
\f@ncyO@elh=\skip49
\f@ncyO@erh=\skip50
\f@ncyO@olh=\skip51
\f@ncyO@orh=\skip52
\f@ncyO@elf=\skip53
\f@ncyO@erf=\skip54
\f@ncyO@olf=\skip55
\f@ncyO@orf=\skip56
)
(/usr/local/texlive/2016/texmf-dist/tex/latex/sttools/cuted.sty
Package: cuted 2012/10/04 v1.5 Mixing onecolumn and twocolumn modes
\At@ViperColsBreak=\toks18
\v@aaa=\box26
\v@ccc=\box27
\lastskip@a=\skip57
\lastskip@b=\skip58
\lastskip@d=\skip59
\lastbox@a=\box28
\stripsep=\skip60
\@viper=\box29
\viper@penalty=\count94
\hold@viper=\box30
\ht@viper=\dimen114
)
(/usr/local/texlive/2016/texmf-dist/tex/latex/amsmath/amsmath.sty
Package: amsmath 2016/03/10 v2.15b AMS math features
\@mathmargin=\skip61

For additional information on amsmath, use the `?' option.
(/usr/local/texlive/2016/texmf-dist/tex/latex/amsmath/amstext.sty
Package: amstext 2000/06/29 v2.01 AMS text

(/usr/local/texlive/2016/texmf-dist/tex/latex/amsmath/amsgen.sty
File: amsgen.sty 1999/11/30 v2.0 generic functions
\@emptytoks=\toks19
\ex@=\dimen115
))
(/usr/local/texlive/2016/texmf-dist/tex/latex/amsmath/amsbsy.sty
Package: amsbsy 1999/11/29 v1.2d Bold Symbols
\pmbraise@=\dimen116
)
(/usr/local/texlive/2016/texmf-dist/tex/latex/amsmath/amsopn.sty
Package: amsopn 2016/03/08 v2.02 operator names
)
\inf@bad=\count95
LaTeX Info: Redefining \frac on input line 199.
\uproot@=\count96
\leftroot@=\count97
LaTeX Info: Redefining \overline on input line 297.
\classnum@=\count98
\DOTSCASE@=\count99
LaTeX Info: Redefining \ldots on input line 394.
LaTeX Info: Redefining \dots on input line 397.
LaTeX Info: Redefining \cdots on input line 518.
\Mathstrutbox@=\box31
\strutbox@=\box32
\big@size=\dimen117
LaTeX Font Info:    Redeclaring font encoding OML on input line 634.
LaTeX Font Info:    Redeclaring font encoding OMS on input line 635.
\macc@depth=\count100
\c@MaxMatrixCols=\count101
\dotsspace@=\muskip10
\c@parentequation=\count102
\dspbrk@lvl=\count103
\tag@help=\toks20
\row@=\count104
\column@=\count105
\maxfields@=\count106
\andhelp@=\toks21
\eqnshift@=\dimen118
\alignsep@=\dimen119
\tagshift@=\dimen120
\tagwidth@=\dimen121
\totwidth@=\dimen122
\lineht@=\dimen123
\@envbody=\toks22
\multlinegap=\skip62
\multlinetaggap=\skip63
\mathdisplay@stack=\toks23
LaTeX Info: Redefining \[ on input line 2739.
LaTeX Info: Redefining \] on input line 2740.
)
(/usr/local/texlive/2016/texmf-dist/tex/latex/amsfonts/amssymb.sty
Package: amssymb 2013/01/14 v3.01 AMS font symbols

(/usr/local/texlive/2016/texmf-dist/tex/latex/amsfonts/amsfonts.sty
Package: amsfonts 2013/01/14 v3.01 Basic AMSFonts support
\symAMSa=\mathgroup4
\symAMSb=\mathgroup5
LaTeX Font Info:    Overwriting math alphabet `\mathfrak' in version `bold'
(Font)                  U/euf/m/n --> U/euf/b/n on input line 106.
))
(/usr/local/texlive/2016/texmf-dist/tex/latex/url/url.sty
\Urlmuskip=\muskip11
Package: url 2013/09/16  ver 3.4  Verb mode for urls, etc.
)
(/usr/local/texlive/2016/texmf-dist/tex/latex/tools/enumerate.sty
Package: enumerate 2015/07/23 v3.00 enumerate extensions (DPC)
\@enLab=\toks24
)
(/usr/local/texlive/2016/texmf-dist/tex/latex/tools/longtable.sty
Package: longtable 2014/10/28 v4.11 Multi-page Table package (DPC)
\LTleft=\skip64
\LTright=\skip65
\LTpre=\skip66
\LTpost=\skip67
\LTchunksize=\count107
\LTcapwidth=\dimen124
\LT@head=\box33
\LT@firsthead=\box34
\LT@foot=\box35
\LT@lastfoot=\box36
\LT@cols=\count108
\LT@rows=\count109
\c@LT@tables=\count110
\c@LT@chunks=\count111
\LT@p@ftn=\toks25
)
(/usr/local/texlive/2016/texmf-dist/tex/latex/natbib/natbib.sty
Package: natbib 2010/09/13 8.31b (PWD, AO)
\bibhang=\skip68
\bibsep=\skip69
LaTeX Info: Redefining \cite on input line 694.
\c@NAT@ctr=\count112
)
(/usr/local/texlive/2016/texmf-dist/tex/latex/tools/xspace.sty
Package: xspace 2014/10/28 v1.13 Space after command names (DPC,MH)
)
(/usr/local/texlive/2016/texmf-dist/tex/generic/babel/babel.sty
Package: babel 2016/04/23 3.9r The Babel package

(/usr/local/texlive/2016/texmf-dist/tex/generic/babel-english/english.ldf
Language: english 2012/08/20 v3.3p English support from the babel system

(/usr/local/texlive/2016/texmf-dist/tex/generic/babel/babel.def
File: babel.def 2016/04/23 3.9r Babel common definitions
\babel@savecnt=\count113
\U@D=\dimen125
)
\l@canadian = a dialect from \language\l@american 
\l@australian = a dialect from \language\l@british 
\l@newzealand = a dialect from \language\l@british 
))
(/usr/local/texlive/2016/texmf-dist/tex/latex/rotating/rotating.sty
Package: rotating 2009/03/28 v2.16a rotated objects in LaTeX

(/usr/local/texlive/2016/texmf-dist/tex/latex/graphics/graphicx.sty
Package: graphicx 2014/10/28 v1.0g Enhanced LaTeX Graphics (DPC,SPQR)

(/usr/local/texlive/2016/texmf-dist/tex/latex/graphics/graphics.sty
Package: graphics 2016/05/09 v1.0r Standard LaTeX Graphics (DPC,SPQR)

(/usr/local/texlive/2016/texmf-dist/tex/latex/graphics/trig.sty
Package: trig 2016/01/03 v1.10 sin cos tan (DPC)
)
(/usr/local/texlive/2016/texmf-dist/tex/latex/graphics-cfg/graphics.cfg
File: graphics.cfg 2016/01/02 v1.10 sample graphics configuration
)
Package graphics Info: Driver file: pdftex.def on input line 96.

(/usr/local/texlive/2016/texmf-dist/tex/latex/pdftex-def/pdftex.def
File: pdftex.def 2011/05/27 v0.06d Graphics/color for pdfTeX

(/usr/local/texlive/2016/texmf-dist/tex/generic/oberdiek/infwarerr.sty
Package: infwarerr 2016/05/16 v1.4 Providing info/warning/error messages (HO)
)
(/usr/local/texlive/2016/texmf-dist/tex/generic/oberdiek/ltxcmds.sty
Package: ltxcmds 2016/05/16 v1.23 LaTeX kernel commands for general use (HO)
)
\Gread@gobject=\count114
))
\Gin@req@height=\dimen126
\Gin@req@width=\dimen127
)
(/usr/local/texlive/2016/texmf-dist/tex/latex/base/ifthen.sty
Package: ifthen 2014/09/29 v1.1c Standard LaTeX ifthen package (DPC)
)
\c@r@tfl@t=\count115
\rotFPtop=\skip70
\rotFPbot=\skip71
\rot@float@box=\box37
\rot@mess@toks=\toks26
)
\aa@cnta=\count116
\aa@cntb=\count117
\aa@nbwords=\count118
\aa@nbauthors=\count119
\aa@nbinstitutes=\count120
\c@aa@institutecnt=\count121
\aa@savecounter=\count122
\aa@dima=\skip72
\aa@dimb=\skip73
\aa@dimc=\skip74
\VSpaceBeforeTheorem=\skip75
\VSpaceAfterTheorem=\skip76
\HSpaceIndentTheorem=\skip77
\HVSpaceSepTheorem=\skip78
\aa@securityheadmargin=\skip79
\aa@bleedmargin=\skip80
\aa@voffsetlettername=\skip81
\aa@hoffsetlettername=\skip82
\aa@hoffsetgray=\skip83
\aa@aftercontentsnameskip=\skip84
\aa@aftercontentsAutnameskip=\skip85
\aa@beforeheadboxskip=\skip86
\aa@afterheadboxskip=\skip87
\aa@beforetopicsskip=\skip88
\aa@aftertopicsskip=\skip89
\aa@afterletternameskip=\skip90
\aa@beforeletternameskip=\skip91
\aa@beforeheadnoteskip=\skip92
\aa@afterheadnoteskip=\skip93
\aa@aftertitleskip=\skip94
\aa@beforesubtitleskip=\skip95
\aa@aftersubtitleskip=\skip96
\aa@afterauthorskip=\skip97
\aa@beforedefaultheadnoteskip=\skip98
\aa@headingleftmargin=\skip99
\aa@headingrightmargin=\skip100
\aa@afterinstituteskip=\skip101
\aa@instituteindent=\skip102
\aa@afterdateskip=\skip103
\aa@afterdedicationskip=\skip104
\aa@afterabstractnameskip=\skip105
\aa@afterabstractskip=\skip106
\aa@aftersubabstractskip=\skip107
\aa@afterkeywordsskip=\skip108
\aa@beforeacknowledgementsskip=\skip109
\aa@afteracknowledgementsskip=\skip110
\aa@figgap=\skip111
\aa@sidecaptionminwidth=\skip112
\aa@sidecaptionwidth=\skip113
\VSpaceBeforeFigCaption=\skip114
\VSpaceAfterTabCaption=\skip115
\VSpaceBeforeTabBib=\skip116
\VSpaceBeforeTabFoot=\skip117
\aftertext=\skip118
\aa@entryboxwidth=\skip119
\betweenumberspace=\skip120
\authorlink=\toks27
\yearCop=\toks28
\aa@stripbox=\box38
\aa@outputbox=\box39
\c@AAproof=\count123
\c@AAtheorem=\count124
)
(/usr/local/texlive/2016/texmf-dist/tex/latex/txfonts/txfonts.sty
Package: txfonts 2008/01/22 v3.2.1
LaTeX Font Info:    Redeclaring symbol font `operators' on input line 21.
LaTeX Font Info:    Overwriting symbol font `operators' in version `normal'
(Font)                  OT1/cmr/m/n --> OT1/txr/m/n on input line 21.
LaTeX Font Info:    Overwriting symbol font `operators' in version `bold'
(Font)                  OT1/cmr/bx/n --> OT1/txr/m/n on input line 21.
LaTeX Font Info:    Overwriting symbol font `operators' in version `bold'
(Font)                  OT1/txr/m/n --> OT1/txr/bx/n on input line 22.
\symitalic=\mathgroup6
LaTeX Font Info:    Overwriting symbol font `italic' in version `bold'
(Font)                  OT1/txr/m/it --> OT1/txr/bx/it on input line 26.
LaTeX Font Info:    Redeclaring math alphabet \mathbf on input line 29.
LaTeX Font Info:    Overwriting math alphabet `\mathbf' in version `normal'
(Font)                  OT1/cmr/bx/n --> OT1/txr/bx/n on input line 29.
LaTeX Font Info:    Overwriting math alphabet `\mathbf' in version `bold'
(Font)                  OT1/cmr/bx/n --> OT1/txr/bx/n on input line 29.
LaTeX Font Info:    Redeclaring math alphabet \mathit on input line 30.
LaTeX Font Info:    Overwriting math alphabet `\mathit' in version `normal'
(Font)                  OT1/cmr/m/it --> OT1/txr/m/it on input line 30.
LaTeX Font Info:    Overwriting math alphabet `\mathit' in version `bold'
(Font)                  OT1/cmr/bx/it --> OT1/txr/m/it on input line 30.
LaTeX Font Info:    Overwriting math alphabet `\mathit' in version `bold'
(Font)                  OT1/txr/m/it --> OT1/txr/bx/it on input line 31.
LaTeX Font Info:    Redeclaring math alphabet \mathsf on input line 40.
LaTeX Font Info:    Overwriting math alphabet `\mathsf' in version `normal'
(Font)                  OT1/cmss/m/n --> OT1/txss/m/n on input line 40.
LaTeX Font Info:    Overwriting math alphabet `\mathsf' in version `bold'
(Font)                  OT1/cmss/bx/n --> OT1/txss/m/n on input line 40.
LaTeX Font Info:    Overwriting math alphabet `\mathsf' in version `bold'
(Font)                  OT1/txss/m/n --> OT1/txss/b/n on input line 41.
LaTeX Font Info:    Redeclaring math alphabet \mathtt on input line 50.
LaTeX Font Info:    Overwriting math alphabet `\mathtt' in version `normal'
(Font)                  OT1/cmtt/m/n --> OT1/txtt/m/n on input line 50.
LaTeX Font Info:    Overwriting math alphabet `\mathtt' in version `bold'
(Font)                  OT1/cmtt/m/n --> OT1/txtt/m/n on input line 50.
LaTeX Font Info:    Overwriting math alphabet `\mathtt' in version `bold'
(Font)                  OT1/txtt/m/n --> OT1/txtt/b/n on input line 51.
LaTeX Font Info:    Redeclaring symbol font `letters' on input line 58.
LaTeX Font Info:    Overwriting symbol font `letters' in version `normal'
(Font)                  OML/cmm/m/it --> OML/txmi/m/it on input line 58.
LaTeX Font Info:    Overwriting symbol font `letters' in version `bold'
(Font)                  OML/cmm/b/it --> OML/txmi/m/it on input line 58.
LaTeX Font Info:    Overwriting symbol font `letters' in version `bold'
(Font)                  OML/txmi/m/it --> OML/txmi/bx/it on input line 59.
\symlettersA=\mathgroup7
LaTeX Font Info:    Overwriting symbol font `lettersA' in version `bold'
(Font)                  U/txmia/m/it --> U/txmia/bx/it on input line 67.
LaTeX Font Info:    Redeclaring math alphabet \mathfrak on input line 70.
LaTeX Font Info:    Redeclaring symbol font `symbols' on input line 77.
LaTeX Font Info:    Overwriting symbol font `symbols' in version `normal'
(Font)                  OMS/cmsy/m/n --> OMS/txsy/m/n on input line 77.
LaTeX Font Info:    Overwriting symbol font `symbols' in version `bold'
(Font)                  OMS/cmsy/b/n --> OMS/txsy/m/n on input line 77.
LaTeX Font Info:    Overwriting symbol font `symbols' in version `bold'
(Font)                  OMS/txsy/m/n --> OMS/txsy/bx/n on input line 78.
LaTeX Font Info:    Redeclaring symbol font `AMSa' on input line 93.
LaTeX Font Info:    Overwriting symbol font `AMSa' in version `normal'
(Font)                  U/msa/m/n --> U/txsya/m/n on input line 93.
LaTeX Font Info:    Overwriting symbol font `AMSa' in version `bold'
(Font)                  U/msa/m/n --> U/txsya/m/n on input line 93.
LaTeX Font Info:    Overwriting symbol font `AMSa' in version `bold'
(Font)                  U/txsya/m/n --> U/txsya/bx/n on input line 94.
LaTeX Font Info:    Redeclaring symbol font `AMSb' on input line 102.
LaTeX Font Info:    Overwriting symbol font `AMSb' in version `normal'
(Font)                  U/msb/m/n --> U/txsyb/m/n on input line 102.
LaTeX Font Info:    Overwriting symbol font `AMSb' in version `bold'
(Font)                  U/msb/m/n --> U/txsyb/m/n on input line 102.
LaTeX Font Info:    Overwriting symbol font `AMSb' in version `bold'
(Font)                  U/txsyb/m/n --> U/txsyb/bx/n on input line 103.
\symsymbolsC=\mathgroup8
LaTeX Font Info:    Overwriting symbol font `symbolsC' in version `bold'
(Font)                  U/txsyc/m/n --> U/txsyc/bx/n on input line 113.
LaTeX Font Info:    Redeclaring symbol font `largesymbols' on input line 120.
LaTeX Font Info:    Overwriting symbol font `largesymbols' in version `normal'
(Font)                  OMX/cmex/m/n --> OMX/txex/m/n on input line 120.
LaTeX Font Info:    Overwriting symbol font `largesymbols' in version `bold'
(Font)                  OMX/cmex/m/n --> OMX/txex/m/n on input line 120.
LaTeX Font Info:    Overwriting symbol font `largesymbols' in version `bold'
(Font)                  OMX/txex/m/n --> OMX/txex/bx/n on input line 121.
\symlargesymbolsA=\mathgroup9
LaTeX Font Info:    Overwriting symbol font `largesymbolsA' in version `bold'
(Font)                  U/txexa/m/n --> U/txexa/bx/n on input line 129.
LaTeX Info: Redefining \not on input line 1043.
)
(/usr/local/texlive/2016/texmf-dist/tex/latex/hyperref/hyperref.sty
Package: hyperref 2016/05/05 v6.83n Hypertext links for LaTeX

(/usr/local/texlive/2016/texmf-dist/tex/generic/oberdiek/hobsub-hyperref.sty
Package: hobsub-hyperref 2016/05/16 v1.14 Bundle oberdiek, subset hyperref (HO)


(/usr/local/texlive/2016/texmf-dist/tex/generic/oberdiek/hobsub-generic.sty
Package: hobsub-generic 2016/05/16 v1.14 Bundle oberdiek, subset generic (HO)
Package: hobsub 2016/05/16 v1.14 Construct package bundles (HO)
Package hobsub Info: Skipping package `infwarerr' (already loaded).
Package hobsub Info: Skipping package `ltxcmds' (already loaded).
Package: ifluatex 2016/05/16 v1.4 Provides the ifluatex switch (HO)
Package ifluatex Info: LuaTeX not detected.
Package hobsub Info: Skipping package `ifvtex' (already loaded).
Package: intcalc 2016/05/16 v1.2 Expandable calculations with integers (HO)
Package hobsub Info: Skipping package `ifpdf' (already loaded).
Package: etexcmds 2016/05/16 v1.6 Avoid name clashes with e-TeX commands (HO)
Package etexcmds Info: Could not find \expanded.
(etexcmds)             That can mean that you are not using pdfTeX 1.50 or
(etexcmds)             that some package has redefined \expanded.
(etexcmds)             In the latter case, load this package earlier.
Package: kvsetkeys 2016/05/16 v1.17 Key value parser (HO)
Package: kvdefinekeys 2016/05/16 v1.4 Define keys (HO)
Package: pdftexcmds 2016/05/10 v0.21 Utility functions of pdfTeX for LuaTeX (HO
)
Package pdftexcmds Info: LuaTeX not detected.
Package pdftexcmds Info: \pdf@primitive is available.
Package pdftexcmds Info: \pdf@ifprimitive is available.
Package pdftexcmds Info: \pdfdraftmode found.
Package: pdfescape 2016/05/16 v1.14 Implements pdfTeX's escape features (HO)
Package: bigintcalc 2016/05/16 v1.4 Expandable calculations on big integers (HO
)
Package: bitset 2016/05/16 v1.2 Handle bit-vector datatype (HO)
Package: uniquecounter 2016/05/16 v1.3 Provide unlimited unique counter (HO)
)
Package hobsub Info: Skipping package `hobsub' (already loaded).
Package: letltxmacro 2016/05/16 v1.5 Let assignment for LaTeX macros (HO)
Package: hopatch 2016/05/16 v1.3 Wrapper for package hooks (HO)
Package: xcolor-patch 2016/05/16 xcolor patch
Package: atveryend 2016/05/16 v1.9 Hooks at the very end of document (HO)
Package: atbegshi 2016/05/16 v1.17 At begin shipout hook (HO)
Package: refcount 2016/05/16 v3.5 Data extraction from label references (HO)
Package: hycolor 2016/05/16 v1.8 Color options for hyperref/bookmark (HO)
)
(/usr/local/texlive/2016/texmf-dist/tex/latex/oberdiek/auxhook.sty
Package: auxhook 2016/05/16 v1.4 Hooks for auxiliary files (HO)
)
(/usr/local/texlive/2016/texmf-dist/tex/latex/oberdiek/kvoptions.sty
Package: kvoptions 2016/05/16 v3.12 Key value format for package options (HO)
)
\@linkdim=\dimen128
\Hy@linkcounter=\count125
\Hy@pagecounter=\count126

(/usr/local/texlive/2016/texmf-dist/tex/latex/hyperref/pd1enc.def
File: pd1enc.def 2016/05/05 v6.83n Hyperref: PDFDocEncoding definition (HO)
Now handling font encoding PD1 ...
... no UTF-8 mapping file for font encoding PD1
)
\Hy@SavedSpaceFactor=\count127

(/usr/local/texlive/2016/texmf-dist/tex/latex/latexconfig/hyperref.cfg
File: hyperref.cfg 2002/06/06 v1.2 hyperref configuration of TeXLive
)
Package hyperref Info: Option `colorlinks' set `true' on input line 4322.
Package hyperref Info: Hyper figures OFF on input line 4446.
Package hyperref Info: Link nesting OFF on input line 4451.
Package hyperref Info: Hyper index ON on input line 4454.
Package hyperref Info: Plain pages OFF on input line 4461.
Package hyperref Info: Backreferencing OFF on input line 4466.
Package hyperref Info: Implicit mode ON; LaTeX internals redefined.
Package hyperref Info: Bookmarks ON on input line 4691.
\c@Hy@tempcnt=\count128
LaTeX Info: Redefining \url on input line 5044.
\XeTeXLinkMargin=\dimen129
\Fld@menulength=\count129
\Field@Width=\dimen130
\Fld@charsize=\dimen131
Package hyperref Info: Hyper figures OFF on input line 6298.
Package hyperref Info: Link nesting OFF on input line 6303.
Package hyperref Info: Hyper index ON on input line 6306.
Package hyperref Info: backreferencing OFF on input line 6313.
Package hyperref Info: Link coloring ON on input line 6316.
Package hyperref Info: Link coloring with OCG OFF on input line 6323.
Package hyperref Info: PDF/A mode OFF on input line 6328.
LaTeX Info: Redefining \ref on input line 6368.
LaTeX Info: Redefining \pageref on input line 6372.
\Hy@abspage=\count130
\c@Item=\count131
\c@Hfootnote=\count132
)

Package hyperref Message: Driver (autodetected): hpdftex.

(/usr/local/texlive/2016/texmf-dist/tex/latex/hyperref/hpdftex.def
File: hpdftex.def 2016/05/05 v6.83n Hyperref driver for pdfTeX
\Fld@listcount=\count133
\c@bookmark@seq@number=\count134

(/usr/local/texlive/2016/texmf-dist/tex/latex/oberdiek/rerunfilecheck.sty
Package: rerunfilecheck 2016/05/16 v1.8 Rerun checks for auxiliary files (HO)
Package uniquecounter Info: New unique counter `rerunfilecheck' on input line 2
82.
)
\Hy@SectionHShift=\skip121
)
(/usr/local/texlive/2016/texmf-dist/tex/latex/graphics/color.sty
Package: color 2016/05/09 v1.1c Standard LaTeX Color (DPC)

(/usr/local/texlive/2016/texmf-dist/tex/latex/graphics-cfg/color.cfg
File: color.cfg 2016/01/02 v1.6 sample color configuration
)
Package color Info: Driver file: pdftex.def on input line 144.

(/usr/local/texlive/2016/texmf-dist/tex/latex/graphics/dvipsnam.def
File: dvipsnam.def 2015/12/30 v3.0k Driver-dependent file (DPC,SPQR)
))
(/usr/local/texlive/2016/texmf-dist/tex/latex/overpic/overpic.sty
Package: overpic 2010/09/13 v0.53  Overwriting graphics

Package: overpic v0.53 <2010/09/13> (RN)
(/usr/local/texlive/2016/texmf-dist/tex/latex/eepic/epic.sty
Enhancements to Picture Environment. Version 1.2 - Released June 1, 1986
\@@multicnt=\count135
\d@lta=\count136
\@delta=\dimen132
\@@delta=\dimen133
\@gridcnt=\count137
\@joinkind=\count138
\@dotgap=\dimen134
\@ddotgap=\dimen135
\@x@diff=\count139
\@y@diff=\count140
\x@diff=\dimen136
\y@diff=\dimen137
\@dotbox=\box40
\num@segments=\count141
\num@segmentsi=\count142
\@datafile=\read1
)
overpic: relative positioning in percent
)

LaTeX Warning: Unused global option(s):
    [traditionalabstract].

(./NIKA2_calib_perf_corr.aux

LaTeX Warning: Label `tab:solid_corr' multiply defined.

)
\openout1 = `NIKA2_calib_perf_corr.aux'.

LaTeX Font Info:    Checking defaults for OML/txmi/m/it on input line 78.
LaTeX Font Info:    Try loading font information for OML+txmi on input line 78.

 (/usr/local/texlive/2016/texmf-dist/tex/latex/txfonts/omltxmi.fd
File: omltxmi.fd 2000/12/15 v3.1
)
LaTeX Font Info:    ... okay on input line 78.
LaTeX Font Info:    Checking defaults for T1/cmr/m/n on input line 78.
LaTeX Font Info:    ... okay on input line 78.
LaTeX Font Info:    Checking defaults for OT1/cmr/m/n on input line 78.
LaTeX Font Info:    ... okay on input line 78.
LaTeX Font Info:    Checking defaults for OMS/txsy/m/n on input line 78.
LaTeX Font Info:    Try loading font information for OMS+txsy on input line 78.


(/usr/local/texlive/2016/texmf-dist/tex/latex/txfonts/omstxsy.fd
File: omstxsy.fd 2000/12/15 v3.1
)
LaTeX Font Info:    ... okay on input line 78.
LaTeX Font Info:    Checking defaults for OMX/txex/m/n on input line 78.
LaTeX Font Info:    Try loading font information for OMX+txex on input line 78.


(/usr/local/texlive/2016/texmf-dist/tex/latex/txfonts/omxtxex.fd
File: omxtxex.fd 2000/12/15 v3.1
)
LaTeX Font Info:    ... okay on input line 78.
LaTeX Font Info:    Checking defaults for U/txexa/m/n on input line 78.
LaTeX Font Info:    Try loading font information for U+txexa on input line 78.

(/usr/local/texlive/2016/texmf-dist/tex/latex/txfonts/utxexa.fd
File: utxexa.fd 2000/12/15 v3.1
)
LaTeX Font Info:    ... okay on input line 78.
LaTeX Font Info:    Checking defaults for PD1/pdf/m/n on input line 78.
LaTeX Font Info:    ... okay on input line 78.
LaTeX Font Info:    Try loading font information for T1+txr on input line 78.

(/usr/local/texlive/2016/texmf-dist/tex/latex/txfonts/t1txr.fd
File: t1txr.fd 2000/12/15 v3.1
)
*geometry* detected driver: pdftex
*geometry* verbose mode - [ preamble ] result:
* driver: pdftex
* paper: a4paper
* layout: <same size as paper>
* layoutoffset:(h,v)=(0.0pt,0.0pt)
* modes: twoside 
* h-part:(L,W,R)=(36.98859pt, 523.5307pt, 36.98859pt)
* v-part:(T,H,B)=(56.01874pt, 705.0pt, 84.0281pt)
* \paperwidth=597.50787pt
* \paperheight=845.04684pt
* \textwidth=523.5307pt
* \textheight=705.0pt
* \oddsidemargin=-35.2814pt
* \evensidemargin=-35.2814pt
* \topmargin=-40.25125pt
* \headheight=12.0pt
* \headsep=12.0pt
* \topskip=10.0pt
* \footskip=20.0pt
* \marginparwidth=0.0pt
* \marginparsep=0.0pt
* \columnsep=11.38109pt
* \skip\footins=9.0pt plus 4.0pt minus 2.0pt
* \hoffset=0.0pt
* \voffset=0.0pt
* \mag=1000
* \@twocolumntrue
* \@twosidetrue
* \@mparswitchtrue
* \@reversemarginfalse
* (1in=72.27pt=25.4mm, 1cm=28.453pt)

(/usr/local/texlive/2016/texmf-dist/tex/context/base/mkii/supp-pdf.mkii
[Loading MPS to PDF converter (version 2006.09.02).]
\scratchcounter=\count143
\scratchdimen=\dimen138
\scratchbox=\box41
\nofMPsegments=\count144
\nofMParguments=\count145
\everyMPshowfont=\toks29
\MPscratchCnt=\count146
\MPscratchDim=\dimen139
\MPnumerator=\count147
\makeMPintoPDFobject=\count148
\everyMPtoPDFconversion=\toks30
) (/usr/local/texlive/2016/texmf-dist/tex/latex/oberdiek/epstopdf-base.sty
Package: epstopdf-base 2016/05/15 v2.6 Base part for package epstopdf

(/usr/local/texlive/2016/texmf-dist/tex/latex/oberdiek/grfext.sty
Package: grfext 2016/05/16 v1.2 Manage graphics extensions (HO)
)
Package grfext Info: Graphics extension search list:
(grfext)             [.png,.pdf,.jpg,.mps,.jpeg,.jbig2,.jb2,.PNG,.PDF,.JPG,.JPE
G,.JBIG2,.JB2,.eps]
(grfext)             \AppendGraphicsExtensions on input line 456.

(/usr/local/texlive/2016/texmf-dist/tex/latex/latexconfig/epstopdf-sys.cfg
File: epstopdf-sys.cfg 2010/07/13 v1.3 Configuration of (r)epstopdf for TeX Liv
e
))
\AtBeginShipoutBox=\box42
Package hyperref Info: Link coloring ON on input line 78.

(/usr/local/texlive/2016/texmf-dist/tex/latex/hyperref/nameref.sty
Package: nameref 2012/10/27 v2.43 Cross-referencing by name of section

(/usr/local/texlive/2016/texmf-dist/tex/generic/oberdiek/gettitlestring.sty
Package: gettitlestring 2016/05/16 v1.5 Cleanup title references (HO)
)
\c@section@level=\count149
)
LaTeX Info: Redefining \ref on input line 78.
LaTeX Info: Redefining \pageref on input line 78.
LaTeX Info: Redefining \nameref on input line 78.

(./NIKA2_calib_perf_corr.out) (./NIKA2_calib_perf_corr.out)
\@outlinefile=\write3
\openout3 = `NIKA2_calib_perf_corr.out'.

LaTeX Font Info:    Try loading font information for OMS+txr on input line 266.


(/usr/local/texlive/2016/texmf-dist/tex/latex/txfonts/omstxr.fd
File: omstxr.fd 2000/12/15 v3.1
)
LaTeX Font Info:    Font shape `OMS/txr/m/n' in size <10> not available
(Font)              Font shape `OMS/txsy/m/n' tried instead on input line 266.
LaTeX Font Info:    Try loading font information for OT1+txr on input line 266.


(/usr/local/texlive/2016/texmf-dist/tex/latex/txfonts/ot1txr.fd
File: ot1txr.fd 2000/12/15 v3.1
)
LaTeX Font Info:    Try loading font information for U+txsya on input line 266.


(/usr/local/texlive/2016/texmf-dist/tex/latex/txfonts/utxsya.fd
File: utxsya.fd 2000/12/15 v3.1
)
LaTeX Font Info:    Try loading font information for U+txsyb on input line 266.


(/usr/local/texlive/2016/texmf-dist/tex/latex/txfonts/utxsyb.fd
File: utxsyb.fd 2000/12/15 v3.1
)
LaTeX Font Info:    Try loading font information for U+txmia on input line 266.


(/usr/local/texlive/2016/texmf-dist/tex/latex/txfonts/utxmia.fd
File: utxmia.fd 2000/12/15 v3.1
)
LaTeX Font Info:    Try loading font information for U+txsyc on input line 266.


(/usr/local/texlive/2016/texmf-dist/tex/latex/txfonts/utxsyc.fd
File: utxsyc.fd 2000/12/15 v3.1
)
LaTeX Font Info:    Try loading font information for T1+txss on input line 266.


(/usr/local/texlive/2016/texmf-dist/tex/latex/txfonts/t1txss.fd
File: t1txss.fd 2000/12/15 v3.1
)
LaTeX Font Info:    Font shape `T1/txss/m/n' will be
(Font)              scaled to size 16.41594pt on input line 266.
LaTeX Font Info:    Font shape `T1/txss/bx/n' will be
(Font)              scaled to size 16.41594pt on input line 266.
LaTeX Font Info:    Font shape `T1/txss/m/n' will be
(Font)              scaled to size 8.54997pt on input line 266.
LaTeX Font Info:    Font shape `T1/txss/bx/n' will be
(Font)              scaled to size 8.54997pt on input line 266.
LaTeX Font Info:    Font shape `T1/txss/m/it' in size <9> not available
(Font)              Font shape `T1/txss/m/sl' tried instead on input line 266.
LaTeX Font Info:    Font shape `T1/txss/m/sl' will be
(Font)              scaled to size 8.54997pt on input line 266.


LaTeX Warning: Optional argument of \twocolumn too tall on page 1.


Overfull \vbox (28.0pt too high) has occurred while \output is active []



LaTeX Warning: Text page 1 contains only floats.


Overfull \vbox (28.0pt too high) has occurred while \output is active []


Overfull \vbox (14.0pt too high) has occurred while \output is active []



Package hyperref Warning: Suppressing link with empty target on input line 266.


[1{/usr/local/texlive/2016/texmf-var/fonts/map/pdftex/updmap/pdftex.map}


]
Underfull \vbox (badness 10000) has occurred while \output is active []


Underfull \vbox (badness 10000) has occurred while \output is active []



Package hyperref Warning: Suppressing link with empty target on input line 266.


[2]
LaTeX Font Info:    Font shape `T1/txss/m/n' will be
(Font)              scaled to size 10.40245pt on input line 266.
LaTeX Font Info:    Font shape `T1/txss/bx/n' will be
(Font)              scaled to size 10.40245pt on input line 266.

Underfull \hbox (badness 1424) in paragraph at lines 395--414
[]\T1/txr/m/n/10 The cur-rent gen-er-a-tion of sub-arcminute res-o-lu-tion ex-
 []


Underfull \hbox (badness 1158) in paragraph at lines 395--414
\T1/txr/m/n/10 per-i-ments also in-cludes the Large APEX Bolome-ter Cam-
 []


Package hyperref Warning: Suppressing link with empty target on input line 426.


[3]
LaTeX Font Info:    Font shape `T1/txss/m/n' will be
(Font)              scaled to size 9.49997pt on input line 504.
LaTeX Font Info:    Font shape `T1/txss/m/it' in size <10> not available
(Font)              Font shape `T1/txss/m/sl' tried instead on input line 504.
LaTeX Font Info:    Font shape `T1/txss/m/sl' will be
(Font)              scaled to size 9.49997pt on input line 504.


Package hyperref Warning: Suppressing link with empty target on input line 567.


[4]
LaTeX Font Info:    Try loading font information for T1+txtt on input line 577.

 (/usr/local/texlive/2016/texmf-dist/tex/latex/txfonts/t1txtt.fd
File: t1txtt.fd 2000/12/15 v3.1
)
Underfull \hbox (badness 10000) in paragraph at lines 589--614

 []

<Figures/bandpasses_nika2_colorsok.png, id=584, 505.89pt x 505.89pt>
File: Figures/bandpasses_nika2_colorsok.png Graphic file (type png)

<use Figures/bandpasses_nika2_colorsok.png>
Package pdftex.def Info: Figures/bandpasses_nika2_colorsok.png used on input li
ne 634.
(pdftex.def)             Requested size: 261.76535pt x 217.59975pt.

Overfull \hbox (5.69055pt too wide) in paragraph at lines 634--644
 [] 
 []


Underfull \vbox (badness 10000) has occurred while \output is active []



Package hyperref Warning: Suppressing link with empty target on input line 718.


[5 <./Figures/bandpasses_nika2_colorsok.png>]

Package hyperref Warning: Suppressing link with empty target on input line 859.


[6] <Figures/toi_plot-eps-converted-to.pdf, id=648, 523.9575pt x 523.9575pt>
File: Figures/toi_plot-eps-converted-to.pdf Graphic file (type pdf)

<use Figures/toi_plot-eps-converted-to.pdf>
Package pdftex.def Info: Figures/toi_plot-eps-converted-to.pdf used on input li
ne 953.
(pdftex.def)             Requested size: 523.95622pt x 523.95622pt.

<Figures/toi_plot_decorr-eps-converted-to.pdf, id=650, 523.9575pt x 523.9575pt>
File: Figures/toi_plot_decorr-eps-converted-to.pdf Graphic file (type pdf)
<use Figures/toi_plot_decorr-eps-converted-to.pdf>
Package pdftex.def Info: Figures/toi_plot_decorr-eps-converted-to.pdf used on i
nput line 954.
(pdftex.def)             Requested size: 523.95622pt x 523.95622pt.

<Figures/pws_TOI_array_1_20170228s151_mod.pdf, id=654, 1084.05pt x 722.7pt>
File: Figures/pws_TOI_array_1_20170228s151_mod.pdf Graphic file (type pdf)

<use Figures/pws_TOI_array_1_20170228s151_mod.pdf>
Package pdftex.def Info: Figures/pws_TOI_array_1_20170228s151_mod.pdf used on i
nput line 978.
(pdftex.def)             Requested size: 209.40907pt x 138.6761pt.

<Figures/pws_TOI_array_3_20170228s151_mod.pdf, id=656, 1084.05pt x 722.7pt>
File: Figures/pws_TOI_array_3_20170228s151_mod.pdf Graphic file (type pdf)

<use Figures/pws_TOI_array_3_20170228s151_mod.pdf>
Package pdftex.def Info: Figures/pws_TOI_array_3_20170228s151_mod.pdf used on i
nput line 981.
(pdftex.def)             Requested size: 209.40907pt x 138.6761pt.

<Figures/pws_TOI_array_2_20170228s151_mod.pdf, id=658, 1084.05pt x 722.7pt>
File: Figures/pws_TOI_array_2_20170228s151_mod.pdf Graphic file (type pdf)

<use Figures/pws_TOI_array_2_20170228s151_mod.pdf>
Package pdftex.def Info: Figures/pws_TOI_array_2_20170228s151_mod.pdf used on i
nput line 984.
(pdftex.def)             Requested size: 209.40907pt x 138.6761pt.


Package hyperref Warning: Suppressing link with empty target on input line 1019
.

[7]

Package hyperref Warning: Suppressing link with empty target on input line 1070
.

[8 <./Figures/toi_plot-eps-converted-to.pdf> <./Figures/toi_plot_decorr-eps-con
verted-to.pdf> <./Figures/pws_TOI_array_1_20170228s151_mod.pdf> <./Figures/pws_
TOI_array_3_20170228s151_mod.pdf> <./Figures/pws_TOI_array_2_20170228s151_mod.p
df>]

Package hyperref Warning: Suppressing link with empty target on input line 1255
.

[9] <Figures/A1_fwhm_color_count.pdf, id=947, 597.23125pt x 845.1575pt>
File: Figures/A1_fwhm_color_count.pdf Graphic file (type pdf)

<use Figures/A1_fwhm_color_count.pdf>
Package pdftex.def Info: Figures/A1_fwhm_color_count.pdf used on input line 125
8.
(pdftex.def)             Requested size: 167.53365pt x 163.53607pt.

<Figures/A3_fwhm_color_count.pdf, id=949, 597.23125pt x 845.1575pt>
File: Figures/A3_fwhm_color_count.pdf Graphic file (type pdf)

<use Figures/A3_fwhm_color_count.pdf>
Package pdftex.def Info: Figures/A3_fwhm_color_count.pdf used on input line 125
9.
(pdftex.def)             Requested size: 167.53365pt x 163.53607pt.

<Figures/A2_fwhm_color_count.pdf, id=951, 597.23125pt x 845.1575pt>
File: Figures/A2_fwhm_color_count.pdf Graphic file (type pdf)

<use Figures/A2_fwhm_color_count.pdf>
Package pdftex.def Info: Figures/A2_fwhm_color_count.pdf used on input line 126
0.
(pdftex.def)             Requested size: 167.53365pt x 163.53607pt.

Overfull \hbox (21.56352pt too wide) in paragraph at lines 1316--1361
 [][] 
 []


Package hyperref Warning: Suppressing link with empty target on input line 1436
.

[10]
Underfull \vbox (badness 3396) has occurred while \output is active []


Underfull \vbox (badness 10000) has occurred while \output is active []



Package hyperref Warning: Suppressing link with empty target on input line 1544
.

[11 <./Figures/A1_fwhm_color_count.pdf> <./Figures/A3_fwhm_color_count.pdf> <./
Figures/A2_fwhm_color_count.pdf>]

LaTeX Warning: Command \textquoteright invalid in math mode on input line 1564.


<Figures/Lobe_map_Combo_1_dB_16.pdf, id=1034, 537.00626pt x 501.875pt>
File: Figures/Lobe_map_Combo_1_dB_16.pdf Graphic file (type pdf)

<use Figures/Lobe_map_Combo_1_dB_16.pdf>
Package pdftex.def Info: Figures/Lobe_map_Combo_1_dB_16.pdf used on input line 
1583.
(pdftex.def)             Requested size: 123.03003pt x 121.97658pt.

<Figures/Lobe_map_Combo_3_dB_16.pdf, id=1036, 537.00626pt x 501.875pt>
File: Figures/Lobe_map_Combo_3_dB_16.pdf Graphic file (type pdf)

<use Figures/Lobe_map_Combo_3_dB_16.pdf>
Package pdftex.def Info: Figures/Lobe_map_Combo_3_dB_16.pdf used on input line 
1584.
(pdftex.def)             Requested size: 117.79759pt x 123.85732pt.

<Figures/Lobe_map_Combo_1MM_dB_16.pdf, id=1038, 537.00626pt x 501.875pt>
File: Figures/Lobe_map_Combo_1MM_dB_16.pdf Graphic file (type pdf)

<use Figures/Lobe_map_Combo_1MM_dB_16.pdf>
Package pdftex.def Info: Figures/Lobe_map_Combo_1MM_dB_16.pdf used on input lin
e 1585.
(pdftex.def)             Requested size: 117.79759pt x 123.85732pt.

<Figures/Lobe_map_Combo_2_dB_bar_16.pdf, id=1040, 537.00626pt x 501.875pt>
File: Figures/Lobe_map_Combo_2_dB_bar_16.pdf Graphic file (type pdf)

<use Figures/Lobe_map_Combo_2_dB_bar_16.pdf>
Package pdftex.def Info: Figures/Lobe_map_Combo_2_dB_bar_16.pdf used on input l
ine 1586.
(pdftex.def)             Requested size: 141.35551pt x 131.58932pt.

Underfull \hbox (badness 3679) in paragraph at lines 1642--1653
[]\T1/txr/m/n/10 We fur-ther quan-tify the re-spec-tive level of the axi-
 []

<Figures/plot_profiles_dB_1mm.pdf, id=1055, 349.305pt x 255.95625pt>
File: Figures/plot_profiles_dB_1mm.pdf Graphic file (type pdf)

<use Figures/plot_profiles_dB_1mm.pdf>
Package pdftex.def Info: Figures/plot_profiles_dB_1mm.pdf used on input line 17
34.
(pdftex.def)             Requested size: 256.0748pt x 187.65105pt.

<Figures/plot_profiles_dB_a2.pdf, id=1057, 349.305pt x 255.95625pt>
File: Figures/plot_profiles_dB_a2.pdf Graphic file (type pdf)

<use Figures/plot_profiles_dB_a2.pdf>
Package pdftex.def Info: Figures/plot_profiles_dB_a2.pdf used on input line 173
5.
(pdftex.def)             Requested size: 256.0748pt x 187.65105pt.


Package hyperref Warning: Suppressing link with empty target on input line 1755
.

[12]
Underfull \hbox (badness 10000) in paragraph at lines 1757--1765

 []


Underfull \hbox (badness 10000) in paragraph at lines 1766--1773

 []


Underfull \hbox (badness 10000) in paragraph at lines 1774--1786

 []


Package hyperref Warning: Suppressing link with empty target on input line 1786
.

[13 <./Figures/Lobe_map_Combo_1_dB_16.pdf> <./Figures/Lobe_map_Combo_3_dB_16.pd
f> <./Figures/Lobe_map_Combo_1MM_dB_16.pdf> <./Figures/Lobe_map_Combo_2_dB_bar_
16.pdf> <./Figures/plot_profiles_dB_1mm.pdf> <./Figures/plot_profiles_dB_a2.pdf
>]
<Figures/plot_FWHM_vs_atmtrans_mb_radius_binning2_1mm.pdf, id=1142, 312.16624pt
 x 226.8475pt>
File: Figures/plot_FWHM_vs_atmtrans_mb_radius_binning2_1mm.pdf Graphic file (ty
pe pdf)
 <use Figures/plot_FWHM_vs_atmtrans_mb_radius_binning2_1mm.pdf>
Package pdftex.def Info: Figures/plot_FWHM_vs_atmtrans_mb_radius_binning2_1mm.p
df used on input line 1911.
(pdftex.def)             Requested size: 209.40907pt x 152.1774pt.

<Figures/plot_FWHM_vs_atmtrans_mb_radius_binning2_a2.pdf, id=1144, 312.16624pt 
x 226.8475pt>
File: Figures/plot_FWHM_vs_atmtrans_mb_radius_binning2_a2.pdf Graphic file (typ
e pdf)
 <use Figures/plot_FWHM_vs_atmtrans_mb_radius_binning2_a2.pdf>
Package pdftex.def Info: Figures/plot_FWHM_vs_atmtrans_mb_radius_binning2_a2.pd
f used on input line 1912.
(pdftex.def)             Requested size: 209.40907pt x 152.1774pt.


Package hyperref Warning: Suppressing link with empty target on input line 1934
.

[14 <./Figures/plot_FWHM_vs_atmtrans_mb_radius_binning2_1mm.pdf> <./Figures/plo
t_FWHM_vs_atmtrans_mb_radius_binning2_a2.pdf>]

Package hyperref Warning: Suppressing link with empty target on input line 2074
.

[15]

Package hyperref Warning: Suppressing link with empty target on input line 2264
.

[16]
<Figures/test_allskd4_N2R9v5_5-crop.pdf, id=1228, 467.7475pt x 328.22626pt>
File: Figures/test_allskd4_N2R9v5_5-crop.pdf Graphic file (type pdf)

<use Figures/test_allskd4_N2R9v5_5-crop.pdf>
Package pdftex.def Info: Figures/test_allskd4_N2R9v5_5-crop.pdf used on input l
ine 2413.
(pdftex.def)             Requested size: 230.46574pt x 156.00304pt.


Package hyperref Warning: Suppressing link with empty target on input line 2448
.

[17]
<Figures/plot_skydip_selection_two_crit.pdf, id=1245, 341.275pt x 226.8475pt>
File: Figures/plot_skydip_selection_two_crit.pdf Graphic file (type pdf)

<use Figures/plot_skydip_selection_two_crit.pdf>
Package pdftex.def Info: Figures/plot_skydip_selection_two_crit.pdf used on inp
ut line 2481.
(pdftex.def)             Requested size: 256.0748pt x 170.22519pt.

<Figures/Opacity_correl_skydip_vs_tau_a1.pdf, id=1249, 260.2292pt x 190.40636pt
>
File: Figures/Opacity_correl_skydip_vs_tau_a1.pdf Graphic file (type pdf)
 <use Figures/Opacity_correl_skydip_vs_tau_a1.pdf>
Package pdftex.def Info: Figures/Opacity_correl_skydip_vs_tau_a1.pdf used on in
put line 2533.
(pdftex.def)             Requested size: 157.0608pt x 116.26385pt.

<Figures/Opacity_correl_skydip_vs_tau_a3.pdf, id=1251, 260.2292pt x 190.40636pt
>
File: Figures/Opacity_correl_skydip_vs_tau_a3.pdf Graphic file (type pdf)
 <use Figures/Opacity_correl_skydip_vs_tau_a3.pdf>
Package pdftex.def Info: Figures/Opacity_correl_skydip_vs_tau_a3.pdf used on in
put line 2536.
(pdftex.def)             Requested size: 157.0608pt x 116.26385pt.

<Figures/Opacity_skydip_to_taumeter_vs_elev_1mm.pdf, id=1253, 262.59605pt x 190
.40636pt>
File: Figures/Opacity_skydip_to_taumeter_vs_elev_1mm.pdf Graphic file (type pdf
)
 <use Figures/Opacity_skydip_to_taumeter_vs_elev_1mm.pdf>
Package pdftex.def Info: Figures/Opacity_skydip_to_taumeter_vs_elev_1mm.pdf use
d on input line 2537.
(pdftex.def)             Requested size: 157.0608pt x 115.2439pt.

<Figures/Opacity_correl_skydip_vs_tau_1mm.pdf, id=1255, 260.2292pt x 190.40636p
t>
File: Figures/Opacity_correl_skydip_vs_tau_1mm.pdf Graphic file (type pdf)
 <use Figures/Opacity_correl_skydip_vs_tau_1mm.pdf>
Package pdftex.def Info: Figures/Opacity_correl_skydip_vs_tau_1mm.pdf used on i
nput line 2540.
(pdftex.def)             Requested size: 157.0608pt x 116.26385pt.

<Figures/Opacity_correl_skydip_vs_tau_a2.pdf, id=1257, 260.2292pt x 190.40636pt
>
File: Figures/Opacity_correl_skydip_vs_tau_a2.pdf Graphic file (type pdf)
 <use Figures/Opacity_correl_skydip_vs_tau_a2.pdf>
Package pdftex.def Info: Figures/Opacity_correl_skydip_vs_tau_a2.pdf used on in
put line 2541.
(pdftex.def)             Requested size: 157.0608pt x 116.26385pt.

<Figures/Opacity_skydip_to_taumeter_vs_elev_a2.pdf, id=1259, 262.59605pt x 190.
40636pt>
File: Figures/Opacity_skydip_to_taumeter_vs_elev_a2.pdf Graphic file (type pdf)

 <use Figures/Opacity_skydip_to_taumeter_vs_elev_a2.pdf>
Package pdftex.def Info: Figures/Opacity_skydip_to_taumeter_vs_elev_a2.pdf used
 on input line 2542.
(pdftex.def)             Requested size: 157.0608pt x 115.2439pt.


Package hyperref Warning: Suppressing link with empty target on input line 2580
.

[18 <./Figures/test_allskd4_N2R9v5_5-crop.pdf> <./Figures/plot_skydip_selection
_two_crit.pdf>]

Package hyperref Warning: Suppressing link with empty target on input line 2667
.

[19 <./Figures/Opacity_correl_skydip_vs_tau_a1.pdf> <./Figures/Opacity_correl_s
kydip_vs_tau_a3.pdf> <./Figures/Opacity_skydip_to_taumeter_vs_elev_1mm.pdf> <./
Figures/Opacity_correl_skydip_vs_tau_1mm.pdf> <./Figures/Opacity_correl_skydip_
vs_tau_a2.pdf> <./Figures/Opacity_skydip_to_taumeter_vs_elev_a2.pdf>]

Package hyperref Warning: Suppressing link with empty target on input line 2882
.

[20]
<Figures/Average_main_beam_flat_field_N2R9_10.png, id=1364, 1204.5pt x 401.5pt>
File: Figures/Average_main_beam_flat_field_N2R9_10.png Graphic file (type png)
<use Figures/Average_main_beam_flat_field_N2R9_10.png>
Package pdftex.def Info: Figures/Average_main_beam_flat_field_N2R9_10.png used 
on input line 2932.
(pdftex.def)             Requested size: 497.35255pt x 165.7862pt.

<Figures/Histo_average_main_beam_flat_field_N2R9_10.png, id=1365, 1204.5pt x 40
1.5pt>
File: Figures/Histo_average_main_beam_flat_field_N2R9_10.png Graphic file (type
 png)
 <use Figures/Histo_average_main_beam_flat_field_N2R9_10.png>
Package pdftex.def Info: Figures/Histo_average_main_beam_flat_field_N2R9_10.png
 used on input line 2933.
(pdftex.def)             Requested size: 418.82616pt x 139.60814pt.

Underfull \vbox (badness 10000) has occurred while \output is active []



Package hyperref Warning: Suppressing link with empty target on input line 3020
.

[21]
Underfull \hbox (badness 10000) in paragraph at lines 3028--3058

 []


<Figures/Beam_monitoring_with_otfs_vs_ut_1mm.pdf, id=1385, 397.485pt x 226.8475
pt>
File: Figures/Beam_monitoring_with_otfs_vs_ut_1mm.pdf Graphic file (type pdf)
 <use Figures/Beam_monitoring_with_otfs_vs_ut_1mm.pdf>
Package pdftex.def Info: Figures/Beam_monitoring_with_otfs_vs_ut_1mm.pdf used o
n input line 3061.
(pdftex.def)             Requested size: 247.37016pt x 137.22252pt.

<Figures/Beam_monitoring_with_otfs_vs_ut_a2.pdf, id=1387, 397.485pt x 226.8475p
t>
File: Figures/Beam_monitoring_with_otfs_vs_ut_a2.pdf Graphic file (type pdf)
 <use Figures/Beam_monitoring_with_otfs_vs_ut_a2.pdf>
Package pdftex.def Info: Figures/Beam_monitoring_with_otfs_vs_ut_a2.pdf used on
 input line 3062.
(pdftex.def)             Requested size: 255.22281pt x 137.20738pt.

Underfull \vbox (badness 10000) has occurred while \output is active []



Package hyperref Warning: Suppressing link with empty target on input line 3111
.

[22 <./Figures/Average_main_beam_flat_field_N2R9_10.png> <./Figures/Histo_avera
ge_main_beam_flat_field_N2R9_10.png>]
<Figures/plot_flux_density_ratio_fwhm_uranus_corrected_skydip_narrow_1mm.pdf, i
d=1411, 271.75328pt x 193.21385pt>
File: Figures/plot_flux_density_ratio_fwhm_uranus_corrected_skydip_narrow_1mm.p
df Graphic file (type pdf)

<use Figures/plot_flux_density_ratio_fwhm_uranus_corrected_skydip_narrow_1mm.pd
f>
Package pdftex.def Info: Figures/plot_flux_density_ratio_fwhm_uranus_corrected_
skydip_narrow_1mm.pdf used on input line 3160.
(pdftex.def)             Requested size: 184.37416pt x 132.71191pt.

<Figures/plot_flux_density_ratio_fwhm_uranus_corrected_skydip_narrow_a2.pdf, id
=1413, 259.37701pt x 193.21385pt>
File: Figures/plot_flux_density_ratio_fwhm_uranus_corrected_skydip_narrow_a2.pd
f Graphic file (type pdf)

<use Figures/plot_flux_density_ratio_fwhm_uranus_corrected_skydip_narrow_a2.pdf
>
Package pdftex.def Info: Figures/plot_flux_density_ratio_fwhm_uranus_corrected_
skydip_narrow_a2.pdf used on input line 3161.
(pdftex.def)             Requested size: 181.04506pt x 132.12701pt.


Package hyperref Warning: Suppressing link with empty target on input line 3182
.

[23 <./Figures/Beam_monitoring_with_otfs_vs_ut_1mm.pdf> <./Figures/Beam_monitor
ing_with_otfs_vs_ut_a2.pdf> <./Figures/plot_flux_density_ratio_fwhm_uranus_corr
ected_skydip_narrow_1mm.pdf> <./Figures/plot_flux_density_ratio_fwhm_uranus_cor
rected_skydip_narrow_a2.pdf>]
<Figures/plot_flux_density_ratio_obstau_uranus_corrected_skydip_narrow_1mm.pdf,
 id=1442, 259.37701pt x 192.78023pt>
File: Figures/plot_flux_density_ratio_obstau_uranus_corrected_skydip_narrow_1mm
.pdf Graphic file (type pdf)

<use Figures/plot_flux_density_ratio_obstau_uranus_corrected_skydip_narrow_1mm.
pdf>
Package pdftex.def Info: Figures/plot_flux_density_ratio_obstau_uranus_correcte
d_skydip_narrow_1mm.pdf used on input line 3203.
(pdftex.def)             Requested size: 125.47806pt x 94.2868pt.

<Figures/plot_flux_density_ratio_obstau_uranus_corrected_skydip_narrow_a2.pdf, 
id=1444, 259.37701pt x 192.78023pt>
File: Figures/plot_flux_density_ratio_obstau_uranus_corrected_skydip_narrow_a2.
pdf Graphic file (type pdf)

<use Figures/plot_flux_density_ratio_obstau_uranus_corrected_skydip_narrow_a2.p
df>
Package pdftex.def Info: Figures/plot_flux_density_ratio_obstau_uranus_correcte
d_skydip_narrow_a2.pdf used on input line 3206.
(pdftex.def)             Requested size: 125.47806pt x 94.2868pt.

<Figures/plot_flux_density_ratio_obstau_uranus_tau225_narrow_1mm.pdf, id=1446, 
259.37701pt x 192.78023pt>
File: Figures/plot_flux_density_ratio_obstau_uranus_tau225_narrow_1mm.pdf Graph
ic file (type pdf)

<use Figures/plot_flux_density_ratio_obstau_uranus_tau225_narrow_1mm.pdf>
Package pdftex.def Info: Figures/plot_flux_density_ratio_obstau_uranus_tau225_n
arrow_1mm.pdf used on input line 3208.
(pdftex.def)             Requested size: 125.47806pt x 94.2868pt.

<Figures/plot_flux_density_ratio_obstau_uranus_tau225_narrow_a2.pdf, id=1448, 2
59.37701pt x 192.78023pt>
File: Figures/plot_flux_density_ratio_obstau_uranus_tau225_narrow_a2.pdf Graphi
c file (type pdf)

<use Figures/plot_flux_density_ratio_obstau_uranus_tau225_narrow_a2.pdf>
Package pdftex.def Info: Figures/plot_flux_density_ratio_obstau_uranus_tau225_n
arrow_a2.pdf used on input line 3211.
(pdftex.def)             Requested size: 125.47806pt x 94.2868pt.

<Figures/plot_flux_density_ratio_obstau_uranus_skydip_narrow_1mm.pdf, id=1450, 
259.37701pt x 192.78023pt>
File: Figures/plot_flux_density_ratio_obstau_uranus_skydip_narrow_1mm.pdf Graph
ic file (type pdf)

<use Figures/plot_flux_density_ratio_obstau_uranus_skydip_narrow_1mm.pdf>
Package pdftex.def Info: Figures/plot_flux_density_ratio_obstau_uranus_skydip_n
arrow_1mm.pdf used on input line 3213.
(pdftex.def)             Requested size: 125.47806pt x 94.2868pt.

<Figures/plot_flux_density_ratio_obstau_uranus_skydip_narrow_a2.pdf, id=1452, 2
59.37701pt x 192.78023pt>
File: Figures/plot_flux_density_ratio_obstau_uranus_skydip_narrow_a2.pdf Graphi
c file (type pdf)

<use Figures/plot_flux_density_ratio_obstau_uranus_skydip_narrow_a2.pdf>
Package pdftex.def Info: Figures/plot_flux_density_ratio_obstau_uranus_skydip_n
arrow_a2.pdf used on input line 3216.
(pdftex.def)             Requested size: 125.47806pt x 94.2868pt.

Underfull \hbox (badness 1960) in paragraph at lines 3234--3251
\T1/txr/m/n/10 atmospheric-opacity cor-rec-tion meth-ods. We then com-pare
 []


Package hyperref Warning: Suppressing link with empty target on input line 3332
.

[24 <./Figures/plot_flux_density_ratio_obstau_uranus_corrected_skydip_narrow_1m
m.pdf> <./Figures/plot_flux_density_ratio_obstau_uranus_corrected_skydip_narrow
_a2.pdf> <./Figures/plot_flux_density_ratio_obstau_uranus_tau225_narrow_1mm.pdf
> <./Figures/plot_flux_density_ratio_obstau_uranus_tau225_narrow_a2.pdf> <./Fig
ures/plot_flux_density_ratio_obstau_uranus_skydip_narrow_1mm.pdf> <./Figures/pl
ot_flux_density_ratio_obstau_uranus_skydip_narrow_a2.pdf>]
<Figures/plot_flux_density_ratio_MWC349_obstau_corrected_skydip_narrow_1mm.pdf,
 id=1526, 312.16624pt x 226.8475pt>
File: Figures/plot_flux_density_ratio_MWC349_obstau_corrected_skydip_narrow_1mm
.pdf Graphic file (type pdf)

<use Figures/plot_flux_density_ratio_MWC349_obstau_corrected_skydip_narrow_1mm.
pdf>
Package pdftex.def Info: Figures/plot_flux_density_ratio_MWC349_obstau_correcte
d_skydip_narrow_1mm.pdf used on input line 3436.
(pdftex.def)             Requested size: 136.23119pt x 97.02556pt.

<Figures/plot_flux_density_ratio_MWC349_obstau_corrected_skydip_narrow_a2.pdf, 
id=1528, 312.16624pt x 226.8475pt>
File: Figures/plot_flux_density_ratio_MWC349_obstau_corrected_skydip_narrow_a2.
pdf Graphic file (type pdf)

<use Figures/plot_flux_density_ratio_MWC349_obstau_corrected_skydip_narrow_a2.p
df>
Package pdftex.def Info: Figures/plot_flux_density_ratio_MWC349_obstau_correcte
d_skydip_narrow_a2.pdf used on input line 3439.
(pdftex.def)             Requested size: 117.02637pt x 95.45192pt.

<Figures/plot_flux_density_ratio_MWC349_obstau_tau225_narrow_1mm.pdf, id=1530, 
312.16624pt x 226.8475pt>
File: Figures/plot_flux_density_ratio_MWC349_obstau_tau225_narrow_1mm.pdf Graph
ic file (type pdf)

<use Figures/plot_flux_density_ratio_MWC349_obstau_tau225_narrow_1mm.pdf>
Package pdftex.def Info: Figures/plot_flux_density_ratio_MWC349_obstau_tau225_n
arrow_1mm.pdf used on input line 3440.
(pdftex.def)             Requested size: 136.23119pt x 97.02556pt.

<Figures/plot_flux_density_ratio_MWC349_obstau_tau225_narrow_a2.pdf, id=1532, 3
12.16624pt x 226.8475pt>
File: Figures/plot_flux_density_ratio_MWC349_obstau_tau225_narrow_a2.pdf Graphi
c file (type pdf)

<use Figures/plot_flux_density_ratio_MWC349_obstau_tau225_narrow_a2.pdf>
Package pdftex.def Info: Figures/plot_flux_density_ratio_MWC349_obstau_tau225_n
arrow_a2.pdf used on input line 3443.
(pdftex.def)             Requested size: 117.02637pt x 95.45192pt.

<Figures/plot_flux_density_ratio_MWC349_obstau_skydip_narrow_1mm.pdf, id=1534, 
312.16624pt x 226.8475pt>
File: Figures/plot_flux_density_ratio_MWC349_obstau_skydip_narrow_1mm.pdf Graph
ic file (type pdf)

<use Figures/plot_flux_density_ratio_MWC349_obstau_skydip_narrow_1mm.pdf>
Package pdftex.def Info: Figures/plot_flux_density_ratio_MWC349_obstau_skydip_n
arrow_1mm.pdf used on input line 3444.
(pdftex.def)             Requested size: 136.23119pt x 97.02556pt.

<Figures/plot_flux_density_ratio_MWC349_obstau_skydip_narrow_a2.pdf, id=1536, 3
12.16624pt x 226.8475pt>
File: Figures/plot_flux_density_ratio_MWC349_obstau_skydip_narrow_a2.pdf Graphi
c file (type pdf)

<use Figures/plot_flux_density_ratio_MWC349_obstau_skydip_narrow_a2.pdf>
Package pdftex.def Info: Figures/plot_flux_density_ratio_MWC349_obstau_skydip_n
arrow_a2.pdf used on input line 3447.
(pdftex.def)             Requested size: 117.02637pt x 95.45192pt.

<Figures/plot_flux_density_ratio_MWC349_obstau_corrected_skydip_photocorr_demo_
narrow_1mm.pdf, id=1538, 312.16624pt x 226.8475pt>
File: Figures/plot_flux_density_ratio_MWC349_obstau_corrected_skydip_photocorr_
demo_narrow_1mm.pdf Graphic file (type pdf)

<use Figures/plot_flux_density_ratio_MWC349_obstau_corrected_skydip_photocorr_d
emo_narrow_1mm.pdf>
Package pdftex.def Info: Figures/plot_flux_density_ratio_MWC349_obstau_correcte
d_skydip_photocorr_demo_narrow_1mm.pdf used on input line 3448.
(pdftex.def)             Requested size: 136.23119pt x 97.02556pt.

<Figures/plot_flux_density_ratio_MWC349_obstau_corrected_skydip_photocorr_demo_
narrow_a2.pdf, id=1540, 312.16624pt x 226.8475pt>
File: Figures/plot_flux_density_ratio_MWC349_obstau_corrected_skydip_photocorr_
demo_narrow_a2.pdf Graphic file (type pdf)

<use Figures/plot_flux_density_ratio_MWC349_obstau_corrected_skydip_photocorr_d
emo_narrow_a2.pdf>
Package pdftex.def Info: Figures/plot_flux_density_ratio_MWC349_obstau_correcte
d_skydip_photocorr_demo_narrow_a2.pdf used on input line 3451.
(pdftex.def)             Requested size: 117.02637pt x 95.45192pt.

<Figures/plot_flux_density_ratio_MWC349_obstau_corrected_skydip_photocorr_point
ing_narrow_1mm.pdf, id=1542, 312.16624pt x 226.8475pt>
File: Figures/plot_flux_density_ratio_MWC349_obstau_corrected_skydip_photocorr_
pointing_narrow_1mm.pdf Graphic file (type pdf)

<use Figures/plot_flux_density_ratio_MWC349_obstau_corrected_skydip_photocorr_p
ointing_narrow_1mm.pdf>
Package pdftex.def Info: Figures/plot_flux_density_ratio_MWC349_obstau_correcte
d_skydip_photocorr_pointing_narrow_1mm.pdf used on input line 3452.
(pdftex.def)             Requested size: 136.23119pt x 94.32022pt.

<Figures/plot_flux_density_ratio_MWC349_obstau_corrected_skydip_photocorr_point
ing_narrow_a2.pdf, id=1544, 312.16624pt x 226.8475pt>
File: Figures/plot_flux_density_ratio_MWC349_obstau_corrected_skydip_photocorr_
pointing_narrow_a2.pdf Graphic file (type pdf)

<use Figures/plot_flux_density_ratio_MWC349_obstau_corrected_skydip_photocorr_p
ointing_narrow_a2.pdf>
Package pdftex.def Info: Figures/plot_flux_density_ratio_MWC349_obstau_correcte
d_skydip_photocorr_pointing_narrow_a2.pdf used on input line 3455.
(pdftex.def)             Requested size: 117.02637pt x 92.75282pt.

<Figures/plot_flux_density_ratio_obstau_allbright_obsdate_corrected_skydip_resc
aled_1mm.pdf, id=1550, 341.275pt x 226.8475pt>
File: Figures/plot_flux_density_ratio_obstau_allbright_obsdate_corrected_skydip
_rescaled_1mm.pdf Graphic file (type pdf)

<use Figures/plot_flux_density_ratio_obstau_allbright_obsdate_corrected_skydip_
rescaled_1mm.pdf>
Package pdftex.def Info: Figures/plot_flux_density_ratio_obstau_allbright_obsda
te_corrected_skydip_rescaled_1mm.pdf used on input line 3521.
(pdftex.def)             Requested size: 192.05609pt x 133.65419pt.

<Figures/plot_flux_density_ratio_obstau_allbright_obsdate_corrected_skydip_resc
aled_a2.pdf, id=1552, 341.275pt x 226.8475pt>
File: Figures/plot_flux_density_ratio_obstau_allbright_obsdate_corrected_skydip
_rescaled_a2.pdf Graphic file (type pdf)

<use Figures/plot_flux_density_ratio_obstau_allbright_obsdate_corrected_skydip_
rescaled_a2.pdf>
Package pdftex.def Info: Figures/plot_flux_density_ratio_obstau_allbright_obsda
te_corrected_skydip_rescaled_a2.pdf used on input line 3522.
(pdftex.def)             Requested size: 192.05609pt x 133.65419pt.

Underfull \hbox (badness 1215) in paragraph at lines 3539--3539
[]\T1/txr/bx/n/9 Fig. 16. |[]\T1/txr/m/n/9 Baseline rms cal-i-bra-tion un-cer-t
ain-ties. The measured-to-
 []


Package hyperref Warning: Suppressing link with empty target on input line 3570
.

[25]
Underfull \vbox (badness 10000) has occurred while \output is active []


Underfull \vbox (badness 10000) has occurred while \output is active []



Package hyperref Warning: Suppressing link with empty target on input line 3655
.

[26 <./Figures/plot_flux_density_ratio_MWC349_obstau_corrected_skydip_narrow_1m
m.pdf> <./Figures/plot_flux_density_ratio_MWC349_obstau_corrected_skydip_narrow
_a2.pdf> <./Figures/plot_flux_density_ratio_MWC349_obstau_tau225_narrow_1mm.pdf
> <./Figures/plot_flux_density_ratio_MWC349_obstau_tau225_narrow_a2.pdf> <./Fig
ures/plot_flux_density_ratio_MWC349_obstau_skydip_narrow_1mm.pdf> <./Figures/pl
ot_flux_density_ratio_MWC349_obstau_skydip_narrow_a2.pdf> <./Figures/plot_flux_
density_ratio_MWC349_obstau_corrected_skydip_photocorr_demo_narrow_1mm.pdf> <./
Figures/plot_flux_density_ratio_MWC349_obstau_corrected_skydip_photocorr_demo_n
arrow_a2.pdf> <./Figures/plot_flux_density_ratio_MWC349_obstau_corrected_skydip
_photocorr_pointing_narrow_1mm.pdf> <./Figures/plot_flux_density_ratio_MWC349_o
bstau_corrected_skydip_photocorr_pointing_narrow_a2.pdf> <./Figures/plot_flux_d
ensity_ratio_obstau_allbright_obsdate_corrected_skydip_rescaled_1mm.pdf> <./Fig
ures/plot_flux_density_ratio_obstau_allbright_obsdate_corrected_skydip_rescaled
_a2.pdf>]

Package hyperref Warning: Suppressing link with empty target on input line 3754
.

[27] <Figures/hls_nefd_vst-eps-converted-to.pdf, id=1649, 505.89pt x 361.35pt>
File: Figures/hls_nefd_vst-eps-converted-to.pdf Graphic file (type pdf)

<use Figures/hls_nefd_vst-eps-converted-to.pdf>
Package pdftex.def Info: Figures/hls_nefd_vst-eps-converted-to.pdf used on inpu
t line 3874.
(pdftex.def)             Requested size: 491.66243pt x 347.1228pt.

<Figures/hls_NEFD_vs_TauElev_all-eps-converted-to.pdf, id=1651, 505.89pt x 361.
35pt>
File: Figures/hls_NEFD_vs_TauElev_all-eps-converted-to.pdf Graphic file (type p
df)
 <use Figures/hls_NEFD_vs_TauElev_all-eps-converted-to.pdf>
Package pdftex.def Info: Figures/hls_NEFD_vs_TauElev_all-eps-converted-to.pdf u
sed on input line 3875.
(pdftex.def)             Requested size: 485.972pt x 347.1228pt.


Package hyperref Warning: Suppressing link with empty target on input line 3919
.

[28]
Overfull \hbox (3.1123pt too wide) in paragraph at lines 3955--3973
 [][] 
 []


<Figures/plot_nefd_vs_obstau_corrected_skydip_vfinal_1mm.pdf, id=1671, 341.275p
t x 226.8475pt>
File: Figures/plot_nefd_vs_obstau_corrected_skydip_vfinal_1mm.pdf Graphic file 
(type pdf)

<use Figures/plot_nefd_vs_obstau_corrected_skydip_vfinal_1mm.pdf>
Package pdftex.def Info: Figures/plot_nefd_vs_obstau_corrected_skydip_vfinal_1m
m.pdf used on input line 3980.
(pdftex.def)             Requested size: 246.06006pt x 163.55852pt.

<Figures/plot_nefd_vs_obstau_corrected_skydip_vfinal_a2.pdf, id=1673, 341.275pt
 x 226.8475pt>
File: Figures/plot_nefd_vs_obstau_corrected_skydip_vfinal_a2.pdf Graphic file (
type pdf)

<use Figures/plot_nefd_vs_obstau_corrected_skydip_vfinal_a2.pdf>
Package pdftex.def Info: Figures/plot_nefd_vs_obstau_corrected_skydip_vfinal_a2
.pdf used on input line 3981.
(pdftex.def)             Requested size: 246.06006pt x 163.55852pt.

Underfull \hbox (badness 10000) in paragraph at lines 4027--4035

 []


Underfull \vbox (badness 10000) has occurred while \output is active []



Package hyperref Warning: Suppressing link with empty target on input line 4037
.

[29 <./Figures/hls_nefd_vst-eps-converted-to.pdf> <./Figures/hls_NEFD_vs_TauEle
v_all-eps-converted-to.pdf>]
Underfull \hbox (badness 2134) in paragraph at lines 4180--4195
[]\T1/txr/m/n/10 This cal-i-bra-tion method re-lies on three main anal-y-sis
 []


Package hyperref Warning: Suppressing link with empty target on input line 4205
.

[30 <./Figures/plot_nefd_vs_obstau_corrected_skydip_vfinal_1mm.pdf> <./Figures/
plot_nefd_vs_obstau_corrected_skydip_vfinal_a2.pdf>]

Package hyperref Warning: Suppressing link with empty target on input line 4281
.

[31] (./NIKA2_calib_perf_corr.bbl
Underfull \hbox (badness 1845) in paragraph at lines 341--344
\T1/txr/m/n/8 30m tele-scope beam pat-tern, Tech. rep., IRAM 30m, [][]$\T1/txtt
/m/n/8 https : / / www .
 []

)

Package hyperref Warning: Suppressing link with empty target on input line 4343
.

[32]
Underfull \hbox (badness 2384) in paragraph at lines 4379--4379
[][][]\T1/txr/m/n/9 This soft-ware is writ-ten in Python and avail-able at [][]
$\T1/txtt/m/n/9 https :
 []


Underfull \hbox (badness 10000) in paragraph at lines 4379--4379
\T1/txtt/m/n/9 / / github . com / haussel / photometry / blob / master / notebo
oks /
 []


Underfull \hbox (badness 3354) in paragraph at lines 4428--4428
[][][]\T1/txr/m/n/9 This ef-fect is il-lus-trated in the Python note-book dis-t
ributed
 []


Underfull \hbox (badness 1184) in paragraph at lines 4453--4453
[][][]\T1/txr/m/n/9 See \T1/txr/m/it/9 e.g. \T1/txr/m/n/9 the talk given by M. 
Krips at the 10th IRAM Mil-
 []


Underfull \hbox (badness 1509) in paragraph at lines 4453--4453
\T1/txr/m/n/9 at: [][]$\T1/txtt/m/n/9 https : / / www . iram-[]institute . org 
/ medias / uploads / file /
 []


Underfull \hbox (badness 1502) in paragraph at lines 4468--4482
[]\T1/txr/m/n/10 The sec-ondary cal-i-bra-tor NGC7027 is a young, dusty,
 []


Package hyperref Warning: Suppressing link with empty target on input line 4513
.

[33

] <Figures/fov_focus_mv_5.png, id=1851, 903.375pt x 752.8125pt>
File: Figures/fov_focus_mv_5.png Graphic file (type png)

<use Figures/fov_focus_mv_5.png>
Package pdftex.def Info: Figures/fov_focus_mv_5.png used on input line 4538.
(pdftex.def)             Requested size: 523.5307pt x 122.98805pt.

Underfull \vbox (badness 10000) has occurred while \output is active []



Package hyperref Warning: Suppressing link with empty target on input line 4649
.

[34]
<Figures/photometric_correction_function_1Jy.pdf, id=1876, 397.485pt x 226.8475
pt>
File: Figures/photometric_correction_function_1Jy.pdf Graphic file (type pdf)
 <use Figures/photometric_correction_function_1Jy.pdf>
Package pdftex.def Info: Figures/photometric_correction_function_1Jy.pdf used o
n input line 4746.
(pdftex.def)             Requested size: 247.37016pt x 145.0943pt.


Package hyperref Warning: Suppressing link with empty target on input line 4796
.

[35 <./Figures/fov_focus_mv_5.png>]
<Figures/Beam_monitoring_with_otfs_vs_ut_compare_pointings_1mm.pdf, id=1894, 39
7.485pt x 226.8475pt>
File: Figures/Beam_monitoring_with_otfs_vs_ut_compare_pointings_1mm.pdf Graphic
 file (type pdf)

<use Figures/Beam_monitoring_with_otfs_vs_ut_compare_pointings_1mm.pdf>
Package pdftex.def Info: Figures/Beam_monitoring_with_otfs_vs_ut_compare_pointi
ngs_1mm.pdf used on input line 4828.
(pdftex.def)             Requested size: 247.37016pt x 137.22252pt.

<Figures/Beam_monitoring_with_otfs_vs_ut_compare_pointings_a2.pdf, id=1896, 397
.485pt x 226.8475pt>
File: Figures/Beam_monitoring_with_otfs_vs_ut_compare_pointings_a2.pdf Graphic 
file (type pdf)

<use Figures/Beam_monitoring_with_otfs_vs_ut_compare_pointings_a2.pdf>
Package pdftex.def Info: Figures/Beam_monitoring_with_otfs_vs_ut_compare_pointi
ngs_a2.pdf used on input line 4829.
(pdftex.def)             Requested size: 255.22281pt x 137.20738pt.

Underfull \hbox (badness 10000) in paragraph at lines 4855--4857

 []


Underfull \hbox (badness 1184) in paragraph at lines 4871--4886
\T1/txr/m/n/10 by com-par-ing the av-er-age FWHM es-ti-mates us-ing Uranus
 []


Underfull \hbox (badness 10000) in paragraph at lines 4871--4886

 []


Package hyperref Warning: Suppressing link with empty target on input line 4886
.

[36 <./Figures/photometric_correction_function_1Jy.pdf> <./Figures/Beam_monitor
ing_with_otfs_vs_ut_compare_pointings_1mm.pdf> <./Figures/Beam_monitoring_with_
otfs_vs_ut_compare_pointings_a2.pdf>]
<Figures/plot_flux_density_ratio_fwhm_uranus_corrected_skydip_photocorr_demo_na
rrow_1mm.pdf, id=1918, 271.73018pt x 193.19377pt>
File: Figures/plot_flux_density_ratio_fwhm_uranus_corrected_skydip_photocorr_de
mo_narrow_1mm.pdf Graphic file (type pdf)

<use Figures/plot_flux_density_ratio_fwhm_uranus_corrected_skydip_photocorr_dem
o_narrow_1mm.pdf>
Package pdftex.def Info: Figures/plot_flux_density_ratio_fwhm_uranus_corrected_
skydip_photocorr_demo_narrow_1mm.pdf used on input line 4912.
(pdftex.def)             Requested size: 134.4377pt x 96.77063pt.

<Figures/plot_flux_density_ratio_fwhm_uranus_corrected_skydip_photocorr_demo_na
rrow_a2.pdf, id=1920, 259.35294pt x 193.19377pt>
File: Figures/plot_flux_density_ratio_fwhm_uranus_corrected_skydip_photocorr_de
mo_narrow_a2.pdf Graphic file (type pdf)

<use Figures/plot_flux_density_ratio_fwhm_uranus_corrected_skydip_photocorr_dem
o_narrow_a2.pdf>
Package pdftex.def Info: Figures/plot_flux_density_ratio_fwhm_uranus_corrected_
skydip_photocorr_demo_narrow_a2.pdf used on input line 4915.
(pdftex.def)             Requested size: 119.07384pt x 97.42628pt.

<Figures/plot_flux_density_ratio_fwhm_uranus_corrected_skydip_photocorr_pointin
g_narrow_1mm.pdf, id=1922, 271.73018pt x 193.19377pt>
File: Figures/plot_flux_density_ratio_fwhm_uranus_corrected_skydip_photocorr_po
inting_narrow_1mm.pdf Graphic file (type pdf)

<use Figures/plot_flux_density_ratio_fwhm_uranus_corrected_skydip_photocorr_poi
nting_narrow_1mm.pdf>
Package pdftex.def Info: Figures/plot_flux_density_ratio_fwhm_uranus_corrected_
skydip_photocorr_pointing_narrow_1mm.pdf used on input line 4917.
(pdftex.def)             Requested size: 134.4377pt x 96.77063pt.

<Figures/plot_flux_density_ratio_fwhm_uranus_corrected_skydip_photocorr_pointin
g_narrow_a2.pdf, id=1924, 259.35294pt x 193.19377pt>
File: Figures/plot_flux_density_ratio_fwhm_uranus_corrected_skydip_photocorr_po
inting_narrow_a2.pdf Graphic file (type pdf)

<use Figures/plot_flux_density_ratio_fwhm_uranus_corrected_skydip_photocorr_poi
nting_narrow_a2.pdf>
Package pdftex.def Info: Figures/plot_flux_density_ratio_fwhm_uranus_corrected_
skydip_photocorr_pointing_narrow_a2.pdf used on input line 4920.
(pdftex.def)             Requested size: 119.07384pt x 97.42628pt.

Underfull \hbox (badness 10000) in paragraph at lines 4996--5003

 []


Package hyperref Warning: Suppressing link with empty target on input line 5007
.

[37 <./Figures/plot_flux_density_ratio_fwhm_uranus_corrected_skydip_photocorr_d
emo_narrow_1mm.pdf> <./Figures/plot_flux_density_ratio_fwhm_uranus_corrected_sk
ydip_photocorr_demo_narrow_a2.pdf> <./Figures/plot_flux_density_ratio_fwhm_uran
us_corrected_skydip_photocorr_pointing_narrow_1mm.pdf> <./Figures/plot_flux_den
sity_ratio_fwhm_uranus_corrected_skydip_photocorr_pointing_narrow_a2.pdf>]
Package atveryend Info: Empty hook `BeforeClearDocument' on input line 5007.
Package atveryend Info: Empty hook `AfterLastShipout' on input line 5007.

(./NIKA2_calib_perf_corr.aux)
Package atveryend Info: Executing hook `AtVeryEndDocument' on input line 5007.
Package atveryend Info: Executing hook `AtEndAfterFileList' on input line 5007.

Package rerunfilecheck Info: File `NIKA2_calib_perf_corr.out' has not changed.
(rerunfilecheck)             Checksum: 4A4163B8140313C13A1876C6DD94FD01;6112.


LaTeX Warning: There were multiply-defined labels.

 )
(\end occurred inside a group at level 1)

### simple group (level 1) entered at line 826 ({)
### bottom level 
Here is how much of TeX's memory you used:
 10941 strings out of 493014
 167178 string characters out of 6133351
 306851 words of memory out of 5000000
 13873 multiletter control sequences out of 15000+600000
 105102 words of font info for 165 fonts, out of 8000000 for 9000
 1141 hyphenation exceptions out of 8191
 41i,13n,45p,2786b,493s stack positions out of 5000i,500n,10000p,200000b,80000s
{/usr/local/texlive/2016/texmf-dist/fonts/enc/dvips/base/8r.enc
}</usr/local/texlive/2016/texmf-dist/fonts/type1/public/txfonts/rtxi.pfb></usr/
local/texlive/2016/texmf-dist/fonts/type1/public/txfonts/rtxmi.pfb></usr/local/
texlive/2016/texmf-dist/fonts/type1/public/txfonts/rtxr.pfb></usr/local/texlive
/2016/texmf-dist/fonts/type1/public/txfonts/rtxr.pfb></usr/local/texlive/2016/t
exmf-dist/fonts/type1/public/txfonts/t1xtt.pfb></usr/local/texlive/2016/texmf-d
ist/fonts/type1/public/txfonts/txex.pfb></usr/local/texlive/2016/texmf-dist/fon
ts/type1/public/txfonts/txsy.pfb></usr/local/texlive/2016/texmf-dist/fonts/type
1/public/txfonts/txsya.pfb></usr/local/texlive/2016/texmf-dist/fonts/type1/urw/
helvetic/uhvb8a.pfb></usr/local/texlive/2016/texmf-dist/fonts/type1/urw/helveti
c/uhvr8a.pfb></usr/local/texlive/2016/texmf-dist/fonts/type1/urw/helvetic/uhvr8
a.pfb></usr/local/texlive/2016/texmf-dist/fonts/type1/urw/times/utmb8a.pfb></us
r/local/texlive/2016/texmf-dist/fonts/type1/urw/times/utmr8a.pfb></usr/local/te
xlive/2016/texmf-dist/fonts/type1/urw/times/utmr8a.pfb></usr/local/texlive/2016
/texmf-dist/fonts/type1/urw/times/utmri8a.pfb>
Output written on NIKA2_calib_perf_corr.pdf (37 pages, 7584128 bytes).
PDF statistics:
 2080 PDF objects out of 2487 (max. 8388607)
 1705 compressed objects within 18 object streams
 305 named destinations out of 1000 (max. 500000)
 1308 words of extra memory for PDF output out of 10000 (max. 10000000)

