This is pdfTeX, Version 3.14159265-2.6-1.40.19 (TeX Live 2018) (preloaded format=pdflatex 2018.9.29)  7 NOV 2018 18:10
entering extended mode
 restricted \write18 enabled.
 %&-line parsing enabled.
**music_nika2.tex
(./music_nika2.tex
LaTeX2e <2018-04-01> patch level 2
Babel <3.18> and hyphenation patterns for 84 language(s) loaded.
(./aa.cls
Document Class: aa 2010/20/02 v7.0 
LaTeX document class for Astronomy and Astrophysics journal
(/usr/local/texlive/2018/texmf-dist/tex/latex/base/fleqn.clo
File: fleqn.clo 2016/12/29 v1.2a Standard LaTeX option (flush left equations)
\mathindent=\dimen102
Applying: [2015/01/01] Make \[ robust on input line 50.
LaTeX Info: Redefining \[ on input line 51.
Already applied: [0000/00/00] Make \[ robust on input line 62.
Applying: [2015/01/01] Make \] robust on input line 74.
LaTeX Info: Redefining \] on input line 75.
Already applied: [0000/00/00] Make \] robust on input line 83.
)
\logodepth=\dimen103
\headerboxheight=\dimen104
\betweenumberspace=\dimen105
\aftertext=\dimen106
\headlineindent=\dimen107
\c@inst=\count80
\c@auth=\count81
\instindent=\dimen108
\authrun=\box26
\authorrunning=\toks14
\titrun=\box27
\titlerunning=\toks15
\number@fw@rds=\count82
\c@section=\count83
\c@subsection=\count84
\c@subsubsection=\count85
\c@paragraph=\count86
\c@subparagraph=\count87
\c@theorem=\count88
\figgap=\dimen109
\c@append=\count89
\c@figure=\count90
\c@table=\count91
\abovecaptionskip=\skip41
\belowcaptionskip=\skip42
\figcapgap=\dimen110
\tabcapgap=\dimen111
\bibindent=\dimen112
)
(/usr/local/texlive/2018/texmf-dist/tex/latex/base/fixltx2e.sty
Package: fixltx2e 2016/12/29 v2.1a fixes to LaTeX (obsolete)
Applying: [2015/01/01] Old fixltx2e package on input line 46.


Package fixltx2e Warning: fixltx2e is not required with releases after 2015
(fixltx2e)                All fixes are now in the LaTeX kernel.
(fixltx2e)                See the latexrelease package for details.

Already applied: [0000/00/00] Old fixltx2e package on input line 53.
) (/usr/local/texlive/2018/texmf-dist/tex/generic/babel/babel.sty
Package: babel 2018/02/14 3.18 The Babel package

(/usr/local/texlive/2018/texmf-dist/tex/generic/babel/switch.def
File: switch.def 2018/02/14 3.18 Babel switching mechanism
)
(/usr/local/texlive/2018/texmf-dist/tex/generic/babel-english/english.ldf
Language: english 2017/06/06 v3.3r English support from the babel system

(/usr/local/texlive/2018/texmf-dist/tex/generic/babel/babel.def
File: babel.def 2018/02/14 3.18 Babel common definitions
\babel@savecnt=\count92
\U@D=\dimen113

(/usr/local/texlive/2018/texmf-dist/tex/generic/babel/txtbabel.def)
\bbl@dirlevel=\count93
)
\l@canadian = a dialect from \language\l@american 
\l@australian = a dialect from \language\l@british 
\l@newzealand = a dialect from \language\l@british 
))
(/usr/local/texlive/2018/texmf-dist/tex/latex/graphics/graphicx.sty
Package: graphicx 2017/06/01 v1.1a Enhanced LaTeX Graphics (DPC,SPQR)

(/usr/local/texlive/2018/texmf-dist/tex/latex/graphics/keyval.sty
Package: keyval 2014/10/28 v1.15 key=value parser (DPC)
\KV@toks@=\toks16
)
(/usr/local/texlive/2018/texmf-dist/tex/latex/graphics/graphics.sty
Package: graphics 2017/06/25 v1.2c Standard LaTeX Graphics (DPC,SPQR)

(/usr/local/texlive/2018/texmf-dist/tex/latex/graphics/trig.sty
Package: trig 2016/01/03 v1.10 sin cos tan (DPC)
)
(/usr/local/texlive/2018/texmf-dist/tex/latex/graphics-cfg/graphics.cfg
File: graphics.cfg 2016/06/04 v1.11 sample graphics configuration
)
Package graphics Info: Driver file: pdftex.def on input line 99.

(/usr/local/texlive/2018/texmf-dist/tex/latex/graphics-def/pdftex.def
File: pdftex.def 2018/01/08 v1.0l Graphics/color driver for pdftex
))
\Gin@req@height=\dimen114
\Gin@req@width=\dimen115
)
(/usr/local/texlive/2018/texmf-dist/tex/latex/amsmath/amsmath.sty
Package: amsmath 2017/09/02 v2.17a AMS math features
\@mathmargin=\skip43

For additional information on amsmath, use the `?' option.
(/usr/local/texlive/2018/texmf-dist/tex/latex/amsmath/amstext.sty
Package: amstext 2000/06/29 v2.01 AMS text

(/usr/local/texlive/2018/texmf-dist/tex/latex/amsmath/amsgen.sty
File: amsgen.sty 1999/11/30 v2.0 generic functions
\@emptytoks=\toks17
\ex@=\dimen116
))
(/usr/local/texlive/2018/texmf-dist/tex/latex/amsmath/amsbsy.sty
Package: amsbsy 1999/11/29 v1.2d Bold Symbols
\pmbraise@=\dimen117
)
(/usr/local/texlive/2018/texmf-dist/tex/latex/amsmath/amsopn.sty
Package: amsopn 2016/03/08 v2.02 operator names
)
\inf@bad=\count94
LaTeX Info: Redefining \frac on input line 213.
\uproot@=\count95
\leftroot@=\count96
LaTeX Info: Redefining \overline on input line 375.
\classnum@=\count97
\DOTSCASE@=\count98
LaTeX Info: Redefining \ldots on input line 472.
LaTeX Info: Redefining \dots on input line 475.
LaTeX Info: Redefining \cdots on input line 596.
\Mathstrutbox@=\box28
\strutbox@=\box29
\big@size=\dimen118
LaTeX Font Info:    Redeclaring font encoding OML on input line 712.
LaTeX Font Info:    Redeclaring font encoding OMS on input line 713.


Package amsmath Warning: Unable to redefine math accent \vec.

\macc@depth=\count99
\c@MaxMatrixCols=\count100
\dotsspace@=\muskip10
\c@parentequation=\count101
\dspbrk@lvl=\count102
\tag@help=\toks18
\row@=\count103
\column@=\count104
\maxfields@=\count105
\andhelp@=\toks19
\eqnshift@=\dimen119
\alignsep@=\dimen120
\tagshift@=\dimen121
\tagwidth@=\dimen122
\totwidth@=\dimen123
\lineht@=\dimen124
\@envbody=\toks20
\multlinegap=\skip44
\multlinetaggap=\skip45
\mathdisplay@stack=\toks21
LaTeX Info: Redefining \[ on input line 2817.
LaTeX Info: Redefining \] on input line 2818.
) (/usr/local/texlive/2018/texmf-dist/tex/latex/oberdiek/epstopdf.sty
Package: epstopdf 2016/05/15 v2.6 Conversion with epstopdf on the fly (HO)

(/usr/local/texlive/2018/texmf-dist/tex/latex/oberdiek/epstopdf-base.sty
Package: epstopdf-base 2016/05/15 v2.6 Base part for package epstopdf

(/usr/local/texlive/2018/texmf-dist/tex/generic/oberdiek/infwarerr.sty
Package: infwarerr 2016/05/16 v1.4 Providing info/warning/error messages (HO)
)
(/usr/local/texlive/2018/texmf-dist/tex/latex/oberdiek/grfext.sty
Package: grfext 2016/05/16 v1.2 Manage graphics extensions (HO)

(/usr/local/texlive/2018/texmf-dist/tex/generic/oberdiek/kvdefinekeys.sty
Package: kvdefinekeys 2016/05/16 v1.4 Define keys (HO)

(/usr/local/texlive/2018/texmf-dist/tex/generic/oberdiek/ltxcmds.sty
Package: ltxcmds 2016/05/16 v1.23 LaTeX kernel commands for general use (HO)
)))
(/usr/local/texlive/2018/texmf-dist/tex/latex/oberdiek/kvoptions.sty
Package: kvoptions 2016/05/16 v3.12 Key value format for package options (HO)

(/usr/local/texlive/2018/texmf-dist/tex/generic/oberdiek/kvsetkeys.sty
Package: kvsetkeys 2016/05/16 v1.17 Key value parser (HO)

(/usr/local/texlive/2018/texmf-dist/tex/generic/oberdiek/etexcmds.sty
Package: etexcmds 2016/05/16 v1.6 Avoid name clashes with e-TeX commands (HO)

(/usr/local/texlive/2018/texmf-dist/tex/generic/oberdiek/ifluatex.sty
Package: ifluatex 2016/05/16 v1.4 Provides the ifluatex switch (HO)
Package ifluatex Info: LuaTeX not detected.
)
Package etexcmds Info: Could not find \expanded.
(etexcmds)             That can mean that you are not using pdfTeX 1.50 or
(etexcmds)             that some package has redefined \expanded.
(etexcmds)             In the latter case, load this package earlier.
)))
(/usr/local/texlive/2018/texmf-dist/tex/generic/oberdiek/pdftexcmds.sty
Package: pdftexcmds 2018/01/30 v0.27 Utility functions of pdfTeX for LuaTeX (HO
)

(/usr/local/texlive/2018/texmf-dist/tex/generic/oberdiek/ifpdf.sty
Package: ifpdf 2017/03/15 v3.2 Provides the ifpdf switch
)
Package pdftexcmds Info: LuaTeX not detected.
Package pdftexcmds Info: \pdf@primitive is available.
Package pdftexcmds Info: \pdf@ifprimitive is available.
Package pdftexcmds Info: \pdfdraftmode found.
)
Package epstopdf-base Info: Redefining graphics rule for `.eps' on input line 4
38.
Package grfext Info: Graphics extension search list:
(grfext)             [.pdf,.png,.jpg,.mps,.jpeg,.jbig2,.jb2,.PDF,.PNG,.JPG,.JPE
G,.JBIG2,.JB2,.eps]
(grfext)             \AppendGraphicsExtensions on input line 456.

(/usr/local/texlive/2018/texmf-dist/tex/latex/latexconfig/epstopdf-sys.cfg
File: epstopdf-sys.cfg 2010/07/13 v1.3 Configuration of (r)epstopdf for TeX Liv
e
)))
(/usr/local/texlive/2018/texmf-dist/tex/generic/epsf/epsf.sty
This is `epsf.tex' v2.7.4 <14 February 2011>
\epsffilein=\read1
\epsfframemargin=\dimen125
\epsfframethickness=\dimen126
\epsfrsize=\dimen127
\epsftmp=\dimen128
\epsftsize=\dimen129
\epsfxsize=\dimen130
\epsfysize=\dimen131
\pspoints=\dimen132
) (/usr/local/texlive/2018/texmf-dist/tex/latex/graphics/color.sty
Package: color 2016/07/10 v1.1e Standard LaTeX Color (DPC)

(/usr/local/texlive/2018/texmf-dist/tex/latex/graphics-cfg/color.cfg
File: color.cfg 2016/01/02 v1.6 sample color configuration
)
Package color Info: Driver file: pdftex.def on input line 147.
)
(/usr/local/texlive/2018/texmf-dist/tex/latex/amsfonts/eucal.sty
Package: eucal 2009/06/22 v3.00 Euler Script fonts
LaTeX Font Info:    Overwriting math alphabet `\EuScript' in version `bold'
(Font)                  U/eus/m/n --> U/eus/b/n on input line 33.
)
(/usr/local/texlive/2018/texmf-dist/tex/latex/amsfonts/amssymb.sty
Package: amssymb 2013/01/14 v3.01 AMS font symbols

(/usr/local/texlive/2018/texmf-dist/tex/latex/amsfonts/amsfonts.sty
Package: amsfonts 2013/01/14 v3.01 Basic AMSFonts support
\symAMSa=\mathgroup4
\symAMSb=\mathgroup5
LaTeX Font Info:    Overwriting math alphabet `\mathfrak' in version `bold'
(Font)                  U/euf/m/n --> U/euf/b/n on input line 106.
))
(/usr/local/texlive/2018/texmf-dist/tex/latex/natbib/natbib.sty
Package: natbib 2010/09/13 8.31b (PWD, AO)
\bibhang=\skip46
\bibsep=\skip47
LaTeX Info: Redefining \cite on input line 694.
\c@NAT@ctr=\count106
)
(/usr/local/texlive/2018/texmf-dist/tex/latex/txfonts/txfonts.sty
Package: txfonts 2008/01/22 v3.2.1
LaTeX Font Info:    Redeclaring symbol font `operators' on input line 21.
LaTeX Font Info:    Overwriting symbol font `operators' in version `normal'
(Font)                  OT1/cmr/m/n --> OT1/txr/m/n on input line 21.
LaTeX Font Info:    Overwriting symbol font `operators' in version `bold'
(Font)                  OT1/cmr/bx/n --> OT1/txr/m/n on input line 21.
LaTeX Font Info:    Overwriting symbol font `operators' in version `bold'
(Font)                  OT1/txr/m/n --> OT1/txr/bx/n on input line 22.
\symitalic=\mathgroup6
LaTeX Font Info:    Overwriting symbol font `italic' in version `bold'
(Font)                  OT1/txr/m/it --> OT1/txr/bx/it on input line 26.
LaTeX Font Info:    Redeclaring math alphabet \mathbf on input line 29.
LaTeX Font Info:    Overwriting math alphabet `\mathbf' in version `normal'
(Font)                  OT1/cmr/bx/n --> OT1/txr/bx/n on input line 29.
LaTeX Font Info:    Overwriting math alphabet `\mathbf' in version `bold'
(Font)                  OT1/cmr/bx/n --> OT1/txr/bx/n on input line 29.
LaTeX Font Info:    Redeclaring math alphabet \mathit on input line 30.
LaTeX Font Info:    Overwriting math alphabet `\mathit' in version `normal'
(Font)                  OT1/cmr/m/it --> OT1/txr/m/it on input line 30.
LaTeX Font Info:    Overwriting math alphabet `\mathit' in version `bold'
(Font)                  OT1/cmr/bx/it --> OT1/txr/m/it on input line 30.
LaTeX Font Info:    Overwriting math alphabet `\mathit' in version `bold'
(Font)                  OT1/txr/m/it --> OT1/txr/bx/it on input line 31.
LaTeX Font Info:    Redeclaring math alphabet \mathsf on input line 40.
LaTeX Font Info:    Overwriting math alphabet `\mathsf' in version `normal'
(Font)                  OT1/cmss/m/n --> OT1/txss/m/n on input line 40.
LaTeX Font Info:    Overwriting math alphabet `\mathsf' in version `bold'
(Font)                  OT1/cmss/bx/n --> OT1/txss/m/n on input line 40.
LaTeX Font Info:    Overwriting math alphabet `\mathsf' in version `bold'
(Font)                  OT1/txss/m/n --> OT1/txss/b/n on input line 41.
LaTeX Font Info:    Redeclaring math alphabet \mathtt on input line 50.
LaTeX Font Info:    Overwriting math alphabet `\mathtt' in version `normal'
(Font)                  OT1/cmtt/m/n --> OT1/txtt/m/n on input line 50.
LaTeX Font Info:    Overwriting math alphabet `\mathtt' in version `bold'
(Font)                  OT1/cmtt/m/n --> OT1/txtt/m/n on input line 50.
LaTeX Font Info:    Overwriting math alphabet `\mathtt' in version `bold'
(Font)                  OT1/txtt/m/n --> OT1/txtt/b/n on input line 51.
LaTeX Font Info:    Redeclaring symbol font `letters' on input line 58.
LaTeX Font Info:    Overwriting symbol font `letters' in version `normal'
(Font)                  OML/cmm/m/it --> OML/txmi/m/it on input line 58.
LaTeX Font Info:    Overwriting symbol font `letters' in version `bold'
(Font)                  OML/cmm/b/it --> OML/txmi/m/it on input line 58.
LaTeX Font Info:    Overwriting symbol font `letters' in version `bold'
(Font)                  OML/txmi/m/it --> OML/txmi/bx/it on input line 59.
\symlettersA=\mathgroup7
LaTeX Font Info:    Overwriting symbol font `lettersA' in version `bold'
(Font)                  U/txmia/m/it --> U/txmia/bx/it on input line 67.
LaTeX Font Info:    Redeclaring math alphabet \mathfrak on input line 70.
LaTeX Font Info:    Redeclaring symbol font `symbols' on input line 77.
LaTeX Font Info:    Overwriting symbol font `symbols' in version `normal'
(Font)                  OMS/cmsy/m/n --> OMS/txsy/m/n on input line 77.
LaTeX Font Info:    Overwriting symbol font `symbols' in version `bold'
(Font)                  OMS/cmsy/b/n --> OMS/txsy/m/n on input line 77.
LaTeX Font Info:    Overwriting symbol font `symbols' in version `bold'
(Font)                  OMS/txsy/m/n --> OMS/txsy/bx/n on input line 78.
LaTeX Font Info:    Redeclaring symbol font `AMSa' on input line 93.
LaTeX Font Info:    Overwriting symbol font `AMSa' in version `normal'
(Font)                  U/msa/m/n --> U/txsya/m/n on input line 93.
LaTeX Font Info:    Overwriting symbol font `AMSa' in version `bold'
(Font)                  U/msa/m/n --> U/txsya/m/n on input line 93.
LaTeX Font Info:    Overwriting symbol font `AMSa' in version `bold'
(Font)                  U/txsya/m/n --> U/txsya/bx/n on input line 94.
LaTeX Font Info:    Redeclaring symbol font `AMSb' on input line 102.
LaTeX Font Info:    Overwriting symbol font `AMSb' in version `normal'
(Font)                  U/msb/m/n --> U/txsyb/m/n on input line 102.
LaTeX Font Info:    Overwriting symbol font `AMSb' in version `bold'
(Font)                  U/msb/m/n --> U/txsyb/m/n on input line 102.
LaTeX Font Info:    Overwriting symbol font `AMSb' in version `bold'
(Font)                  U/txsyb/m/n --> U/txsyb/bx/n on input line 103.
\symsymbolsC=\mathgroup8
LaTeX Font Info:    Overwriting symbol font `symbolsC' in version `bold'
(Font)                  U/txsyc/m/n --> U/txsyc/bx/n on input line 113.
LaTeX Font Info:    Redeclaring symbol font `largesymbols' on input line 120.
LaTeX Font Info:    Overwriting symbol font `largesymbols' in version `normal'
(Font)                  OMX/cmex/m/n --> OMX/txex/m/n on input line 120.
LaTeX Font Info:    Overwriting symbol font `largesymbols' in version `bold'
(Font)                  OMX/cmex/m/n --> OMX/txex/m/n on input line 120.
LaTeX Font Info:    Overwriting symbol font `largesymbols' in version `bold'
(Font)                  OMX/txex/m/n --> OMX/txex/bx/n on input line 121.
\symlargesymbolsA=\mathgroup9
LaTeX Font Info:    Overwriting symbol font `largesymbolsA' in version `bold'
(Font)                  U/txexa/m/n --> U/txexa/bx/n on input line 129.
LaTeX Info: Redefining \not on input line 1043.
)
(/usr/local/texlive/2018/texmf-dist/tex/latex/doublestroke/dsfont.sty
Package: dsfont 1995/08/01 v0.1 Double stroke roman fonts
)
(/usr/local/texlive/2018/texmf-dist/tex/latex/hyperref/hyperref.sty
Package: hyperref 2018/02/06 v6.86b Hypertext links for LaTeX

(/usr/local/texlive/2018/texmf-dist/tex/generic/oberdiek/hobsub-hyperref.sty
Package: hobsub-hyperref 2016/05/16 v1.14 Bundle oberdiek, subset hyperref (HO)


(/usr/local/texlive/2018/texmf-dist/tex/generic/oberdiek/hobsub-generic.sty
Package: hobsub-generic 2016/05/16 v1.14 Bundle oberdiek, subset generic (HO)
Package: hobsub 2016/05/16 v1.14 Construct package bundles (HO)
Package hobsub Info: Skipping package `infwarerr' (already loaded).
Package hobsub Info: Skipping package `ltxcmds' (already loaded).
Package hobsub Info: Skipping package `ifluatex' (already loaded).
Package: ifvtex 2016/05/16 v1.6 Detect VTeX and its facilities (HO)
Package ifvtex Info: VTeX not detected.
Package: intcalc 2016/05/16 v1.2 Expandable calculations with integers (HO)
Package hobsub Info: Skipping package `ifpdf' (already loaded).
Package hobsub Info: Skipping package `etexcmds' (already loaded).
Package hobsub Info: Skipping package `kvsetkeys' (already loaded).
Package hobsub Info: Skipping package `kvdefinekeys' (already loaded).
Package hobsub Info: Skipping package `pdftexcmds' (already loaded).
Package: pdfescape 2016/05/16 v1.14 Implements pdfTeX's escape features (HO)
Package: bigintcalc 2016/05/16 v1.4 Expandable calculations on big integers (HO
)
Package: bitset 2016/05/16 v1.2 Handle bit-vector datatype (HO)
Package: uniquecounter 2016/05/16 v1.3 Provide unlimited unique counter (HO)
)
Package hobsub Info: Skipping package `hobsub' (already loaded).
Package: letltxmacro 2016/05/16 v1.5 Let assignment for LaTeX macros (HO)
Package: hopatch 2016/05/16 v1.3 Wrapper for package hooks (HO)
Package: xcolor-patch 2016/05/16 xcolor patch
Package: atveryend 2016/05/16 v1.9 Hooks at the very end of document (HO)
Package atveryend Info: \enddocument detected (standard20110627).
Package: atbegshi 2016/06/09 v1.18 At begin shipout hook (HO)
Package: refcount 2016/05/16 v3.5 Data extraction from label references (HO)
Package: hycolor 2016/05/16 v1.8 Color options for hyperref/bookmark (HO)
)
(/usr/local/texlive/2018/texmf-dist/tex/generic/ifxetex/ifxetex.sty
Package: ifxetex 2010/09/12 v0.6 Provides ifxetex conditional
)
(/usr/local/texlive/2018/texmf-dist/tex/latex/oberdiek/auxhook.sty
Package: auxhook 2016/05/16 v1.4 Hooks for auxiliary files (HO)
)
\@linkdim=\dimen133
\Hy@linkcounter=\count107
\Hy@pagecounter=\count108

(/usr/local/texlive/2018/texmf-dist/tex/latex/hyperref/pd1enc.def
File: pd1enc.def 2018/02/06 v6.86b Hyperref: PDFDocEncoding definition (HO)
)
\Hy@SavedSpaceFactor=\count109

(/usr/local/texlive/2018/texmf-dist/tex/latex/latexconfig/hyperref.cfg
File: hyperref.cfg 2002/06/06 v1.2 hyperref configuration of TeXLive
)
Package hyperref Info: Option `breaklinks' set `true' on input line 4383.
Package hyperref Info: Option `colorlinks' set `true' on input line 4383.
Package hyperref Info: Option `debug' set `true' on input line 4383.
Package hyperref Info: Hyper figures OFF on input line 4509.
Package hyperref Info: Link nesting OFF on input line 4514.
Package hyperref Info: Hyper index ON on input line 4517.
Package hyperref Info: Plain pages OFF on input line 4524.
Package hyperref Info: Backreferencing OFF on input line 4529.
Package hyperref Info: Implicit mode ON; LaTeX internals redefined.
Package hyperref Info: Bookmarks ON on input line 4762.
\c@Hy@tempcnt=\count110

(/usr/local/texlive/2018/texmf-dist/tex/latex/url/url.sty
\Urlmuskip=\muskip11
Package: url 2013/09/16  ver 3.4  Verb mode for urls, etc.
)
LaTeX Info: Redefining \url on input line 5115.
\XeTeXLinkMargin=\dimen134
\Fld@menulength=\count111
\Field@Width=\dimen135
\Fld@charsize=\dimen136
Package hyperref Info: Hyper figures OFF on input line 6369.
Package hyperref Info: Link nesting OFF on input line 6374.
Package hyperref Info: Hyper index ON on input line 6377.
Package hyperref Info: backreferencing OFF on input line 6384.
Package hyperref Info: Link coloring ON on input line 6387.
Package hyperref Info: Link coloring with OCG OFF on input line 6394.
Package hyperref Info: PDF/A mode OFF on input line 6399.
LaTeX Info: Redefining \ref on input line 6439.
LaTeX Info: Redefining \pageref on input line 6443.
\Hy@abspage=\count112
\c@Item=\count113
\c@Hfootnote=\count114
)
Package hyperref Info: Driver (autodetected): hpdftex.

(/usr/local/texlive/2018/texmf-dist/tex/latex/hyperref/hpdftex.def
File: hpdftex.def 2018/02/06 v6.86b Hyperref driver for pdfTeX
\Fld@listcount=\count115
\c@bookmark@seq@number=\count116

(/usr/local/texlive/2018/texmf-dist/tex/latex/oberdiek/rerunfilecheck.sty
Package: rerunfilecheck 2016/05/16 v1.8 Rerun checks for auxiliary files (HO)
Package uniquecounter Info: New unique counter `rerunfilecheck' on input line 2
82.
)
\Hy@SectionHShift=\skip48
)
(/usr/local/texlive/2018/texmf-dist/tex/latex/float/float.sty
Package: float 2001/11/08 v1.3d Float enhancements (AL)
\c@float@type=\count117
\float@exts=\toks22
\float@box=\box30
\@float@everytoks=\toks23
\@floatcapt=\box31
)
(./music_nika2.aux)
\openout1 = `music_nika2.aux'.

LaTeX Font Info:    Checking defaults for OML/txmi/m/it on input line 51.
LaTeX Font Info:    Try loading font information for OML+txmi on input line 51.


(/usr/local/texlive/2018/texmf-dist/tex/latex/txfonts/omltxmi.fd
File: omltxmi.fd 2000/12/15 v3.1
)
LaTeX Font Info:    ... okay on input line 51.
LaTeX Font Info:    Checking defaults for T1/cmr/m/n on input line 51.
LaTeX Font Info:    ... okay on input line 51.
LaTeX Font Info:    Checking defaults for OT1/cmr/m/n on input line 51.
LaTeX Font Info:    ... okay on input line 51.
LaTeX Font Info:    Checking defaults for OMS/txsy/m/n on input line 51.
LaTeX Font Info:    Try loading font information for OMS+txsy on input line 51.


(/usr/local/texlive/2018/texmf-dist/tex/latex/txfonts/omstxsy.fd
File: omstxsy.fd 2000/12/15 v3.1
)
LaTeX Font Info:    ... okay on input line 51.
LaTeX Font Info:    Checking defaults for OMX/txex/m/n on input line 51.
LaTeX Font Info:    Try loading font information for OMX+txex on input line 51.


(/usr/local/texlive/2018/texmf-dist/tex/latex/txfonts/omxtxex.fd
File: omxtxex.fd 2000/12/15 v3.1
)
LaTeX Font Info:    ... okay on input line 51.
LaTeX Font Info:    Checking defaults for U/txexa/m/n on input line 51.
LaTeX Font Info:    Try loading font information for U+txexa on input line 51.

(/usr/local/texlive/2018/texmf-dist/tex/latex/txfonts/utxexa.fd
File: utxexa.fd 2000/12/15 v3.1
)
LaTeX Font Info:    ... okay on input line 51.
LaTeX Font Info:    Checking defaults for PD1/pdf/m/n on input line 51.
LaTeX Font Info:    ... okay on input line 51.
LaTeX Font Info:    Try loading font information for OT1+txr on input line 51.

(/usr/local/texlive/2018/texmf-dist/tex/latex/txfonts/ot1txr.fd
File: ot1txr.fd 2000/12/15 v3.1
)
(/usr/local/texlive/2018/texmf-dist/tex/context/base/mkii/supp-pdf.mkii
[Loading MPS to PDF converter (version 2006.09.02).]
\scratchcounter=\count118
\scratchdimen=\dimen137
\scratchbox=\box32
\nofMPsegments=\count119
\nofMParguments=\count120
\everyMPshowfont=\toks24
\MPscratchCnt=\count121
\MPscratchDim=\dimen138
\MPnumerator=\count122
\makeMPintoPDFobject=\count123
\everyMPtoPDFconversion=\toks25
)
\AtBeginShipoutBox=\box33
Package hyperref Info: Link coloring ON on input line 51.
 (/usr/local/texlive/2018/texmf-dist/tex/latex/hyperref/nameref.sty
Package: nameref 2016/05/21 v2.44 Cross-referencing by name of section

(/usr/local/texlive/2018/texmf-dist/tex/generic/oberdiek/gettitlestring.sty
Package: gettitlestring 2016/05/16 v1.5 Cleanup title references (HO)
)
\c@section@level=\count124
)
LaTeX Info: Redefining \ref on input line 51.
LaTeX Info: Redefining \pageref on input line 51.
LaTeX Info: Redefining \nameref on input line 51.

(./music_nika2.out) (./music_nika2.out)
\@outlinefile=\write3
\openout3 = `music_nika2.out'.

Package hyperref Info: Anchor `Doc-Start' on input line 51.

A&A warning: Missing \date
A&A warning: Missing \institute
LaTeX Font Info:    Try loading font information for OMS+txr on input line 114.

(/usr/local/texlive/2018/texmf-dist/tex/latex/txfonts/omstxr.fd
File: omstxr.fd 2000/12/15 v3.1
)
LaTeX Font Info:    Font shape `OMS/txr/m/n' in size <10> not available
(Font)              Font shape `OMS/txsy/m/n' tried instead on input line 114.
LaTeX Font Info:    Try loading font information for OT1+txss on input line 114
.

(/usr/local/texlive/2018/texmf-dist/tex/latex/txfonts/ot1txss.fd
File: ot1txss.fd 2000/12/15 v3.1
)
LaTeX Font Info:    Font shape `OT1/txss/m/n' will be
(Font)              scaled to size 16.41594pt on input line 114.
LaTeX Font Info:    Font shape `OT1/txss/bx/n' in size <17.28> not available
(Font)              Font shape `OT1/txss/b/n' tried instead on input line 114.
LaTeX Font Info:    Font shape `OT1/txss/b/n' will be
(Font)              scaled to size 16.41594pt on input line 114.
LaTeX Font Info:    Try loading font information for U+txsya on input line 114.


(/usr/local/texlive/2018/texmf-dist/tex/latex/txfonts/utxsya.fd
File: utxsya.fd 2000/12/15 v3.1
)
LaTeX Font Info:    Try loading font information for U+txsyb on input line 114.


(/usr/local/texlive/2018/texmf-dist/tex/latex/txfonts/utxsyb.fd
File: utxsyb.fd 2000/12/15 v3.1
)
LaTeX Font Info:    Try loading font information for U+txmia on input line 114.


(/usr/local/texlive/2018/texmf-dist/tex/latex/txfonts/utxmia.fd
File: utxmia.fd 2000/12/15 v3.1
)
LaTeX Font Info:    Try loading font information for U+txsyc on input line 114.


(/usr/local/texlive/2018/texmf-dist/tex/latex/txfonts/utxsyc.fd
File: utxsyc.fd 2000/12/15 v3.1
)
Package hyperref Info: Anchor `inst.1' on input line 114.
LaTeX Font Info:    Font shape `OT1/txss/m/n' will be
(Font)              scaled to size 8.54997pt on input line 114.
LaTeX Font Info:    Font shape `OT1/txss/bx/n' in size <9> not available
(Font)              Font shape `OT1/txss/b/n' tried instead on input line 114.
LaTeX Font Info:    Font shape `OT1/txss/b/n' will be
(Font)              scaled to size 8.54997pt on input line 114.
Package hyperref Info: Anchor `section.1' on input line 117.
LaTeX Font Info:    Font shape `OT1/txss/m/n' will be
(Font)              scaled to size 10.40245pt on input line 117.
LaTeX Font Info:    Font shape `OT1/txss/bx/n' in size <10.95> not available
(Font)              Font shape `OT1/txss/b/n' tried instead on input line 117.
LaTeX Font Info:    Font shape `OT1/txss/b/n' will be
(Font)              scaled to size 10.40245pt on input line 117.
Package hyperref Info: bookmark on input line 117:
(hyperref)             thecounter {1}
(hyperref)             text {\ifnum 1>\c@secnumdepth \else \protect \numberline
 {\csname thesection\endcsname }\fi Introduction}
(hyperref)             reference {section.1}
(hyperref)             toclevel {1}
(hyperref)             type {toc}.
Package hyperref Info: Reference (cite) `cite.voi05' on input line 120.
Package hyperref Info: Reference (cite) `cite.voi05' on input line 120.
Package hyperref Info: Reference (cite) `cite.pla18' on input line 120.
Package hyperref Info: Reference (cite) `cite.pla18' on input line 120.
Package hyperref Info: Reference (cite) `cite.and14' on input line 120.
Package hyperref Info: Reference (cite) `cite.and14' on input line 120.
Package hyperref Info: Reference (cite) `cite.per97' on input line 120.
Package hyperref Info: Reference (cite) `cite.per97' on input line 120.
Package hyperref Info: Reference (cite) `cite.pla16a' on input line 120.
Package hyperref Info: Reference (cite) `cite.pla16a' on input line 120.
Package hyperref Info: Reference (cite) `cite.boe16' on input line 120.
Package hyperref Info: Reference (cite) `cite.boe16' on input line 120.
Package hyperref Info: Reference (cite) `cite.sun72' on input line 122.
Package hyperref Info: Reference (cite) `cite.sun72' on input line 122.
Package hyperref Info: Reference (cite) `cite.arn10' on input line 122.
Package hyperref Info: Reference (cite) `cite.arn10' on input line 122.
Package hyperref Info: Reference (cite) `cite.pla14' on input line 122.
Package hyperref Info: Reference (cite) `cite.pla14' on input line 122.
Package hyperref Info: Reference (cite) `cite.pla16b' on input line 122.
Package hyperref Info: Reference (cite) `cite.pla16b' on input line 122.
Package hyperref Info: Reference (cite) `cite.sal18' on input line 124.
Package hyperref Info: Reference (cite) `cite.sal18' on input line 124.
Package hyperref Info: Reference (cite) `cite.mro18' on input line 124.
Package hyperref Info: Reference (cite) `cite.mro18' on input line 124.
Package hyperref Info: Reference (cite) `cite.mel06' on input line 124.
Package hyperref Info: Reference (cite) `cite.mel06' on input line 124.
Package hyperref Info: Reference (cite) `cite.bol18' on input line 124.
Package hyperref Info: Reference (cite) `cite.bol18' on input line 124.
Package hyperref Info: Reference (cite) `cite.ada18' on input line 126.
Package hyperref Info: Reference (cite) `cite.ada18' on input line 126.
Package hyperref Info: Reference (cite) `cite.ada14' on input line 126.
Package hyperref Info: Reference (cite) `cite.ada14' on input line 126.
Package hyperref Info: Reference (cite) `cite.ada15' on input line 126.
Package hyperref Info: Reference (cite) `cite.ada16a' on input line 126.
Package hyperref Info: Reference (cite) `cite.ada17a' on input line 126.
Package hyperref Info: Reference (cite) `cite.ada17b' on input line 126.
Package hyperref Info: Reference (cite) `cite.rup17' on input line 126.
Package hyperref Info: Reference (cite) `cite.rup17' on input line 126.
Package hyperref Info: Reference (cite) `cite.rom17' on input line 126.
Package hyperref Info: Reference (cite) `cite.rom17' on input line 126.
Package hyperref Info: Reference (cite) `cite.rup18' on input line 126.
Package hyperref Info: Reference (cite) `cite.rup18' on input line 126.
Package hyperref Info: Reference (cite) `cite.com16' on input line 128.
Package hyperref Info: Reference (cite) `cite.com16' on input line 128.
Package hyperref Info: Reference (cite) `cite.bor11' on input line 130.
Package hyperref Info: Reference (cite) `cite.bor11' on input line 130.
Package hyperref Info: Reference (cite) `cite.sha08' on input line 130.
Package hyperref Info: Reference (cite) `cite.sha08' on input line 130.
Package hyperref Info: Reference (cite) `cite.sem12' on input line 132.
Package hyperref Info: Reference (cite) `cite.sem12' on input line 132.
Package hyperref Info: Reference (link) `section.2' on input line 134.
Package hyperref Info: Reference (link) `section.3' on input line 134.
Package hyperref Info: Reference (link) `section.4' on input line 134.
Package hyperref Info: Reference (link) `section.5' on input line 134.

Underfull \vbox (badness 10000) has occurred while \output is active []


Underfull \vbox (badness 10000) has occurred while \output is active []

Package hyperref Info: Anchor `page.1' on input line 135.
 [1{/usr/local/texlive/2018/texmf-var/fonts/map/pdftex/updmap/pdftex.map}


Package `hyperref' Info: End of reference (cite) `cite.voi05', line 120.
Package `hyperref' Info: End of reference (cite) `cite.voi05', line 120.
Package `hyperref' Info: End of reference (cite) `cite.pla18', line 120.
Package `hyperref' Info: End of reference (cite) `cite.pla18', line 120.
Package `hyperref' Info: End of reference (cite) `cite.and14', line 120.
Package `hyperref' Info: End of reference (cite) `cite.and14', line 120.
Package `hyperref' Info: End of reference (cite) `cite.per97', line 120.
Package `hyperref' Info: End of reference (cite) `cite.per97', line 120.
Package `hyperref' Info: End of reference (cite) `cite.pla16a', line 120.
Package `hyperref' Info: End of reference (cite) `cite.pla16a', line 120.
Package `hyperref' Info: End of reference (cite) `cite.boe16', line 120.
Package `hyperref' Info: End of reference (cite) `cite.boe16', line 120.
Package `hyperref' Info: End of reference (cite) `cite.sun72', line 122.
Package `hyperref' Info: End of reference (cite) `cite.sun72', line 122.
Package `hyperref' Info: End of reference (cite) `cite.arn10', line 122.
Package `hyperref' Info: End of reference (cite) `cite.arn10', line 122.
Package `hyperref' Info: End of reference (cite) `cite.pla14', line 122.
Package `hyperref' Info: End of reference (cite) `cite.pla14', line 122.
Package `hyperref' Info: End of reference (cite) `cite.pla16b', line 122.
Package `hyperref' Info: End of reference (cite) `cite.pla16b', line 122.
Package `hyperref' Info: End of reference (cite) `cite.sal18', line 124.
Package `hyperref' Info: End of reference (cite) `cite.sal18', line 124.
Package `hyperref' Info: End of reference (cite) `cite.mro18', line 124.
Package `hyperref' Info: End of reference (cite) `cite.mro18', line 124.
]
Underfull \vbox (badness 10000) has occurred while \output is active []

Package hyperref Info: Anchor `section.2' on input line 136.
Package hyperref Info: bookmark on input line 136:
(hyperref)             thecounter {2}
(hyperref)             text {\ifnum 1>\c@secnumdepth \else \protect \numberline
 {\csname thesection\endcsname }\fi The NIKA2 SZ large program}
(hyperref)             reference {section.2}
(hyperref)             toclevel {1}
(hyperref)             type {toc}.
Package hyperref Info: Anchor `subsection.2.1' on input line 138.
LaTeX Font Info:    Font shape `OT1/txss/m/n' will be
(Font)              scaled to size 9.49997pt on input line 138.
LaTeX Font Info:    Font shape `OT1/txss/m/it' in size <10> not available
(Font)              Font shape `OT1/txss/m/sl' tried instead on input line 138.

LaTeX Font Info:    Font shape `OT1/txss/m/sl' will be
(Font)              scaled to size 9.49997pt on input line 138.
Package hyperref Info: bookmark on input line 138:
(hyperref)             thecounter {2.1}
(hyperref)             text {\ifnum 2>\c@secnumdepth \else \protect \numberline
 {\csname thesubsection\endcsname }\fi The observable: the thermal Sunyaev-Zel'
dovich effect}
(hyperref)             reference {subsection.2.1}
(hyperref)             toclevel {2}
(hyperref)             type {toc}.
Package hyperref Info: Reference (cite) `cite.sun72' on input line 140.
Package hyperref Info: Reference (cite) `cite.sun72' on input line 140.
Package hyperref Info: Reference (cite) `cite.sun80' on input line 140.
Package hyperref Info: Anchor `equation.2.1' on input line 141.
Package hyperref Info: Anchor `equation.2.1' on input line 141.
Package hyperref Info: Anchor `equation.2.1' on input line 141.
Package hyperref Info: Anchor `equation.2.1' on input line 141.
Package hyperref Info: Reference (cite) `cite.bir99' on input line 145.
Package hyperref Info: Reference (cite) `cite.bir99' on input line 145.
Package hyperref Info: Reference (cite) `cite.car02' on input line 145.
Package hyperref Info: Reference (cite) `cite.car02' on input line 145.
<LPSZ_M_z_grid.pdf, id=162, 578.16pt x 433.62pt>
File: LPSZ_M_z_grid.pdf Graphic file (type pdf)
<use LPSZ_M_z_grid.pdf>
Package pdftex.def Info: LPSZ_M_z_grid.pdf  used on input line 148.
(pdftex.def)             Requested size: 341.44667pt x 256.0748pt.
Package hyperref Info: Anchor `figure.1' on input line 149.
Package hyperref Info: bookmark on input line 149:
(hyperref)             thecounter {1}
(hyperref)             text {\protect \numberline {\csname the\@captype \endcsn
ame }{\ignorespaces {\footnotesize Galaxy clusters of NIKA2 SZ large program in
 the mass-redshift plane. The clusters have been selected from the Planck (red 
dots) and ACT (blue diamonds) catalogs and some clusters are part of the \xmm \
 follow-up program (purple stars).}}}
(hyperref)             reference {figure.1}
(hyperref)             toclevel {0}
(hyperref)             type {lof}.
Package hyperref Info: Anchor `figure.1' on input line 149.
Package hyperref Info: Anchor `figure.1' on input line 149.


LaTeX Warning: `!h' float specifier changed to `!ht'.

Package hyperref Info: Anchor `equation.2.2' on input line 152.
Package hyperref Info: Anchor `equation.2.2' on input line 152.
Package hyperref Info: Anchor `equation.2.2' on input line 152.
Package hyperref Info: Anchor `equation.2.2' on input line 152.
Package hyperref Info: Reference (cite) `cite.ito98' on input line 157.
Package hyperref Info: Reference (cite) `cite.ito98' on input line 157.
Package hyperref Info: Reference (cite) `cite.poi98' on input line 157.
Package hyperref Info: Reference (cite) `cite.poi98' on input line 157.
Package hyperref Info: Reference (link) `subsection.5.1' on input line 157.
Package hyperref Info: Anchor `page.2' on input line 158.
[2
Package `hyperref' Info: End of reference (cite) `cite.mel06', line 124.
Package `hyperref' Info: End of reference (cite) `cite.mel06', line 124.
Package `hyperref' Info: End of reference (cite) `cite.bol18', line 124.
Package `hyperref' Info: End of reference (cite) `cite.bol18', line 124.
Package `hyperref' Info: End of reference (cite) `cite.ada18', line 126.
Package `hyperref' Info: End of reference (cite) `cite.ada18', line 126.
Package `hyperref' Info: End of reference (cite) `cite.ada14', line 126.
Package `hyperref' Info: End of reference (cite) `cite.ada14', line 126.
Package `hyperref' Info: End of reference (cite) `cite.ada15', line 126.
Package `hyperref' Info: End of reference (cite) `cite.ada16a', line 126.
Package `hyperref' Info: End of reference (cite) `cite.ada17a', line 126.
Package `hyperref' Info: End of reference (cite) `cite.ada17b', line 126.
Package `hyperref' Info: End of reference (cite) `cite.rup17', line 126.
Package `hyperref' Info: End of reference (cite) `cite.rup17', line 126.
Package `hyperref' Info: End of reference (cite) `cite.rom17', line 126.
Package `hyperref' Info: End of reference (cite) `cite.rom17', line 126.
Package `hyperref' Info: End of reference (cite) `cite.rup18', line 126.
Package `hyperref' Info: End of reference (cite) `cite.rup18', line 126.
Package `hyperref' Info: End of reference (cite) `cite.com16', line 128.
Package `hyperref' Info: End of reference (cite) `cite.com16', line 128.
Package `hyperref' Info: End of reference (cite) `cite.bor11', line 130.
Package `hyperref' Info: End of reference (cite) `cite.bor11', line 130.
Package `hyperref' Info: End of reference (cite) `cite.sha08', line 130.
Package `hyperref' Info: End of reference (cite) `cite.sha08', line 130.
Package `hyperref' Info: End of reference (cite) `cite.sem12', line 132.
Package `hyperref' Info: End of reference (cite) `cite.sem12', line 132.
Package `hyperref' Info: End of reference (link) `section.2', line 134.
Package `hyperref' Info: End of reference (link) `section.3', line 134.
Package `hyperref' Info: End of reference (link) `section.4', line 134.
Package `hyperref' Info: End of reference (link) `section.5', line 134.
Package `hyperref' Info: End of reference (cite) `cite.sun72', line 140.
Package `hyperref' Info: End of reference (cite) `cite.sun72', line 140.
Package `hyperref' Info: End of reference (cite) `cite.sun80', line 140.
Package `hyperref' Info: End of reference (cite) `cite.bir99', line 145.
Package `hyperref' Info: End of reference (cite) `cite.bir99', line 145.
Package `hyperref' Info: End of reference (cite) `cite.car02', line 145.
Package `hyperref' Info: End of reference (cite) `cite.car02', line 145.
]
Package hyperref Info: Anchor `subsection.2.2' on input line 159.
Package hyperref Info: bookmark on input line 159:
(hyperref)             thecounter {2.2}
(hyperref)             text {\ifnum 2>\c@secnumdepth \else \protect \numberline
 {\csname thesubsection\endcsname }\fi The instrument: the NIKA2 camera}
(hyperref)             reference {subsection.2.2}
(hyperref)             toclevel {2}
(hyperref)             type {toc}.
Missing character: There is no Ã in font txr!
Missing character: There is no © in font txr!
Package hyperref Info: Reference (cite) `cite.mon10' on input line 161.
Package hyperref Info: Reference (cite) `cite.mon10' on input line 161.
Package hyperref Info: Reference (cite) `cite.roe12' on input line 161.
Package hyperref Info: Reference (cite) `cite.roe12' on input line 161.
Package hyperref Info: Reference (cite) `cite.ada18' on input line 161.
Package hyperref Info: Reference (cite) `cite.ada18' on input line 161.
Package hyperref Info: Reference (cite) `cite.cal16' on input line 161.
Package hyperref Info: Reference (cite) `cite.cal16' on input line 161.
Package hyperref Info: Reference (cite) `cite.bou16' on input line 161.
Package hyperref Info: Reference (cite) `cite.bou16' on input line 161.

Underfull \hbox (badness 10000) in paragraph at lines 161--162

 []

Package hyperref Info: Reference (cite) `cite.dic14' on input line 163.
Package hyperref Info: Reference (cite) `cite.dic14' on input line 163.
Package hyperref Info: Reference (cite) `cite.kit16' on input line 163.
Package hyperref Info: Reference (cite) `cite.kit16' on input line 163.
Package hyperref Info: Anchor `subsection.2.3' on input line 165.
Package hyperref Info: bookmark on input line 165:
(hyperref)             thecounter {2.3}
(hyperref)             text {\ifnum 2>\c@secnumdepth \else \protect \numberline
 {\csname thesubsection\endcsname }\fi Sample selection procedure}
(hyperref)             reference {subsection.2.3}
(hyperref)             toclevel {2}
(hyperref)             type {toc}.
Package hyperref Info: Reference (link) `subsection.2.1' on input line 167.
Package hyperref Info: Reference (cite) `cite.ros17' on input line 167.
Package hyperref Info: Reference (cite) `cite.ros17' on input line 167.

Underfull \hbox (badness 10000) in paragraph at lines 170--171

 []


Underfull \hbox (badness 1117) in paragraph at lines 171--172
[]\OT1/txr/m/n/10 The red-shift $\OML/txmi/m/it/10 z$ \OT1/txr/m/n/10 of the se
-lected clus-ters must be in the
 []


Underfull \hbox (badness 10000) in paragraph at lines 171--172

 []

Package hyperref Info: Anchor `page.3' on input line 172.
[3pdfTeX warning (ext4): destination with the same identifier (name{figure.1}) 
has been already used, duplicate ignored

\AtBegShi@Output ...ipout \box \AtBeginShipoutBox 
                                                  \fi \fi 
l.172 \item T
             he declination of the clusters must be such that $\mathrm{dec} ...
Package `hyperref' Info: End of reference (cite) `cite.ito98', line 157.
Package `hyperref' Info: End of reference (cite) `cite.ito98', line 157.
Package `hyperref' Info: End of reference (cite) `cite.poi98', line 157.
Package `hyperref' Info: End of reference (cite) `cite.poi98', line 157.
Package `hyperref' Info: End of reference (link) `subsection.5.1', line 157.
Package `hyperref' Info: End of reference (cite) `cite.mon10', line 161.
Package `hyperref' Info: End of reference (cite) `cite.mon10', line 161.
Package `hyperref' Info: End of reference (cite) `cite.roe12', line 161.
Package `hyperref' Info: End of reference (cite) `cite.roe12', line 161.
Package `hyperref' Info: End of reference (cite) `cite.ada18', line 161.
Package `hyperref' Info: End of reference (cite) `cite.ada18', line 161.
Package `hyperref' Info: End of reference (cite) `cite.cal16', line 161.
Package `hyperref' Info: End of reference (cite) `cite.cal16', line 161.
Package `hyperref' Info: End of reference (cite) `cite.bou16', line 161.
Package `hyperref' Info: End of reference (cite) `cite.bou16', line 161.
Package `hyperref' Info: End of reference (cite) `cite.dic14', line 163.
Package `hyperref' Info: End of reference (cite) `cite.dic14', line 163.
Package `hyperref' Info: End of reference (cite) `cite.kit16', line 163.
Package `hyperref' Info: End of reference (cite) `cite.kit16', line 163.
Package `hyperref' Info: End of reference (link) `subsection.2.1', line 167.
Package `hyperref' Info: End of reference (cite) `cite.ros17', line 167.
Package `hyperref' Info: End of reference (cite) `cite.ros17', line 167.
 <./LPSZ_M_z_grid.pdf>]
Package hyperref Info: Reference (link) `subsection.2.2' on input line 172.

Underfull \hbox (badness 10000) in paragraph at lines 172--173

 []

Package hyperref Info: Reference (cite) `cite.pla16b' on input line 175.
Package hyperref Info: Reference (cite) `cite.pla16b' on input line 175.
Package hyperref Info: Reference (cite) `cite.hil18' on input line 175.
Package hyperref Info: Reference (cite) `cite.hil18' on input line 175.
Package hyperref Info: Reference (link) `figure.1' on input line 175.
Package hyperref Info: Reference (link) `figure.1' on input line 175.
Package hyperref Info: Reference (link) `figure.1' on input line 175.
Package hyperref Info: Reference (link) `figure.1' on input line 175.
Package hyperref Info: Anchor `subsection.2.4' on input line 177.
Package hyperref Info: bookmark on input line 177:
(hyperref)             thecounter {2.4}
(hyperref)             text {\ifnum 2>\c@secnumdepth \else \protect \numberline
 {\csname thesubsection\endcsname }\fi Mean pressure profile at high redshift}
(hyperref)             reference {subsection.2.4}
(hyperref)             toclevel {2}
(hyperref)             type {toc}.
Package hyperref Info: Reference (cite) `cite.arn10' on input line 179.
Package hyperref Info: Reference (cite) `cite.arn10' on input line 179.
Package hyperref Info: Reference (link) `subsection.5.2' on input line 179.
Package hyperref Info: Anchor `section.3' on input line 182.
Package hyperref Info: bookmark on input line 182:
(hyperref)             thecounter {3}
(hyperref)             text {\ifnum 1>\c@secnumdepth \else \protect \numberline
 {\csname thesection\endcsname }\fi The MUSIC simulated sample of galaxy cluste
rs}
(hyperref)             reference {section.3}
(hyperref)             toclevel {1}
(hyperref)             type {toc}.
Package hyperref Info: Reference (cite) `cite.dol08' on input line 184.
Package hyperref Info: Reference (cite) `cite.dol08' on input line 184.
Package hyperref Info: Reference (cite) `cite.tin08' on input line 184.
Package hyperref Info: Reference (cite) `cite.tin08' on input line 184.

Underfull \hbox (badness 1087) in paragraph at lines 184--185
\OT1/txr/m/n/10 The main in-ter-est of nu-mer-i-cal sim-u-la-tions for cos-mol-
ogy
 []


Underfull \hbox (badness 10000) in paragraph at lines 184--185

 []

Package hyperref Info: Reference (link) `section.4' on input line 186.
Package hyperref Info: Anchor `subsection.3.1' on input line 188.
Package hyperref Info: bookmark on input line 188:
(hyperref)             thecounter {3.1}
(hyperref)             text {\ifnum 2>\c@secnumdepth \else \protect \numberline
 {\csname thesubsection\endcsname }\fi Overview of the MUSIC simulation}
(hyperref)             reference {subsection.3.1}
(hyperref)             toclevel {2}
(hyperref)             type {toc}.
<Histo_mass_MUSIC.pdf, id=281, 474.77374pt x 387.4475pt>
File: Histo_mass_MUSIC.pdf Graphic file (type pdf)
<use Histo_mass_MUSIC.pdf>
Package pdftex.def Info: Histo_mass_MUSIC.pdf  used on input line 192.
(pdftex.def)             Requested size: 230.11285pt x 187.78836pt.
<Histo_Y_MUSIC.pdf, id=282, 480.79625pt x 388.45125pt>
File: Histo_Y_MUSIC.pdf Graphic file (type pdf)
<use Histo_Y_MUSIC.pdf>
Package pdftex.def Info: Histo_Y_MUSIC.pdf  used on input line 194.
(pdftex.def)             Requested size: 232.43758pt x 187.78836pt.
Package hyperref Info: Anchor `figure.2' on input line 195.
Package hyperref Info: bookmark on input line 195:
(hyperref)             thecounter {2}
(hyperref)             text {\protect \numberline {\csname the\@captype \endcsn
ame }{\ignorespaces {\footnotesize \textbf {Left:} Distribution of the hydrosta
tic bias values computed for all MUSIC clusters at redshifts $z = 0.54$ and $z 
= 0.82$. \textbf {Right:} Distribution of the bias on the corrected integrated 
Compton parameter for the same clusters. The mean and the standard deviation of
 each histogram are indicated in the upper left corner of the panels.}}}
(hyperref)             reference {figure.2}
(hyperref)             toclevel {0}
(hyperref)             type {lof}.
Package hyperref Info: Anchor `figure.2' on input line 195.
Package hyperref Info: Anchor `figure.2' on input line 195.

LaTeX Warning: `!h' float specifier changed to `!ht'.

Package hyperref Info: Reference (cite) `cite.pra12' on input line 199.
Package hyperref Info: Reference (cite) `cite.pra12' on input line 199.
Package hyperref Info: Reference (cite) `cite.kom11' on input line 199.
Package hyperref Info: Reference (cite) `cite.kom11' on input line 199.

Underfull \hbox (badness 10000) in paragraph at lines 199--200

 []

Package hyperref Info: Reference (cite) `cite.spr01' on input line 201.
Package hyperref Info: Reference (cite) `cite.spr01' on input line 201.
Package hyperref Info: Reference (cite) `cite.kly01' on input line 201.
Package hyperref Info: Reference (cite) `cite.kly01' on input line 201.
Package hyperref Info: Reference (cite) `cite.spr03' on input line 201.
Package hyperref Info: Reference (cite) `cite.spr03' on input line 201.

Underfull \hbox (badness 1708) in paragraph at lines 201--202
\OT1/txr/m/n/10 of grav-i-ta-tion and fluid dy-nam-ics, the MUSIC sim-u-la-tion

 []


Underfull \hbox (badness 1043) in paragraph at lines 201--202
\OT1/txr/m/n/10 be-hav-ior of the MUSIC clus-ters over the rel-e-vant red-shift

 []


Underfull \hbox (badness 10000) in paragraph at lines 201--202

 []

Package hyperref Info: Anchor `page.4' on input line 203.
[4
Package `hyperref' Info: End of reference (link) `subsection.2.2', line 172.
Package `hyperref' Info: End of reference (cite) `cite.pla16b', line 175.
Package `hyperref' Info: End of reference (cite) `cite.pla16b', line 175.
Package `hyperref' Info: End of reference (cite) `cite.hil18', line 175.
Package `hyperref' Info: End of reference (cite) `cite.hil18', line 175.
Package `hyperref' Info: End of reference (link) `figure.1', line 175.
Package `hyperref' Info: End of reference (link) `figure.1', line 175.
Package `hyperref' Info: End of reference (link) `figure.1', line 175.
Package `hyperref' Info: End of reference (link) `figure.1', line 175.
Package `hyperref' Info: End of reference (cite) `cite.arn10', line 179.
Package `hyperref' Info: End of reference (cite) `cite.arn10', line 179.
Package `hyperref' Info: End of reference (link) `subsection.5.2', line 179.
Package `hyperref' Info: End of reference (cite) `cite.dol08', line 184.
Package `hyperref' Info: End of reference (cite) `cite.dol08', line 184.
Package `hyperref' Info: End of reference (cite) `cite.tin08', line 184.
Package `hyperref' Info: End of reference (cite) `cite.tin08', line 184.
Package `hyperref' Info: End of reference (link) `section.4', line 186.
Package `hyperref' Info: End of reference (cite) `cite.pra12', line 199.
Package `hyperref' Info: End of reference (cite) `cite.pra12', line 199.
Package `hyperref' Info: End of reference (cite) `cite.kom11', line 199.
Package `hyperref' Info: End of reference (cite) `cite.kom11', line 199.
Package `hyperref' Info: End of reference (cite) `cite.spr01', line 201.
Package `hyperref' Info: End of reference (cite) `cite.spr01', line 201.
Package `hyperref' Info: End of reference (cite) `cite.kly01', line 201.
Package `hyperref' Info: End of reference (cite) `cite.kly01', line 201.
Package `hyperref' Info: End of reference (cite) `cite.spr03', line 201.
Package `hyperref' Info: End of reference (cite) `cite.spr03', line 201.
]
Package hyperref Info: Anchor `subsection.3.2' on input line 205.
Package hyperref Info: bookmark on input line 205:
(hyperref)             thecounter {3.2}
(hyperref)             text {\ifnum 2>\c@secnumdepth \else \protect \numberline
 {\csname thesubsection\endcsname }\fi MUSIC \emph {y}-maps and 3D pressure pro
files}
(hyperref)             reference {subsection.3.2}
(hyperref)             toclevel {2}
(hyperref)             type {toc}.
<MUSIC_individuals_bin1.pdf, id=306, 505.89pt x 382.42876pt>
File: MUSIC_individuals_bin1.pdf Graphic file (type pdf)
<use MUSIC_individuals_bin1.pdf>
Package pdftex.def Info: MUSIC_individuals_bin1.pdf  used on input line 209.
(pdftex.def)             Requested size: 248.41316pt x 187.78836pt.
<MUSIC_compare_bin1_bin2.pdf, id=307, 505.89pt x 382.42876pt>
File: MUSIC_compare_bin1_bin2.pdf Graphic file (type pdf)
<use MUSIC_compare_bin1_bin2.pdf>
Package pdftex.def Info: MUSIC_compare_bin1_bin2.pdf  used on input line 211.
(pdftex.def)             Requested size: 248.41316pt x 187.78836pt.
Package hyperref Info: Anchor `figure.3' on input line 212.
Package hyperref Info: bookmark on input line 212:
(hyperref)             thecounter {3}
(hyperref)             text {\protect \numberline {\csname the\@captype \endcsn
ame }{\ignorespaces {\footnotesize \textbf {Left:} Normalized pressure profiles
 extracted from the MUSIC simulation for all the clusters located at a redshift
 $z=0.54$ (red lines). The mean pressure profile is represented in black and th
e intrinsic scatter of the distribution at $1\sigma $ is given by the blue regi
on. \textbf {Right:} Comparison of the mean normalized pressure profiles estima
ted from the MUSIC profiles extracted at $z=0.54$ (green), and at $z=0.82$ (blu
e). The difference between the two profiles weighted by the mean of their assoc
iated uncertainties is shown in red in the lower panel.}}}
(hyperref)             reference {figure.3}
(hyperref)             toclevel {0}
(hyperref)             type {lof}.
Package hyperref Info: Anchor `figure.3' on input line 212.
Package hyperref Info: Anchor `figure.3' on input line 212.


LaTeX Warning: `!h' float specifier changed to `!ht'.


Underfull \hbox (badness 10000) in paragraph at lines 216--217

 []

Package hyperref Info: Reference (link) `section.4' on input line 218.

Underfull \hbox (badness 10000) in paragraph at lines 218--219

 []

Package hyperref Info: Reference (link) `subsection.3.1' on input line 220.
Package hyperref Info: Reference (link) `subsection.5.2' on input line 220.
Package hyperref Info: Anchor `subsection.3.3' on input line 222.
Package hyperref Info: bookmark on input line 222:
(hyperref)             thecounter {3.3}
(hyperref)             text {\ifnum 2>\c@secnumdepth \else \protect \numberline
 {\csname thesubsection\endcsname }\fi Integrated parameters of the MUSIC synth
etic clusters}
(hyperref)             reference {subsection.3.3}
(hyperref)             toclevel {2}
(hyperref)             type {toc}.
Package hyperref Info: Anchor `equation.3.3' on input line 225.
Package hyperref Info: Anchor `equation.3.3' on input line 225.
Package hyperref Info: Anchor `equation.3.3' on input line 225.
Package hyperref Info: Anchor `equation.3.3' on input line 225.
Package hyperref Info: Reference (link) `equation.3.3' on input line 230.
Package hyperref Info: Reference (link) `subsection.3.2' on input line 230.

Underfull \hbox (badness 10000) in paragraph at lines 228--231

 []

Package hyperref Info: Anchor `page.5' on input line 231.
[5pdfTeX warning (ext4): destination with the same identifier (name{figure.2}) 
has been already used, duplicate ignored

\AtBegShi@Output ...ipout \box \AtBeginShipoutBox 
                                                  \fi \fi 
l.231 
      
Package `hyperref' Info: End of reference (link) `section.4', line 218.
Package `hyperref' Info: End of reference (link) `subsection.3.1', line 220.
Package `hyperref' Info: End of reference (link) `subsection.5.2', line 220.
 <./Histo_mass_MUSIC.pdf> <./Histo_Y_MUSIC.pdf>]
<MUSIC_compare_with_gNFW.pdf, id=437, 505.89pt x 382.42876pt>
File: MUSIC_compare_with_gNFW.pdf Graphic file (type pdf)
<use MUSIC_compare_with_gNFW.pdf>
Package pdftex.def Info: MUSIC_compare_with_gNFW.pdf  used on input line 234.
(pdftex.def)             Requested size: 248.41316pt x 187.78836pt.
<MUSIC_compare_HSE_corr.pdf, id=438, 505.89pt x 382.42876pt>
File: MUSIC_compare_HSE_corr.pdf Graphic file (type pdf)
<use MUSIC_compare_HSE_corr.pdf>
Package pdftex.def Info: MUSIC_compare_HSE_corr.pdf  used on input line 236.
(pdftex.def)             Requested size: 248.41316pt x 187.78836pt.
Package hyperref Info: Anchor `figure.4' on input line 237.
Package hyperref Info: bookmark on input line 237:
(hyperref)             thecounter {4}
(hyperref)             text {\protect \numberline {\csname the\@captype \endcsn
ame }{\ignorespaces {\footnotesize \textbf {Left:} Mean normalized pressure pro
files estimated by considering the profiles extracted from the MUSIC simulation
 (blue) and the gNFW fits of these profiles (orange) for each cluster at $z=0.5
4$ and $z=0.82$. \textbf {Right:} Mean pressure profiles obtained by normalizin
g the gNFW profiles associated with each MUSIC cluster by the values of $R_{500
}^{\mathrm {true}}$ and $P_{500}^{\mathrm {true}}$ (orange) and by the values o
f $R_{500}^{\mathrm {HSE-corr}}$ and $P_{500}^{\mathrm {HSE-corr}}$ obtained af
ter correction of the hydrostatic mass of each cluster by the mean hydrostatic 
bias of the MUSIC simulation at the two considered redshifts (magenta). The dif
ferences between the two profiles weighted by the mean of their associated unce
rtainties are shown in red in each lower panel.}}}
(hyperref)             reference {figure.4}
(hyperref)             toclevel {0}
(hyperref)             type {lof}.
Package hyperref Info: Anchor `figure.4' on input line 237.
Package hyperref Info: Anchor `figure.4' on input line 237.


LaTeX Warning: `!h' float specifier changed to `!ht'.

Package hyperref Info: Anchor `equation.3.4' on input line 242.
Package hyperref Info: Anchor `equation.3.4' on input line 242.
Package hyperref Info: Anchor `equation.3.4' on input line 242.
Package hyperref Info: Anchor `equation.3.4' on input line 242.
Package hyperref Info: Reference (link) `Hfootnote.1' on input line 246.
Package hyperref Info: Anchor `Hfootnote.1' on input line 246.

Underfull \hbox (badness 10000) in paragraph at lines 245--247

 []

Package hyperref Info: Anchor `equation.3.5' on input line 249.
Package hyperref Info: Anchor `equation.3.5' on input line 249.
Package hyperref Info: Anchor `equation.3.5' on input line 249.
Package hyperref Info: Anchor `equation.3.5' on input line 249.
Package hyperref Info: Reference (link) `Hfootnote.2' on input line 252.
Package hyperref Info: Anchor `Hfootnote.2' on input line 252.
Package hyperref Info: Reference (link) `figure.2' on input line 252.
Package hyperref Info: Reference (cite) `cite.lin14' on input line 252.
Package hyperref Info: Reference (cite) `cite.lin14' on input line 252.
Package hyperref Info: Reference (cite) `cite.sal18' on input line 252.
Package hyperref Info: Reference (cite) `cite.sal18' on input line 252.

Underfull \hbox (badness 10000) in paragraph at lines 251--253

 []

Package hyperref Info: Anchor `equation.3.6' on input line 255.
Package hyperref Info: Anchor `equation.3.6' on input line 255.
Package hyperref Info: Anchor `equation.3.6' on input line 255.
Package hyperref Info: Anchor `equation.3.6' on input line 255.
Package hyperref Info: Reference (link) `equation.3.3' on input line 258.
Package hyperref Info: Reference (link) `figure.2' on input line 258.
Package hyperref Info: Anchor `subsection.3.4' on input line 260.
Package hyperref Info: bookmark on input line 260:
(hyperref)             thecounter {3.4}
(hyperref)             text {\ifnum 2>\c@secnumdepth \else \protect \numberline
 {\csname thesubsection\endcsname }\fi Mean pressure profile of the MUSIC synth
etic clusters}
(hyperref)             reference {subsection.3.4}
(hyperref)             toclevel {2}
(hyperref)             type {toc}.
<Simulated_NIKA2_sample.pdf, id=448, 566.115pt x 385.44pt>
File: Simulated_NIKA2_sample.pdf Graphic file (type pdf)
<use Simulated_NIKA2_sample.pdf>
Package pdftex.def Info: Simulated_NIKA2_sample.pdf  used on input line 264.
(pdftex.def)             Requested size: 376.10757pt x 256.0748pt.
Package hyperref Info: Anchor `figure.5' on input line 265.
Package hyperref Info: bookmark on input line 265:
(hyperref)             thecounter {5}
(hyperref)             text {\protect \numberline {\csname the\@captype \endcsn
ame }{\ignorespaces {\footnotesize Distribution of the selected MUSIC clusters 
in the mass-redshift plane. The mass and redshift bins considered are identical
 to those of NIKA2 SZ large program (see Fig. \ref {fig:LPSZ_grid}). Morphologi
cally relaxed and disturbed clusters are indicated by blue dots and red triangl
es respectively.}}}
(hyperref)             reference {figure.5}
(hyperref)             toclevel {0}
(hyperref)             type {lof}.
Package hyperref Info: Anchor `figure.5' on input line 265.
Package hyperref Info: Reference (link) `figure.1' on input line 265.
Package hyperref Info: Anchor `figure.5' on input line 265.
Package hyperref Info: Reference (link) `figure.1' on input line 265.

Underfull \vbox (badness 1721) has occurred while \output is active []

Package hyperref Info: Anchor `page.6' on input line 267.
 [6pdfTeX warning (ext4): destination with the same identifier (name{figure.3})
 has been already used, duplicate ignored

\AtBegShi@Output ...ipout \box \AtBeginShipoutBox 
                                                  \fi \fi 
l.267 \end{figure*}
                   
Package `hyperref' Info: End of reference (link) `equation.3.3', line 230.
Package `hyperref' Info: End of reference (link) `subsection.3.2', line 230.
Package `hyperref' Info: End of reference (link) `Hfootnote.1', line 246.
Package `hyperref' Info: End of reference (link) `Hfootnote.2', line 252.
Package `hyperref' Info: End of reference (link) `figure.2', line 252.
Package `hyperref' Info: End of reference (cite) `cite.lin14', line 252.
Package `hyperref' Info: End of reference (cite) `cite.lin14', line 252.
Package `hyperref' Info: End of reference (cite) `cite.sal18', line 252.
Package `hyperref' Info: End of reference (cite) `cite.sal18', line 252.
Package `hyperref' Info: End of reference (link) `equation.3.3', line 258.
Package `hyperref' Info: End of reference (link) `figure.2', line 258.
 <./MUSIC_individuals_bin1.pdf> <./MUSIC_compare_bin1_bin2.pdf>]

LaTeX Warning: `!h' float specifier changed to `!ht'.


Underfull \hbox (badness 10000) in paragraph at lines 269--270

 []

Package hyperref Info: Reference (link) `figure.3' on input line 271.
Package hyperref Info: Anchor `equation.3.7' on input line 272.
Package hyperref Info: Anchor `equation.3.7' on input line 272.
Package hyperref Info: Anchor `equation.3.7' on input line 272.
Package hyperref Info: Anchor `equation.3.7' on input line 272.
Package hyperref Info: Reference (link) `Hfootnote.3' on input line 275.
Package hyperref Info: Anchor `Hfootnote.3' on input line 275.
Package hyperref Info: Reference (link) `figure.3' on input line 275.

Underfull \hbox (badness 1540) in paragraph at lines 274--276
\OT1/txr/m/n/10 dis-tri-bu-tion is mod-elled at each ra-dius by an asym-met-ric

 []


Underfull \hbox (badness 10000) in paragraph at lines 274--276

 []

Package hyperref Info: Reference (link) `figure.3' on input line 277.
Package hyperref Info: Reference (link) `subsection.5.2' on input line 277.

Underfull \hbox (badness 10000) in paragraph at lines 277--278

 []

Package hyperref Info: Reference (link) `subsection.5.1' on input line 279.
Package hyperref Info: Reference (cite) `cite.nag07' on input line 279.
Package hyperref Info: Reference (cite) `cite.nag07' on input line 279.
Package hyperref Info: Anchor `equation.3.8' on input line 280.
Package hyperref Info: Anchor `equation.3.8' on input line 280.
Package hyperref Info: Anchor `equation.3.8' on input line 280.
Package hyperref Info: Anchor `equation.3.8' on input line 280.
Package hyperref Info: Reference (cite) `cite.rup18' on input line 284.
Package hyperref Info: Reference (cite) `cite.rup18' on input line 284.
Package hyperref Info: Reference (link) `figure.4' on input line 284.
Package hyperref Info: Reference (cite) `cite.pla16b' on input line 284.
Package hyperref Info: Reference (cite) `cite.pla16b' on input line 284.
Package hyperref Info: Reference (link) `subsection.5.1' on input line 284.

Underfull \hbox (badness 10000) in paragraph at lines 283--285

 []

Package hyperref Info: Anchor `page.7' on input line 285.
[7pdfTeX warning (ext4): destination with the same identifier (name{figure.4}) 
has been already used, duplicate ignored

\AtBegShi@Output ...ipout \box \AtBeginShipoutBox 
                                                  \fi \fi 
l.285 
      
Package `hyperref' Info: End of reference (link) `figure.3', line 271.
Package `hyperref' Info: End of reference (link) `Hfootnote.3', line 275.
Package `hyperref' Info: End of reference (link) `figure.3', line 275.
Package `hyperref' Info: End of reference (link) `figure.3', line 277.
Package `hyperref' Info: End of reference (link) `subsection.5.2', line 277.
Package `hyperref' Info: End of reference (link) `subsection.5.1', line 279.
Package `hyperref' Info: End of reference (cite) `cite.nag07', line 279.
Package `hyperref' Info: End of reference (cite) `cite.nag07', line 279.
Package `hyperref' Info: End of reference (cite) `cite.rup18', line 284.
Package `hyperref' Info: End of reference (cite) `cite.rup18', line 284.
 <./MUSIC_compare_with_gNFW.pdf> <./MUSIC_compare_HSE_corr.pdf>]
<Definition_relax.pdf, id=812, 368.37625pt x 296.10625pt>
File: Definition_relax.pdf Graphic file (type pdf)
<use Definition_relax.pdf>
Package pdftex.def Info: Definition_relax.pdf  used on input line 289.
(pdftex.def)             Requested size: 233.62964pt x 187.78836pt.
<Definition_disturbed.pdf, id=813, 368.37625pt x 296.10625pt>
File: Definition_disturbed.pdf Graphic file (type pdf)
<use Definition_disturbed.pdf>
Package pdftex.def Info: Definition_disturbed.pdf  used on input line 291.
(pdftex.def)             Requested size: 233.62964pt x 187.78836pt.
Package hyperref Info: Anchor `figure.6' on input line 292.
Package hyperref Info: bookmark on input line 292:
(hyperref)             thecounter {6}
(hyperref)             text {\protect \numberline {\csname the\@captype \endcsn
ame }{\ignorespaces {\footnotesize \textbf {Left:} MUSIC Compton parameter map 
of a cluster considered as a relaxed system in the definition of the simulated 
cluster sample in Sect. \ref {subsec:simu_obs}. \textbf {Right:} MUSIC Compton 
parameter map of a cluster considered as a disturbed system. This represents an
 extreme case where both individual substructures and an extension of the ICM o
f the main halo are clearly identified.}}}
(hyperref)             reference {figure.6}
(hyperref)             toclevel {0}
(hyperref)             type {lof}.
Package hyperref Info: Anchor `figure.6' on input line 292.
Package hyperref Info: Reference (link) `subsection.4.2' on input line 292.
Package hyperref Info: Anchor `figure.6' on input line 292.
Package hyperref Info: Reference (link) `subsection.4.2' on input line 292.


LaTeX Warning: `!h' float specifier changed to `!ht'.

Package hyperref Info: Reference (link) `subsection.3.3' on input line 296.
Package hyperref Info: Reference (link) `figure.4' on input line 296.

Underfull \vbox (badness 10000) has occurred while \output is active []

Package hyperref Info: Anchor `section.4' on input line 298.
Package hyperref Info: bookmark on input line 298:
(hyperref)             thecounter {4}
(hyperref)             text {\ifnum 1>\c@secnumdepth \else \protect \numberline
 {\csname thesection\endcsname }\fi Simulation of the NIKA2 SZ large program ob
servations}
(hyperref)             reference {section.4}
(hyperref)             toclevel {1}
(hyperref)             type {toc}.
Package hyperref Info: Reference (link) `section.5' on input line 300.
Package hyperref Info: Anchor `subsection.4.1' on input line 302.
Package hyperref Info: bookmark on input line 302:
(hyperref)             thecounter {4.1}
(hyperref)             text {\ifnum 2>\c@secnumdepth \else \protect \numberline
 {\csname thesubsection\endcsname }\fi Definition of the NIKA2 cluster sample}
(hyperref)             reference {subsection.4.1}
(hyperref)             toclevel {2}
(hyperref)             type {toc}.
Package hyperref Info: Reference (link) `subsection.2.3' on input line 304.
Package hyperref Info: Reference (link) `subsection.5.1' on input line 304.
Package hyperref Info: Reference (link) `figure.5' on input line 304.
Package hyperref Info: Reference (link) `subsection.2.3' on input line 304.
Package hyperref Info: Reference (link) `figure.5' on input line 304.

Underfull \hbox (badness 10000) in paragraph at lines 304--305

 []

Package hyperref Info: Anchor `page.8' on input line 305.
[8pdfTeX warning (ext4): destination with the same identifier (name{figure.5}) 
has been already used, duplicate ignored

\AtBegShi@Output ...ipout \box \AtBeginShipoutBox 
                                                  \fi \fi 
l.305 
      
Package `hyperref' Info: End of reference (link) `figure.1', line 265.
Package `hyperref' Info: End of reference (link) `figure.4', line 284.
Package `hyperref' Info: End of reference (cite) `cite.pla16b', line 284.
Package `hyperref' Info: End of reference (cite) `cite.pla16b', line 284.
Package `hyperref' Info: End of reference (link) `subsection.5.1', line 284.
Package `hyperref' Info: End of reference (link) `subsection.3.3', line 296.
Package `hyperref' Info: End of reference (link) `figure.4', line 296.
Package `hyperref' Info: End of reference (link) `section.5', line 300.
Package `hyperref' Info: End of reference (link) `subsection.2.3', line 304.
Package `hyperref' Info: End of reference (link) `subsection.5.1', line 304.
 <./Simulated_NIKA2_sample.pdf>]
<Simu_NK2_Pla_maps1.pdf, id=880, 368.37625pt x 309.155pt>
File: Simu_NK2_Pla_maps1.pdf Graphic file (type pdf)
<use Simu_NK2_Pla_maps1.pdf>
Package pdftex.def Info: Simu_NK2_Pla_maps1.pdf  used on input line 308.
(pdftex.def)             Requested size: 162.73807pt x 136.5733pt.
<Simu_NK2_Pla_maps2.pdf, id=881, 370.38374pt x 309.155pt>
File: Simu_NK2_Pla_maps2.pdf Graphic file (type pdf)
<use Simu_NK2_Pla_maps2.pdf>
Package pdftex.def Info: Simu_NK2_Pla_maps2.pdf  used on input line 310.
(pdftex.def)             Requested size: 163.62492pt x 136.5733pt.
<Simu_NK2_Pla_maps3.pdf, id=882, 878.28125pt x 712.6625pt>
File: Simu_NK2_Pla_maps3.pdf Graphic file (type pdf)
<use Simu_NK2_Pla_maps3.pdf>
Package pdftex.def Info: Simu_NK2_Pla_maps3.pdf  used on input line 312.
(pdftex.def)             Requested size: 168.30913pt x 136.5733pt.
Package hyperref Info: Anchor `figure.7' on input line 313.
Package hyperref Info: bookmark on input line 313:
(hyperref)             thecounter {7}
(hyperref)             text {\protect \numberline {\csname the\@captype \endcsn
ame }{\ignorespaces {\footnotesize \textbf {Left:} MUSIC Compton parameter map 
of a selected disturbed cluster in the first redshift bin. An ICM extension is 
clearly identified in the top-right region of the map. \textbf {Middle:} Simula
ted NIKA2 tSZ surface brightness map at 150~GHz of the MUSIC cluster shown in t
he left panel. \textbf {Right:} Simulated \planck \ Compton parameter map of th
e MUSIC cluster shown in the left panel. The field of view considered for the l
eft and middle panels is shown as a black rectangle at the center of the map.}}
}
(hyperref)             reference {figure.7}
(hyperref)             toclevel {0}
(hyperref)             type {lof}.
Package hyperref Info: Anchor `figure.7' on input line 313.
Package hyperref Info: Anchor `figure.7' on input line 313.


LaTeX Warning: `!h' float specifier changed to `!ht'.

Package hyperref Info: Reference (link) `figure.6' on input line 317.
Package hyperref Info: Reference (link) `Hfootnote.4' on input line 317.
Package hyperref Info: Anchor `Hfootnote.4' on input line 317.
Package hyperref Info: Reference (link) `figure.6' on input line 317.
Package hyperref Info: Reference (cite) `cite.cia18' on input line 317.
Package hyperref Info: Reference (cite) `cite.cia18' on input line 317.
Package hyperref Info: Reference (link) `figure.5' on input line 317.
Package hyperref Info: Anchor `subsection.4.2' on input line 319.
Package hyperref Info: bookmark on input line 319:
(hyperref)             thecounter {4.2}
(hyperref)             text {\ifnum 2>\c@secnumdepth \else \protect \numberline
 {\csname thesubsection\endcsname }\fi Simulation of NIKA2 and \planck \ SZ obs
ervations}
(hyperref)             reference {subsection.4.2}
(hyperref)             toclevel {2}
(hyperref)             type {toc}.

Underfull \hbox (badness 10000) in paragraph at lines 321--322

 []


Underfull \hbox (badness 10000) in paragraph at lines 323--324

 []


Underfull \vbox (badness 1694) has occurred while \output is active []

Package hyperref Info: Anchor `page.9' on input line 324.
 [9pdfTeX warning (ext4): destination with the same identifier (name{figure.6})
 has been already used, duplicate ignored

\AtBegShi@Output ...ipout \box \AtBeginShipoutBox 
                                                  \fi \fi 
l.324 
      
Package `hyperref' Info: End of reference (link) `subsection.4.2', line 292.
Package `hyperref' Info: End of reference (link) `figure.5', line 304.
Package `hyperref' Info: End of reference (link) `subsection.2.3', line 304.
Package `hyperref' Info: End of reference (link) `figure.5', line 304.
Package `hyperref' Info: End of reference (link) `figure.6', line 317.
Package `hyperref' Info: End of reference (link) `Hfootnote.4', line 317.
Package `hyperref' Info: End of reference (link) `figure.6', line 317.
Package `hyperref' Info: End of reference (cite) `cite.cia18', line 317.
Package `hyperref' Info: End of reference (cite) `cite.cia18', line 317.
Package `hyperref' Info: End of reference (link) `figure.5', line 317.
 <./Definition_relax.pdf> <./Definition_disturbed.pdf>]
Underfull \hbox (badness 2119) in paragraph at lines 325--326
[]\OT1/txr/m/n/10 The \OT1/txr/m/it/10 Planck \OT1/txr/m/n/10 Compton pa-ram-e-
ter maps of the se-lected
 []


Underfull \hbox (badness 10000) in paragraph at lines 325--326

 []

Package hyperref Info: Reference (link) `figure.7' on input line 327.
Package hyperref Info: Reference (link) `figure.7' on input line 327.
Package hyperref Info: Reference (link) `figure.7' on input line 327.
Package hyperref Info: Reference (link) `section.5' on input line 327.

Underfull \vbox (badness 2042) has occurred while \output is active []

Package hyperref Info: Anchor `section.5' on input line 329.
Package hyperref Info: bookmark on input line 329:
(hyperref)             thecounter {5}
(hyperref)             text {\ifnum 1>\c@secnumdepth \else \protect \numberline
 {\csname thesection\endcsname }\fi Characterization of the mean pressure profi
le of the simulated sample}
(hyperref)             reference {section.5}
(hyperref)             toclevel {1}
(hyperref)             type {toc}.
Package hyperref Info: Anchor `subsection.5.1' on input line 333.
Package hyperref Info: bookmark on input line 333:
(hyperref)             thecounter {5.1}
(hyperref)             text {\ifnum 2>\c@secnumdepth \else \protect \numberline
 {\csname thesubsection\endcsname }\fi Estimation of the individual pressure pr
ofiles from the simulated SZ maps}
(hyperref)             reference {subsection.5.1}
(hyperref)             toclevel {2}
(hyperref)             type {toc}.
<NIKA2_relax_map.pdf, id=1055, 361.35pt x 296.10625pt>
File: NIKA2_relax_map.pdf Graphic file (type pdf)
<use NIKA2_relax_map.pdf>
Package pdftex.def Info: NIKA2_relax_map.pdf  used on input line 337.
(pdftex.def)             Requested size: 229.1735pt x 187.78836pt.
<NIKA2_disturb_map.pdf, id=1056, 370.38374pt x 296.10625pt>
File: NIKA2_disturb_map.pdf Graphic file (type pdf)
<use NIKA2_disturb_map.pdf>
Package pdftex.def Info: NIKA2_disturb_map.pdf  used on input line 339.
(pdftex.def)             Requested size: 234.90282pt x 187.78836pt.
<NIKA2_relax_profile.pdf, id=1057, 500.87125pt x 382.42876pt>
File: NIKA2_relax_profile.pdf Graphic file (type pdf)
<use NIKA2_relax_profile.pdf>
Package pdftex.def Info: NIKA2_relax_profile.pdf  used on input line 340.
(pdftex.def)             Requested size: 245.94875pt x 187.78836pt.
<NIKA2_dist_profile.pdf, id=1058, 500.87125pt x 382.42876pt>
File: NIKA2_dist_profile.pdf Graphic file (type pdf)
<use NIKA2_dist_profile.pdf>
Package pdftex.def Info: NIKA2_dist_profile.pdf  used on input line 342.
(pdftex.def)             Requested size: 245.94875pt x 187.78836pt.
Package hyperref Info: Anchor `figure.8' on input line 343.
Package hyperref Info: bookmark on input line 343:
(hyperref)             thecounter {8}
(hyperref)             text {\protect \numberline {\csname the\@captype \endcsn
ame }{\ignorespaces {\footnotesize \textbf {Top:} Simulated NIKA2 tSZ surface b
rightness maps for a relaxed (left) and a disturbed (right) cluster. \textbf {B
ottom:} Pressure profiles estimated at the maximum likelihood from the MCMC ana
lysis based on the maps shown in the above panels (black line) and associated 1
 and $2\sigma $ uncertainties (dark blue and light blue regions). The pressure 
profiles extracted from the MUSIC simulation for each cluster are represented b
y the red dots.}}}
(hyperref)             reference {figure.8}
(hyperref)             toclevel {0}
(hyperref)             type {lof}.
Package hyperref Info: Anchor `figure.8' on input line 343.
Package hyperref Info: Anchor `figure.8' on input line 343.


LaTeX Warning: `!h' float specifier changed to `!ht'.

Package hyperref Info: Reference (cite) `cite.rup18' on input line 347.
Package hyperref Info: Reference (cite) `cite.rup18' on input line 347.
Package hyperref Info: Reference (link) `subsection.3.4' on input line 347.
Package hyperref Info: Reference (link) `equation.2.2' on input line 347.
Package hyperref Info: Anchor `page.10' on input line 349.
[10pdfTeX warning (ext4): destination with the same identifier (name{figure.7})
 has been already used, duplicate ignored

\AtBegShi@Output ...ipout \box \AtBeginShipoutBox 
                                                  \fi \fi 
l.349 \begin{equation}
                      
Package `hyperref' Info: End of reference (link) `figure.7', line 327.
Package `hyperref' Info: End of reference (link) `figure.7', line 327.
Package `hyperref' Info: End of reference (link) `figure.7', line 327.
Package `hyperref' Info: End of reference (link) `section.5', line 327.
Package `hyperref' Info: End of reference (cite) `cite.rup18', line 347.
Package `hyperref' Info: End of reference (cite) `cite.rup18', line 347.
Package `hyperref' Info: End of reference (link) `subsection.3.4', line 347.
Package `hyperref' Info: End of reference (link) `equation.2.2', line 347.
 <./Simu_NK2_Pla_maps1.pdf> <./Simu_NK2_Pla_maps2.pdf> <./Simu_NK2_Pla_maps3.pd
f>]
Package hyperref Info: Anchor `equation.5.9' on input line 349.
Package hyperref Info: Anchor `equation.5.9' on input line 349.
Package hyperref Info: Anchor `equation.5.9' on input line 349.
Package hyperref Info: Anchor `equation.5.9' on input line 349.
LaTeX Font Info:    Try loading font information for U+eus on input line 351.

(/usr/local/texlive/2018/texmf-dist/tex/latex/amsfonts/ueus.fd
File: ueus.fd 2013/01/14 v3.01 Euler Script
)
Package hyperref Info: Reference (link) `equation.5.9' on input line 357.
Package hyperref Info: Reference (cite) `cite.gel92' on input line 357.
Package hyperref Info: Reference (cite) `cite.gel92' on input line 357.

Underfull \hbox (badness 10000) in paragraph at lines 356--358

 []

Package hyperref Info: Reference (link) `subsection.3.4' on input line 359.
Package hyperref Info: Reference (link) `figure.8' on input line 359.

Underfull \hbox (badness 1810) in paragraph at lines 359--360
[]\OT1/txr/m/n/10 The max-i-mum like-li-hood pres-sure pro-file is com-pared
 []


Underfull \hbox (badness 1024) in paragraph at lines 359--360
\OT1/txr/m/n/10 bin (top) and its as-so-ci-ated pres-sure pro-file (bot-tom). T
he
 []


Underfull \hbox (badness 10000) in paragraph at lines 359--360

 []


Underfull \vbox (badness 10000) has occurred while \output is active []

Package hyperref Info: Anchor `page.11' on input line 360.
 [11pdfTeX warning (ext4): destination with the same identifier (name{figure.8}
) has been already used, duplicate ignored

\AtBegShi@Output ...ipout \box \AtBeginShipoutBox 
                                                  \fi \fi 
l.360 
      
Package `hyperref' Info: End of reference (link) `equation.5.9', line 357.
Package `hyperref' Info: End of reference (cite) `cite.gel92', line 357.
Package `hyperref' Info: End of reference (cite) `cite.gel92', line 357.
Package `hyperref' Info: End of reference (link) `subsection.3.4', line 359.
Package `hyperref' Info: End of reference (link) `figure.8', line 359.
 <./NIKA2_relax_map.pdf> <./NIKA2_disturb_map.pdf> <./NIKA2_relax_profile.pdf> 
<./NIKA2_dist_profile.pdf

pdfTeX warning: /Library/TeX/texbin/pdflatex (file ./NIKA2_dist_profile.pdf): P
DF inclusion: multiple pdfs with page group included in a single page
>]
<Estimation_error.pdf, id=1520, 403.5075pt x 298.11375pt>
File: Estimation_error.pdf Graphic file (type pdf)
<use Estimation_error.pdf>
Package pdftex.def Info: Estimation_error.pdf  used on input line 363.
(pdftex.def)             Requested size: 246.47784pt x 182.09746pt.
<NIKA2_universals.pdf, id=1521, 408.52625pt x 298.11375pt>
File: NIKA2_universals.pdf Graphic file (type pdf)
<use NIKA2_universals.pdf>
Package pdftex.def Info: NIKA2_universals.pdf  used on input line 365.
(pdftex.def)             Requested size: 249.54349pt x 182.09746pt.
Package hyperref Info: Anchor `figure.9' on input line 366.
Package hyperref Info: bookmark on input line 366:
(hyperref)             thecounter {9}
(hyperref)             text {\protect \numberline {\csname the\@captype \endcsn
ame }{\ignorespaces {\footnotesize \textbf {Left:} Mean relative errors as a fu
nction of the normalized radius between the NIKA2/\planck \ deprojected pressur
e profiles and the ones extracted from the MUSIC simulation for the relaxed (bl
ue) and the disturbed (red) cluster samples. The shaded regions represent the $
1\sigma $ error on the mean. \textbf {Right:} Mean normalized pressure profiles
 and associated scatter obtained from the profile distributions of relaxed (blu
e) and disturbed (red) clusters.}}}
(hyperref)             reference {figure.9}
(hyperref)             toclevel {0}
(hyperref)             type {lof}.
Package hyperref Info: Anchor `figure.9' on input line 366.
Package hyperref Info: Anchor `figure.9' on input line 366.


LaTeX Warning: `!h' float specifier changed to `!ht'.

Package hyperref Info: Reference (link) `figure.8' on input line 370.
Package hyperref Info: Reference (cite) `cite.arn10' on input line 370.
Package hyperref Info: Reference (cite) `cite.arn10' on input line 370.

Underfull \hbox (badness 2065) in paragraph at lines 370--371
\OT1/txr/m/n/10 bright-ness map of a mor-pho-log-i-cally dis-turbed clus-ter of

 []


Underfull \hbox (badness 10000) in paragraph at lines 370--371

 []

Package hyperref Info: Reference (link) `Hfootnote.5' on input line 372.
Package hyperref Info: Anchor `Hfootnote.5' on input line 372.
Package hyperref Info: Reference (link) `equation.3.4' on input line 372.
Package hyperref Info: Reference (link) `subsection.3.3' on input line 372.
Package hyperref Info: Anchor `subsection.5.2' on input line 374.
Package hyperref Info: bookmark on input line 374:
(hyperref)             thecounter {5.2}
(hyperref)             text {\ifnum 2>\c@secnumdepth \else \protect \numberline
 {\csname thesubsection\endcsname }\fi Impact of the ICM dynamical state on the
 mean pressure profile}
(hyperref)             reference {subsection.5.2}
(hyperref)             toclevel {2}
(hyperref)             type {toc}.
Package hyperref Info: Reference (link) `subsection.5.1' on input line 376.
Package hyperref Info: Reference (link) `subsection.5.1' on input line 377.
Package hyperref Info: Reference (link) `subsection.5.1' on input line 377.
Package hyperref Info: Anchor `equation.5.10' on input line 378.
Package hyperref Info: Anchor `equation.5.10' on input line 378.
Package hyperref Info: Anchor `equation.5.10' on input line 378.
Package hyperref Info: Anchor `equation.5.10' on input line 378.
Package hyperref Info: Reference (link) `figure.9' on input line 381.
Package hyperref Info: Reference (link) `figure.8' on input line 381.
Package hyperref Info: Reference (link) `figure.8' on input line 381.

Underfull \hbox (badness 10000) in paragraph at lines 380--382

 []

Package hyperref Info: Reference (link) `subsection.3.4' on input line 383.
Package hyperref Info: Reference (link) `subsection.5.1' on input line 383.
Package hyperref Info: Reference (link) `figure.9' on input line 383.
Package hyperref Info: Reference (cite) `cite.arn10' on input line 383.
Package hyperref Info: Reference (cite) `cite.arn10' on input line 383.
Package hyperref Info: Anchor `page.12' on input line 384.
[12
Package `hyperref' Info: End of reference (link) `figure.8', line 370.
Package `hyperref' Info: End of reference (cite) `cite.arn10', line 370.
Package `hyperref' Info: End of reference (cite) `cite.arn10', line 370.
Package `hyperref' Info: End of reference (link) `Hfootnote.5', line 372.
Package `hyperref' Info: End of reference (link) `equation.3.4', line 372.
Package `hyperref' Info: End of reference (link) `subsection.3.3', line 372.
Package `hyperref' Info: End of reference (link) `subsection.5.1', line 376.
Package `hyperref' Info: End of reference (link) `subsection.5.1', line 377.
Package `hyperref' Info: End of reference (link) `subsection.5.1', line 377.
Package `hyperref' Info: End of reference (link) `figure.9', line 381.
Package `hyperref' Info: End of reference (link) `figure.8', line 381.
Package `hyperref' Info: End of reference (link) `figure.8', line 381.
Package `hyperref' Info: End of reference (link) `subsection.3.4', line 383.
Package `hyperref' Info: End of reference (link) `subsection.5.1', line 383.
Package `hyperref' Info: End of reference (link) `figure.9', line 383.
]
Package hyperref Info: Anchor `section.6' on input line 385.
Package hyperref Info: bookmark on input line 385:
(hyperref)             thecounter {6}
(hyperref)             text {\ifnum 1>\c@secnumdepth \else \protect \numberline
 {\csname thesection\endcsname }\fi Conclusions}
(hyperref)             reference {section.6}
(hyperref)             toclevel {1}
(hyperref)             type {toc}.

Underfull \hbox (badness 10000) in paragraph at lines 387--388

 []


Underfull \hbox (badness 1596) in paragraph at lines 389--390
[]\OT1/txr/m/n/10 The in-stru-men-tal char-ac-ter-is-tics of NIKA2 and \OT1/txr
/m/it/10 Planck
 []


Underfull \hbox (badness 10000) in paragraph at lines 389--390

 []

Package hyperref Info: Reference (cite) `cite.pla13' on input line 391.
Package hyperref Info: Reference (cite) `cite.pla13' on input line 391.
Missing character: There is no â in font txr!
Missing character: There is no  in font txr!
Missing character: There is no  in font txr!

Underfull \hbox (badness 1102) in paragraph at lines 396--404
\OT1/txr/m/n/8 In par-tic-u-lar, we ac-knowl-edge the cru-cial con-tri-bu-tion 
of the Cryogenics
 []

Package hyperref Info: Anchor `page.13' on input line 404.
[13pdfTeX warning (ext4): destination with the same identifier (name{figure.9})
 has been already used, duplicate ignored

\AtBegShi@Output ...ipout \box \AtBeginShipoutBox 
                                                  \fi \fi 
l.404 \end{acknowledgements}
                            
Package `hyperref' Info: End of reference (cite) `cite.arn10', line 383.
Package `hyperref' Info: End of reference (cite) `cite.arn10', line 383.
Package `hyperref' Info: End of reference (cite) `cite.pla13', line 391.
Package `hyperref' Info: End of reference (cite) `cite.pla13', line 391.
 <./Estimation_error.pdf> <./NIKA2_universals.pdf>]
Package hyperref Info: Anchor `section*.1' on input line 406.
Package hyperref Info: Anchor `cite.ada14' on input line 409.
Package hyperref Info: Anchor `cite.ada15' on input line 412.
Package hyperref Info: Anchor `cite.ada16a' on input line 415.
Package hyperref Info: Anchor `cite.ada17a' on input line 418.
Package hyperref Info: Anchor `cite.ada17b' on input line 421.
Package hyperref Info: Anchor `cite.ada18' on input line 424.
Package hyperref Info: Anchor `cite.and14' on input line 427.
Package hyperref Info: Anchor `cite.arn10' on input line 430.
Package hyperref Info: Anchor `cite.bir99' on input line 433.
Package hyperref Info: Anchor `cite.boe16' on input line 436.
Package hyperref Info: Anchor `cite.bol18' on input line 439.
Missing character: There is no Ã in font txr!
Missing character: There is no ­ in font txr!
Missing character: There is no Ã in font txr!
Missing character: There is no © in font txr!
Missing character: There is no â in font txr!
Missing character: There is no  in font txr!
Missing character: There is no  in font txr!
Package hyperref Info: Anchor `cite.bor11' on input line 442.
Missing character: There is no â in font txr!
Missing character: There is no  in font txr!
Missing character: There is no  in font txr!
Package hyperref Info: Anchor `cite.bou16' on input line 445.
Package hyperref Info: Anchor `cite.cal16' on input line 448.
Package hyperref Info: Anchor `cite.car02' on input line 451.
Package hyperref Info: Anchor `cite.cia18' on input line 455.
Missing character: There is no â in font txr!
Missing character: There is no  in font txr!
Missing character: There is no  in font txr!
Package hyperref Info: Anchor `cite.com16' on input line 458.
Package hyperref Info: Anchor `cite.dic14' on input line 462.
Package hyperref Info: Anchor `cite.dol08' on input line 465.
Package hyperref Info: Anchor `cite.gel92' on input line 468.
Package hyperref Info: Anchor `cite.hil18' on input line 471.
Package hyperref Info: Anchor `cite.ito98' on input line 474.
Package hyperref Info: Anchor `cite.kit16' on input line 477.

Underfull \hbox (badness 1701) in paragraph at lines 478--479
[]\OT1/txr/m/n/8 Kitayama, T., Ueda, S., Takakuwa, S., \OT1/txr/m/it/8 et al. \
OT1/txr/m/n/8 2016, Publications of the
 []

Package hyperref Info: Anchor `cite.kly01' on input line 480.
Package hyperref Info: Anchor `cite.kom11' on input line 483.
Package hyperref Info: Anchor `cite.lin14' on input line 486.
Package hyperref Info: Anchor `cite.mel06' on input line 489.
Package hyperref Info: Anchor `cite.mon10' on input line 492.
Package hyperref Info: Anchor `cite.mro18' on input line 495.
Package hyperref Info: Anchor `cite.nag07' on input line 498.
Package hyperref Info: Anchor `cite.pla13' on input line 501.
Package hyperref Info: Anchor `cite.pla14' on input line 504.
Package hyperref Info: Anchor `cite.pla16a' on input line 507.
Package hyperref Info: Anchor `cite.pla16b' on input line 510.
Package hyperref Info: Anchor `cite.pla18' on input line 513.
Package hyperref Info: Anchor `cite.per97' on input line 516.
Package hyperref Info: Anchor `cite.poi98' on input line 519.
Package hyperref Info: Anchor `cite.pra12' on input line 522.
Missing character: There is no â in font txr!
Missing character: There is no  in font txr!
Missing character: There is no  in font txr!
Package hyperref Info: Anchor `cite.roe12' on input line 525.
Package hyperref Info: Anchor `cite.rom17' on input line 528.
Package hyperref Info: Anchor `cite.ros17' on input line 531.
Missing character: There is no â in font txr!
Missing character: There is no  in font txr!
Missing character: There is no  in font txr!
Package hyperref Info: Anchor `cite.rup17' on input line 534.
Package hyperref Info: Anchor `cite.rup18' on input line 537.
Package hyperref Info: Anchor `cite.sal18' on input line 540.
Package hyperref Info: Anchor `cite.sem12' on input line 543.
Package hyperref Info: Anchor `cite.sha08' on input line 546.
Package hyperref Info: Anchor `cite.spr01' on input line 549.
Package hyperref Info: Anchor `cite.spr03' on input line 552.
Package hyperref Info: Anchor `cite.sun72' on input line 555.
Package hyperref Info: Anchor `cite.sun80' on input line 559.
Package hyperref Info: Anchor `cite.tin08' on input line 562.
Package hyperref Info: Anchor `cite.voi05' on input line 565.
Package atveryend Info: Empty hook `BeforeClearDocument' on input line 570.
Package hyperref Info: Anchor `page.14' on input line 570.
[14]
Package atveryend Info: Empty hook `AfterLastShipout' on input line 570.
 (./music_nika2.aux)
Package atveryend Info: Executing hook `AtVeryEndDocument' on input line 570.
Package atveryend Info: Executing hook `AtEndAfterFileList' on input line 570.
Package rerunfilecheck Info: File `music_nika2.out' has not changed.
(rerunfilecheck)             Checksum: EE0ACEE5CD42677348BA76C711064B91;1566.
Package atveryend Info: Empty hook `AtVeryVeryEnd' on input line 570.
 ) 
Here is how much of TeX's memory you used:
 8285 strings out of 492649
 116698 string characters out of 6129622
 237074 words of memory out of 5000000
 11844 multiletter control sequences out of 15000+600000
 61714 words of font info for 132 fonts, out of 8000000 for 9000
 1141 hyphenation exceptions out of 8191
 42i,13n,29p,2868b,411s stack positions out of 5000i,500n,10000p,200000b,80000s
{/usr/local/texlive/2018/texmf-dist/fonts/enc/dvips/base/8r.enc}</usr/local/t
exlive/2018/texmf-dist/fonts/type1/public/amsfonts/cm/cmbsy10.pfb></usr/local/t
exlive/2018/texmf-dist/fonts/type1/public/amsfonts/cm/cmbx10.pfb></usr/local/te
xlive/2018/texmf-dist/fonts/type1/public/amsfonts/cm/cmbx12.pfb></usr/local/tex
live/2018/texmf-dist/fonts/type1/public/amsfonts/cm/cmmib10.pfb></usr/local/tex
live/2018/texmf-dist/fonts/type1/public/amsfonts/euler/eusm10.pfb></usr/local/t
exlive/2018/texmf-dist/fonts/type1/public/txfonts/rtxmi.pfb></usr/local/texlive
/2018/texmf-dist/fonts/type1/public/txfonts/rtxr.pfb></usr/local/texlive/2018/t
exmf-dist/fonts/type1/public/txfonts/txex.pfb></usr/local/texlive/2018/texmf-di
st/fonts/type1/public/txfonts/txsy.pfb></usr/local/texlive/2018/texmf-dist/font
s/type1/urw/helvetic/uhvb8a.pfb></usr/local/texlive/2018/texmf-dist/fonts/type1
/urw/helvetic/uhvr8a.pfb></usr/local/texlive/2018/texmf-dist/fonts/type1/urw/he
lvetic/uhvr8a.pfb></usr/local/texlive/2018/texmf-dist/fonts/type1/urw/times/utm
b8a.pfb></usr/local/texlive/2018/texmf-dist/fonts/type1/urw/times/utmr8a.pfb></
usr/local/texlive/2018/texmf-dist/fonts/type1/urw/times/utmr8a.pfb></usr/local/
texlive/2018/texmf-dist/fonts/type1/urw/times/utmri8a.pfb>
Output written on music_nika2.pdf (14 pages, 8782509 bytes).
PDF statistics:
 1790 PDF objects out of 2073 (max. 8388607)
 1470 compressed objects within 15 object streams
 111 named destinations out of 1000 (max. 500000)
 240 words of extra memory for PDF output out of 10000 (max. 10000000)

