\BOOKMARK [1][-]{section.1}{Introduction}{}% 1
\BOOKMARK [2][-]{subsection.1.1}{Commissioning goals}{section.1}% 2
\BOOKMARK [2][-]{subsection.1.2}{Commissioning runs}{section.1}% 3
\BOOKMARK [1][-]{section.2}{Bandpasses}{}% 4
\BOOKMARK [1][-]{section.3}{Opacity derivation}{}% 5
\BOOKMARK [2][-]{subsection.3.1}{Methodology}{section.3}% 6
\BOOKMARK [2][-]{subsection.3.2}{Opacity measurement consistency tests}{section.3}% 7
\BOOKMARK [1][-]{section.4}{Focal Plane Reconstruction}{}% 8
\BOOKMARK [2][-]{subsection.4.1}{Methodology}{section.4}% 9
\BOOKMARK [2][-]{subsection.4.2}{Average Focal Plane Reconstruction}{section.4}% 10
\BOOKMARK [2][-]{subsection.4.3}{FOV grid distortion}{section.4}% 11
\BOOKMARK [1][-]{section.5}{Pointing accuracy}{}% 12
\BOOKMARK [1][-]{section.6}{Beam pattern}{}% 13
\BOOKMARK [2][-]{subsection.6.1}{Optimal focus}{section.6}% 14
\BOOKMARK [3][-]{subsubsection.6.1.1}{Focus estimation}{subsection.6.1}% 15
\BOOKMARK [3][-]{subsubsection.6.1.2}{Focus consistency between arrays}{subsection.6.1}% 16
\BOOKMARK [3][-]{subsubsection.6.1.3}{Reconstruction of the focus surfaces}{subsection.6.1}% 17
\BOOKMARK [3][-]{subsubsection.6.1.4}{Constraints on the X and Y foci}{subsection.6.1}% 18
\BOOKMARK [2][-]{subsection.6.2}{Full beam pattern}{section.6}% 19
\BOOKMARK [3][-]{subsubsection.6.2.1}{Data sets}{subsection.6.2}% 20
\BOOKMARK [3][-]{subsubsection.6.2.2}{Deep beam maps}{subsection.6.2}% 21
\BOOKMARK [3][-]{subsubsection.6.2.3}{Beam profile}{subsection.6.2}% 22
\BOOKMARK [2][-]{subsection.6.3}{Main beam}{section.6}% 23
\BOOKMARK [3][-]{subsubsection.6.3.1}{Sidelobe-masked Profile-based analysis}{subsection.6.3}% 24
\BOOKMARK [3][-]{subsubsection.6.3.2}{Sidelobe-masked Map-based analysis}{subsection.6.3}% 25
\BOOKMARK [3][-]{subsubsection.6.3.3}{FWHM distribution across the FoV}{subsection.6.3}% 26
\BOOKMARK [2][-]{subsection.6.4}{Beam efficiency}{section.6}% 27
\BOOKMARK [2][-]{subsection.6.5}{Stability of the beam pattern}{section.6}% 28
\BOOKMARK [3][-]{subsubsection.6.5.1}{Individual scan beam profiles}{subsection.6.5}% 29
\BOOKMARK [3][-]{subsubsection.6.5.2}{Main beam FWHM stability}{subsection.6.5}% 30
\BOOKMARK [1][-]{section.7}{Calibration}{}% 31
\BOOKMARK [2][-]{subsection.7.1}{NIKA2 Photometric System}{section.7}% 32
\BOOKMARK [3][-]{subsubsection.7.1.1}{Response of a detector to astronomical source}{subsection.7.1}% 33
\BOOKMARK [3][-]{subsubsection.7.1.2}{Effect of the atmosphere}{subsection.7.1}% 34
\BOOKMARK [3][-]{subsubsection.7.1.3}{Beammap of a calibrator}{subsection.7.1}% 35
\BOOKMARK [3][-]{subsubsection.7.1.4}{Calibration in FWHM0 beam}{subsection.7.1}% 36
\BOOKMARK [3][-]{subsubsection.7.1.5}{Color correction for point sources measured with fixed gaussian fit}{subsection.7.1}% 37
\BOOKMARK [3][-]{subsubsection.7.1.6}{Calibration for aperture photometry}{subsection.7.1}% 38
\BOOKMARK [3][-]{subsubsection.7.1.7}{Calibration in surface brightness}{subsection.7.1}% 39
\BOOKMARK [2][-]{subsection.7.2}{Reference flux densities of the calibrators}{section.7}% 40
\BOOKMARK [3][-]{subsubsection.7.2.1}{Uranus and Neptune}{subsection.7.2}% 41
\BOOKMARK [3][-]{subsubsection.7.2.2}{Mars}{subsection.7.2}% 42
\BOOKMARK [3][-]{subsubsection.7.2.3}{Secondary calibrators}{subsection.7.2}% 43
\BOOKMARK [2][-]{subsection.7.3}{Aperture photometry}{section.7}% 44
\BOOKMARK [2][-]{subsection.7.4}{Determination of the solid angle of the total beam with Uranus and Neptune : }{section.7}% 45
\BOOKMARK [2][-]{subsection.7.5}{Stability of calibration with the primary calibrators Uranus and Neptune }{section.7}% 46
\BOOKMARK [2][-]{subsection.7.6}{Calibration of the secondary calibrators MWC349A, NGC7027 and CRL2688}{section.7}% 47
\BOOKMARK [2][-]{subsection.7.7}{Tentative gain-elevation curve}{section.7}% 48
\BOOKMARK [2][-]{subsection.7.8}{Calibration stability across the run}{section.7}% 49
\BOOKMARK [2][-]{subsection.7.9}{Flat fielding: calibration stability across the FOV}{section.7}% 50
\BOOKMARK [1][-]{section.8}{Noise description: TOI and maps}{}% 51
\BOOKMARK [2][-]{subsection.8.1}{Dark detectors at 1 mm}{section.8}% 52
\BOOKMARK [2][-]{subsection.8.2}{Dark tests}{section.8}% 53
\BOOKMARK [1][-]{section.9}{Detector-Detector correlation matrix}{}% 54
\BOOKMARK [2][-]{subsection.9.1}{RMS of the noise}{section.9}% 55
\BOOKMARK [2][-]{subsection.9.2}{Discussion}{section.9}% 56
\BOOKMARK [1][-]{section.10}{Sensitivities}{}% 57
\BOOKMARK [2][-]{subsection.10.1}{Observations}{section.10}% 58
\BOOKMARK [3][-]{subsubsection.10.1.1}{Time of integration from the density of samples}{subsection.10.1}% 59
\BOOKMARK [3][-]{subsubsection.10.1.2}{Time of integration from the matrix footprint}{subsection.10.1}% 60
\BOOKMARK [3][-]{subsubsection.10.1.3}{Time of integration from the flux estimator}{subsection.10.1}% 61
\BOOKMARK [2][-]{subsection.10.2}{History and confusions}{section.10}% 62
\BOOKMARK [2][-]{subsection.10.3}{Data processing}{section.10}% 63
\BOOKMARK [2][-]{subsection.10.4}{NEFD Methods 1 and 2: deep integration}{section.10}% 64
\BOOKMARK [1][-]{section.11}{Total effective error budget}{}% 65
\BOOKMARK [2][-]{subsection.11.1}{Systematic impact of effective beam corrections}{section.11}% 66
\BOOKMARK [2][-]{subsection.11.2}{Systematic impact of opacity correction}{section.11}% 67
\BOOKMARK [1][-]{section.12}{Summary of performance}{}% 68
\BOOKMARK [1][-]{appendix.A}{Synchronization with the telescope}{}% 69
\BOOKMARK [1][-]{appendix.B}{Reference to technical documentation}{}% 70
\BOOKMARK [2][-]{subsection.B.1}{Consortium-lead documentation}{appendix.B}% 71
\BOOKMARK [2][-]{subsection.B.2}{IRAM-lead documentation}{appendix.B}% 72
