This is pdfTeX, Version 3.14159265-2.6-1.40.18 (TeX Live 2017/Debian) (preloaded format=pdflatex 2019.4.1)  26 SEP 2019 18:08
entering extended mode
 restricted \write18 enabled.
 %&-line parsing enabled.
**main.tex
(./main.tex
LaTeX2e <2017-04-15>
Babel <3.18> and hyphenation patterns for 84 language(s) loaded.
(./aa.cls
Document Class: aa 2010/20/02 v7.0 
LaTeX document class for Astronomy and Astrophysics journal
(/usr/share/texlive/texmf-dist/tex/latex/base/fleqn.clo
File: fleqn.clo 2016/12/29 v1.2a Standard LaTeX option (flush left equations)
\mathindent=\dimen102
Applying: [2015/01/01] Make \[ robust on input line 50.
LaTeX Info: Redefining \[ on input line 51.
Already applied: [0000/00/00] Make \[ robust on input line 62.
Applying: [2015/01/01] Make \] robust on input line 74.
LaTeX Info: Redefining \] on input line 75.
Already applied: [0000/00/00] Make \] robust on input line 83.
)
\logodepth=\dimen103
\headerboxheight=\dimen104
\betweenumberspace=\dimen105
\aftertext=\dimen106
\headlineindent=\dimen107
\c@inst=\count79
\c@auth=\count80
\instindent=\dimen108
\authrun=\box26
\authorrunning=\toks14
\titrun=\box27
\titlerunning=\toks15
\number@fw@rds=\count81
\c@section=\count82
\c@subsection=\count83
\c@subsubsection=\count84
\c@paragraph=\count85
\c@subparagraph=\count86
\c@theorem=\count87
\figgap=\dimen109
\c@append=\count88
\c@figure=\count89
\c@table=\count90
\abovecaptionskip=\skip41
\belowcaptionskip=\skip42
\figcapgap=\dimen110
\tabcapgap=\dimen111
\bibindent=\dimen112

! Illegal parameter number in definition of \la.
<to be read again> 
                   1
l.1681 \def\LT@makecaption#1
                            #2#3{%
You meant to type ## instead of #, right?
Or maybe a } was forgotten somewhere earlier, and things
are all screwed up? I'm going to assume that you meant ##.

! Illegal parameter number in definition of \la.
<to be read again> 
                   2
l.1681 \def\LT@makecaption#1#2
                              #3{%
You meant to type ## instead of #, right?
Or maybe a } was forgotten somewhere earlier, and things
are all screwed up? I'm going to assume that you meant ##.

! Illegal parameter number in definition of \la.
<to be read again> 
                   3
l.1681 \def\LT@makecaption#1#2#3
                                {%
You meant to type ## instead of #, right?
Or maybe a } was forgotten somewhere earlier, and things
are all screwed up? I'm going to assume that you meant ##.

! Illegal parameter number in definition of \la.
<to be read again> 
                   1
l.1683     \small\sbox\@tempboxa{#1
                                   {{\bfseries#2.} }#3}%
You meant to type ## instead of #, right?
Or maybe a } was forgotten somewhere earlier, and things
are all screwed up? I'm going to assume that you meant ##.

! Illegal parameter number in definition of \la.
<to be read again> 
                   2
l.1683     \small\sbox\@tempboxa{#1{{\bfseries#2
                                                .} }#3}%
You meant to type ## instead of #, right?
Or maybe a } was forgotten somewhere earlier, and things
are all screwed up? I'm going to assume that you meant ##.

! Illegal parameter number in definition of \la.
<to be read again> 
                   3
l.1683 ...all\sbox\@tempboxa{#1{{\bfseries#2.} }#3
                                                  }%
You meant to type ## instead of #, right?
Or maybe a } was forgotten somewhere earlier, and things
are all screwed up? I'm going to assume that you meant ##.

! Illegal parameter number in definition of \la.
<to be read again> 
                   1
l.1685       #1
               {{\bfseries#2.} }#3%
You meant to type ## instead of #, right?
Or maybe a } was forgotten somewhere earlier, and things
are all screwed up? I'm going to assume that you meant ##.

! Illegal parameter number in definition of \la.
<to be read again> 
                   2
l.1685       #1{{\bfseries#2
                            .} }#3%
You meant to type ## instead of #, right?
Or maybe a } was forgotten somewhere earlier, and things
are all screwed up? I'm going to assume that you meant ##.

! Illegal parameter number in definition of \la.
<to be read again> 
                   3
l.1685       #1{{\bfseries#2.} }#3
                                  %
You meant to type ## instead of #, right?
Or maybe a } was forgotten somewhere earlier, and things
are all screwed up? I'm going to assume that you meant ##.

)
Runaway definition?
->\mathrel {\mathchoice {\vcenter {\offinterlineskip } {\vcenter {\offinterline
skip \ETC.
! File ended while scanning definition of \la.
<inserted text> 
                }
l.1 \documentclass[twocolumn,traditabstract]{aa}\\
                                                  
I suspect you have forgotten a `}', causing me
to read past where you wanted me to stop.
I'll try to recover; but if the error is serious,
you'd better type `E' or `X' now and fix your file.


! LaTeX Error: There's no line here to end.

See the LaTeX manual or LaTeX Companion for explanation.
Type  H <return>  for immediate help.
 ...                                              
                                                  
l.2 \textbf
           {}\usepackage{fixltx2e}
Your command was ignored.
Type  I <command> <return>  to replace it with another command,
or  <return>  to continue without it.


! LaTeX Error: Missing \begin{document}.

See the LaTeX manual or LaTeX Companion for explanation.
Type  H <return>  for immediate help.
 ...                                              
                                                  
l.2 \textbf{}
             \usepackage{fixltx2e}
You're in trouble here.  Try typing  <return>  to proceed.
If that doesn't work, type  X <return>  to quit.

(/usr/share/texlive/texmf-dist/tex/latex/base/fixltx2e.sty
Package: fixltx2e 2016/12/29 v2.1a fixes to LaTeX (obsolete)
Applying: [2015/01/01] Old fixltx2e package on input line 46.


Package fixltx2e Warning: fixltx2e is not required with releases after 2015
(fixltx2e)                All fixes are now in the LaTeX kernel.
(fixltx2e)                See the latexrelease package for details.

Already applied: [0000/00/00] Old fixltx2e package on input line 53.
) (/usr/share/texlive/texmf-dist/tex/generic/babel/babel.sty
Package: babel 2018/02/14 3.18 The Babel package

(/usr/share/texlive/texmf-dist/tex/generic/babel/switch.def
File: switch.def 2018/02/14 3.18 Babel switching mechanism
)
(/usr/share/texlive/texmf-dist/tex/generic/babel-english/english.ldf
Language: english 2017/06/06 v3.3r English support from the babel system

(/usr/share/texlive/texmf-dist/tex/generic/babel/babel.def
File: babel.def 2018/02/14 3.18 Babel common definitions
\babel@savecnt=\count91
\U@D=\dimen113

(/usr/share/texlive/texmf-dist/tex/generic/babel/txtbabel.def)
\bbl@dirlevel=\count92
)
\l@canadian = a dialect from \language\l@american 
\l@australian = a dialect from \language\l@british 
\l@newzealand = a dialect from \language\l@british 

Overfull \hbox (717.00877pt too wide) in paragraph at lines 2--110
[]                                                                             
                                                                               
                                                                               
                                                                               
                                                                               
                                       
 []

)) (/usr/share/texlive/texmf-dist/tex/latex/graphics/graphicx.sty
Package: graphicx 2017/06/01 v1.1a Enhanced LaTeX Graphics (DPC,SPQR)

(/usr/share/texlive/texmf-dist/tex/latex/graphics/keyval.sty
Package: keyval 2014/10/28 v1.15 key=value parser (DPC)
\KV@toks@=\toks16
)
(/usr/share/texlive/texmf-dist/tex/latex/graphics/graphics.sty
Package: graphics 2017/06/25 v1.2c Standard LaTeX Graphics (DPC,SPQR)

(/usr/share/texlive/texmf-dist/tex/latex/graphics/trig.sty
Package: trig 2016/01/03 v1.10 sin cos tan (DPC)
)
(/usr/share/texlive/texmf-dist/tex/latex/graphics-cfg/graphics.cfg
File: graphics.cfg 2016/06/04 v1.11 sample graphics configuration
)
Package graphics Info: Driver file: pdftex.def on input line 99.

(/usr/share/texlive/texmf-dist/tex/latex/graphics-def/pdftex.def
File: pdftex.def 2018/01/08 v1.0l Graphics/color driver for pdftex
))
\Gin@req@height=\dimen114
\Gin@req@width=\dimen115
)
(/usr/share/texlive/texmf-dist/tex/latex/amsmath/amsmath.sty
Package: amsmath 2017/09/02 v2.17a AMS math features
\@mathmargin=\skip43

For additional information on amsmath, use the `?' option.
(/usr/share/texlive/texmf-dist/tex/latex/amsmath/amstext.sty
Package: amstext 2000/06/29 v2.01 AMS text

(/usr/share/texlive/texmf-dist/tex/latex/amsmath/amsgen.sty
File: amsgen.sty 1999/11/30 v2.0 generic functions
\@emptytoks=\toks17
\ex@=\dimen116
))
(/usr/share/texlive/texmf-dist/tex/latex/amsmath/amsbsy.sty
Package: amsbsy 1999/11/29 v1.2d Bold Symbols
\pmbraise@=\dimen117
)
(/usr/share/texlive/texmf-dist/tex/latex/amsmath/amsopn.sty
Package: amsopn 2016/03/08 v2.02 operator names
)
\inf@bad=\count93
LaTeX Info: Redefining \frac on input line 213.
\uproot@=\count94
\leftroot@=\count95
LaTeX Info: Redefining \overline on input line 375.
\classnum@=\count96
\DOTSCASE@=\count97
LaTeX Info: Redefining \ldots on input line 472.
LaTeX Info: Redefining \dots on input line 475.
LaTeX Info: Redefining \cdots on input line 596.
\Mathstrutbox@=\box28
\strutbox@=\box29
\big@size=\dimen118
LaTeX Font Info:    Redeclaring font encoding OML on input line 712.
LaTeX Font Info:    Redeclaring font encoding OMS on input line 713.


Package amsmath Warning: Unable to redefine math accent \vec.

\macc@depth=\count98
\c@MaxMatrixCols=\count99
\dotsspace@=\muskip10
\c@parentequation=\count100
\dspbrk@lvl=\count101
\tag@help=\toks18
\row@=\count102
\column@=\count103
\maxfields@=\count104
\andhelp@=\toks19
\eqnshift@=\dimen119
\alignsep@=\dimen120
\tagshift@=\dimen121
\tagwidth@=\dimen122
\totwidth@=\dimen123
\lineht@=\dimen124
\@envbody=\toks20
\multlinegap=\skip44
\multlinetaggap=\skip45
\mathdisplay@stack=\toks21
LaTeX Info: Redefining \[ on input line 2817.
LaTeX Info: Redefining \] on input line 2818.
) (/usr/share/texlive/texmf-dist/tex/generic/epsf/epsf.sty
This is `epsf.tex' v2.7.4 <14 February 2011>
\epsffilein=\read1
\epsfframemargin=\dimen125
\epsfframethickness=\dimen126
\epsfrsize=\dimen127
\epsftmp=\dimen128
\epsftsize=\dimen129
\epsfxsize=\dimen130
\epsfysize=\dimen131
\pspoints=\dimen132
) (/usr/share/texlive/texmf-dist/tex/latex/graphics/color.sty
Package: color 2016/07/10 v1.1e Standard LaTeX Color (DPC)

(/usr/share/texlive/texmf-dist/tex/latex/graphics-cfg/color.cfg
File: color.cfg 2016/01/02 v1.6 sample color configuration
)
Package color Info: Driver file: pdftex.def on input line 147.
)
(/usr/share/texlive/texmf-dist/tex/latex/amsfonts/eucal.sty
Package: eucal 2009/06/22 v3.00 Euler Script fonts
LaTeX Font Info:    Overwriting math alphabet `\EuScript' in version `bold'
(Font)                  U/eus/m/n --> U/eus/b/n on input line 33.
)
(/usr/share/texlive/texmf-dist/tex/latex/amsfonts/amssymb.sty
Package: amssymb 2013/01/14 v3.01 AMS font symbols

(/usr/share/texlive/texmf-dist/tex/latex/amsfonts/amsfonts.sty
Package: amsfonts 2013/01/14 v3.01 Basic AMSFonts support
\symAMSa=\mathgroup4
\symAMSb=\mathgroup5
LaTeX Font Info:    Overwriting math alphabet `\mathfrak' in version `bold'
(Font)                  U/euf/m/n --> U/euf/b/n on input line 106.
))
(/usr/share/texlive/texmf-dist/tex/latex/natbib/natbib.sty
Package: natbib 2010/09/13 8.31b (PWD, AO)
\bibhang=\skip46
\bibsep=\skip47
LaTeX Info: Redefining \cite on input line 694.
\c@NAT@ctr=\count105
)
(/usr/share/texlive/texmf-dist/tex/latex/txfonts/txfonts.sty
Package: txfonts 2008/01/22 v3.2.1
LaTeX Font Info:    Redeclaring symbol font `operators' on input line 21.
LaTeX Font Info:    Overwriting symbol font `operators' in version `normal'
(Font)                  OT1/cmr/m/n --> OT1/txr/m/n on input line 21.
LaTeX Font Info:    Overwriting symbol font `operators' in version `bold'
(Font)                  OT1/cmr/bx/n --> OT1/txr/m/n on input line 21.
LaTeX Font Info:    Overwriting symbol font `operators' in version `bold'
(Font)                  OT1/txr/m/n --> OT1/txr/bx/n on input line 22.
\symitalic=\mathgroup6
LaTeX Font Info:    Overwriting symbol font `italic' in version `bold'
(Font)                  OT1/txr/m/it --> OT1/txr/bx/it on input line 26.
LaTeX Font Info:    Redeclaring math alphabet \mathbf on input line 29.
LaTeX Font Info:    Overwriting math alphabet `\mathbf' in version `normal'
(Font)                  OT1/cmr/bx/n --> OT1/txr/bx/n on input line 29.
LaTeX Font Info:    Overwriting math alphabet `\mathbf' in version `bold'
(Font)                  OT1/cmr/bx/n --> OT1/txr/bx/n on input line 29.
LaTeX Font Info:    Redeclaring math alphabet \mathit on input line 30.
LaTeX Font Info:    Overwriting math alphabet `\mathit' in version `normal'
(Font)                  OT1/cmr/m/it --> OT1/txr/m/it on input line 30.
LaTeX Font Info:    Overwriting math alphabet `\mathit' in version `bold'
(Font)                  OT1/cmr/bx/it --> OT1/txr/m/it on input line 30.
LaTeX Font Info:    Overwriting math alphabet `\mathit' in version `bold'
(Font)                  OT1/txr/m/it --> OT1/txr/bx/it on input line 31.
LaTeX Font Info:    Redeclaring math alphabet \mathsf on input line 40.
LaTeX Font Info:    Overwriting math alphabet `\mathsf' in version `normal'
(Font)                  OT1/cmss/m/n --> OT1/txss/m/n on input line 40.
LaTeX Font Info:    Overwriting math alphabet `\mathsf' in version `bold'
(Font)                  OT1/cmss/bx/n --> OT1/txss/m/n on input line 40.
LaTeX Font Info:    Overwriting math alphabet `\mathsf' in version `bold'
(Font)                  OT1/txss/m/n --> OT1/txss/b/n on input line 41.
LaTeX Font Info:    Redeclaring math alphabet \mathtt on input line 50.
LaTeX Font Info:    Overwriting math alphabet `\mathtt' in version `normal'
(Font)                  OT1/cmtt/m/n --> OT1/txtt/m/n on input line 50.
LaTeX Font Info:    Overwriting math alphabet `\mathtt' in version `bold'
(Font)                  OT1/cmtt/m/n --> OT1/txtt/m/n on input line 50.
LaTeX Font Info:    Overwriting math alphabet `\mathtt' in version `bold'
(Font)                  OT1/txtt/m/n --> OT1/txtt/b/n on input line 51.
LaTeX Font Info:    Redeclaring symbol font `letters' on input line 58.
LaTeX Font Info:    Overwriting symbol font `letters' in version `normal'
(Font)                  OML/cmm/m/it --> OML/txmi/m/it on input line 58.
LaTeX Font Info:    Overwriting symbol font `letters' in version `bold'
(Font)                  OML/cmm/b/it --> OML/txmi/m/it on input line 58.
LaTeX Font Info:    Overwriting symbol font `letters' in version `bold'
(Font)                  OML/txmi/m/it --> OML/txmi/bx/it on input line 59.
\symlettersA=\mathgroup7
LaTeX Font Info:    Overwriting symbol font `lettersA' in version `bold'
(Font)                  U/txmia/m/it --> U/txmia/bx/it on input line 67.
LaTeX Font Info:    Redeclaring math alphabet \mathfrak on input line 70.
LaTeX Font Info:    Redeclaring symbol font `symbols' on input line 77.
LaTeX Font Info:    Overwriting symbol font `symbols' in version `normal'
(Font)                  OMS/cmsy/m/n --> OMS/txsy/m/n on input line 77.
LaTeX Font Info:    Overwriting symbol font `symbols' in version `bold'
(Font)                  OMS/cmsy/b/n --> OMS/txsy/m/n on input line 77.
LaTeX Font Info:    Overwriting symbol font `symbols' in version `bold'
(Font)                  OMS/txsy/m/n --> OMS/txsy/bx/n on input line 78.
LaTeX Font Info:    Redeclaring symbol font `AMSa' on input line 93.
LaTeX Font Info:    Overwriting symbol font `AMSa' in version `normal'
(Font)                  U/msa/m/n --> U/txsya/m/n on input line 93.
LaTeX Font Info:    Overwriting symbol font `AMSa' in version `bold'
(Font)                  U/msa/m/n --> U/txsya/m/n on input line 93.
LaTeX Font Info:    Overwriting symbol font `AMSa' in version `bold'
(Font)                  U/txsya/m/n --> U/txsya/bx/n on input line 94.
LaTeX Font Info:    Redeclaring symbol font `AMSb' on input line 102.
LaTeX Font Info:    Overwriting symbol font `AMSb' in version `normal'
(Font)                  U/msb/m/n --> U/txsyb/m/n on input line 102.
LaTeX Font Info:    Overwriting symbol font `AMSb' in version `bold'
(Font)                  U/msb/m/n --> U/txsyb/m/n on input line 102.
LaTeX Font Info:    Overwriting symbol font `AMSb' in version `bold'
(Font)                  U/txsyb/m/n --> U/txsyb/bx/n on input line 103.
\symsymbolsC=\mathgroup8
LaTeX Font Info:    Overwriting symbol font `symbolsC' in version `bold'
(Font)                  U/txsyc/m/n --> U/txsyc/bx/n on input line 113.
LaTeX Font Info:    Redeclaring symbol font `largesymbols' on input line 120.
LaTeX Font Info:    Overwriting symbol font `largesymbols' in version `normal'
(Font)                  OMX/cmex/m/n --> OMX/txex/m/n on input line 120.
LaTeX Font Info:    Overwriting symbol font `largesymbols' in version `bold'
(Font)                  OMX/cmex/m/n --> OMX/txex/m/n on input line 120.
LaTeX Font Info:    Overwriting symbol font `largesymbols' in version `bold'
(Font)                  OMX/txex/m/n --> OMX/txex/bx/n on input line 121.
\symlargesymbolsA=\mathgroup9
LaTeX Font Info:    Overwriting symbol font `largesymbolsA' in version `bold'
(Font)                  U/txexa/m/n --> U/txexa/bx/n on input line 129.
LaTeX Info: Redefining \not on input line 1043.
)
(/usr/share/texlive/texmf-dist/tex/latex/doublestroke/dsfont.sty
Package: dsfont 1995/08/01 v0.1 Double stroke roman fonts
)
(/usr/share/texlive/texmf-dist/tex/latex/hyperref/hyperref.sty
Package: hyperref 2018/02/06 v6.86b Hypertext links for LaTeX

(/usr/share/texlive/texmf-dist/tex/generic/oberdiek/hobsub-hyperref.sty
Package: hobsub-hyperref 2016/05/16 v1.14 Bundle oberdiek, subset hyperref (HO)


(/usr/share/texlive/texmf-dist/tex/generic/oberdiek/hobsub-generic.sty
Package: hobsub-generic 2016/05/16 v1.14 Bundle oberdiek, subset generic (HO)
Package: hobsub 2016/05/16 v1.14 Construct package bundles (HO)
Package: infwarerr 2016/05/16 v1.4 Providing info/warning/error messages (HO)
Package: ltxcmds 2016/05/16 v1.23 LaTeX kernel commands for general use (HO)
Package: ifluatex 2016/05/16 v1.4 Provides the ifluatex switch (HO)
Package ifluatex Info: LuaTeX not detected.
Package: ifvtex 2016/05/16 v1.6 Detect VTeX and its facilities (HO)
Package ifvtex Info: VTeX not detected.
Package: intcalc 2016/05/16 v1.2 Expandable calculations with integers (HO)
Package: ifpdf 2017/03/15 v3.2 Provides the ifpdf switch
Package: etexcmds 2016/05/16 v1.6 Avoid name clashes with e-TeX commands (HO)
Package etexcmds Info: Could not find \expanded.
(etexcmds)             That can mean that you are not using pdfTeX 1.50 or
(etexcmds)             that some package has redefined \expanded.
(etexcmds)             In the latter case, load this package earlier.
Package: kvsetkeys 2016/05/16 v1.17 Key value parser (HO)
Package: kvdefinekeys 2016/05/16 v1.4 Define keys (HO)
Package: pdftexcmds 2018/01/21 v0.26 Utility functions of pdfTeX for LuaTeX (HO
)
Package pdftexcmds Info: LuaTeX not detected.
Package pdftexcmds Info: \pdf@primitive is available.
Package pdftexcmds Info: \pdf@ifprimitive is available.
Package pdftexcmds Info: \pdfdraftmode found.
Package: pdfescape 2016/05/16 v1.14 Implements pdfTeX's escape features (HO)
Package: bigintcalc 2016/05/16 v1.4 Expandable calculations on big integers (HO
)
Package: bitset 2016/05/16 v1.2 Handle bit-vector datatype (HO)
Package: uniquecounter 2016/05/16 v1.3 Provide unlimited unique counter (HO)
)
Package hobsub Info: Skipping package `hobsub' (already loaded).
Package: letltxmacro 2016/05/16 v1.5 Let assignment for LaTeX macros (HO)
Package: hopatch 2016/05/16 v1.3 Wrapper for package hooks (HO)
Package: xcolor-patch 2016/05/16 xcolor patch
Package: atveryend 2016/05/16 v1.9 Hooks at the very end of document (HO)
Package atveryend Info: \enddocument detected (standard20110627).
Package: atbegshi 2016/06/09 v1.18 At begin shipout hook (HO)
Package: refcount 2016/05/16 v3.5 Data extraction from label references (HO)
Package: hycolor 2016/05/16 v1.8 Color options for hyperref/bookmark (HO)
)
(/usr/share/texlive/texmf-dist/tex/generic/ifxetex/ifxetex.sty
Package: ifxetex 2010/09/12 v0.6 Provides ifxetex conditional
)
(/usr/share/texlive/texmf-dist/tex/latex/oberdiek/auxhook.sty
Package: auxhook 2016/05/16 v1.4 Hooks for auxiliary files (HO)
)
(/usr/share/texlive/texmf-dist/tex/latex/oberdiek/kvoptions.sty
Package: kvoptions 2016/05/16 v3.12 Key value format for package options (HO)
)
\@linkdim=\dimen133
\Hy@linkcounter=\count106
\Hy@pagecounter=\count107

(/usr/share/texlive/texmf-dist/tex/latex/hyperref/pd1enc.def
File: pd1enc.def 2018/02/06 v6.86b Hyperref: PDFDocEncoding definition (HO)
)
\Hy@SavedSpaceFactor=\count108

(/usr/share/texlive/texmf-dist/tex/latex/latexconfig/hyperref.cfg
File: hyperref.cfg 2002/06/06 v1.2 hyperref configuration of TeXLive
)
Package hyperref Info: Option `breaklinks' set `true' on input line 4383.
Package hyperref Info: Option `colorlinks' set `true' on input line 4383.
Package hyperref Info: Option `debug' set `true' on input line 4383.
Package hyperref Info: Hyper figures OFF on input line 4509.
Package hyperref Info: Link nesting OFF on input line 4514.
Package hyperref Info: Hyper index ON on input line 4517.
Package hyperref Info: Plain pages OFF on input line 4524.
Package hyperref Info: Backreferencing OFF on input line 4529.
Package hyperref Info: Implicit mode ON; LaTeX internals redefined.
Package hyperref Info: Bookmarks ON on input line 4762.
\c@Hy@tempcnt=\count109

(/usr/share/texlive/texmf-dist/tex/latex/url/url.sty
\Urlmuskip=\muskip11
Package: url 2013/09/16  ver 3.4  Verb mode for urls, etc.
)
LaTeX Info: Redefining \url on input line 5115.
\XeTeXLinkMargin=\dimen134
\Fld@menulength=\count110
\Field@Width=\dimen135
\Fld@charsize=\dimen136
Package hyperref Info: Hyper figures OFF on input line 6369.
Package hyperref Info: Link nesting OFF on input line 6374.
Package hyperref Info: Hyper index ON on input line 6377.
Package hyperref Info: backreferencing OFF on input line 6384.
Package hyperref Info: Link coloring ON on input line 6387.
Package hyperref Info: Link coloring with OCG OFF on input line 6394.
Package hyperref Info: PDF/A mode OFF on input line 6399.
LaTeX Info: Redefining \ref on input line 6439.
LaTeX Info: Redefining \pageref on input line 6443.
\Hy@abspage=\count111
\c@Item=\count112
\c@Hfootnote=\count113
)
Package hyperref Info: Driver (autodetected): hpdftex.

(/usr/share/texlive/texmf-dist/tex/latex/hyperref/hpdftex.def
File: hpdftex.def 2018/02/06 v6.86b Hyperref driver for pdfTeX
\Fld@listcount=\count114
\c@bookmark@seq@number=\count115

(/usr/share/texlive/texmf-dist/tex/latex/oberdiek/rerunfilecheck.sty
Package: rerunfilecheck 2016/05/16 v1.8 Rerun checks for auxiliary files (HO)
Package uniquecounter Info: New unique counter `rerunfilecheck' on input line 2
82.
)
\Hy@SectionHShift=\skip48
)
(/usr/share/texlive/texmf-dist/tex/latex/float/float.sty
Package: float 2001/11/08 v1.3d Float enhancements (AL)
\c@float@type=\count116
\float@exts=\toks22
\float@box=\box30
\@float@everytoks=\toks23
\@floatcapt=\box31
) (./widetext.sty
Package: widetext 

(/usr/share/texlive/texmf-dist/tex/latex/sttools/flushend.sty
Package: flushend 2017/03/27 v3.3 Balancing columns in twocolumn mode
\flushend@@lastskip@a=\skip49
\flushend@@lastskip@b=\skip50
\flushend@@lastskip@c=\skip51
\flushend@@penalty@a=\count117
\flushend@@lastkern@a=\dimen137
\var@@temp@spread=\dimen138
\var@@temp@a=\dimen139
\flushend@@page@rule=\dimen140
\flushend@@varbox@a=\box32
\flushend@@varbox@c=\box33
\flushend@@tempbox@a=\box34
\flushend@@tempbox@c=\box35
\@viper=\box36
\hold@viper=\box37
\atColsBreak=\toks24
\atColsEnd=\toks25

(/usr/share/texlive/texmf-dist/tex/latex/etoolbox/etoolbox.sty
Package: etoolbox 2018/02/11 v2.5e e-TeX tools for LaTeX (JAW)
\etb@tempcnta=\count118
))
(/usr/share/texlive/texmf-dist/tex/latex/sttools/cuted.sty
Package: cuted 2012/10/04 v1.5 Mixing onecolumn and twocolumn modes
\At@ViperColsBreak=\toks26
\v@aaa=\box38
\v@ccc=\box39
\lastskip@a=\skip52
\lastskip@b=\skip53
\lastskip@d=\skip54
\lastbox@a=\box40
\stripsep=\skip55
\viper@penalty=\count119
\ht@viper=\dimen141
)
\@parindent=\skip56
) (./main.aux)
\openout1 = `main.aux'.

LaTeX Font Info:    Checking defaults for OML/txmi/m/it on input line 28.
LaTeX Font Info:    Try loading font information for OML+txmi on input line 28.


(/usr/share/texlive/texmf-dist/tex/latex/txfonts/omltxmi.fd
File: omltxmi.fd 2000/12/15 v3.1
)
LaTeX Font Info:    ... okay on input line 28.
LaTeX Font Info:    Checking defaults for T1/cmr/m/n on input line 28.
LaTeX Font Info:    ... okay on input line 28.
LaTeX Font Info:    Checking defaults for OT1/cmr/m/n on input line 28.
LaTeX Font Info:    ... okay on input line 28.
LaTeX Font Info:    Checking defaults for OMS/txsy/m/n on input line 28.
LaTeX Font Info:    Try loading font information for OMS+txsy on input line 28.


(/usr/share/texlive/texmf-dist/tex/latex/txfonts/omstxsy.fd
File: omstxsy.fd 2000/12/15 v3.1
)
LaTeX Font Info:    ... okay on input line 28.
LaTeX Font Info:    Checking defaults for OMX/txex/m/n on input line 28.
LaTeX Font Info:    Try loading font information for OMX+txex on input line 28.


(/usr/share/texlive/texmf-dist/tex/latex/txfonts/omxtxex.fd
File: omxtxex.fd 2000/12/15 v3.1
)
LaTeX Font Info:    ... okay on input line 28.
LaTeX Font Info:    Checking defaults for U/txexa/m/n on input line 28.
LaTeX Font Info:    Try loading font information for U+txexa on input line 28.

(/usr/share/texlive/texmf-dist/tex/latex/txfonts/utxexa.fd
File: utxexa.fd 2000/12/15 v3.1
)
LaTeX Font Info:    ... okay on input line 28.
LaTeX Font Info:    Checking defaults for PD1/pdf/m/n on input line 28.
LaTeX Font Info:    ... okay on input line 28.
LaTeX Font Info:    Try loading font information for OT1+txr on input line 28.

(/usr/share/texlive/texmf-dist/tex/latex/txfonts/ot1txr.fd
File: ot1txr.fd 2000/12/15 v3.1
)
(/usr/share/texlive/texmf-dist/tex/context/base/mkii/supp-pdf.mkii
[Loading MPS to PDF converter (version 2006.09.02).]
\scratchcounter=\count120
\scratchdimen=\dimen142
\scratchbox=\box41
\nofMPsegments=\count121
\nofMParguments=\count122
\everyMPshowfont=\toks27
\MPscratchCnt=\count123
\MPscratchDim=\dimen143
\MPnumerator=\count124
\makeMPintoPDFobject=\count125
\everyMPtoPDFconversion=\toks28
) (/usr/share/texlive/texmf-dist/tex/latex/oberdiek/epstopdf-base.sty
Package: epstopdf-base 2016/05/15 v2.6 Base part for package epstopdf

(/usr/share/texlive/texmf-dist/tex/latex/oberdiek/grfext.sty
Package: grfext 2016/05/16 v1.2 Manage graphics extensions (HO)
)
Package epstopdf-base Info: Redefining graphics rule for `.eps' on input line 4
38.
Package grfext Info: Graphics extension search list:
(grfext)             [.pdf,.png,.jpg,.mps,.jpeg,.jbig2,.jb2,.PDF,.PNG,.JPG,.JPE
G,.JBIG2,.JB2,.eps]
(grfext)             \AppendGraphicsExtensions on input line 456.

(/usr/share/texlive/texmf-dist/tex/latex/latexconfig/epstopdf-sys.cfg
File: epstopdf-sys.cfg 2010/07/13 v1.3 Configuration of (r)epstopdf for TeX Liv
e
))
\AtBeginShipoutBox=\box42
Package hyperref Info: Link coloring ON on input line 28.

(/usr/share/texlive/texmf-dist/tex/latex/hyperref/nameref.sty
Package: nameref 2016/05/21 v2.44 Cross-referencing by name of section

(/usr/share/texlive/texmf-dist/tex/generic/oberdiek/gettitlestring.sty
Package: gettitlestring 2016/05/16 v1.5 Cleanup title references (HO)
)
\c@section@level=\count126
)
LaTeX Info: Redefining \ref on input line 28.
LaTeX Info: Redefining \pageref on input line 28.
LaTeX Info: Redefining \nameref on input line 28.

(./main.out) (./main.out)
\@outlinefile=\write3
\openout3 = `main.out'.

Package hyperref Info: Anchor `Doc-Start' on input line 28.

A&A warning: Missing \date
A&A warning: Missing \keywords
Package hyperref Info: Anchor `page.1' on input line 95.
[1


{/var/lib/texmf/fonts/map/pdftex/updmap/pdftex.map}]
LaTeX Font Info:    Try loading font information for OMS+txr on input line 95.

(/usr/share/texlive/texmf-dist/tex/latex/txfonts/omstxr.fd
File: omstxr.fd 2000/12/15 v3.1
)
LaTeX Font Info:    Font shape `OMS/txr/m/n' in size <10> not available
(Font)              Font shape `OMS/txsy/m/n' tried instead on input line 95.
LaTeX Font Info:    Try loading font information for OT1+txss on input line 95.


(/usr/share/texlive/texmf-dist/tex/latex/txfonts/ot1txss.fd
File: ot1txss.fd 2000/12/15 v3.1
)
LaTeX Font Info:    Font shape `OT1/txss/m/n' will be
(Font)              scaled to size 16.41594pt on input line 95.
LaTeX Font Info:    Font shape `OT1/txss/bx/n' in size <17.28> not available
(Font)              Font shape `OT1/txss/b/n' tried instead on input line 95.
LaTeX Font Info:    Font shape `OT1/txss/b/n' will be
(Font)              scaled to size 16.41594pt on input line 95.
LaTeX Font Info:    Try loading font information for U+txsya on input line 95.

(/usr/share/texlive/texmf-dist/tex/latex/txfonts/utxsya.fd
File: utxsya.fd 2000/12/15 v3.1
)
LaTeX Font Info:    Try loading font information for U+txsyb on input line 95.

(/usr/share/texlive/texmf-dist/tex/latex/txfonts/utxsyb.fd
File: utxsyb.fd 2000/12/15 v3.1
)
LaTeX Font Info:    Try loading font information for U+txmia on input line 95.

(/usr/share/texlive/texmf-dist/tex/latex/txfonts/utxmia.fd
File: utxmia.fd 2000/12/15 v3.1
)
LaTeX Font Info:    Try loading font information for U+txsyc on input line 95.

(/usr/share/texlive/texmf-dist/tex/latex/txfonts/utxsyc.fd
File: utxsyc.fd 2000/12/15 v3.1
)
Package hyperref Info: Reference (link) `inst.5' on input line 95.
Package hyperref Info: Reference (link) `inst.5' on input line 95.
Package hyperref Info: Reference (link) `inst.5' on input line 95.
Package hyperref Info: Reference (link) `inst.2' on input line 95.
Package hyperref Info: Reference (link) `inst.5' on input line 95.
Package hyperref Info: Reference (link) `inst.2' on input line 95.
Package hyperref Info: Reference (link) `inst.5' on input line 95.
Package hyperref Info: Reference (link) `inst.5' on input line 95.
Package hyperref Info: Reference (link) `inst.2' on input line 95.
Package hyperref Info: Reference (link) `inst.2' on input line 95.
Package hyperref Info: Reference (link) `inst.2' on input line 95.
Package hyperref Info: Reference (link) `inst.5' on input line 95.
Package hyperref Info: Reference (link) `inst.4' on input line 95.
Package hyperref Info: Reference (link) `inst.2' on input line 95.
Package hyperref Info: Reference (link) `inst.5' on input line 95.
Package hyperref Info: Reference (link) `inst.5' on input line 95.
Package hyperref Info: Reference (link) `inst.3' on input line 95.
Package hyperref Info: Reference (link) `inst.3' on input line 95.
Package hyperref Info: Reference (link) `inst.5' on input line 95.
Package hyperref Info: Reference (link) `inst.2' on input line 95.
Package hyperref Info: Reference (link) `inst.2' on input line 95.
Package hyperref Info: Reference (link) `inst.5' on input line 95.
Package hyperref Info: Reference (link) `inst.5' on input line 95.
Package hyperref Info: Reference (link) `inst.5' on input line 95.
Package hyperref Info: Reference (link) `inst.2' on input line 95.
Package hyperref Info: Reference (link) `inst.5' on input line 95.
Package hyperref Info: Reference (link) `inst.2' on input line 95.
Package hyperref Info: Reference (link) `inst.5' on input line 95.
Package hyperref Info: Reference (link) `inst.5' on input line 95.
Package hyperref Info: Reference (link) `inst.2' on input line 95.
Package hyperref Info: Reference (link) `inst.2' on input line 95.
Package hyperref Info: Reference (link) `inst.2' on input line 95.
Package hyperref Info: Reference (link) `inst.5' on input line 95.
Package hyperref Info: Reference (link) `inst.4' on input line 95.
Package hyperref Info: Reference (link) `inst.2' on input line 95.
Package hyperref Info: Reference (link) `inst.5' on input line 95.
Package hyperref Info: Reference (link) `inst.5' on input line 95.
Package hyperref Info: Reference (link) `inst.3' on input line 95.
Package hyperref Info: Reference (link) `inst.3' on input line 95.
Package hyperref Info: Reference (link) `inst.5' on input line 95.
Package hyperref Info: Reference (link) `inst.2' on input line 95.
Package hyperref Info: Reference (link) `inst.2' on input line 95.
Package hyperref Info: Anchor `inst.1' on input line 95.
Package hyperref Info: Anchor `inst.2' on input line 95.
Package hyperref Info: Anchor `inst.3' on input line 95.
Package hyperref Info: Anchor `inst.4' on input line 95.
Package hyperref Info: Anchor `inst.5' on input line 95.
Package hyperref Info: Anchor `inst.2' on input line 95.
Package hyperref Info: Anchor `inst.3' on input line 95.
Package hyperref Info: Anchor `inst.4' on input line 95.
Package hyperref Info: Anchor `inst.5' on input line 95.
LaTeX Font Info:    Font shape `OT1/txss/m/n' will be
(Font)              scaled to size 8.54997pt on input line 95.
LaTeX Font Info:    Font shape `OT1/txss/bx/n' in size <9> not available
(Font)              Font shape `OT1/txss/b/n' tried instead on input line 95.
LaTeX Font Info:    Font shape `OT1/txss/b/n' will be
(Font)              scaled to size 8.54997pt on input line 95.
LaTeX Font Info:    Try loading font information for OT1+txtt on input line 95.


(/usr/share/texlive/texmf-dist/tex/latex/txfonts/ot1txtt.fd
File: ot1txtt.fd 2000/12/15 v3.1
)
Package hyperref Info: Anchor `section.1' on input line 96.
LaTeX Font Info:    Font shape `OT1/txss/m/n' will be
(Font)              scaled to size 10.40245pt on input line 96.
LaTeX Font Info:    Font shape `OT1/txss/bx/n' in size <10.95> not available
(Font)              Font shape `OT1/txss/b/n' tried instead on input line 96.
LaTeX Font Info:    Font shape `OT1/txss/b/n' will be
(Font)              scaled to size 10.40245pt on input line 96.
Package hyperref Info: bookmark on input line 96:
(hyperref)             thecounter {1}
(hyperref)             text {\ifnum 1>\c@secnumdepth \else \protect \numberline
 {\csname thesection\endcsname }\fi Introduction}
(hyperref)             reference {section.1}
(hyperref)             toclevel {1}
(hyperref)             type {toc}.
Package hyperref Info: Reference (cite) `cite.deshima' on input line 98.
Package hyperref Info: Reference (cite) `cite.deshima' on input line 98.
Package hyperref Info: Reference (cite) `cite.grating' on input line 98.
Package hyperref Info: Reference (cite) `cite.grating' on input line 98.
Package hyperref Info: Reference (cite) `cite.fasano-ltd' on input line 100.
Package hyperref Info: Reference (cite) `cite.fasano-ltd' on input line 100.
Package hyperref Info: Reference (cite) `cite.fasano-nika2' on input line 100.
Package hyperref Info: Reference (cite) `cite.fasano-nika2' on input line 100.
Package hyperref Info: Reference (cite) `cite.FIRAS' on input line 100.
Package hyperref Info: Reference (cite) `cite.FIRAS' on input line 100.
Package hyperref Info: Reference (cite) `cite.mpi' on input line 100.
Package hyperref Info: Reference (cite) `cite.mpi' on input line 100.
Package hyperref Info: Reference (cite) `cite.kids' on input line 101.
Package hyperref Info: Reference (cite) `cite.kids' on input line 101.
Package hyperref Info: Reference (link) `section.2' on input line 104.
Package hyperref Info: Reference (link) `section.3' on input line 105.
Package hyperref Info: Reference (link) `section.4' on input line 106.
Package hyperref Info: Anchor `section.2' on input line 108.
Package hyperref Info: bookmark on input line 108:
(hyperref)             thecounter {2}
(hyperref)             text {\ifnum 1>\c@secnumdepth \else \protect \numberline
 {\csname thesection\endcsname }\fi KID properties}
(hyperref)             reference {section.2}
(hyperref)             toclevel {1}
(hyperref)             type {toc}.
Package hyperref Info: Reference (cite) `cite.kids' on input line 111.
Package hyperref Info: Reference (cite) `cite.kids' on input line 111.

Underfull \vbox (badness 10000) has occurred while \output is active []

Package hyperref Info: Anchor `page.2' on input line 112.
 [2
Package `hyperref' Info: End of reference (link) `inst.5', line 95.
Package `hyperref' Info: End of reference (link) `inst.5', line 95.
Package `hyperref' Info: End of reference (link) `inst.5', line 95.
Package `hyperref' Info: End of reference (link) `inst.2', line 95.
Package `hyperref' Info: End of reference (link) `inst.5', line 95.
Package `hyperref' Info: End of reference (link) `inst.2', line 95.
Package `hyperref' Info: End of reference (link) `inst.5', line 95.
Package `hyperref' Info: End of reference (link) `inst.5', line 95.
Package `hyperref' Info: End of reference (link) `inst.2', line 95.
Package `hyperref' Info: End of reference (link) `inst.2', line 95.
Package `hyperref' Info: End of reference (link) `inst.2', line 95.
Package `hyperref' Info: End of reference (link) `inst.5', line 95.
Package `hyperref' Info: End of reference (link) `inst.4', line 95.
Package `hyperref' Info: End of reference (link) `inst.2', line 95.
Package `hyperref' Info: End of reference (link) `inst.5', line 95.
Package `hyperref' Info: End of reference (link) `inst.5', line 95.
Package `hyperref' Info: End of reference (link) `inst.3', line 95.
Package `hyperref' Info: End of reference (link) `inst.3', line 95.
Package `hyperref' Info: End of reference (link) `inst.5', line 95.
Package `hyperref' Info: End of reference (link) `inst.2', line 95.
Package `hyperref' Info: End of reference (link) `inst.2', line 95.

Package `hyperref' Info: End of reference (cite) `cite.deshima', line 98.
Package `hyperref' Info: End of reference (cite) `cite.deshima', line 98.
Package `hyperref' Info: End of reference (cite) `cite.grating', line 98.
Package `hyperref' Info: End of reference (cite) `cite.grating', line 98.
Package `hyperref' Info: End of reference (cite) `cite.fasano-ltd', line 100.
Package `hyperref' Info: End of reference (cite) `cite.fasano-ltd', line 100.
Package `hyperref' Info: End of reference (cite) `cite.fasano-nika2', line 100.

Package `hyperref' Info: End of reference (cite) `cite.fasano-nika2', line 100.

Package `hyperref' Info: End of reference (cite) `cite.FIRAS', line 100.
Package `hyperref' Info: End of reference (cite) `cite.FIRAS', line 100.
Package `hyperref' Info: End of reference (cite) `cite.mpi', line 100.
Package `hyperref' Info: End of reference (cite) `cite.mpi', line 100.
Package `hyperref' Info: End of reference <VerboseLinkInfo>.
Package `hyperref' Info: End of reference (cite) `cite.kids', line 101.
Package `hyperref' Info: End of reference (cite) `cite.kids', line 101.
Package `hyperref' Info: End of reference (link) `section.2', line 104.
Package `hyperref' Info: End of reference (link) `section.3', line 105.
Package `hyperref' Info: End of reference (link) `section.4', line 106.
]
Package hyperref Info: Reference (cite) `cite.Gao' on input line 116.
Package hyperref Info: Reference (cite) `cite.Gao' on input line 116.
Package hyperref Info: Anchor `equation.2.1' on input line 118.
Package hyperref Info: Anchor `equation.2.1' on input line 118.
Package hyperref Info: Anchor `equation.2.1' on input line 118.
Package hyperref Info: Anchor `equation.2.1' on input line 118.
Package hyperref Info: Reference (link) `equation.2.1' on input line 123.
Package hyperref Info: Reference (cite) `cite.Gao' on input line 123.
Package hyperref Info: Reference (cite) `cite.Gao' on input line 123.
Package hyperref Info: Anchor `equation.2.2' on input line 125.
Package hyperref Info: Anchor `equation.2.2' on input line 125.
Package hyperref Info: Anchor `equation.2.2' on input line 125.
Package hyperref Info: Anchor `equation.2.2' on input line 125.
Package hyperref Info: Reference (link) `figure.1' on input line 129.
Package hyperref Info: Reference (link) `figure.2' on input line 129.


! LaTeX Error: Unknown float option `f'.

See the LaTeX manual or LaTeX Companion for explanation.
Type  H <return>  for immediate help.
 ...                                              
                                                  
l.131 \begin{figure}[htf]
                         
Option `f' ignored and `p' used.

<3.acqui/resonance_fit.png, id=151, 462.528pt x 346.896pt>
File: 3.acqui/resonance_fit.png Graphic file (type png)
<use 3.acqui/resonance_fit.png>
Package pdftex.def Info: 3.acqui/resonance_fit.png  used on input line 133.
(pdftex.def)             Requested size: 261.76535pt x 196.33536pt.
Package hyperref Info: Anchor `figure.1' on input line 134.

Overfull \hbox (6.0pt too wide) in paragraph at lines 133--134
 [][] 
 []

Package hyperref Info: bookmark on input line 134:
(hyperref)             thecounter {1}
(hyperref)             text {\protect \numberline {\csname the\@captype \endcsn
ame }{\ignorespaces Up: single pixel bias signal data (in black) fitted (in red
) by eq. \ref {eq:s21_amp}. Bottom: percentile residual between fit and data. I
n this case we notice that the quality factors are coupled (aka similar), this 
condition maximised the responsivity (as demonstrated in \cite {Gao}).}}
(hyperref)             reference {figure.1}
(hyperref)             toclevel {0}
(hyperref)             type {lof}.
Package hyperref Info: Anchor `figure.1' on input line 134.
Package hyperref Info: Reference (link) `equation.2.1' on input line 134.
Package hyperref Info: Reference (cite) `cite.Gao' on input line 134.
Package hyperref Info: Reference (cite) `cite.Gao' on input line 134.
Package hyperref Info: Anchor `figure.1' on input line 134.
Package hyperref Info: Reference (link) `equation.2.1' on input line 134.
Package hyperref Info: Reference (cite) `cite.Gao' on input line 134.
Package hyperref Info: Reference (cite) `cite.Gao' on input line 134.

! LaTeX Error: Unknown float option `f'.

See the LaTeX manual or LaTeX Companion for explanation.
Type  H <return>  for immediate help.
 ...                                              
                                                  
l.138 \begin{figure}[htf]
                         
Option `f' ignored and `p' used.

<3.acqui/Q_hist.png, id=159, 578.16pt x 433.62pt>
File: 3.acqui/Q_hist.png Graphic file (type png)
<use 3.acqui/Q_hist.png>
Package pdftex.def Info: 3.acqui/Q_hist.png  used on input line 140.
(pdftex.def)             Requested size: 261.76535pt x 196.32478pt.
Package hyperref Info: Anchor `figure.2' on input line 141.

Overfull \hbox (6.0pt too wide) in paragraph at lines 140--141
 [][] 
 []

Package hyperref Info: bookmark on input line 141:
(hyperref)             thecounter {2}
(hyperref)             text {\protect \numberline {\csname the\@captype \endcsn
ame }{\ignorespaces Quality factors histograms measured on the KISS array. In r
ed the internal quality factor ($Q_i$) with a background of 50 K, that simulate
s the sky and in blue the coupling quality factor ($Q_c$).}}
(hyperref)             reference {figure.2}
(hyperref)             toclevel {0}
(hyperref)             type {lof}.
Package hyperref Info: Anchor `figure.2' on input line 141.
Package hyperref Info: Anchor `figure.2' on input line 141.
Package hyperref Info: Anchor `section.3' on input line 147.
Package hyperref Info: bookmark on input line 147:
(hyperref)             thecounter {3}
(hyperref)             text {\ifnum 1>\c@secnumdepth \else \protect \numberline
 {\csname thesection\endcsname }\fi Photometric response}
(hyperref)             reference {section.3}
(hyperref)             toclevel {1}
(hyperref)             type {toc}.
Package hyperref Info: Anchor `subsection.3.1' on input line 150.
LaTeX Font Info:    Font shape `OT1/txss/m/n' will be
(Font)              scaled to size 9.49997pt on input line 150.
LaTeX Font Info:    Font shape `OT1/txss/m/it' in size <10> not available
(Font)              Font shape `OT1/txss/m/sl' tried instead on input line 150.

LaTeX Font Info:    Font shape `OT1/txss/m/sl' will be
(Font)              scaled to size 9.49997pt on input line 150.
Package hyperref Info: bookmark on input line 150:
(hyperref)             thecounter {3.1}
(hyperref)             text {\ifnum 2>\c@secnumdepth \else \protect \numberline
 {\csname thesubsection\endcsname }\fi 2-point modulation technique}
(hyperref)             reference {subsection.3.1}
(hyperref)             toclevel {2}
(hyperref)             type {toc}.
Package hyperref Info: Reference (cite) `cite.Calvo2013' on input line 152.
Package hyperref Info: Reference (cite) `cite.Calvo2013' on input line 152.
Package hyperref Info: Reference (cite) `cite.Catalano2014' on input line 153.
Package hyperref Info: Reference (cite) `cite.Catalano2014' on input line 153.
Package hyperref Info: Anchor `equation.3.3' on input line 155.
Package hyperref Info: Anchor `equation.3.3' on input line 155.
Package hyperref Info: Anchor `equation.3.3' on input line 155.
Package hyperref Info: Anchor `equation.3.3' on input line 155.

! Package amsmath Error: Erroneous nesting of equation structures;
(amsmath)                trying to recover with `aligned'.

See the amsmath package documentation for explanation.
Type  H <return>  for immediate help.
 ...                                              
                                                  
l.160 \end{align}
                 
Try typing  <return>  to proceed.
If that doesn't work, type  X <return>  to quit.

Package hyperref Info: Anchor `equation.3.4' on input line 165.
Package hyperref Info: Anchor `equation.3.4' on input line 165.
Package hyperref Info: Anchor `equation.3.4' on input line 165.
Package hyperref Info: Anchor `equation.3.4' on input line 165.
Package hyperref Info: Reference (link) `equation.3.4' on input line 172.
Package hyperref Info: Anchor `equation.3.5' on input line 174.
Package hyperref Info: Anchor `equation.3.5' on input line 174.
Package hyperref Info: Anchor `equation.3.5' on input line 174.
Package hyperref Info: Anchor `equation.3.5' on input line 174.
Package hyperref Info: Anchor `page.3' on input line 181.
[3
Package `hyperref' Info: End of reference (cite) `cite.kids', line 111.
Package `hyperref' Info: End of reference (cite) `cite.kids', line 111.
Package `hyperref' Info: End of reference (cite) `cite.Gao', line 116.
Package `hyperref' Info: End of reference (cite) `cite.Gao', line 116.
Package `hyperref' Info: End of reference (link) `equation.2.1', line 123.
Package `hyperref' Info: End of reference (cite) `cite.Gao', line 123.
Package `hyperref' Info: End of reference (cite) `cite.Gao', line 123.
Package `hyperref' Info: End of reference (link) `figure.1', line 129.
Package `hyperref' Info: End of reference (link) `figure.2', line 129.
Package `hyperref' Info: End of reference (cite) `cite.Calvo2013', line 152.
Package `hyperref' Info: End of reference (cite) `cite.Calvo2013', line 152.
Package `hyperref' Info: End of reference (cite) `cite.Catalano2014', line 153.

Package `hyperref' Info: End of reference (cite) `cite.Catalano2014', line 153.

pdfTeX warning (ext4): destination with the same identifier (name{figure.1}) ha
s been already used, duplicate ignored

\AtBegShi@Output ...ipout \box \AtBeginShipoutBox 
                                                  \fi \fi 
l.181 
      
Package `hyperref' Info: End of reference (link) `equation.2.1', line 134.
Package `hyperref' Info: End of reference (cite) `cite.Gao', line 134.
Package `hyperref' Info: End of reference (cite) `cite.Gao', line 134.
pdfTeX warning (ext4): destination with the same identifier (name{figure.2}) ha
s been already used, duplicate ignored

\AtBegShi@Output ...ipout \box \AtBeginShipoutBox 
                                                  \fi \fi 
l.181 
      
Package `hyperref' Info: End of reference (link) `equation.3.4', line 172.
 <./3.acqui/resonance_fit.png> <./3.acqui/Q_hist.png>]
Package hyperref Info: Anchor `subsubsection.3.1.1' on input line 182.
Package hyperref Info: bookmark on input line 182:
(hyperref)             thecounter {3.1.1}
(hyperref)             text {\ifnum 3>\c@secnumdepth \else \protect \numberline
 {\csname thesubsubsection\endcsname }\fi Tuning procedure}
(hyperref)             reference {subsubsection.3.1.1}
(hyperref)             toclevel {3}
(hyperref)             type {toc}.
Package hyperref Info: Reference (link) `subsection.3.1' on input line 185.
Package hyperref Info: Reference (cite) `cite.2014SPIE.9153E..02C' on input lin
e 185.
Package hyperref Info: Reference (cite) `cite.2014SPIE.9153E..02C' on input lin
e 185.
Package hyperref Info: Reference (link) `equation.3.4' on input line 185.
Package hyperref Info: Anchor `equation.3.6' on input line 187.
Package hyperref Info: Anchor `equation.3.6' on input line 187.
Package hyperref Info: Anchor `equation.3.6' on input line 187.
Package hyperref Info: Anchor `equation.3.6' on input line 187.
Package hyperref Info: Anchor `subsection.3.2' on input line 194.
Package hyperref Info: bookmark on input line 194:
(hyperref)             thecounter {3.2}
(hyperref)             text {\ifnum 2>\c@secnumdepth \else \protect \numberline
 {\csname thesubsection\endcsname }\fi 3-point modulation technique}
(hyperref)             reference {subsection.3.2}
(hyperref)             toclevel {2}
(hyperref)             type {toc}.
Package hyperref Info: Reference (link) `subsection.3.1' on input line 196.
Package hyperref Info: Anchor `subsubsection.3.2.1' on input line 198.
Package hyperref Info: bookmark on input line 198:
(hyperref)             thecounter {3.2.1}
(hyperref)             text {\ifnum 3>\c@secnumdepth \else \protect \numberline
 {\csname thesubsubsection\endcsname }\fi Implementation}
(hyperref)             reference {subsubsection.3.2.1}
(hyperref)             toclevel {3}
(hyperref)             type {toc}.
Package hyperref Info: Reference (cite) `cite.fasano-ltd' on input line 199.
Package hyperref Info: Reference (cite) `cite.fasano-ltd' on input line 199.
Package hyperref Info: Anchor `equation.3.7' on input line 200.
Package hyperref Info: Anchor `equation.3.7' on input line 200.
Package hyperref Info: Anchor `equation.3.7' on input line 200.
Package hyperref Info: Anchor `equation.3.7' on input line 200.


! Package amsmath Error: Erroneous nesting of equation structures;
(amsmath)                trying to recover with `aligned'.

See the amsmath package documentation for explanation.
Type  H <return>  for immediate help.
 ...                                              
                                                  
l.205 \end{align}
                 
Try typing  <return>  to proceed.
If that doesn't work, type  X <return>  to quit.

Package hyperref Info: Reference (link) `figure.3' on input line 209.

! LaTeX Error: Unknown float option `f'.

See the LaTeX manual or LaTeX Companion for explanation.
Type  H <return>  for immediate help.
 ...                                              
                                                  
l.211 \begin{figure}[htf]
                         
Option `f' ignored and `p' used.

<3.acqui/block_data.png, id=194, 462.528pt x 346.896pt>
File: 3.acqui/block_data.png Graphic file (type png)
<use 3.acqui/block_data.png>
Package pdftex.def Info: 3.acqui/block_data.png  used on input line 213.
(pdftex.def)             Requested size: 261.76535pt x 196.33536pt.
Package hyperref Info: Anchor `figure.3' on input line 214.

Overfull \hbox (6.0pt too wide) in paragraph at lines 213--214
 [][] 
 []

Package hyperref Info: bookmark on input line 214:
(hyperref)             thecounter {3}
(hyperref)             text {\protect \numberline {\csname the\@captype \endcsn
ame }{\ignorespaces Data block simulation of KISS: signal [Hz] vs Time Ordered 
Information (TOI) [sample number]. There are a total of 1024 points: the first 
128 dedicated to the modulation and the rest to incoming signal. We simulate th
e forward and backward interferograms with a typical amplitude of 2 kHz and inp
ut black body sources at 3 K and 30 K respectively.}}
(hyperref)             reference {figure.3}
(hyperref)             toclevel {0}
(hyperref)             type {lof}.
Package hyperref Info: Anchor `figure.3' on input line 214.
Package hyperref Info: Anchor `figure.3' on input line 214.
Package hyperref Info: Anchor `subsubsection.3.2.2' on input line 220.
Package hyperref Info: bookmark on input line 220:
(hyperref)             thecounter {3.2.2}
(hyperref)             text {\ifnum 3>\c@secnumdepth \else \protect \numberline
 {\csname thesubsubsection\endcsname }\fi Calibration}
(hyperref)             reference {subsubsection.3.2.2}
(hyperref)             toclevel {3}
(hyperref)             type {toc}.
Package hyperref Info: Reference (link) `figure.4' on input line 223.

! LaTeX Error: Unknown float option `f'.

See the LaTeX manual or LaTeX Companion for explanation.
Type  H <return>  for immediate help.
 ...                                              
                                                  
l.225 \begin{figure}[htf]
                         
Option `f' ignored and `p' used.

<3.acqui/circle.png, id=196, 702.625pt x 569.12625pt>
File: 3.acqui/circle.png Graphic file (type png)
<use 3.acqui/circle.png>
Package pdftex.def Info: 3.acqui/circle.png  used on input line 227.
(pdftex.def)             Requested size: 209.40907pt x 169.61893pt.
Package hyperref Info: Anchor `figure.4' on input line 228.
Package hyperref Info: bookmark on input line 228:
(hyperref)             thecounter {4}
(hyperref)             text {\protect \numberline {\csname the\@captype \endcsn
ame }{\ignorespaces Resonance circle in the $(I,Q)$ plane. $p_1$ and $p_2$ are 
the modulation points, $p_3$ is the measurement point and $p_c$ is the circle c
entre. }}
(hyperref)             reference {figure.4}
(hyperref)             toclevel {0}
(hyperref)             type {lof}.
Package hyperref Info: Anchor `figure.4' on input line 228.
Package hyperref Info: Anchor `figure.4' on input line 228.
Package hyperref Info: Anchor `equation.3.8' on input line 235.
Package hyperref Info: Anchor `equation.3.8' on input line 235.
Package hyperref Info: Anchor `equation.3.8' on input line 235.
Package hyperref Info: Anchor `equation.3.8' on input line 235.

! Package amsmath Error: Erroneous nesting of equation structures;
(amsmath)                trying to recover with `aligned'.

See the amsmath package documentation for explanation.
Type  H <return>  for immediate help.
 ...                                              
                                                  
l.239 \end{align}
                 
Try typing  <return>  to proceed.
If that doesn't work, type  X <return>  to quit.

Package hyperref Info: Anchor `page.4' on input line 240.
[4
Package `hyperref' Info: End of reference (link) `subsection.3.1', line 185.
Package `hyperref' Info: End of reference (cite) `cite.2014SPIE.9153E..02C', li
ne 185.
Package `hyperref' Info: End of reference (cite) `cite.2014SPIE.9153E..02C', li
ne 185.
Package `hyperref' Info: End of reference (link) `equation.3.4', line 185.
Package `hyperref' Info: End of reference (link) `subsection.3.1', line 196.
Package `hyperref' Info: End of reference (cite) `cite.fasano-ltd', line 199.
Package `hyperref' Info: End of reference (cite) `cite.fasano-ltd', line 199.
Package `hyperref' Info: End of reference (link) `figure.3', line 209.
pdfTeX warning (ext4): destination with the same identifier (name{figure.3}) ha
s been already used, duplicate ignored

\AtBegShi@Output ...ipout \box \AtBeginShipoutBox 
                                                  \fi \fi 
l.240 \end{equation}
                    
Package `hyperref' Info: End of reference (link) `figure.4', line 223.
pdfTeX warning (ext4): destination with the same identifier (name{figure.4}) ha
s been already used, duplicate ignored

\AtBegShi@Output ...ipout \box \AtBeginShipoutBox 
                                                  \fi \fi 
l.240 \end{equation}
                     <./3.acqui/block_data.png> <./3.acqui/circle.png>]
Package hyperref Info: Anchor `equation.3.9' on input line 244.
Package hyperref Info: Anchor `equation.3.9' on input line 244.
Package hyperref Info: Anchor `equation.3.9' on input line 244.
Package hyperref Info: Anchor `equation.3.9' on input line 244.


! Package amsmath Error: Erroneous nesting of equation structures;
(amsmath)                trying to recover with `aligned'.

See the amsmath package documentation for explanation.
Type  H <return>  for immediate help.
 ...                                              
                                                  
l.248 \end{align}
                 
Try typing  <return>  to proceed.
If that doesn't work, type  X <return>  to quit.

Package hyperref Info: Reference (link) `equation.3.7' on input line 251.
Package hyperref Info: Reference (cite) `cite.Swenson' on input line 253.
Package hyperref Info: Reference (cite) `cite.Swenson' on input line 253.
Package hyperref Info: Anchor `equation.3.10' on input line 256.
Package hyperref Info: Anchor `equation.3.10' on input line 256.
Package hyperref Info: Anchor `equation.3.10' on input line 256.
Package hyperref Info: Anchor `equation.3.10' on input line 256.
Package hyperref Info: Anchor `equation.3.11' on input line 262.
Package hyperref Info: Anchor `equation.3.11' on input line 262.
Package hyperref Info: Anchor `equation.3.11' on input line 262.
Package hyperref Info: Anchor `equation.3.11' on input line 262.
Package hyperref Info: Anchor `section.4' on input line 269.
Package hyperref Info: bookmark on input line 269:
(hyperref)             thecounter {4}
(hyperref)             text {\ifnum 1>\c@secnumdepth \else \protect \numberline
 {\csname thesection\endcsname }\fi Results}
(hyperref)             reference {section.4}
(hyperref)             toclevel {1}
(hyperref)             type {toc}.
Package hyperref Info: Anchor `subsection.4.1' on input line 272.
Package hyperref Info: bookmark on input line 272:
(hyperref)             thecounter {4.1}
(hyperref)             text {\ifnum 2>\c@secnumdepth \else \protect \numberline
 {\csname thesubsection\endcsname }\fi Validation with simulation}
(hyperref)             reference {subsection.4.1}
(hyperref)             toclevel {2}
(hyperref)             type {toc}.
Package hyperref Info: Reference (cite) `cite.Gao' on input line 275.
Package hyperref Info: Reference (cite) `cite.Gao' on input line 275.
Package hyperref Info: Anchor `equation.4.12' on input line 277.
Package hyperref Info: Anchor `equation.4.12' on input line 277.
Package hyperref Info: Anchor `equation.4.12' on input line 277.
Package hyperref Info: Anchor `equation.4.12' on input line 277.

! LaTeX Error: Unknown float option `f'.

See the LaTeX manual or LaTeX Companion for explanation.
Type  H <return>  for immediate help.
 ...                                              
                                                  
l.284 \begin{table}[htf]
                        
Option `f' ignored and `p' used.

Package hyperref Info: Anchor `table.1' on input line 287.
Package hyperref Info: bookmark on input line 287:
(hyperref)             thecounter {1}
(hyperref)             text {\protect \numberline {\csname the\@captype \endcsn
ame }{\ignorespaces Input values from laboratory characterisation taken from th
e analysis showed in fig. \ref {fig:hist} and discussed in subsec.~\ref {sec:ki
d}.}}
(hyperref)             reference {table.1}
(hyperref)             toclevel {0}
(hyperref)             type {lot}.
Package hyperref Info: Anchor `table.1' on input line 287.
Package hyperref Info: Reference (link) `figure.2' on input line 287.
Package hyperref Info: Reference (link) `section.2' on input line 287.
! Undefined control sequence.
l.289 		\toprule
                
The control sequence at the end of the top line
of your error message was never \def'ed. If you have
misspelled it (e.g., `\hobx'), type `I' and the correct
spelling (e.g., `I\hbox'). Otherwise just continue,
and I'll forget about whatever was undefined.

! Undefined control sequence.
<recently read> \toprule 
                         
l.291 		\toprule
                
The control sequence at the end of the top line
of your error message was never \def'ed. If you have
misspelled it (e.g., `\hobx'), type `I' and the correct
spelling (e.g., `I\hbox'). Otherwise just continue,
and I'll forget about whatever was undefined.

! Undefined control sequence.
<recently read> \midrule 
                         
l.293 		\midrule
                
The control sequence at the end of the top line
of your error message was never \def'ed. If you have
misspelled it (e.g., `\hobx'), type `I' and the correct
spelling (e.g., `I\hbox'). Otherwise just continue,
and I'll forget about whatever was undefined.

! Undefined control sequence.
<recently read> \midrule 
                         
l.295 		\midrule
                
The control sequence at the end of the top line
of your error message was never \def'ed. If you have
misspelled it (e.g., `\hobx'), type `I' and the correct
spelling (e.g., `I\hbox'). Otherwise just continue,
and I'll forget about whatever was undefined.

! Undefined control sequence.
<recently read> \midrule 
                         
l.297 		\midrule
                
The control sequence at the end of the top line
of your error message was never \def'ed. If you have
misspelled it (e.g., `\hobx'), type `I' and the correct
spelling (e.g., `I\hbox'). Otherwise just continue,
and I'll forget about whatever was undefined.

! Undefined control sequence.
<recently read> \midrule 
                         
l.299 		\midrule
                
The control sequence at the end of the top line
of your error message was never \def'ed. If you have
misspelled it (e.g., `\hobx'), type `I' and the correct
spelling (e.g., `I\hbox'). Otherwise just continue,
and I'll forget about whatever was undefined.

! Undefined control sequence.
<recently read> \midrule 
                         
l.301 		\midrule
                
The control sequence at the end of the top line
of your error message was never \def'ed. If you have
misspelled it (e.g., `\hobx'), type `I' and the correct
spelling (e.g., `I\hbox'). Otherwise just continue,
and I'll forget about whatever was undefined.

! Undefined control sequence.
<recently read> \bottomrule 
                            
l.303 		\bottomrule
                   
The control sequence at the end of the top line
of your error message was never \def'ed. If you have
misspelled it (e.g., `\hobx'), type `I' and the correct
spelling (e.g., `I\hbox'). Otherwise just continue,
and I'll forget about whatever was undefined.

Package hyperref Info: Reference (link) `equation.4.12' on input line 308.
Package hyperref Info: Reference (link) `table.1' on input line 308.
Package hyperref Info: Reference (link) `figure.5' on input line 308.

! LaTeX Error: Unknown float option `f'.

See the LaTeX manual or LaTeX Companion for explanation.
Type  H <return>  for immediate help.
 ...                                              
                                                  
l.310 \begin{figure}[htf]
                         
Option `f' ignored and `p' used.

<3.acqui/resonance.png, id=220, 462.528pt x 346.896pt>
File: 3.acqui/resonance.png Graphic file (type png)
<use 3.acqui/resonance.png>
Package pdftex.def Info: 3.acqui/resonance.png  used on input line 312.
(pdftex.def)             Requested size: 261.76535pt x 196.33536pt.
Package hyperref Info: Anchor `figure.5' on input line 313.

Overfull \hbox (6.0pt too wide) in paragraph at lines 312--313
 [][] 
 []

Package hyperref Info: bookmark on input line 313:
(hyperref)             thecounter {5}
(hyperref)             text {\protect \numberline {\csname the\@captype \endcsn
ame }{\ignorespaces $\left |S_{21} \right |$ signal [dB] (simulated using eq.~\
ref {eq:s21_IQ} with input values of tab.~\ref {tab:s21_values}) vs frequency [
MHz]. It represents the typical KISS pixel. }}
(hyperref)             reference {figure.5}
(hyperref)             toclevel {0}
(hyperref)             type {lof}.
Package hyperref Info: Anchor `figure.5' on input line 313.
Package hyperref Info: Reference (link) `equation.4.12' on input line 313.
Package hyperref Info: Reference (link) `table.1' on input line 313.
Package hyperref Info: Anchor `figure.5' on input line 313.
Package hyperref Info: Reference (link) `equation.4.12' on input line 313.
Package hyperref Info: Reference (link) `table.1' on input line 313.
Package hyperref Info: Reference (link) `equation.4.12' on input line 317.
Package hyperref Info: Reference (link) `Hfootnote.1' on input line 317.
Package hyperref Info: Anchor `Hfootnote.1' on input line 317.
Package hyperref Info: Reference (link) `subsubsection.3.2.2' on input line 317
.
Package hyperref Info: Reference (link) `figure.6' on input line 317.

! LaTeX Error: Unknown float option `f'.

See the LaTeX manual or LaTeX Companion for explanation.
Type  H <return>  for immediate help.
 ...                                              
                                                  
l.319 \begin{figure}[htf]
                         
Option `f' ignored and `p' used.

<3.acqui/calibration_factor_variation.png, id=229, 462.528pt x 346.896pt>
File: 3.acqui/calibration_factor_variation.png Graphic file (type png)
<use 3.acqui/calibration_factor_variation.png>
Package pdftex.def Info: 3.acqui/calibration_factor_variation.png  used on inpu
t line 321.
(pdftex.def)             Requested size: 261.76535pt x 196.33536pt.
Package hyperref Info: Anchor `figure.6' on input line 322.

Overfull \hbox (6.0pt too wide) in paragraph at lines 321--322
 [][] 
 []

Package hyperref Info: bookmark on input line 322:
(hyperref)             thecounter {6}
(hyperref)             text {\protect \numberline {\csname the\@captype \endcsn
ame }{\ignorespaces Calibration factor percentile variation $\left ( \frac {C_{
out}-C_{in}}{C_{in}} \right )$ vs background variation [K]. The modulation fact
or ($\Delta f_c$), is fixed at at 2.5 kHz. The calibration factor ($C_{out}$) i
s independent from $A_{in}$.}}
(hyperref)             reference {figure.6}
(hyperref)             toclevel {0}
(hyperref)             type {lof}.
Package hyperref Info: Anchor `figure.6' on input line 322.
Package hyperref Info: Anchor `figure.6' on input line 322.
Package hyperref Info: Reference (link) `figure.7' on input line 326.

! LaTeX Error: Unknown float option `f'.

See the LaTeX manual or LaTeX Companion for explanation.
Type  H <return>  for immediate help.
 ...                                              
                                                  
l.328 \begin{figure}[htf]
                         
Option `f' ignored and `p' used.

<3.acqui/amplitude_variation.png, id=231, 462.528pt x 346.896pt>
File: 3.acqui/amplitude_variation.png Graphic file (type png)
<use 3.acqui/amplitude_variation.png>
Package pdftex.def Info: 3.acqui/amplitude_variation.png  used on input line 33
0.
(pdftex.def)             Requested size: 261.76535pt x 196.33536pt.
Package hyperref Info: Anchor `figure.7' on input line 331.

Overfull \hbox (6.0pt too wide) in paragraph at lines 330--331
 [][] 
 []

Package hyperref Info: bookmark on input line 331:
(hyperref)             thecounter {7}
(hyperref)             text {\protect \numberline {\csname the\@captype \endcsn
ame }{\ignorespaces Interferogram amplitude percentile variation $\left ( \frac
 {A_{out}-A_{in}}{A_{in}} \right )$, estimation vs background [K]. The modulati
on factor ($\Delta f_c$) is fixed at 2.5 kHz. We can see how the higher value o
f the amplitude degrades the method}}
(hyperref)             reference {figure.7}
(hyperref)             toclevel {0}
(hyperref)             type {lof}.
Package hyperref Info: Anchor `figure.7' on input line 331.
Package hyperref Info: Anchor `figure.7' on input line 331.
Package hyperref Info: Reference (link) `figure.8' on input line 335.
Package hyperref Info: Anchor `page.5' on input line 336.
[5
Package `hyperref' Info: End of reference (link) `equation.3.7', line 251.
Package `hyperref' Info: End of reference (cite) `cite.Swenson', line 253.
Package `hyperref' Info: End of reference (cite) `cite.Swenson', line 253.
Package `hyperref' Info: End of reference (cite) `cite.Gao', line 275.
Package `hyperref' Info: End of reference (cite) `cite.Gao', line 275.
pdfTeX warning (ext4): destination with the same identifier (name{table.1}) has
 been already used, duplicate ignored

\AtBegShi@Output ...ipout \box \AtBeginShipoutBox 
                                                  \fi \fi 
l.336 
      
Package `hyperref' Info: End of reference (link) `figure.2', line 287.
Package `hyperref' Info: End of reference (link) `section.2', line 287.
Package `hyperref' Info: End of reference (link) `equation.4.12', line 308.
Package `hyperref' Info: End of reference (link) `table.1', line 308.
Package `hyperref' Info: End of reference (link) `figure.5', line 308.
Package `hyperref' Info: End of reference (link) `equation.4.12', line 317.
pdfTeX warning (ext4): destination with the same identifier (name{figure.5}) ha
s been already used, duplicate ignored

\AtBegShi@Output ...ipout \box \AtBeginShipoutBox 
                                                  \fi \fi 
l.336 
      
Package `hyperref' Info: End of reference (link) `equation.4.12', line 313.
Package `hyperref' Info: End of reference (link) `table.1', line 313.
Package `hyperref' Info: End of reference (link) `Hfootnote.1', line 317.
Package `hyperref' Info: End of reference (link) `subsubsection.3.2.2', line 31
7.
Package `hyperref' Info: End of reference (link) `figure.6', line 317.
pdfTeX warning (ext4): destination with the same identifier (name{figure.6}) ha
s been already used, duplicate ignored

\AtBegShi@Output ...ipout \box \AtBeginShipoutBox 
                                                  \fi \fi 
l.336 
      
Package `hyperref' Info: End of reference (link) `figure.7', line 326.
 <./3.acqui/resonance.png> <./3.acqui/calibration_factor_variation.png>]

! LaTeX Error: Unknown float option `f'.

See the LaTeX manual or LaTeX Companion for explanation.
Type  H <return>  for immediate help.
 ...                                              
                                                  
l.337 \begin{figure}[htf]
                         
Option `f' ignored and `p' used.

<3.acqui/several_modulations.png, id=251, 462.528pt x 346.896pt>
File: 3.acqui/several_modulations.png Graphic file (type png)
<use 3.acqui/several_modulations.png>
Package pdftex.def Info: 3.acqui/several_modulations.png  used on input line 33
9.
(pdftex.def)             Requested size: 261.76535pt x 196.33536pt.
Package hyperref Info: Anchor `figure.8' on input line 340.

Overfull \hbox (6.0pt too wide) in paragraph at lines 339--340
 [][] 
 []

Package hyperref Info: bookmark on input line 340:
(hyperref)             thecounter {8}
(hyperref)             text {\protect \numberline {\csname the\@captype \endcsn
ame }{\ignorespaces Every curve is at different interferogram amplitude ($A_{in
}$). Interferogram amplitude percentile variation, $\left ( \frac {A_{out}-A_{i
n}}{A_{in}} \right )$, vs modulation factor ($\Delta f_c$). The background is f
ixed at zero. We can see how the error on the estimation converges to 0 when $\
Delta f_c$ approaches $A_{in}$. }}
(hyperref)             reference {figure.8}
(hyperref)             toclevel {0}
(hyperref)             type {lof}.
Package hyperref Info: Anchor `figure.8' on input line 340.
Package hyperref Info: Anchor `figure.8' on input line 340.
Package hyperref Info: Anchor `subsection.4.2' on input line 345.
Package hyperref Info: bookmark on input line 345:
(hyperref)             thecounter {4.2}
(hyperref)             text {\ifnum 2>\c@secnumdepth \else \protect \numberline
 {\csname thesubsection\endcsname }\fi Validation on real data}
(hyperref)             reference {subsection.4.2}
(hyperref)             toclevel {2}
(hyperref)             type {toc}.
Package hyperref Info: Reference (link) `figure.9' on input line 346.
Package hyperref Info: Reference (link) `figure.4' on input line 346.

Underfull \vbox (badness 5446) has occurred while \output is active []



! LaTeX Error: Unknown float option `f'.

See the LaTeX manual or LaTeX Companion for explanation.
Type  H <return>  for immediate help.
 ...                                              
                                                  
l.349 \begin{figure}[htf]
                         
Option `f' ignored and `p' used.

<4.results/circular_fit.png, id=254, 462.528pt x 346.896pt>
File: 4.results/circular_fit.png Graphic file (type png)
<use 4.results/circular_fit.png>
Package pdftex.def Info: 4.results/circular_fit.png  used on input line 351.
(pdftex.def)             Requested size: 261.76535pt x 196.33536pt.
Package hyperref Info: Anchor `figure.9' on input line 352.

Overfull \hbox (6.0pt too wide) in paragraph at lines 351--352
 [][] 
 []

Package hyperref Info: bookmark on input line 352:
(hyperref)             thecounter {9}
(hyperref)             text {\protect \numberline {\csname the\@captype \endcsn
ame }{\ignorespaces Observation in $(I,Q)$ plan: in black dots the data and in 
red shape the circular fit. We can see the two modulation (external) points and
 the central distribution due to the signal changing during the observation}}
(hyperref)             reference {figure.9}
(hyperref)             toclevel {0}
(hyperref)             type {lof}.
Package hyperref Info: Anchor `figure.9' on input line 352.
Package hyperref Info: Anchor `figure.9' on input line 352.
Package hyperref Info: Reference (link) `figure.9' on input line 356.
Package hyperref Info: Reference (link) `subsubsection.3.2.2' on input line 356
.
Package hyperref Info: Reference (link) `figure.10' on input line 358.

! LaTeX Error: Unknown float option `f'.

See the LaTeX manual or LaTeX Companion for explanation.
Type  H <return>  for immediate help.
 ...                                              
                                                  
l.360 \begin{figure}[htf]
                         
Option `f' ignored and `p' used.

<4.results/calfact.png, id=258, 578.16pt x 433.62pt>
File: 4.results/calfact.png Graphic file (type png)
<use 4.results/calfact.png>
Package pdftex.def Info: 4.results/calfact.png  used on input line 362.
(pdftex.def)             Requested size: 261.76535pt x 196.32478pt.
Package hyperref Info: Anchor `figure.10' on input line 363.

Overfull \hbox (6.0pt too wide) in paragraph at lines 362--363
 [][] 
 []

Package hyperref Info: bookmark on input line 363:
(hyperref)             thecounter {10}
(hyperref)             text {\protect \numberline {\csname the\@captype \endcsn
ame }{\ignorespaces Calibration factor as a function of TOI during an observati
on. The gaussian fit reported in the red top-left box is evaluated from the dat
a that have been previously median filtered. We can notice the derive of the ca
libration factor due to the Right Ascension - Declination (RA-Dec) observation:
 the telescope increases the elevation following the source. In the bottom-righ
t the offset maps of the sky-coordinates in RA-Dec and Azimuth-Elevation (Az-El
).}}
(hyperref)             reference {figure.10}
(hyperref)             toclevel {0}
(hyperref)             type {lof}.
Package hyperref Info: Anchor `figure.10' on input line 363.
Package hyperref Info: Anchor `figure.10' on input line 363.
Package hyperref Info: Reference (link) `figure.6' on input line 368.
Package hyperref Info: Reference (link) `figure.11' on input line 368.

! LaTeX Error: Unknown float option `f'.

See the LaTeX manual or LaTeX Companion for explanation.
Type  H <return>  for immediate help.
 ...                                              
                                                  
l.370 \begin{figure}[htf]
                         
Option `f' ignored and `p' used.

<4.results/white_noise_index.png, id=261, 578.16pt x 433.62pt>
File: 4.results/white_noise_index.png Graphic file (type png)
<use 4.results/white_noise_index.png>
Package pdftex.def Info: 4.results/white_noise_index.png  used on input line 37
2.
(pdftex.def)             Requested size: 261.76535pt x 196.32478pt.
Package hyperref Info: Anchor `figure.11' on input line 373.

Overfull \hbox (6.0pt too wide) in paragraph at lines 372--373
 [][] 
 []

Package hyperref Info: bookmark on input line 373:
(hyperref)             thecounter {11}
(hyperref)             text {\protect \numberline {\csname the\@captype \endcsn
ame }{\ignorespaces Equivalent white noise extrapolated from Amplitude Spectral
 Density ($ASD$). Every point is a pixel. It is an observation with defocused s
ky as calibration source. With different colours the two arrays $KA$ and $KB$.}
}
(hyperref)             reference {figure.11}
(hyperref)             toclevel {0}
(hyperref)             type {lof}.
Package hyperref Info: Anchor `figure.11' on input line 373.
Package hyperref Info: Anchor `figure.11' on input line 373.
Package hyperref Info: Anchor `equation.4.13' on input line 379.
Package hyperref Info: Anchor `equation.4.13' on input line 379.
Package hyperref Info: Anchor `equation.4.13' on input line 379.
Package hyperref Info: Anchor `equation.4.13' on input line 379.
Package hyperref Info: Reference (link) `equation.4.13' on input line 386.
Package hyperref Info: Anchor `equation.4.14' on input line 388.
Package hyperref Info: Anchor `equation.4.14' on input line 388.
Package hyperref Info: Anchor `equation.4.14' on input line 388.
Package hyperref Info: Anchor `equation.4.14' on input line 388.
Package hyperref Info: Anchor `page.6' on input line 390.
[6pdfTeX warning (ext4): destination with the same identifier (name{figure.7}) 
has been already used, duplicate ignored

\AtBegShi@Output ...ipout \box \AtBeginShipoutBox 
                                                  \fi \fi 
l.390 \end{equation}
                    
Package `hyperref' Info: End of reference (link) `figure.8', line 335.
pdfTeX warning (ext4): destination with the same identifier (name{figure.8}) ha
s been already used, duplicate ignored

\AtBegShi@Output ...ipout \box \AtBeginShipoutBox 
                                                  \fi \fi 
l.390 \end{equation}
                    
Package `hyperref' Info: End of reference (link) `figure.9', line 346.
Package `hyperref' Info: End of reference (link) `figure.4', line 346.
pdfTeX warning (ext4): destination with the same identifier (name{figure.9}) ha
s been already used, duplicate ignored

\AtBegShi@Output ...ipout \box \AtBeginShipoutBox 
                                                  \fi \fi 
l.390 \end{equation}
                    
Package `hyperref' Info: End of reference (link) `figure.9', line 356.
Package `hyperref' Info: End of reference (link) `subsubsection.3.2.2', line 35
6.
Package `hyperref' Info: End of reference (link) `figure.10', line 358.
Package `hyperref' Info: End of reference (link) `figure.6', line 368.
Package `hyperref' Info: End of reference (link) `figure.11', line 368.
Package `hyperref' Info: End of reference (link) `equation.4.13', line 386.
 <./3.acqui/amplitude_variation.png> <./3.acqui/several_modulations.png> <./4.r
esults/circular_fit.png>]
Package hyperref Info: Reference (link) `table.2' on input line 392.
Package hyperref Info: Reference (link) `figure.10' on input line 392.


! LaTeX Error: Unknown float option `f'.

See the LaTeX manual or LaTeX Companion for explanation.
Type  H <return>  for immediate help.
 ...                                              
                                                  
l.394 \begin{table}[htf]
                        
Option `f' ignored and `p' used.

Package hyperref Info: Anchor `table.2' on input line 397.
Package hyperref Info: bookmark on input line 397:
(hyperref)             thecounter {2}
(hyperref)             text {\protect \numberline {\csname the\@captype \endcsn
ame }{\ignorespaces From eq. \ref {eq:sigma} typical rounded-up 1-$\sigma $ noi
se signal.}}
(hyperref)             reference {table.2}
(hyperref)             toclevel {0}
(hyperref)             type {lot}.
Package hyperref Info: Anchor `table.2' on input line 397.
Package hyperref Info: Reference (link) `equation.4.13' on input line 397.
! Undefined control sequence.
l.399 		\toprule
                
The control sequence at the end of the top line
of your error message was never \def'ed. If you have
misspelled it (e.g., `\hobx'), type `I' and the correct
spelling (e.g., `I\hbox'). Otherwise just continue,
and I'll forget about whatever was undefined.

! Undefined control sequence.
<recently read> \toprule 
                         
l.401 		\toprule
                
The control sequence at the end of the top line
of your error message was never \def'ed. If you have
misspelled it (e.g., `\hobx'), type `I' and the correct
spelling (e.g., `I\hbox'). Otherwise just continue,
and I'll forget about whatever was undefined.

! Undefined control sequence.
<recently read> \midrule 
                         
l.403 		\midrule
                
The control sequence at the end of the top line
of your error message was never \def'ed. If you have
misspelled it (e.g., `\hobx'), type `I' and the correct
spelling (e.g., `I\hbox'). Otherwise just continue,
and I'll forget about whatever was undefined.

! Undefined control sequence.
<recently read> \bottomrule 
                            
l.405 		\bottomrule
                   
The control sequence at the end of the top line
of your error message was never \def'ed. If you have
misspelled it (e.g., `\hobx'), type `I' and the correct
spelling (e.g., `I\hbox'). Otherwise just continue,
and I'll forget about whatever was undefined.

Package hyperref Info: Reference (link) `figure.6' on input line 410.
Package hyperref Info: Reference (link) `figure.10' on input line 410.
Package hyperref Info: Reference (link) `subsubsection.3.1.1' on input line 412
.
Package hyperref Info: Reference (link) `figure.12' on input line 412.

! LaTeX Error: Unknown float option `f'.

See the LaTeX manual or LaTeX Companion for explanation.
Type  H <return>  for immediate help.
 ...                                              
                                                  
l.414 \begin{figure}[htf]
                         
Option `f' ignored and `p' used.

<4.results/autotuning.png, id=282, 462.528pt x 346.896pt>
File: 4.results/autotuning.png Graphic file (type png)
<use 4.results/autotuning.png>
Package pdftex.def Info: 4.results/autotuning.png  used on input line 416.
(pdftex.def)             Requested size: 261.76535pt x 196.33536pt.
Package hyperref Info: Anchor `figure.12' on input line 417.

Overfull \hbox (6.0pt too wide) in paragraph at lines 416--417
 [][] 
 []

Package hyperref Info: bookmark on input line 417:
(hyperref)             thecounter {12}
(hyperref)             text {\protect \numberline {\csname the\@captype \endcsn
ame }{\ignorespaces $(I,Q)$ signal of the first subscan for three consecutive m
aps, i.e., increasing elevation. The red straight line is the intercept between
 the origin and the circle centre.}}
(hyperref)             reference {figure.12}
(hyperref)             toclevel {0}
(hyperref)             type {lof}.
Package hyperref Info: Anchor `figure.12' on input line 417.
Package hyperref Info: Anchor `figure.12' on input line 417.
Package hyperref Info: Anchor `section.5' on input line 423.
Package hyperref Info: bookmark on input line 423:
(hyperref)             thecounter {5}
(hyperref)             text {\ifnum 1>\c@secnumdepth \else \protect \numberline
 {\csname thesection\endcsname }\fi Conclusions and Perspectives}
(hyperref)             reference {section.5}
(hyperref)             toclevel {1}
(hyperref)             type {toc}.
Package hyperref Info: Reference (cite) `cite.concerto' on input line 425.
Package hyperref Info: Reference (cite) `cite.concerto' on input line 425.
Package hyperref Info: Anchor `page.7' on input line 426.
[7pdfTeX warning (ext4): destination with the same identifier (name{figure.10})
 has been already used, duplicate ignored

\AtBegShi@Output ...ipout \box \AtBeginShipoutBox 
                                                  \fi \fi 
l.426 
      pdfTeX warning (ext4): destination with the same identifier (name{figure.
11}) has been already used, duplicate ignored

\AtBegShi@Output ...ipout \box \AtBeginShipoutBox 
                                                  \fi \fi 
l.426 
      
Package `hyperref' Info: End of reference (link) `table.2', line 392.
Package `hyperref' Info: End of reference (link) `figure.10', line 392.
pdfTeX warning (ext4): destination with the same identifier (name{table.2}) has
 been already used, duplicate ignored

\AtBegShi@Output ...ipout \box \AtBeginShipoutBox 
                                                  \fi \fi 
l.426 
      
Package `hyperref' Info: End of reference (link) `equation.4.13', line 397.
Package `hyperref' Info: End of reference (link) `figure.6', line 410.
Package `hyperref' Info: End of reference (link) `figure.10', line 410.
Package `hyperref' Info: End of reference (link) `subsubsection.3.1.1', line 41
2.
Package `hyperref' Info: End of reference (link) `figure.12', line 412.
pdfTeX warning (ext4): destination with the same identifier (name{figure.12}) h
as been already used, duplicate ignored

\AtBegShi@Output ...ipout \box \AtBeginShipoutBox 
                                                  \fi \fi 
l.426 
       <./4.results/calfact.png> <./4.results/white_noise_index.png> <./4.resul
ts/autotuning.png>] (./main.bbl
Package hyperref Info: Anchor `section*.1' on input line 1.
Package hyperref Info: Anchor `cite.Calvo2013' on input line 7.

! Undefined control sequence.
l.8 ...., {D{\'e}sert}, F.-X., {et~al.} 2013, \aap
                                                  , 551, L12
The control sequence at the end of the top line
of your error message was never \def'ed. If you have
misspelled it (e.g., `\hobx'), type `I' and the correct
spelling (e.g., `I\hbox'). Otherwise just continue,
and I'll forget about whatever was undefined.

Package hyperref Info: Anchor `cite.2014SPIE.9153E..02C' on input line 17.
! Undefined control sequence.
l.19   \procspie
                , Vol. 9153, Millimeter, Submillimeter, and Far-Infrared Det...
The control sequence at the end of the top line
of your error message was never \def'ed. If you have
misspelled it (e.g., `\hobx'), type `I' and the correct
spelling (e.g., `I\hbox'). Otherwise just continue,
and I'll forget about whatever was undefined.

Package hyperref Info: Anchor `cite.Catalano2014' on input line 28.
! Undefined control sequence.
l.29 ...eu}, N., {et~al.} 2014{\natexlab{b}}, \aap
                                                  ,
The control sequence at the end of the top line
of your error message was never \def'ed. If you have
misspelled it (e.g., `\hobx'), type `I' and the correct
spelling (e.g., `I\hbox'). Otherwise just continue,
and I'll forget about whatever was undefined.

Package hyperref Info: Anchor `cite.deshima' on input line 34.
! Undefined control sequence.
l.37   Vol. 8452, \procspie
                           , 84520X
The control sequence at the end of the top line
of your error message was never \def'ed. If you have
misspelled it (e.g., `\hobx'), type `I' and the correct
spelling (e.g., `I\hbox'). Otherwise just continue,
and I'll forget about whatever was undefined.

Package hyperref Info: Anchor `cite.fasano-nika2' on input line 39.
Package hyperref Info: Anchor `cite.fasano-ltd' on input line 43.
Package hyperref Info: Anchor `cite.Gao' on input line 46.
Package hyperref Info: Anchor `cite.concerto' on input line 49.

Overfull \hbox (16.41467pt too wide) in paragraph at lines 50--51
[]\OT1/txr/m/n/10 Lagache, G. 2019, peo-ple.lam.fr/lagache.guilaine/CONCERTO.ht
ml 
 []

Package hyperref Info: Anchor `cite.grating' on input line 53.
Package hyperref Info: Anchor `cite.mpi' on input line 59.
Package hyperref Info: Anchor `cite.FIRAS' on input line 63.
! Undefined control sequence.
l.65   {Wilkinson}, D.~T. 1999, \apj
                                    , 512, 511
The control sequence at the end of the top line
of your error message was never \def'ed. If you have
misspelled it (e.g., `\hobx'), type `I' and the correct
spelling (e.g., `I\hbox'). Otherwise just continue,
and I'll forget about whatever was undefined.

Package hyperref Info: Anchor `cite.Swenson' on input line 68.
Package hyperref Info: Anchor `cite.kids' on input line 72.
)
Package atveryend Info: Empty hook `BeforeClearDocument' on input line 429.
- LAST -
Extra skip:2.77518pt
Left:200.54018pt/1.40999pt
Right:197.0pt/2.17499pt
Output:199.27008pt
Package hyperref Info: Anchor `page.8' on input line 429.
 [8
Package `hyperref' Info: End of reference (cite) `cite.concerto', line 425.
Package `hyperref' Info: End of reference (cite) `cite.concerto', line 425.
]
Package atveryend Info: Empty hook `AfterLastShipout' on input line 429.
 (./main.aux)
Package atveryend Info: Executing hook `AtVeryEndDocument' on input line 429.
Package atveryend Info: Executing hook `AtEndAfterFileList' on input line 429.
Package rerunfilecheck Info: File `main.out' has not changed.
(rerunfilecheck)             Checksum: 52DAB703A6F31D4658DF86831A4162BA;778.


LaTeX Warning: Label(s) may have changed. Rerun to get cross-references right.

Package atveryend Info: Empty hook `AtVeryVeryEnd' on input line 429.
 ) 
Here is how much of TeX's memory you used:
 8528 strings out of 492982
 118126 string characters out of 6134897
 229759 words of memory out of 5000000
 11831 multiletter control sequences out of 15000+600000
 63661 words of font info for 141 fonts, out of 8000000 for 9000
 1141 hyphenation exceptions out of 8191
 40i,13n,34p,1170b,375s stack positions out of 5000i,500n,10000p,200000b,80000s
{/usr/share/texlive/texmf-dist/fonts/enc/dvips/base/8r.enc}</usr/share/texliv
e/texmf-dist/fonts/type1/public/txfonts/rtxmi.pfb></usr/share/texlive/texmf-dis
t/fonts/type1/public/txfonts/rtxr.pfb></usr/share/texlive/texmf-dist/fonts/type
1/public/txfonts/txex.pfb></usr/share/texlive/texmf-dist/fonts/type1/public/txf
onts/txmia.pfb></usr/share/texlive/texmf-dist/fonts/type1/public/txfonts/txsy.p
fb></usr/share/texlive/texmf-dist/fonts/type1/public/txfonts/txsya.pfb></usr/sh
are/texlive/texmf-dist/fonts/type1/public/txfonts/txsyc.pfb></usr/share/texlive
/texmf-dist/fonts/type1/public/txfonts/txtt.pfb></usr/share/texlive/texmf-dist/
fonts/type1/urw/helvetic/uhvb8a.pfb></usr/share/texlive/texmf-dist/fonts/type1/
urw/helvetic/uhvr8a.pfb></usr/share/texlive/texmf-dist/fonts/type1/urw/helvetic
/uhvr8a.pfb></usr/share/texlive/texmf-dist/fonts/type1/urw/times/utmb8a.pfb></u
sr/share/texlive/texmf-dist/fonts/type1/urw/times/utmr8a.pfb></usr/share/texliv
e/texmf-dist/fonts/type1/urw/times/utmr8a.pfb></usr/share/texlive/texmf-dist/fo
nts/type1/urw/times/utmri8a.pfb>
Output written on main.pdf (8 pages, 465402 bytes).
PDF statistics:
 369 PDF objects out of 1000 (max. 8388607)
 291 compressed objects within 3 object streams
 69 named destinations out of 1000 (max. 500000)
 157 words of extra memory for PDF output out of 10000 (max. 10000000)

